#
# A fatal error has been detected by the Java Runtime Environment:
#
#  SIGSEGV (0xb) at pc=0x00007fff9b4bb4dd, pid=1712, tid=2571
#
# JRE version: Java(TM) SE Runtime Environment (8.0_65-b17) (build 1.8.0_65-b17)
# Java VM: Java HotSpot(TM) 64-Bit Server VM (25.65-b01 mixed mode bsd-amd64 compressed oops)
# Problematic frame:
# C  [libobjc.A.dylib+0x14dd]  objc_msgSend+0x1d
#
# Failed to write core dump. Core dumps have been disabled. To enable core dumping, try "ulimit -c unlimited" before starting Java again
#
# If you would like to submit a bug report, please visit:
#   http://bugreport.java.com/bugreport/crash.jsp
# The crash happened outside the Java Virtual Machine in native code.
# See problematic frame for where to report the bug.
#

---------------  T H R E A D  ---------------

Current thread (0x00007fe87c8e4800):  JavaThread "AWT-AppKit" daemon [_thread_in_native, id=2571, stack(0x00007fff504b8000,0x00007fff50cb8000)]

siginfo: si_signo: 11 (SIGSEGV), si_code: 1 (SEGV_MAPERR), si_addr: 0x0000000000000018

Registers:
RAX=0x00007fe87beedb60, RBX=0x0000000128d28450, RCX=0x0000000128c29b00, RDX=0x0000000128d4c1e0
RSP=0x00007fff50cb3358, RBP=0x00007fff50cb3410, RSI=0x00007fff951c8d0e, RDI=0x00007fe87e6d7cd0
R8 =0x0000000000000000, R9 =0x00000000000008c0, R10=0x00007fff951c8d0e, R11=0x0000000000000000
R12=0x0000000000000000, R13=0x00000001806f1e78, R14=0x0000000128d28440, R15=0x00007fe87c8e4800
RIP=0x00007fff9b4bb4dd, EFLAGS=0x0000000000010246, ERR=0x0000000000000004
  TRAPNO=0x000000000000000e

Top of Stack: (sp=0x00007fff50cb3358)
0x00007fff50cb3358:   0000000128d26157 00007fff50cb33b0
0x00007fff50cb3368:   0000000000000003 00007fff50cb3390
0x00007fff50cb3378:   000000010f3b59a6 00000001806f1e78
0x00007fff50cb3388:   00000001806f1e78 00007fe87beedb60
0x00007fff50cb3398:   0000000128d286a0 0000000128d28710
0x00007fff50cb33a8:   00007fff7f6fb770 00007fff7b456500
0x00007fff50cb33b8:   0000000128d28450 0000000128d28690
0x00007fff50cb33c8:   00007fe87beedb60 00007fe87e6d7cd0
0x00007fff50cb33d8:   00007fe87be21ee0 00007fe87beedb60
0x00007fff50cb33e8:   00007fe87e6d7cd0 00007fff50cb3498
0x00007fff50cb33f8:   00007fe87c8e49f8 00000001806f1e78
0x00007fff50cb3408:   00007fff50cb34c0 00007fff50cb3488
0x00007fff50cb3418:   0000000110c15954 00000001806f1e78
0x00007fff50cb3428:   00007fff50cb34c0 00007fff50cb3488
0x00007fff50cb3438:   0000000110c156e7 0000000110c156a2
0x00007fff50cb3448:   00007fff50cb3448 00000001806f1e78
0x00007fff50cb3458:   00007fff50cb34c0 00000001806f4ab0
0x00007fff50cb3468:   0000000000000000 00000001806f1e78
0x00007fff50cb3478:   0000000000000000 00007fff50cb34a8
0x00007fff50cb3488:   00007fff50cb3508 0000000110c07c4d
0x00007fff50cb3498:   000000074003e260 0000000110c0f578
0x00007fff50cb34a8:   00007fe87beedb60 00007fff50cb3508
0x00007fff50cb34b8:   00007fe87e6d7cd0 0000000110c10d82
0x00007fff50cb34c8:   00007fff50cb34c8 00000001806f2042
0x00007fff50cb34d8:   00007fff50cb3530 00000001806f4ab0
0x00007fff50cb34e8:   0000000000000000 00000001806f2050
0x00007fff50cb34f8:   00007fff50cb34a8 00007fff50cb3518
0x00007fff50cb3508:   00007fff50cb3578 0000000110c07c4d
0x00007fff50cb3518:   00007fe87beedb60 0000000741760428
0x00007fff50cb3528:   00007fe87e6d7cd0 0000000741760428
0x00007fff50cb3538:   00007fff50cb3538 0000000187eb7a06
0x00007fff50cb3548:   00007fff50cb3588 0000000187eb7ac0 

Instructions: (pc=0x00007fff9b4bb4dd)
0x00007fff9b4bb4bd:   44 00 00 48 85 ff 2e 74 62 40 f6 c7 01 2e 75 66
0x00007fff9b4bb4cd:   49 bb f8 ff ff ff ff 7f 00 00 4c 23 1f 49 89 f2
0x00007fff9b4bb4dd:   45 23 53 18 49 c1 e2 04 4d 03 53 10 49 3b 32 75
0x00007fff9b4bb4ed:   04 41 ff 62 08 49 83 3a 01 76 0d 49 83 c2 10 49 

Register to memory mapping:

RAX=0x00007fe87beedb60 is an unknown value
RBX=0x0000000128d28450: Java_jogamp_nativewindow_macosx_OSXUtil_GetScreenRefreshRate0+0x1cf0 in /private/var/folders/94/qhk8wx9560913pcr_k2txvfh0000gn/T/jogamp_0000/file_cache/jln5253711075417408644/jln986676999858454490/libnativewindow_macosx.jnilib at 0x0000000128d21000
RCX=0x0000000128c29b00 is an unknown value
RDX=0x0000000128d4c1e0 is an unknown value
RSP=0x00007fff50cb3358 is pointing into the stack for thread: 0x00007fe87c8e4800
RBP=0x00007fff50cb3410 is pointing into the stack for thread: 0x00007fe87c8e4800
RSI=0x00007fff951c8d0e is an unknown value
RDI=0x00007fe87e6d7cd0 is an unknown value
R8 =0x0000000000000000 is an unknown value
R9 =0x00000000000008c0 is an unknown value
R10=0x00007fff951c8d0e is an unknown value
R11=0x0000000000000000 is an unknown value
R12=0x0000000000000000 is an unknown value
R13={method} {0x00000001806f1e78} 'UnsetJAWTRootSurfaceLayer0' '(JJ)V' in 'jogamp/nativewindow/jawt/macosx/MacOSXJAWTWindow'
R14=0x0000000128d28440: Java_jogamp_nativewindow_macosx_OSXUtil_GetScreenRefreshRate0+0x1ce0 in /private/var/folders/94/qhk8wx9560913pcr_k2txvfh0000gn/T/jogamp_0000/file_cache/jln5253711075417408644/jln986676999858454490/libnativewindow_macosx.jnilib at 0x0000000128d21000
R15=0x00007fe87c8e4800 is a thread


Stack: [0x00007fff504b8000,0x00007fff50cb8000],  sp=0x00007fff50cb3358,  free space=8172k
Native frames: (J=compiled Java code, j=interpreted, Vv=VM code, C=native code)
C  [libobjc.A.dylib+0x14dd]  objc_msgSend+0x1d
j  jogamp.nativewindow.jawt.macosx.MacOSXJAWTWindow.UnsetJAWTRootSurfaceLayer0(JJ)V+0
j  jogamp.nativewindow.jawt.macosx.MacOSXJAWTWindow.access$200(JJ)V+2
j  jogamp.nativewindow.jawt.macosx.MacOSXJAWTWindow$1.run()V+38
J 2204 C1 com.jogamp.common.util.RunnableTask.run()V (345 bytes) @ 0x000000011132acd4 [0x000000011132ab40+0x194]
v  ~StubRoutines::call_stub
V  [libjvm.dylib+0x2eab02]  JavaCalls::call_helper(JavaValue*, methodHandle*, JavaCallArguments*, Thread*)+0x6ae
V  [libjvm.dylib+0x321bab]  jni_invoke_nonstatic(JNIEnv_*, JavaValue*, _jobject*, JNICallType, _jmethodID*, JNI_ArgumentPusher*, Thread*)+0x2ec
V  [libjvm.dylib+0x31437f]  jni_CallVoidMethod+0x16b
C  [libnativewindow_macosx.jnilib+0x5326]  Java_jogamp_nativewindow_jawt_macosx_MacOSXJAWTWindow_UnsetJAWTRootSurfaceLayer0+0x2b6
C  [Foundation+0x8dd4b]  __NSThreadPerformPerform+0x117
C  [CoreFoundation+0x7e5c1]  __CFRUNLOOP_IS_CALLING_OUT_TO_A_SOURCE0_PERFORM_FUNCTION__+0x11
C  [CoreFoundation+0x70397]  __CFRunLoopDoSources0+0x1a7
C  [CoreFoundation+0x6f93f]  __CFRunLoopRun+0x39f
C  [CoreFoundation+0x6f338]  CFRunLoopRunSpecific+0x128
C  [HIToolbox+0x30935]  RunCurrentEventLoopInMode+0xeb
C  [HIToolbox+0x30677]  ReceiveNextEventCommon+0xb8
C  [HIToolbox+0x305af]  _BlockUntilNextEventMatchingListInModeWithFilter+0x47
C  [AppKit+0x8a0ee]  _DPSNextEvent+0x42b
C  [AppKit+0x456943]  -[NSApplication _nextEventMatchingEventMask:untilDate:inMode:dequeue:]+0x1c6
C  [libosxapp.dylib+0x23aa]  -[NSApplicationAWT nextEventMatchingMask:untilDate:inMode:dequeue:]+0x7c
C  [AppKit+0x7ffc8]  -[NSApplication run]+0x2aa
C  [libosxapp.dylib+0x214d]  +[NSApplicationAWT runAWTLoopWithApp:]+0x9c
C  [libawt_lwawt.dylib+0x44517]  -[AWTStarter starter:]+0x389
C  [Foundation+0x8dd4b]  __NSThreadPerformPerform+0x117
C  [CoreFoundation+0x7e5c1]  __CFRUNLOOP_IS_CALLING_OUT_TO_A_SOURCE0_PERFORM_FUNCTION__+0x11
C  [CoreFoundation+0x7041c]  __CFRunLoopDoSources0+0x22c
C  [CoreFoundation+0x6f93f]  __CFRunLoopRun+0x39f
C  [CoreFoundation+0x6f338]  CFRunLoopRunSpecific+0x128
C  [java+0x6463]  CreateExecutionEnvironment+0x367
C  [java+0x21ac]  JLI_Launch+0x7a0
C  [java+0x84c0]  main+0x65
C  [java+0x1a04]  start+0x34
C  0x0000000000000007

Java frames: (J=compiled Java code, j=interpreted, Vv=VM code)
j  jogamp.nativewindow.jawt.macosx.MacOSXJAWTWindow.UnsetJAWTRootSurfaceLayer0(JJ)V+0
j  jogamp.nativewindow.jawt.macosx.MacOSXJAWTWindow.access$200(JJ)V+2
j  jogamp.nativewindow.jawt.macosx.MacOSXJAWTWindow$1.run()V+38
J 2204 C1 com.jogamp.common.util.RunnableTask.run()V (345 bytes) @ 0x000000011132acd4 [0x000000011132ab40+0x194]
v  ~StubRoutines::call_stub

---------------  P R O C E S S  ---------------

Java Threads: ( => current thread )
  0x00007fe881b38800 JavaThread "Thread-209" [_thread_blocked, id=8291, stack(0x000070000104a000,0x000070000114a000)]
  0x00007fe87ca3a800 JavaThread "AWT-EventQueue-1" [_thread_in_native, id=59671, stack(0x000070000196e000,0x0000700001a6e000)]
  0x00007fe87d0e7000 JavaThread "DestroyJavaVM" [_thread_blocked, id=4099, stack(0x0000700000084000,0x0000700000184000)]
  0x00007fe87c215000 JavaThread "AWT-EventQueue-0" [_thread_blocked, id=57355, stack(0x0000700001768000,0x0000700001868000)]
  0x00007fe87c1eb800 JavaThread "Java2D Disposer" daemon [_thread_blocked, id=53507, stack(0x00007000014df000,0x00007000015df000)]
  0x00007fe87c1ac800 JavaThread "Java2D Queue Flusher" daemon [_thread_blocked, id=50439, stack(0x00007000013dc000,0x00007000014dc000)]
  0x00007fe87d95e000 JavaThread "AWT-Shutdown" [_thread_blocked, id=29971, stack(0x0000700001256000,0x0000700001356000)]
=>0x00007fe87c8e4800 JavaThread "AWT-AppKit" daemon [_thread_in_native, id=2571, stack(0x00007fff504b8000,0x00007fff50cb8000)]
  0x00007fe87c025800 JavaThread "Service Thread" daemon [_thread_blocked, id=18691, stack(0x0000700000e44000,0x0000700000f44000)]
  0x00007fe87c022800 JavaThread "C1 CompilerThread2" daemon [_thread_blocked, id=18179, stack(0x0000700000d41000,0x0000700000e41000)]
  0x00007fe87d045800 JavaThread "C2 CompilerThread1" daemon [_thread_blocked, id=17667, stack(0x0000700000c3e000,0x0000700000d3e000)]
  0x00007fe87d818000 JavaThread "C2 CompilerThread0" daemon [_thread_blocked, id=17155, stack(0x0000700000b3b000,0x0000700000c3b000)]
  0x00007fe87d000800 JavaThread "Signal Dispatcher" daemon [_thread_blocked, id=12815, stack(0x0000700000a38000,0x0000700000b38000)]
  0x00007fe87d802000 JavaThread "Finalizer" daemon [_thread_blocked, id=11779, stack(0x000070000082f000,0x000070000092f000)]
  0x00007fe87c04a800 JavaThread "Reference Handler" daemon [_thread_blocked, id=11267, stack(0x000070000072c000,0x000070000082c000)]

Other Threads:
  0x00007fe87c048000 VMThread [stack: 0x0000700000629000,0x0000700000729000] [id=10755]
  0x00007fe87d80a800 WatcherThread [stack: 0x0000700000f47000,0x0000700001047000] [id=19203]

VM state:not at safepoint (normal execution)

VM Mutex/Monitor currently owned by a thread: None

Heap:
 PSYoungGen      total 39936K, used 22110K [0x0000000795580000, 0x0000000798d80000, 0x00000007c0000000)
  eden space 24576K, 89% used [0x0000000795580000,0x0000000796aff978,0x0000000796d80000)
  from space 15360K, 0% used [0x0000000797e80000,0x0000000797e98000,0x0000000798d80000)
  to   space 16384K, 0% used [0x0000000796d80000,0x0000000796d80000,0x0000000797d80000)
 ParOldGen       total 108544K, used 64759K [0x0000000740000000, 0x0000000746a00000, 0x0000000795580000)
  object space 108544K, 59% used [0x0000000740000000,0x0000000743f3dd48,0x0000000746a00000)
 Metaspace       used 21235K, capacity 21443K, committed 21808K, reserved 1069056K
  class space    used 2030K, capacity 2110K, committed 2176K, reserved 1048576K

Card table byte_map: [0x000000011ffc0000,0x00000001203c1000] byte_map_base: 0x000000011c5c0000

Marking Bits: (ParMarkBitMap*) 0x000000010faa2e20
 Begin Bits: [0x000000012066c000, 0x000000012266c000)
 End Bits:   [0x000000012266c000, 0x000000012466c000)

Polling page: 0x0000000110247000

CodeCache: size=245760Kb used=10036Kb max_used=10093Kb free=235723Kb
 bounds [0x0000000110c00000, 0x0000000111600000, 0x000000011fc00000]
 total_blobs=3671 nmethods=2783 adapters=801
 compilation: enabled

Compilation events (10 events):
Event: 65.538 Thread 0x00007fe87d045800 3150       4       java.lang.Thread::isInterrupted (6 bytes)
Event: 65.539 Thread 0x00007fe87d045800 nmethod 3150 0x0000000110d88cd0 code [0x0000000110d88e20, 0x0000000110d88ec8]
Event: 68.673 Thread 0x00007fe87d818000 3151       4       java.util.HashSet::add (20 bytes)
Event: 68.683 Thread 0x00007fe87d818000 nmethod 3151 0x000000011107b9d0 code [0x000000011107bb80, 0x000000011107c098]
Event: 69.041 Thread 0x00007fe87d045800 3152   !   4       java.awt.EventQueue::postEventPrivate (104 bytes)
Event: 69.092 Thread 0x00007fe87d045800 nmethod 3152 0x00000001110669d0 code [0x0000000111066d00, 0x00000001110689a0]
Event: 69.123 Thread 0x00007fe87d818000 3153       4       java.awt.AWTEvent::<init> (81 bytes)
Event: 69.127 Thread 0x00007fe87d818000 nmethod 3153 0x0000000110faa3d0 code [0x0000000110faa540, 0x0000000110faa718]
Event: 71.576 Thread 0x00007fe87c022800 3154       1       sun.java2d.SurfaceData::isValid (5 bytes)
Event: 71.576 Thread 0x00007fe87c022800 nmethod 3154 0x0000000110faa110 code [0x0000000110faa260, 0x0000000110faa370]

GC Heap History (10 events):
Event: 47.498 GC heap before
{Heap before GC invocations=18 (full 2):
 PSYoungGen      total 44032K, used 27200K [0x0000000795580000, 0x0000000799200000, 0x00000007c0000000)
  eden space 27136K, 100% used [0x0000000795580000,0x0000000797000000,0x0000000797000000)
  from space 16896K, 0% used [0x0000000797080000,0x0000000797090000,0x0000000798100000)
  to   space 17408K, 0% used [0x0000000798100000,0x0000000798100000,0x0000000799200000)
 ParOldGen       total 108544K, used 64759K [0x0000000740000000, 0x0000000746a00000, 0x0000000795580000)
  object space 108544K, 59% used [0x0000000740000000,0x0000000743f3dd48,0x0000000746a00000)
 Metaspace       used 21201K, capacity 21443K, committed 21808K, reserved 1069056K
  class space    used 2022K, capacity 2110K, committed 2176K, reserved 1048576K
Event: 47.500 GC heap after
Heap after GC invocations=18 (full 2):
 PSYoungGen      total 43520K, used 96K [0x0000000795580000, 0x0000000799180000, 0x00000007c0000000)
  eden space 26624K, 0% used [0x0000000795580000,0x0000000795580000,0x0000000796f80000)
  from space 16896K, 0% used [0x0000000798100000,0x0000000798118000,0x0000000799180000)
  to   space 17408K, 0% used [0x0000000796f80000,0x0000000796f80000,0x0000000798080000)
 ParOldGen       total 108544K, used 64759K [0x0000000740000000, 0x0000000746a00000, 0x0000000795580000)
  object space 108544K, 59% used [0x0000000740000000,0x0000000743f3dd48,0x0000000746a00000)
 Metaspace       used 21201K, capacity 21443K, committed 21808K, reserved 1069056K
  class space    used 2022K, capacity 2110K, committed 2176K, reserved 1048576K
}
Event: 52.649 GC heap before
{Heap before GC invocations=19 (full 2):
 PSYoungGen      total 43520K, used 26720K [0x0000000795580000, 0x0000000799180000, 0x00000007c0000000)
  eden space 26624K, 100% used [0x0000000795580000,0x0000000796f80000,0x0000000796f80000)
  from space 16896K, 0% used [0x0000000798100000,0x0000000798118000,0x0000000799180000)
  to   space 17408K, 0% used [0x0000000796f80000,0x0000000796f80000,0x0000000798080000)
 ParOldGen       total 108544K, used 64759K [0x0000000740000000, 0x0000000746a00000, 0x0000000795580000)
  object space 108544K, 59% used [0x0000000740000000,0x0000000743f3dd48,0x0000000746a00000)
 Metaspace       used 21201K, capacity 21443K, committed 21808K, reserved 1069056K
  class space    used 2022K, capacity 2110K, committed 2176K, reserved 1048576K
Event: 52.651 GC heap after
Heap after GC invocations=19 (full 2):
 PSYoungGen      total 26624K, used 96K [0x0000000795580000, 0x0000000799100000, 0x00000007c0000000)
  eden space 26112K, 0% used [0x0000000795580000,0x0000000795580000,0x0000000796f00000)
  from space 512K, 18% used [0x0000000796f80000,0x0000000796f98000,0x0000000797000000)
  to   space 17408K, 0% used [0x0000000798000000,0x0000000798000000,0x0000000799100000)
 ParOldGen       total 108544K, used 64759K [0x0000000740000000, 0x0000000746a00000, 0x0000000795580000)
  object space 108544K, 59% used [0x0000000740000000,0x0000000743f3dd48,0x0000000746a00000)
 Metaspace       used 21201K, capacity 21443K, committed 21808K, reserved 1069056K
  class space    used 2022K, capacity 2110K, committed 2176K, reserved 1048576K
}
Event: 57.688 GC heap before
{Heap before GC invocations=20 (full 2):
 PSYoungGen      total 26624K, used 26208K [0x0000000795580000, 0x0000000799100000, 0x00000007c0000000)
  eden space 26112K, 100% used [0x0000000795580000,0x0000000796f00000,0x0000000796f00000)
  from space 512K, 18% used [0x0000000796f80000,0x0000000796f98000,0x0000000797000000)
  to   space 17408K, 0% used [0x0000000798000000,0x0000000798000000,0x0000000799100000)
 ParOldGen       total 108544K, used 64759K [0x0000000740000000, 0x0000000746a00000, 0x0000000795580000)
  object space 108544K, 59% used [0x0000000740000000,0x0000000743f3dd48,0x0000000746a00000)
 Metaspace       used 21201K, capacity 21443K, committed 21808K, reserved 1069056K
  class space    used 2022K, capacity 2110K, committed 2176K, reserved 1048576K
Event: 57.690 GC heap after
Heap after GC invocations=20 (full 2):
 PSYoungGen      total 42496K, used 96K [0x0000000795580000, 0x0000000799080000, 0x00000007c0000000)
  eden space 25600K, 0% used [0x0000000795580000,0x0000000795580000,0x0000000796e80000)
  from space 16896K, 0% used [0x0000000798000000,0x0000000798018000,0x0000000799080000)
  to   space 17408K, 0% used [0x0000000796e80000,0x0000000796e80000,0x0000000797f80000)
 ParOldGen       total 108544K, used 64759K [0x0000000740000000, 0x0000000746a00000, 0x0000000795580000)
  object space 108544K, 59% used [0x0000000740000000,0x0000000743f3dd48,0x0000000746a00000)
 Metaspace       used 21201K, capacity 21443K, committed 21808K, reserved 1069056K
  class space    used 2022K, capacity 2110K, committed 2176K, reserved 1048576K
}
Event: 62.654 GC heap before
{Heap before GC invocations=21 (full 2):
 PSYoungGen      total 42496K, used 25696K [0x0000000795580000, 0x0000000799080000, 0x00000007c0000000)
  eden space 25600K, 100% used [0x0000000795580000,0x0000000796e80000,0x0000000796e80000)
  from space 16896K, 0% used [0x0000000798000000,0x0000000798018000,0x0000000799080000)
  to   space 17408K, 0% used [0x0000000796e80000,0x0000000796e80000,0x0000000797f80000)
 ParOldGen       total 108544K, used 64759K [0x0000000740000000, 0x0000000746a00000, 0x0000000795580000)
  object space 108544K, 59% used [0x0000000740000000,0x0000000743f3dd48,0x0000000746a00000)
 Metaspace       used 21201K, capacity 21443K, committed 21808K, reserved 1069056K
  class space    used 2022K, capacity 2110K, committed 2176K, reserved 1048576K
Event: 62.656 GC heap after
Heap after GC invocations=21 (full 2):
 PSYoungGen      total 25600K, used 96K [0x0000000795580000, 0x0000000798f00000, 0x00000007c0000000)
  eden space 25088K, 0% used [0x0000000795580000,0x0000000795580000,0x0000000796e00000)
  from space 512K, 18% used [0x0000000796e80000,0x0000000796e98000,0x0000000796f00000)
  to   space 16896K, 0% used [0x0000000797e80000,0x0000000797e80000,0x0000000798f00000)
 ParOldGen       total 108544K, used 64759K [0x0000000740000000, 0x0000000746a00000, 0x0000000795580000)
  object space 108544K, 59% used [0x0000000740000000,0x0000000743f3dd48,0x0000000746a00000)
 Metaspace       used 21201K, capacity 21443K, committed 21808K, reserved 1069056K
  class space    used 2022K, capacity 2110K, committed 2176K, reserved 1048576K
}
Event: 67.508 GC heap before
{Heap before GC invocations=22 (full 2):
 PSYoungGen      total 25600K, used 25184K [0x0000000795580000, 0x0000000798f00000, 0x00000007c0000000)
  eden space 25088K, 100% used [0x0000000795580000,0x0000000796e00000,0x0000000796e00000)
  from space 512K, 18% used [0x0000000796e80000,0x0000000796e98000,0x0000000796f00000)
  to   space 16896K, 0% used [0x0000000797e80000,0x0000000797e80000,0x0000000798f00000)
 ParOldGen       total 108544K, used 64759K [0x0000000740000000, 0x0000000746a00000, 0x0000000795580000)
  object space 108544K, 59% used [0x0000000740000000,0x0000000743f3dd48,0x0000000746a00000)
 Metaspace       used 21201K, capacity 21443K, committed 21808K, reserved 1069056K
  class space    used 2022K, capacity 2110K, committed 2176K, reserved 1048576K
Event: 67.510 GC heap after
Heap after GC invocations=22 (full 2):
 PSYoungGen      total 39936K, used 96K [0x0000000795580000, 0x0000000798d80000, 0x00000007c0000000)
  eden space 24576K, 0% used [0x0000000795580000,0x0000000795580000,0x0000000796d80000)
  from space 15360K, 0% used [0x0000000797e80000,0x0000000797e98000,0x0000000798d80000)
  to   space 16384K, 0% used [0x0000000796d80000,0x0000000796d80000,0x0000000797d80000)
 ParOldGen       total 108544K, used 64759K [0x0000000740000000, 0x0000000746a00000, 0x0000000795580000)
  object space 108544K, 59% used [0x0000000740000000,0x0000000743f3dd48,0x0000000746a00000)
 Metaspace       used 21201K, capacity 21443K, committed 21808K, reserved 1069056K
  class space    used 2022K, capacity 2110K, committed 2176K, reserved 1048576K
}

Deoptimization events (10 events):
Event: 71.543 Thread 0x00007fe87c215000 Uncommon trap: reason=unstable_if action=reinterpret pc=0x0000000110fa066c method=sun.java2d.SunGraphics2D.validateCompClip()V @ 9
Event: 71.544 Thread 0x00007fe87ca3a800 Uncommon trap: reason=unstable_if action=reinterpret pc=0x00000001110a707c method=java.awt.EventQueue.uncacheEQItem(Lsun/awt/EventQueueItem;)V @ 23
Event: 71.545 Thread 0x00007fe87c215000 Uncommon trap: reason=unstable_if action=reinterpret pc=0x00000001110683dc method=java.awt.EventQueue.getPriority(Ljava/awt/AWTEvent;)I @ 71
Event: 71.545 Thread 0x00007fe87c215000 Uncommon trap: reason=unstable_if action=reinterpret pc=0x00000001115c51ac method=sun.java2d.pipe.Region.intersectsQuickCheck(Lsun/java2d/pipe/Region;)Z @ 41
Event: 71.545 Thread 0x00007fe87c215000 Uncommon trap: reason=unstable_if action=reinterpret pc=0x00000001112b8278 method=java.awt.font.FontRenderContext.equals(Ljava/awt/font/FontRenderContext;)Z @ 2
Event: 71.545 Thread 0x00007fe87c215000 Uncommon trap: reason=unstable_if action=reinterpret pc=0x00000001112bfb94 method=java.awt.Font.equals(Ljava/lang/Object;)Z @ 2
Event: 71.574 Thread 0x00007fe87c200000 Uncommon trap: reason=unstable_if action=reinterpret pc=0x00000001110f2520 method=java.util.HashMap.putVal(ILjava/lang/Object;Ljava/lang/Object;ZZ)Ljava/lang/Object; @ 81
Event: 71.575 Thread 0x00007fe87c200000 Uncommon trap: reason=unstable_if action=reinterpret pc=0x000000011140f7b0 method=java.util.HashMap.putVal(ILjava/lang/Object;Ljava/lang/Object;ZZ)Ljava/lang/Object; @ 81
Event: 71.585 Thread 0x00007fe87ca3a800 Uncommon trap: reason=unstable_if action=reinterpret pc=0x0000000110e85618 method=java.util.LinkedList$ListItr.<init>(Ljava/util/LinkedList;I)V @ 26
Event: 71.588 Thread 0x00007fe87ca3a800 Uncommon trap: reason=unstable_if action=reinterpret pc=0x000000011100c304 method=java.util.LinkedList$ListItr.<init>(Ljava/util/LinkedList;I)V @ 26

Internal exceptions (10 events):
Event: 0.255 Thread 0x00007fe87c006000 Exception <a 'java/lang/NoSuchFieldError': method resolution failed> (0x000000079582ae30) thrown at [/Users/java_re/workspace/8-2-build-macosx-x86_64/jdk8u65/4987/hotspot/src/share/vm/prims/methodHandles.cpp, line 1146]
Event: 0.257 Thread 0x00007fe87c006000 Exception <a 'java/lang/NoSuchFieldError': method resolution failed> (0x0000000795838600) thrown at [/Users/java_re/workspace/8-2-build-macosx-x86_64/jdk8u65/4987/hotspot/src/share/vm/prims/methodHandles.cpp, line 1146]
Event: 0.887 Thread 0x00007fe87c006000 Exception <a 'java/io/FileNotFoundException'> (0x00000007958b4430) thrown at [/Users/java_re/workspace/8-2-build-macosx-x86_64/jdk8u65/4987/hotspot/src/share/vm/prims/jni.cpp, line 709]
Event: 0.887 Thread 0x00007fe87c006000 Exception <a 'java/io/FileNotFoundException'> (0x00000007958b4fb8) thrown at [/Users/java_re/workspace/8-2-build-macosx-x86_64/jdk8u65/4987/hotspot/src/share/vm/prims/jni.cpp, line 709]
Event: 1.102 Thread 0x00007fe87c006000 Exception <a 'java/io/FileNotFoundException'> (0x00000007959f0ea0) thrown at [/Users/java_re/workspace/8-2-build-macosx-x86_64/jdk8u65/4987/hotspot/src/share/vm/prims/jni.cpp, line 709]
Event: 5.716 Thread 0x00007fe87c064000 Exception <a 'java/lang/UnsatisfiedLinkError': com.jogamp.common.util.JarUtil.fixNativeLibAttribs(Ljava/lang/String;)Z> (0x0000000796b21a40) thrown at [/Users/java_re/workspace/8-2-build-macosx-x86_64/jdk8u65/4987/hotspot/src/share/vm/prims/nativeLookup.c
Event: 6.056 Thread 0x00007fe87d802000 Exception <a 'java/lang/NullPointerException'> (0x00000007956f7d18) thrown at [/Users/java_re/workspace/8-2-build-macosx-x86_64/jdk8u65/4987/hotspot/src/share/vm/interpreter/linkResolver.cpp, line 1178]
Event: 6.603 Thread 0x00007fe87ca3a800 Exception <a 'java/io/FileNotFoundException'> (0x0000000795e6b640) thrown at [/Users/java_re/workspace/8-2-build-macosx-x86_64/jdk8u65/4987/hotspot/src/share/vm/prims/jni.cpp, line 709]
Event: 6.604 Thread 0x00007fe87ca3a800 Exception <a 'java/io/FileNotFoundException'> (0x0000000795e719e0) thrown at [/Users/java_re/workspace/8-2-build-macosx-x86_64/jdk8u65/4987/hotspot/src/share/vm/prims/jni.cpp, line 709]
Event: 6.604 Thread 0x00007fe87ca3a800 Implicit null exception at 0x0000000110d9f2b5 to 0x0000000110d9f619

Events (10 events):
Event: 71.587 loading class java/awt/Toolkit$ToolkitEventMulticaster
Event: 71.587 loading class java/awt/Toolkit$ToolkitEventMulticaster done
Event: 71.588 Thread 0x00007fe87ca3a800 Uncommon trap: trap_request=0xffffff65 fr.pc=0x000000011100c304
Event: 71.588 Thread 0x00007fe87ca3a800 DEOPT PACKING pc=0x000000011100c304 sp=0x0000700001a6b950
Event: 71.588 Thread 0x00007fe87ca3a800 DEOPT UNPACKING pc=0x0000000110c05229 sp=0x0000700001a6b8a8 mode 2
Event: 71.588 Executing VM operation: RevokeBias
Event: 71.588 Executing VM operation: RevokeBias done
Event: 71.588 Thread 0x00007fe87c200000 Thread exited: 0x00007fe87c200000
Event: 71.588 loading class java/awt/Window$1DisposeAction
Event: 71.588 loading class java/awt/Window$1DisposeAction done


Dynamic libraries:
0x000000000b332000 	/System/Library/Frameworks/Cocoa.framework/Versions/A/Cocoa
0x000000000b332000 	/System/Library/Frameworks/Security.framework/Versions/A/Security
0x000000000b332000 	/System/Library/Frameworks/ApplicationServices.framework/Versions/A/ApplicationServices
0x000000000b332000 	/usr/lib/libz.1.dylib
0x000000000b332000 	/usr/lib/libSystem.B.dylib
0x000000000b332000 	/usr/lib/libobjc.A.dylib
0x000000000b332000 	/System/Library/Frameworks/CoreFoundation.framework/Versions/A/CoreFoundation
0x000000000b332000 	/System/Library/Frameworks/Foundation.framework/Versions/C/Foundation
0x000000000b332000 	/System/Library/Frameworks/AppKit.framework/Versions/C/AppKit
0x000000000b332000 	/System/Library/Frameworks/CoreData.framework/Versions/A/CoreData
0x000000000b332000 	/System/Library/PrivateFrameworks/RemoteViewServices.framework/Versions/A/RemoteViewServices
0x000000000b332000 	/System/Library/PrivateFrameworks/UIFoundation.framework/Versions/A/UIFoundation
0x000000000b332000 	/usr/lib/libScreenReader.dylib
0x000000000b332000 	/System/Library/Frameworks/Accelerate.framework/Versions/A/Accelerate
0x000000000b332000 	/System/Library/Frameworks/IOSurface.framework/Versions/A/IOSurface
0x000000000b332000 	/System/Library/Frameworks/AudioToolbox.framework/Versions/A/AudioToolbox
0x000000000b332000 	/System/Library/Frameworks/AudioUnit.framework/Versions/A/AudioUnit
0x000000000b332000 	/System/Library/PrivateFrameworks/DataDetectorsCore.framework/Versions/A/DataDetectorsCore
0x000000000b332000 	/System/Library/PrivateFrameworks/DesktopServicesPriv.framework/Versions/A/DesktopServicesPriv
0x000000000b332000 	/System/Library/Frameworks/Carbon.framework/Versions/A/Frameworks/HIToolbox.framework/Versions/A/HIToolbox
0x000000000b332000 	/System/Library/Frameworks/QuartzCore.framework/Versions/A/QuartzCore
0x000000000b332000 	/System/Library/Frameworks/Carbon.framework/Versions/A/Frameworks/SpeechRecognition.framework/Versions/A/SpeechRecognition
0x000000000b332000 	/usr/lib/libauto.dylib
0x000000000b332000 	/usr/lib/libicucore.A.dylib
0x000000000b332000 	/usr/lib/libxml2.2.dylib
0x000000000b332000 	/System/Library/PrivateFrameworks/CoreUI.framework/Versions/A/CoreUI
0x000000000b332000 	/System/Library/Frameworks/CoreAudio.framework/Versions/A/CoreAudio
0x000000000b332000 	/System/Library/Frameworks/DiskArbitration.framework/Versions/A/DiskArbitration
0x000000000b332000 	/usr/lib/liblangid.dylib
0x000000000b332000 	/System/Library/PrivateFrameworks/MultitouchSupport.framework/Versions/A/MultitouchSupport
0x000000000b332000 	/System/Library/Frameworks/IOKit.framework/Versions/A/IOKit
0x000000000b332000 	/usr/lib/libDiagnosticMessagesClient.dylib
0x000000000b332000 	/System/Library/Frameworks/CoreServices.framework/Versions/A/CoreServices
0x000000000b332000 	/System/Library/PrivateFrameworks/PerformanceAnalysis.framework/Versions/A/PerformanceAnalysis
0x000000000b332000 	/System/Library/PrivateFrameworks/GenerationalStorage.framework/Versions/A/GenerationalStorage
0x000000000b332000 	/System/Library/Frameworks/OpenGL.framework/Versions/A/OpenGL
0x000000000b332000 	/System/Library/PrivateFrameworks/Sharing.framework/Versions/A/Sharing
0x000000000b332000 	/System/Library/Frameworks/CoreGraphics.framework/Versions/A/CoreGraphics
0x000000000b332000 	/System/Library/Frameworks/CoreImage.framework/Versions/A/CoreImage
0x000000000b332000 	/System/Library/Frameworks/CoreText.framework/Versions/A/CoreText
0x000000000b332000 	/System/Library/Frameworks/ImageIO.framework/Versions/A/ImageIO
0x000000000b332000 	/System/Library/PrivateFrameworks/Backup.framework/Versions/A/Backup
0x000000000b332000 	/usr/lib/libextension.dylib
0x000000000b332000 	/usr/lib/libarchive.2.dylib
0x000000000b332000 	/System/Library/Frameworks/CFNetwork.framework/Versions/A/CFNetwork
0x000000000b332000 	/System/Library/Frameworks/SystemConfiguration.framework/Versions/A/SystemConfiguration
0x000000000b332000 	/usr/lib/libCRFSuite.dylib
0x000000000b332000 	/usr/lib/libc++.1.dylib
0x000000000b332000 	/usr/lib/libc++abi.dylib
0x000000000b332000 	/usr/lib/system/libcache.dylib
0x000000000b332000 	/usr/lib/system/libcommonCrypto.dylib
0x000000000b332000 	/usr/lib/system/libcompiler_rt.dylib
0x000000000b332000 	/usr/lib/system/libcopyfile.dylib
0x000000000b332000 	/usr/lib/system/libcorecrypto.dylib
0x000000000b332000 	/usr/lib/system/libdispatch.dylib
0x000000000b332000 	/usr/lib/system/libdyld.dylib
0x000000000b332000 	/usr/lib/system/libkeymgr.dylib
0x000000000b332000 	/usr/lib/system/liblaunch.dylib
0x000000000b332000 	/usr/lib/system/libmacho.dylib
0x000000000b332000 	/usr/lib/system/libquarantine.dylib
0x000000000b332000 	/usr/lib/system/libremovefile.dylib
0x000000000b332000 	/usr/lib/system/libsystem_asl.dylib
0x000000000b332000 	/usr/lib/system/libsystem_blocks.dylib
0x000000000b332000 	/usr/lib/system/libsystem_c.dylib
0x000000000b332000 	/usr/lib/system/libsystem_configuration.dylib
0x000000000b332000 	/usr/lib/system/libsystem_coreservices.dylib
0x000000000b332000 	/usr/lib/system/libsystem_coretls.dylib
0x000000000b332000 	/usr/lib/system/libsystem_dnssd.dylib
0x000000000b332000 	/usr/lib/system/libsystem_info.dylib
0x000000000b332000 	/usr/lib/system/libsystem_kernel.dylib
0x000000000b332000 	/usr/lib/system/libsystem_m.dylib
0x000000000b332000 	/usr/lib/system/libsystem_malloc.dylib
0x000000000b332000 	/usr/lib/system/libsystem_network.dylib
0x000000000b332000 	/usr/lib/system/libsystem_networkextension.dylib
0x000000000b332000 	/usr/lib/system/libsystem_notify.dylib
0x000000000b332000 	/usr/lib/system/libsystem_platform.dylib
0x000000000b332000 	/usr/lib/system/libsystem_pthread.dylib
0x000000000b332000 	/usr/lib/system/libsystem_sandbox.dylib
0x000000000b332000 	/usr/lib/system/libsystem_secinit.dylib
0x000000000b332000 	/usr/lib/system/libsystem_trace.dylib
0x000000000b332000 	/usr/lib/system/libunc.dylib
0x000000000b332000 	/usr/lib/system/libunwind.dylib
0x000000000b332000 	/usr/lib/system/libxpc.dylib
0x000000000b332000 	/usr/lib/libenergytrace.dylib
0x000000000b332000 	/usr/lib/libbsm.0.dylib
0x000000000b332000 	/usr/lib/system/libkxld.dylib
0x000000000b332000 	/usr/lib/libxar.1.dylib
0x000000000b332000 	/usr/lib/libsqlite3.dylib
0x000000000b332000 	/usr/lib/libpam.2.dylib
0x000000000b332000 	/usr/lib/libOpenScriptingUtil.dylib
0x000000000b332000 	/usr/lib/libbz2.1.0.dylib
0x000000000b332000 	/usr/lib/liblzma.5.dylib
0x000000000b332000 	/System/Library/Frameworks/CoreServices.framework/Versions/A/Frameworks/FSEvents.framework/Versions/A/FSEvents
0x000000000b332000 	/System/Library/Frameworks/CoreServices.framework/Versions/A/Frameworks/CarbonCore.framework/Versions/A/CarbonCore
0x000000000b332000 	/System/Library/Frameworks/CoreServices.framework/Versions/A/Frameworks/Metadata.framework/Versions/A/Metadata
0x000000000b332000 	/System/Library/Frameworks/CoreServices.framework/Versions/A/Frameworks/OSServices.framework/Versions/A/OSServices
0x000000000b332000 	/System/Library/Frameworks/CoreServices.framework/Versions/A/Frameworks/SearchKit.framework/Versions/A/SearchKit
0x000000000b332000 	/System/Library/Frameworks/CoreServices.framework/Versions/A/Frameworks/AE.framework/Versions/A/AE
0x000000000b332000 	/System/Library/Frameworks/CoreServices.framework/Versions/A/Frameworks/LaunchServices.framework/Versions/A/LaunchServices
0x000000000b332000 	/System/Library/Frameworks/CoreServices.framework/Versions/A/Frameworks/DictionaryServices.framework/Versions/A/DictionaryServices
0x000000000b332000 	/System/Library/Frameworks/CoreServices.framework/Versions/A/Frameworks/SharedFileList.framework/Versions/A/SharedFileList
0x000000000b332000 	/System/Library/Frameworks/NetFS.framework/Versions/A/NetFS
0x000000000b332000 	/System/Library/PrivateFrameworks/NetAuth.framework/Versions/A/NetAuth
0x000000000b332000 	/System/Library/PrivateFrameworks/login.framework/Versions/A/Frameworks/loginsupport.framework/Versions/A/loginsupport
0x000000000b332000 	/System/Library/PrivateFrameworks/TCC.framework/Versions/A/TCC
0x000000000b332000 	/usr/lib/libmecabra.dylib
0x000000000b332000 	/System/Library/Frameworks/ApplicationServices.framework/Versions/A/Frameworks/ATS.framework/Versions/A/ATS
0x000000000b332000 	/System/Library/Frameworks/ApplicationServices.framework/Versions/A/Frameworks/ColorSync.framework/Versions/A/ColorSync
0x000000000b332000 	/System/Library/Frameworks/ApplicationServices.framework/Versions/A/Frameworks/HIServices.framework/Versions/A/HIServices
0x000000000b332000 	/System/Library/Frameworks/ApplicationServices.framework/Versions/A/Frameworks/LangAnalysis.framework/Versions/A/LangAnalysis
0x000000000b332000 	/System/Library/Frameworks/ApplicationServices.framework/Versions/A/Frameworks/PrintCore.framework/Versions/A/PrintCore
0x000000000b332000 	/System/Library/Frameworks/ApplicationServices.framework/Versions/A/Frameworks/QD.framework/Versions/A/QD
0x000000000b332000 	/System/Library/Frameworks/ApplicationServices.framework/Versions/A/Frameworks/SpeechSynthesis.framework/Versions/A/SpeechSynthesis
0x000000000b332000 	/System/Library/Frameworks/Metal.framework/Versions/A/Metal
0x000000000b332000 	/System/Library/Frameworks/Accelerate.framework/Versions/A/Frameworks/vImage.framework/Versions/A/vImage
0x000000000b332000 	/System/Library/Frameworks/Accelerate.framework/Versions/A/Frameworks/vecLib.framework/Versions/A/vecLib
0x000000000b332000 	/System/Library/Frameworks/Accelerate.framework/Versions/A/Frameworks/vecLib.framework/Versions/A/libvDSP.dylib
0x000000000b332000 	/System/Library/Frameworks/Accelerate.framework/Versions/A/Frameworks/vecLib.framework/Versions/A/libvMisc.dylib
0x000000000b332000 	/System/Library/Frameworks/Accelerate.framework/Versions/A/Frameworks/vecLib.framework/Versions/A/libLAPACK.dylib
0x000000000b332000 	/System/Library/Frameworks/Accelerate.framework/Versions/A/Frameworks/vecLib.framework/Versions/A/libBLAS.dylib
0x000000000b332000 	/System/Library/Frameworks/Accelerate.framework/Versions/A/Frameworks/vecLib.framework/Versions/A/libLinearAlgebra.dylib
0x000000000b332000 	/System/Library/Frameworks/Accelerate.framework/Versions/A/Frameworks/vecLib.framework/Versions/A/libSparseBLAS.dylib
0x000000000b332000 	/System/Library/PrivateFrameworks/GPUCompiler.framework/libmetal_timestamp.dylib
0x000000000b332000 	/System/Library/Frameworks/OpenGL.framework/Versions/A/Libraries/libCoreFSCache.dylib
0x000000000b332000 	/System/Library/PrivateFrameworks/IOAccelerator.framework/Versions/A/IOAccelerator
0x000000000b332000 	/System/Library/Frameworks/ApplicationServices.framework/Versions/A/Frameworks/ATS.framework/Versions/A/Resources/libFontParser.dylib
0x000000000b332000 	/System/Library/Frameworks/ApplicationServices.framework/Versions/A/Frameworks/ATS.framework/Versions/A/Resources/libFontRegistry.dylib
0x000000000b332000 	/System/Library/PrivateFrameworks/AppleVPA.framework/Versions/A/AppleVPA
0x000000000b332000 	/System/Library/PrivateFrameworks/AppleJPEG.framework/Versions/A/AppleJPEG
0x000000000b332000 	/System/Library/Frameworks/ImageIO.framework/Versions/A/Resources/libJPEG.dylib
0x000000000b332000 	/System/Library/Frameworks/ImageIO.framework/Versions/A/Resources/libTIFF.dylib
0x000000000b332000 	/System/Library/Frameworks/ImageIO.framework/Versions/A/Resources/libPng.dylib
0x000000000b332000 	/System/Library/Frameworks/ImageIO.framework/Versions/A/Resources/libGIF.dylib
0x000000000b332000 	/System/Library/Frameworks/ImageIO.framework/Versions/A/Resources/libJP2.dylib
0x000000000b332000 	/System/Library/Frameworks/ImageIO.framework/Versions/A/Resources/libRadiance.dylib
0x000000000b332000 	/System/Library/Frameworks/CoreVideo.framework/Versions/A/CoreVideo
0x000000000b332000 	/System/Library/Frameworks/OpenGL.framework/Versions/A/Libraries/libGLU.dylib
0x000000000b332000 	/System/Library/Frameworks/OpenGL.framework/Versions/A/Libraries/libGFXShared.dylib
0x000000000b332000 	/System/Library/Frameworks/OpenGL.framework/Versions/A/Libraries/libGL.dylib
0x000000000b332000 	/System/Library/Frameworks/OpenGL.framework/Versions/A/Libraries/libGLImage.dylib
0x000000000b332000 	/System/Library/Frameworks/OpenGL.framework/Versions/A/Libraries/libCVMSPluginSupport.dylib
0x000000000b332000 	/System/Library/Frameworks/OpenGL.framework/Versions/A/Libraries/libCoreVMClient.dylib
0x000000000b332000 	/usr/lib/libcups.2.dylib
0x000000000b332000 	/System/Library/Frameworks/Kerberos.framework/Versions/A/Kerberos
0x000000000b332000 	/System/Library/Frameworks/GSS.framework/Versions/A/GSS
0x000000000b332000 	/usr/lib/libresolv.9.dylib
0x000000000b332000 	/usr/lib/libiconv.2.dylib
0x000000000b332000 	/System/Library/PrivateFrameworks/Heimdal.framework/Versions/A/Heimdal
0x000000000b332000 	/usr/lib/libheimdal-asn1.dylib
0x000000000b332000 	/System/Library/Frameworks/OpenDirectory.framework/Versions/A/OpenDirectory
0x000000000b332000 	/System/Library/PrivateFrameworks/CommonAuth.framework/Versions/A/CommonAuth
0x000000000b332000 	/System/Library/Frameworks/OpenDirectory.framework/Versions/A/Frameworks/CFOpenDirectory.framework/Versions/A/CFOpenDirectory
0x000000000b332000 	/System/Library/Frameworks/SecurityFoundation.framework/Versions/A/SecurityFoundation
0x000000000b332000 	/System/Library/PrivateFrameworks/LanguageModeling.framework/Versions/A/LanguageModeling
0x000000000b332000 	/usr/lib/libmarisa.dylib
0x000000000b332000 	/usr/lib/libChineseTokenizer.dylib
0x000000000b332000 	/usr/lib/libcmph.dylib
0x000000000b332000 	/usr/lib/libcompression.dylib
0x000000000b332000 	/System/Library/Frameworks/ServiceManagement.framework/Versions/A/ServiceManagement
0x000000000b332000 	/usr/lib/libxslt.1.dylib
0x000000000b332000 	/System/Library/Frameworks/Carbon.framework/Versions/A/Frameworks/Ink.framework/Versions/A/Ink
0x000000000b332000 	/usr/lib/libFosl_dynamic.dylib
0x000000000b332000 	/System/Library/PrivateFrameworks/FaceCore.framework/Versions/A/FaceCore
0x000000000b332000 	/System/Library/Frameworks/OpenCL.framework/Versions/A/OpenCL
0x000000000b332000 	/System/Library/PrivateFrameworks/CrashReporterSupport.framework/Versions/A/CrashReporterSupport
0x000000000b332000 	/System/Library/PrivateFrameworks/IconServices.framework/Versions/A/IconServices
0x000000000b332000 	/System/Library/PrivateFrameworks/Apple80211.framework/Versions/A/Apple80211
0x000000000b332000 	/System/Library/Frameworks/CoreWLAN.framework/Versions/A/CoreWLAN
0x000000000b332000 	/System/Library/Frameworks/IOBluetooth.framework/Versions/A/IOBluetooth
0x000000000b332000 	/System/Library/PrivateFrameworks/CoreWiFi.framework/Versions/A/CoreWiFi
0x000000000b332000 	/System/Library/Frameworks/CoreBluetooth.framework/Versions/A/CoreBluetooth
0x000000000b332000 	/System/Library/PrivateFrameworks/ChunkingLibrary.framework/Versions/A/ChunkingLibrary
0x000000000b332000 	/System/Library/PrivateFrameworks/DebugSymbols.framework/Versions/A/DebugSymbols
0x000000000b332000 	/System/Library/PrivateFrameworks/CoreSymbolication.framework/Versions/A/CoreSymbolication
0x000000000b332000 	/System/Library/PrivateFrameworks/Symbolication.framework/Versions/A/Symbolication
0x000000000b332000 	/System/Library/PrivateFrameworks/SpeechRecognitionCore.framework/Versions/A/SpeechRecognitionCore
0x000000010f1c4000 	/Library/Java/JavaVirtualMachines/jdk1.8.0_65.jdk/Contents/Home/jre/lib/server/libjvm.dylib
0x000000011014d000 	/usr/lib/libstdc++.6.dylib
0x0000000110204000 	/Library/Java/JavaVirtualMachines/jdk1.8.0_65.jdk/Contents/Home/jre/lib/libverify.dylib
0x0000000110212000 	/Library/Java/JavaVirtualMachines/jdk1.8.0_65.jdk/Contents/Home/jre/lib/libjava.dylib
0x0000000110255000 	/Library/Java/JavaVirtualMachines/jdk1.8.0_65.jdk/Contents/Home/jre/lib/libzip.dylib
0x00000001263d0000 	/System/Library/Frameworks/JavaVM.framework/Frameworks/JavaRuntimeSupport.framework/JavaRuntimeSupport
0x00000001263eb000 	/System/Library/Frameworks/JavaVM.framework/Versions/A/Frameworks/JavaNativeFoundation.framework/Versions/A/JavaNativeFoundation
0x00000001103f1000 	/System/Library/Frameworks/JavaVM.framework/Versions/A/JavaVM
0x000000000b332000 	/System/Library/Frameworks/Carbon.framework/Versions/A/Carbon
0x0000000126400000 	/System/Library/PrivateFrameworks/JavaLaunching.framework/Versions/A/JavaLaunching
0x000000000b332000 	/System/Library/Frameworks/Carbon.framework/Versions/A/Frameworks/CommonPanels.framework/Versions/A/CommonPanels
0x000000000b332000 	/System/Library/Frameworks/Carbon.framework/Versions/A/Frameworks/Help.framework/Versions/A/Help
0x000000000b332000 	/System/Library/Frameworks/Carbon.framework/Versions/A/Frameworks/ImageCapture.framework/Versions/A/ImageCapture
0x000000000b332000 	/System/Library/Frameworks/Carbon.framework/Versions/A/Frameworks/OpenScripting.framework/Versions/A/OpenScripting
0x000000000b332000 	/System/Library/Frameworks/Carbon.framework/Versions/A/Frameworks/Print.framework/Versions/A/Print
0x000000000b332000 	/System/Library/Frameworks/Carbon.framework/Versions/A/Frameworks/SecurityHI.framework/Versions/A/SecurityHI
0x0000000127d21000 	/Library/Java/JavaVirtualMachines/jdk1.8.0_65.jdk/Contents/Home/jre/lib/libawt.dylib
0x0000000127dc9000 	/Library/Java/JavaVirtualMachines/jdk1.8.0_65.jdk/Contents/Home/jre/lib/./libmlib_image.dylib
0x0000000127e95000 	/Library/Java/JavaVirtualMachines/jdk1.8.0_65.jdk/Contents/Home/jre/lib/libawt_lwawt.dylib
0x0000000127f4a000 	/Library/Java/JavaVirtualMachines/jdk1.8.0_65.jdk/Contents/Home/jre/lib/./libosxapp.dylib
0x000000000b332000 	/System/Library/Frameworks/ExceptionHandling.framework/Versions/A/ExceptionHandling
0x000000000b332000 	/System/Library/PrivateFrameworks/CoreServicesInternal.framework/Versions/A/CoreServicesInternal
0x000000000b332000 	/System/Library/Frameworks/CoreGraphics.framework/Versions/A/Resources/libRIP.A.dylib
0x0000000128a26000 	/System/Library/Frameworks/Accelerate.framework/Frameworks/vImage.framework/Versions/A/Libraries/libCGInterfaces.dylib
0x000000000b332000 	/System/Library/Frameworks/CoreGraphics.framework/Versions/A/Resources/libCGXType.A.dylib
0x000000000b332000 	/System/Library/Frameworks/OpenCL.framework/Versions/A/Libraries/libcldcpuengine.dylib
0x000000000b332000 	/System/Library/PrivateFrameworks/DiskImages.framework/Versions/A/DiskImages
0x000000000b332000 	/System/Library/Frameworks/DiscRecording.framework/Versions/A/DiscRecording
0x000000000b332000 	/usr/lib/libcsfde.dylib
0x000000000b332000 	/usr/lib/libcurl.4.dylib
0x000000000b332000 	/System/Library/PrivateFrameworks/MediaKit.framework/Versions/A/MediaKit
0x000000000b332000 	/System/Library/PrivateFrameworks/ProtectedCloudStorage.framework/Versions/A/ProtectedCloudStorage
0x000000000b332000 	/usr/lib/libCoreStorage.dylib
0x000000000b332000 	/System/Library/PrivateFrameworks/EFILogin.framework/Versions/A/EFILogin
0x000000000b332000 	/usr/lib/libutil.dylib
0x000000000b332000 	/System/Library/PrivateFrameworks/FindMyDevice.framework/Versions/A/FindMyDevice
0x000000000b332000 	/System/Library/Frameworks/LDAP.framework/Versions/A/LDAP
0x000000000b332000 	/usr/lib/libsasl2.2.dylib
0x000000000b332000 	/System/Library/PrivateFrameworks/CoreDaemon.framework/Versions/B/CoreDaemon
0x000000000b332000 	/usr/lib/libcrypto.0.9.8.dylib
0x000000000b332000 	/System/Library/PrivateFrameworks/AppleSRP.framework/Versions/A/AppleSRP
0x000000000b332000 	/System/Library/PrivateFrameworks/TrustEvaluationAgent.framework/Versions/A/TrustEvaluationAgent
0x000000012976a000 	cl_kernels
0x000000000b332000 	/System/Library/Frameworks/OpenCL.framework/Versions/A/Libraries/ImageFormats/unorm8_bgra.dylib
0x000000000b332000 	/System/Library/Frameworks/OpenCL.framework/Versions/A/Libraries/ImageFormats/unorm8_rgba.dylib
0x000000000b332000 	/System/Library/PrivateFrameworks/FamilyControls.framework/Versions/A/FamilyControls
0x000000000b332000 	/System/Library/PrivateFrameworks/CommerceKit.framework/Versions/A/Frameworks/CommerceCore.framework/Versions/A/CommerceCore
0x000000000b332000 	/System/Library/PrivateFrameworks/SystemAdministration.framework/Versions/A/SystemAdministration
0x000000000b332000 	/System/Library/PrivateFrameworks/AppContainer.framework/Versions/A/AppContainer
0x000000000b332000 	/System/Library/PrivateFrameworks/SecCodeWrapper.framework/Versions/A/SecCodeWrapper
0x000000000b332000 	/System/Library/Frameworks/DirectoryService.framework/Versions/A/DirectoryService
0x000000000b332000 	/System/Library/PrivateFrameworks/LoginUIKit.framework/Versions/A/Frameworks/LoginUICore.framework/Versions/A/LoginUICore
0x000000000b332000 	/usr/lib/libodfde.dylib
0x000000012a7fa000 	/System/Library/Frameworks/OpenGL.framework/Resources/GLEngine.bundle/GLEngine
0x000000000b332000 	/System/Library/Frameworks/OpenGL.framework/Versions/A/Libraries/libGLProgrammability.dylib
0x000000012a9e2000 	/System/Library/Extensions/AppleIntelHD5000GraphicsGLDriver.bundle/Contents/MacOS/AppleIntelHD5000GraphicsGLDriver
0x000000000b332000 	/System/Library/PrivateFrameworks/GPUSupport.framework/Versions/A/Libraries/libGPUSupportMercury.dylib
0x000000012b132000 	/System/Library/Frameworks/OpenGL.framework/Resources//GLRendererFloat.bundle/GLRendererFloat
0x000000012ba06000 	/Library/Java/JavaVirtualMachines/jdk1.8.0_65.jdk/Contents/Home/jre/lib/libfontmanager.dylib
0x000000012cea6000 	/Library/Java/JavaVirtualMachines/jdk1.8.0_65.jdk/Contents/Home/jre/lib/libosxui.dylib
0x000000012db97000 	/Library/Java/JavaVirtualMachines/jdk1.8.0_65.jdk/Contents/Home/jre/lib/libnet.dylib
0x000000012dbf6000 	/Library/Java/JavaVirtualMachines/jdk1.8.0_65.jdk/Contents/Home/jre/lib/libnio.dylib
0x000000000b332000 	/System/Library/Frameworks/ApplicationServices.framework/Versions/A/Frameworks/ATS.framework/Versions/A/Resources/libTrueTypeScaler.dylib
0x000000017eadd000 	/System/Library/Extensions/AppleIntelHD5000GraphicsMTLDriver.bundle/Contents/MacOS/AppleIntelHD5000GraphicsMTLDriver
0x0000000128d16000 	/private/var/folders/94/qhk8wx9560913pcr_k2txvfh0000gn/T/jogamp_0000/file_cache/jln5253711075417408644/jln986676999858454490/libgluegen-rt.jnilib
0x0000000128d1b000 	/private/var/folders/94/qhk8wx9560913pcr_k2txvfh0000gn/T/jogamp_0000/file_cache/jln5253711075417408644/jln986676999858454490/libnativewindow_awt.jnilib
0x0000000128d1e000 	/Library/Java/JavaVirtualMachines/jdk1.8.0_65.jdk/Contents/Home/jre/lib/libjawt.dylib
0x0000000128d21000 	/private/var/folders/94/qhk8wx9560913pcr_k2txvfh0000gn/T/jogamp_0000/file_cache/jln5253711075417408644/jln986676999858454490/libnativewindow_macosx.jnilib
0x00000001805ae000 	/private/var/folders/94/qhk8wx9560913pcr_k2txvfh0000gn/T/jogamp_0000/file_cache/jln5253711075417408644/jln986676999858454490/libjogl_desktop.jnilib
0x00000001294dd000 	/Library/Java/JavaVirtualMachines/jdk1.8.0_65.jdk/Contents/Home/jre/lib/libt2k.dylib

VM Arguments:
jvm_args: -Djava.security.policy=java.policy.applet -Dfile.encoding=UTF-8 
java_command: sun.applet.AppletViewer module3.EarthquakeCityMap1450029717557.html
java_class_path (initial): /Users/karenblakemore/Java/workspace/UCSDUnfoldingMaps/build:/Users/karenblakemore/Java/workspace/UCSDUnfoldingMaps/lib/core.jar:/Users/karenblakemore/Java/workspace/UCSDUnfoldingMaps/lib/gluegen-rt.jar:/Users/karenblakemore/Java/workspace/UCSDUnfoldingMaps/lib/jogl-all.jar:/Users/karenblakemore/Java/workspace/UCSDUnfoldingMaps/lib/log4j-1.2.15.jar:/Users/karenblakemore/Java/workspace/UCSDUnfoldingMaps/lib/sqlite-jdbc-3.7.2.jar:/Users/karenblakemore/Java/workspace/UCSDUnfoldingMaps/lib/json4processing.jar:/Users/karenblakemore/Java/workspace/UCSDUnfoldingMaps/lib/libTUIO.jar:/Users/karenblakemore/Java/workspace/UCSDUnfoldingMaps/lib/unfolding.0.9.7-uscd.jar
Launcher Type: SUN_STANDARD

Environment Variables:
PATH=/usr/bin:/bin:/usr/sbin:/sbin
SHELL=/bin/bash

Signal Handlers:
SIGSEGV: [libjvm.dylib+0x5a6d31], sa_mask[0]=11111111011111110111111111111111, sa_flags=SA_ONSTACK|SA_RESTART|SA_SIGINFO
SIGBUS: [libjvm.dylib+0x5a6d31], sa_mask[0]=11111111011111110111111111111111, sa_flags=SA_RESTART|SA_SIGINFO
SIGFPE: [libjvm.dylib+0x480a40], sa_mask[0]=11111111011111110111111111111111, sa_flags=SA_RESTART|SA_SIGINFO
SIGPIPE: [libjvm.dylib+0x480a40], sa_mask[0]=11111111011111110111111111111111, sa_flags=SA_RESTART|SA_SIGINFO
SIGXFSZ: [libjvm.dylib+0x480a40], sa_mask[0]=11111111011111110111111111111111, sa_flags=SA_RESTART|SA_SIGINFO
SIGILL: [libjvm.dylib+0x480a40], sa_mask[0]=11111111011111110111111111111111, sa_flags=SA_RESTART|SA_SIGINFO
SIGUSR1: SIG_DFL, sa_mask[0]=00000000000000000000000000000000, sa_flags=none
SIGUSR2: [libjvm.dylib+0x48055e], sa_mask[0]=00100000000000000000000000000000, sa_flags=SA_RESTART|SA_SIGINFO
SIGHUP: [libjvm.dylib+0x47eb35], sa_mask[0]=11111111011111110111111111111111, sa_flags=SA_RESTART|SA_SIGINFO
SIGINT: [libjvm.dylib+0x47eb35], sa_mask[0]=11111111011111110111111111111111, sa_flags=SA_RESTART|SA_SIGINFO
SIGTERM: [libjvm.dylib+0x47eb35], sa_mask[0]=11111111011111110111111111111111, sa_flags=SA_RESTART|SA_SIGINFO
SIGQUIT: [libjvm.dylib+0x47eb35], sa_mask[0]=11111111011111110111111111111111, sa_flags=SA_RESTART|SA_SIGINFO


---------------  S Y S T E M  ---------------

OS:Bsduname:Darwin 15.2.0 Darwin Kernel Version 15.2.0: Fri Nov 13 19:56:56 PST 2015; root:xnu-3248.20.55~2/RELEASE_X86_64 x86_64
rlimit: STACK 8192k, CORE 0k, NPROC 709, NOFILE 10240, AS infinity
load average:1.91 1.76 1.76

CPU:total 4 (2 cores per cpu, 2 threads per core) family 6 model 69 stepping 1, cmov, cx8, fxsr, mmx, sse, sse2, sse3, ssse3, sse4.1, sse4.2, popcnt, avx, avx2, aes, clmul, erms, lzcnt, ht, tsc, tscinvbit, bmi1, bmi2

Memory: 4k page, physical 8388608k(2483364k free)

/proc/meminfo:


vm_info: Java HotSpot(TM) 64-Bit Server VM (25.65-b01) for bsd-amd64 JRE (1.8.0_65-b17), built on Oct  6 2015 15:36:46 by "java_re" with gcc 4.2.1 (Based on Apple Inc. build 5658) (LLVM build 2336.11.00)

time: Sun Dec 13 11:03:09 2015
elapsed time: 71 seconds (0d 0h 1m 11s)

