#
# A fatal error has been detected by the Java Runtime Environment:
#
#  SIGSEGV (0xb) at pc=0x00007fff96d4c4dd, pid=632, tid=2571
#
# JRE version: Java(TM) SE Runtime Environment (8.0_65-b17) (build 1.8.0_65-b17)
# Java VM: Java HotSpot(TM) 64-Bit Server VM (25.65-b01 mixed mode bsd-amd64 compressed oops)
# Problematic frame:
# C  [libobjc.A.dylib+0x14dd]  objc_msgSend+0x1d
#
# Failed to write core dump. Core dumps have been disabled. To enable core dumping, try "ulimit -c unlimited" before starting Java again
#
# If you would like to submit a bug report, please visit:
#   http://bugreport.java.com/bugreport/crash.jsp
# The crash happened outside the Java Virtual Machine in native code.
# See problematic frame for where to report the bug.
#

---------------  T H R E A D  ---------------

Current thread (0x00007fc41a0c8000):  JavaThread "AWT-AppKit" daemon [_thread_in_native, id=2571, stack(0x00007fff539f8000,0x00007fff541f8000)]

siginfo: si_signo: 11 (SIGSEGV), si_code: 1 (SEGV_MAPERR), si_addr: 0x000007fc41d3ebb0

Registers:
RAX=0x00007fc41d140ce0, RBX=0x0000000125712450, RCX=0x0000000125738440, RDX=0x0000000125738a40
RSP=0x00007fff541f3458, RBP=0x00007fff541f3510, RSI=0x00007fff98929d0e, RDI=0x00007fc41877fa10
R8 =0x0000000000000000, R9 =0x00000000000008c0, R10=0x00007fff98929d0e, R11=0x000007fc41d3eb98
R12=0x0000000000000000, R13=0x000000017d07f818, R14=0x0000000125712440, R15=0x00007fc41a0c8000
RIP=0x00007fff96d4c4dd, EFLAGS=0x0000000000010202, ERR=0x0000000000000004
  TRAPNO=0x000000000000000e

Top of Stack: (sp=0x00007fff541f3458)
0x00007fff541f3458:   0000000125710157 00007fff541f34b0
0x00007fff541f3468:   0000000000000003 00007fff541f3490
0x00007fff541f3478:   000000010c7f19a6 000000017d07f818
0x00007fff541f3488:   000000017d07f818 00007fc41d140ce0
0x00007fff541f3498:   00000001257126a0 0000000125712710
0x00007fff541f34a8:   00007fff7b5f6770 00007fff7b916500
0x00007fff541f34b8:   0000000125712450 0000000125712690
0x00007fff541f34c8:   00007fc41d140ce0 00007fc41877fa10
0x00007fff541f34d8:   00007fc4186f4f20 00007fc41d140ce0
0x00007fff541f34e8:   00007fc41877fa10 00007fff541f3598
0x00007fff541f34f8:   00007fc41a0c81f8 000000017d07f818
0x00007fff541f3508:   00007fff541f35c0 00007fff541f3588
0x00007fff541f3518:   000000010d59e954 000000017d07f818
0x00007fff541f3528:   00007fff541f35c0 00007fff541f3588
0x00007fff541f3538:   000000010d59e6e7 000000010d59e6a2
0x00007fff541f3548:   00007fff541f3548 000000017d07f818
0x00007fff541f3558:   00007fff541f35c0 000000017d082450
0x00007fff541f3568:   0000000000000000 000000017d07f818
0x00007fff541f3578:   0000000000000000 00007fff541f35a8
0x00007fff541f3588:   00007fff541f3608 000000010d590c4d
0x00007fff541f3598:   0000000740ee7120 000000010d598578
0x00007fff541f35a8:   00007fc41d140ce0 00007fff541f3608
0x00007fff541f35b8:   00007fc41877fa10 000000010d599d82
0x00007fff541f35c8:   00007fff541f35c8 000000017d07f9e2
0x00007fff541f35d8:   00007fff541f3630 000000017d082450
0x00007fff541f35e8:   0000000000000000 000000017d07f9f0
0x00007fff541f35f8:   00007fff541f35a8 00007fff541f3618
0x00007fff541f3608:   00007fff541f3678 000000010d590c4d
0x00007fff541f3618:   00007fc41d140ce0 0000000740e9f0e0
0x00007fff541f3628:   00007fc41877fa10 0000000740e9f0e0
0x00007fff541f3638:   00007fff541f3638 00000001848e459e
0x00007fff541f3648:   00007fff541f3688 00000001848e4658 

Instructions: (pc=0x00007fff96d4c4dd)
0x00007fff96d4c4bd:   44 00 00 48 85 ff 2e 74 62 40 f6 c7 01 2e 75 66
0x00007fff96d4c4cd:   49 bb f8 ff ff ff ff 7f 00 00 4c 23 1f 49 89 f2
0x00007fff96d4c4dd:   45 23 53 18 49 c1 e2 04 4d 03 53 10 49 3b 32 75
0x00007fff96d4c4ed:   04 41 ff 62 08 49 83 3a 01 76 0d 49 83 c2 10 49 

Register to memory mapping:

RAX=0x00007fc41d140ce0 is an unknown value
RBX=0x0000000125712450: Java_jogamp_nativewindow_macosx_OSXUtil_GetScreenRefreshRate0+0x1cf0 in /private/var/folders/94/qhk8wx9560913pcr_k2txvfh0000gn/T/jogamp_0000/file_cache/jln4441158369829637632/jln4913746871942153278/libnativewindow_macosx.jnilib at 0x000000012570b000
RCX=0x0000000125738440 is an unknown value
RDX=0x0000000125738a40 is an unknown value
RSP=0x00007fff541f3458 is pointing into the stack for thread: 0x00007fc41a0c8000
RBP=0x00007fff541f3510 is pointing into the stack for thread: 0x00007fc41a0c8000
RSI=0x00007fff98929d0e is an unknown value
RDI=0x00007fc41877fa10 is an unknown value
R8 =0x0000000000000000 is an unknown value
R9 =0x00000000000008c0 is an unknown value
R10=0x00007fff98929d0e is an unknown value
R11=0x000007fc41d3eb98 is an unknown value
R12=0x0000000000000000 is an unknown value
R13={method} {0x000000017d07f818} 'UnsetJAWTRootSurfaceLayer0' '(JJ)V' in 'jogamp/nativewindow/jawt/macosx/MacOSXJAWTWindow'
R14=0x0000000125712440: Java_jogamp_nativewindow_macosx_OSXUtil_GetScreenRefreshRate0+0x1ce0 in /private/var/folders/94/qhk8wx9560913pcr_k2txvfh0000gn/T/jogamp_0000/file_cache/jln4441158369829637632/jln4913746871942153278/libnativewindow_macosx.jnilib at 0x000000012570b000
R15=0x00007fc41a0c8000 is a thread


Stack: [0x00007fff539f8000,0x00007fff541f8000],  sp=0x00007fff541f3458,  free space=8173k
Native frames: (J=compiled Java code, j=interpreted, Vv=VM code, C=native code)
C  [libobjc.A.dylib+0x14dd]  objc_msgSend+0x1d
j  jogamp.nativewindow.jawt.macosx.MacOSXJAWTWindow.UnsetJAWTRootSurfaceLayer0(JJ)V+0
j  jogamp.nativewindow.jawt.macosx.MacOSXJAWTWindow.access$200(JJ)V+2
j  jogamp.nativewindow.jawt.macosx.MacOSXJAWTWindow$1.run()V+38
j  com.jogamp.common.util.RunnableTask.run()V+24
v  ~StubRoutines::call_stub
V  [libjvm.dylib+0x2eab02]
V  [libjvm.dylib+0x321bab]
V  [libjvm.dylib+0x31437f]
C  [libnativewindow_macosx.jnilib+0x5326]  Java_jogamp_nativewindow_jawt_macosx_MacOSXJAWTWindow_UnsetJAWTRootSurfaceLayer0+0x2b6
C  [Foundation+0x8dd4b]  __NSThreadPerformPerform+0x117
C  [CoreFoundation+0x7e5c1]  __CFRUNLOOP_IS_CALLING_OUT_TO_A_SOURCE0_PERFORM_FUNCTION__+0x11
C  [CoreFoundation+0x70397]  __CFRunLoopDoSources0+0x1a7
C  [CoreFoundation+0x6f93f]  __CFRunLoopRun+0x39f
C  [CoreFoundation+0x6f338]  CFRunLoopRunSpecific+0x128
C  [HIToolbox+0x30935]  RunCurrentEventLoopInMode+0xeb
C  [HIToolbox+0x30677]  ReceiveNextEventCommon+0xb8
C  [HIToolbox+0x305af]  _BlockUntilNextEventMatchingListInModeWithFilter+0x47
C  [AppKit+0x8a0ee]  _DPSNextEvent+0x42b
C  [AppKit+0x456943]  -[NSApplication _nextEventMatchingEventMask:untilDate:inMode:dequeue:]+0x1c6
C  [libosxapp.dylib+0x23aa]  -[NSApplicationAWT nextEventMatchingMask:untilDate:inMode:dequeue:]+0x7c
C  [AppKit+0x7ffc8]  -[NSApplication run]+0x2aa
C  [libosxapp.dylib+0x214d]  +[NSApplicationAWT runAWTLoopWithApp:]+0x9c
C  [libawt_lwawt.dylib+0x44517]  -[AWTStarter starter:]+0x389
C  [Foundation+0x8dd4b]  __NSThreadPerformPerform+0x117
C  [CoreFoundation+0x7e5c1]  __CFRUNLOOP_IS_CALLING_OUT_TO_A_SOURCE0_PERFORM_FUNCTION__+0x11
C  [CoreFoundation+0x7041c]  __CFRunLoopDoSources0+0x22c
C  [CoreFoundation+0x6f93f]  __CFRunLoopRun+0x39f
C  [CoreFoundation+0x6f338]  CFRunLoopRunSpecific+0x128
C  [java+0x6463]  CreateExecutionEnvironment+0x367
C  [java+0x21ac]  JLI_Launch+0x7a0
C  [java+0x84c0]  main+0x65
C  [java+0x1a04]  start+0x34
C  0x0000000000000007

Java frames: (J=compiled Java code, j=interpreted, Vv=VM code)
j  jogamp.nativewindow.jawt.macosx.MacOSXJAWTWindow.UnsetJAWTRootSurfaceLayer0(JJ)V+0
j  jogamp.nativewindow.jawt.macosx.MacOSXJAWTWindow.access$200(JJ)V+2
j  jogamp.nativewindow.jawt.macosx.MacOSXJAWTWindow$1.run()V+38
j  com.jogamp.common.util.RunnableTask.run()V+24
v  ~StubRoutines::call_stub

---------------  P R O C E S S  ---------------

Java Threads: ( => current thread )
  0x00007fc41a0da800 JavaThread "Thread-109" [_thread_blocked, id=23227, stack(0x00007000019ee000,0x0000700001aee000)]
  0x00007fc41997a000 JavaThread "AWT-EventQueue-1" [_thread_in_native, id=58927, stack(0x0000700001868000,0x0000700001968000)]
  0x00007fc419330800 JavaThread "DestroyJavaVM" [_thread_blocked, id=5891, stack(0x000070000011a000,0x000070000021a000)]
  0x00007fc41a154000 JavaThread "AWT-EventQueue-0" [_thread_blocked, id=56327, stack(0x0000700001662000,0x0000700001762000)]
  0x00007fc4191d7000 JavaThread "Java2D Disposer" daemon [_thread_blocked, id=52995, stack(0x00007000013d9000,0x00007000014d9000)]
  0x00007fc418885000 JavaThread "Java2D Queue Flusher" daemon [_thread_blocked, id=49927, stack(0x00007000012d6000,0x00007000013d6000)]
  0x00007fc419028000 JavaThread "AWT-Shutdown" [_thread_blocked, id=29203, stack(0x00007000010cd000,0x00007000011cd000)]
=>0x00007fc41a0c8000 JavaThread "AWT-AppKit" daemon [_thread_in_native, id=2571, stack(0x00007fff539f8000,0x00007fff541f8000)]
  0x00007fc41a031800 JavaThread "Service Thread" daemon [_thread_blocked, id=18435, stack(0x0000700000e44000,0x0000700000f44000)]
  0x00007fc419819000 JavaThread "C1 CompilerThread2" daemon [_thread_blocked, id=17923, stack(0x0000700000d41000,0x0000700000e41000)]
  0x00007fc419818000 JavaThread "C2 CompilerThread1" daemon [_thread_blocked, id=17411, stack(0x0000700000c3e000,0x0000700000d3e000)]
  0x00007fc419805000 JavaThread "C2 CompilerThread0" daemon [_thread_blocked, id=16899, stack(0x0000700000b3b000,0x0000700000c3b000)]
  0x00007fc41a030800 JavaThread "Signal Dispatcher" daemon [_thread_blocked, id=12815, stack(0x0000700000a38000,0x0000700000b38000)]
  0x00007fc41980c000 JavaThread "Finalizer" daemon [_thread_blocked, id=12291, stack(0x000070000082f000,0x000070000092f000)]
  0x00007fc41980b800 JavaThread "Reference Handler" daemon [_thread_blocked, id=11779, stack(0x000070000072c000,0x000070000082c000)]

Other Threads:
  0x00007fc41a030000 VMThread [stack: 0x0000700000629000,0x0000700000729000] [id=11267]
  0x00007fc41a03d000 WatcherThread [stack: 0x0000700000f47000,0x0000700001047000] [id=18947]

VM state:not at safepoint (normal execution)

VM Mutex/Monitor currently owned by a thread: None

Heap:
 PSYoungGen      total 12800K, used 3221K [0x0000000795580000, 0x0000000796300000, 0x00000007c0000000)
  eden space 12288K, 25% used [0x0000000795580000,0x0000000795885458,0x0000000796180000)
  from space 512K, 25% used [0x0000000796280000,0x00000007962a0000,0x0000000796300000)
  to   space 512K, 0% used [0x0000000796200000,0x0000000796200000,0x0000000796280000)
 ParOldGen       total 58880K, used 40895K [0x0000000740000000, 0x0000000743980000, 0x0000000795580000)
  object space 58880K, 69% used [0x0000000740000000,0x00000007427efec8,0x0000000743980000)
 Metaspace       used 21374K, capacity 21531K, committed 21808K, reserved 1069056K
  class space    used 2062K, capacity 2112K, committed 2176K, reserved 1048576K

Card table byte_map: [0x000000011c949000,0x000000011cd4a000] byte_map_base: 0x0000000118f49000

Marking Bits: (ParMarkBitMap*) 0x000000010cedee20
 Begin Bits: [0x000000011cff5000, 0x000000011eff5000)
 End Bits:   [0x000000011eff5000, 0x0000000120ff5000)

Polling page: 0x000000010bccb000

CodeCache: size=245760Kb used=9418Kb max_used=9651Kb free=236341Kb
 bounds [0x000000010d589000, 0x000000010df49000, 0x000000011c589000]
 total_blobs=3562 nmethods=2666 adapters=809
 compilation: enabled

Compilation events (10 events):
Event: 439.226 Thread 0x00007fc419819000 3450  s!   2       sun.misc.URLClassPath::getLoader (197 bytes)
Event: 439.227 Thread 0x00007fc419805000 3449  s    4       sun.misc.URLClassPath::getNextLoader (88 bytes)
Event: 439.230 Thread 0x00007fc419819000 nmethod 3450 0x000000010d87de10 code [0x000000010d87e100, 0x000000010d87f808]
Event: 439.234 Thread 0x00007fc419805000 nmethod 3449 0x000000010dc67cd0 code [0x000000010dc67e40, 0x000000010dc685b8]
Event: 439.236 Thread 0x00007fc419819000 3451       3       sun.net.www.protocol.jar.Handler::parseContextSpec (154 bytes)
Event: 439.238 Thread 0x00007fc419819000 nmethod 3451 0x000000010dd9da90 code [0x000000010dd9de80, 0x000000010dda0568]
Event: 439.238 Thread 0x00007fc419819000 3452       3       sun.net.www.ParseUtil::canonizeString (195 bytes)
Event: 439.240 Thread 0x00007fc419819000 nmethod 3452 0x000000010dd333d0 code [0x000000010dd337a0, 0x000000010dd35be8]
Event: 439.240 Thread 0x00007fc419819000 3453       1       sun.java2d.SurfaceData::isValid (5 bytes)
Event: 439.240 Thread 0x00007fc419819000 nmethod 3453 0x000000010dc679d0 code [0x000000010dc67b20, 0x000000010dc67c30]

GC Heap History (10 events):
Event: 430.807 GC heap before
{Heap before GC invocations=187 (full 1):
 PSYoungGen      total 12800K, used 12384K [0x0000000795580000, 0x0000000796300000, 0x00000007c0000000)
  eden space 12288K, 100% used [0x0000000795580000,0x0000000796180000,0x0000000796180000)
  from space 512K, 18% used [0x0000000796200000,0x0000000796218000,0x0000000796280000)
  to   space 512K, 0% used [0x0000000796280000,0x0000000796280000,0x0000000796300000)
 ParOldGen       total 58880K, used 40895K [0x0000000740000000, 0x0000000743980000, 0x0000000795580000)
  object space 58880K, 69% used [0x0000000740000000,0x00000007427efec8,0x0000000743980000)
 Metaspace       used 21339K, capacity 21531K, committed 21808K, reserved 1069056K
  class space    used 2055K, capacity 2112K, committed 2176K, reserved 1048576K
Event: 430.809 GC heap after
Heap after GC invocations=187 (full 1):
 PSYoungGen      total 12800K, used 128K [0x0000000795580000, 0x0000000796300000, 0x00000007c0000000)
  eden space 12288K, 0% used [0x0000000795580000,0x0000000795580000,0x0000000796180000)
  from space 512K, 25% used [0x0000000796280000,0x00000007962a0000,0x0000000796300000)
  to   space 512K, 0% used [0x0000000796200000,0x0000000796200000,0x0000000796280000)
 ParOldGen       total 58880K, used 40895K [0x0000000740000000, 0x0000000743980000, 0x0000000795580000)
  object space 58880K, 69% used [0x0000000740000000,0x00000007427efec8,0x0000000743980000)
 Metaspace       used 21339K, capacity 21531K, committed 21808K, reserved 1069056K
  class space    used 2055K, capacity 2112K, committed 2176K, reserved 1048576K
}
Event: 432.822 GC heap before
{Heap before GC invocations=188 (full 1):
 PSYoungGen      total 12800K, used 12416K [0x0000000795580000, 0x0000000796300000, 0x00000007c0000000)
  eden space 12288K, 100% used [0x0000000795580000,0x0000000796180000,0x0000000796180000)
  from space 512K, 25% used [0x0000000796280000,0x00000007962a0000,0x0000000796300000)
  to   space 512K, 0% used [0x0000000796200000,0x0000000796200000,0x0000000796280000)
 ParOldGen       total 58880K, used 40895K [0x0000000740000000, 0x0000000743980000, 0x0000000795580000)
  object space 58880K, 69% used [0x0000000740000000,0x00000007427efec8,0x0000000743980000)
 Metaspace       used 21339K, capacity 21531K, committed 21808K, reserved 1069056K
  class space    used 2055K, capacity 2112K, committed 2176K, reserved 1048576K
Event: 432.824 GC heap after
Heap after GC invocations=188 (full 1):
 PSYoungGen      total 12800K, used 96K [0x0000000795580000, 0x0000000796300000, 0x00000007c0000000)
  eden space 12288K, 0% used [0x0000000795580000,0x0000000795580000,0x0000000796180000)
  from space 512K, 18% used [0x0000000796200000,0x0000000796218000,0x0000000796280000)
  to   space 512K, 0% used [0x0000000796280000,0x0000000796280000,0x0000000796300000)
 ParOldGen       total 58880K, used 40895K [0x0000000740000000, 0x0000000743980000, 0x0000000795580000)
  object space 58880K, 69% used [0x0000000740000000,0x00000007427efec8,0x0000000743980000)
 Metaspace       used 21339K, capacity 21531K, committed 21808K, reserved 1069056K
  class space    used 2055K, capacity 2112K, committed 2176K, reserved 1048576K
}
Event: 434.807 GC heap before
{Heap before GC invocations=189 (full 1):
 PSYoungGen      total 12800K, used 12384K [0x0000000795580000, 0x0000000796300000, 0x00000007c0000000)
  eden space 12288K, 100% used [0x0000000795580000,0x0000000796180000,0x0000000796180000)
  from space 512K, 18% used [0x0000000796200000,0x0000000796218000,0x0000000796280000)
  to   space 512K, 0% used [0x0000000796280000,0x0000000796280000,0x0000000796300000)
 ParOldGen       total 58880K, used 40895K [0x0000000740000000, 0x0000000743980000, 0x0000000795580000)
  object space 58880K, 69% used [0x0000000740000000,0x00000007427efec8,0x0000000743980000)
 Metaspace       used 21340K, capacity 21531K, committed 21808K, reserved 1069056K
  class space    used 2055K, capacity 2112K, committed 2176K, reserved 1048576K
Event: 434.808 GC heap after
Heap after GC invocations=189 (full 1):
 PSYoungGen      total 12800K, used 128K [0x0000000795580000, 0x0000000796300000, 0x00000007c0000000)
  eden space 12288K, 0% used [0x0000000795580000,0x0000000795580000,0x0000000796180000)
  from space 512K, 25% used [0x0000000796280000,0x00000007962a0000,0x0000000796300000)
  to   space 512K, 0% used [0x0000000796200000,0x0000000796200000,0x0000000796280000)
 ParOldGen       total 58880K, used 40895K [0x0000000740000000, 0x0000000743980000, 0x0000000795580000)
  object space 58880K, 69% used [0x0000000740000000,0x00000007427efec8,0x0000000743980000)
 Metaspace       used 21340K, capacity 21531K, committed 21808K, reserved 1069056K
  class space    used 2055K, capacity 2112K, committed 2176K, reserved 1048576K
}
Event: 436.808 GC heap before
{Heap before GC invocations=190 (full 1):
 PSYoungGen      total 12800K, used 12416K [0x0000000795580000, 0x0000000796300000, 0x00000007c0000000)
  eden space 12288K, 100% used [0x0000000795580000,0x0000000796180000,0x0000000796180000)
  from space 512K, 25% used [0x0000000796280000,0x00000007962a0000,0x0000000796300000)
  to   space 512K, 0% used [0x0000000796200000,0x0000000796200000,0x0000000796280000)
 ParOldGen       total 58880K, used 40895K [0x0000000740000000, 0x0000000743980000, 0x0000000795580000)
  object space 58880K, 69% used [0x0000000740000000,0x00000007427efec8,0x0000000743980000)
 Metaspace       used 21340K, capacity 21531K, committed 21808K, reserved 1069056K
  class space    used 2055K, capacity 2112K, committed 2176K, reserved 1048576K
Event: 436.810 GC heap after
Heap after GC invocations=190 (full 1):
 PSYoungGen      total 12800K, used 128K [0x0000000795580000, 0x0000000796300000, 0x00000007c0000000)
  eden space 12288K, 0% used [0x0000000795580000,0x0000000795580000,0x0000000796180000)
  from space 512K, 25% used [0x0000000796200000,0x0000000796220000,0x0000000796280000)
  to   space 512K, 0% used [0x0000000796280000,0x0000000796280000,0x0000000796300000)
 ParOldGen       total 58880K, used 40895K [0x0000000740000000, 0x0000000743980000, 0x0000000795580000)
  object space 58880K, 69% used [0x0000000740000000,0x00000007427efec8,0x0000000743980000)
 Metaspace       used 21340K, capacity 21531K, committed 21808K, reserved 1069056K
  class space    used 2055K, capacity 2112K, committed 2176K, reserved 1048576K
}
Event: 438.810 GC heap before
{Heap before GC invocations=191 (full 1):
 PSYoungGen      total 12800K, used 12416K [0x0000000795580000, 0x0000000796300000, 0x00000007c0000000)
  eden space 12288K, 100% used [0x0000000795580000,0x0000000796180000,0x0000000796180000)
  from space 512K, 25% used [0x0000000796200000,0x0000000796220000,0x0000000796280000)
  to   space 512K, 0% used [0x0000000796280000,0x0000000796280000,0x0000000796300000)
 ParOldGen       total 58880K, used 40895K [0x0000000740000000, 0x0000000743980000, 0x0000000795580000)
  object space 58880K, 69% used [0x0000000740000000,0x00000007427efec8,0x0000000743980000)
 Metaspace       used 21340K, capacity 21531K, committed 21808K, reserved 1069056K
  class space    used 2055K, capacity 2112K, committed 2176K, reserved 1048576K
Event: 438.811 GC heap after
Heap after GC invocations=191 (full 1):
 PSYoungGen      total 12800K, used 128K [0x0000000795580000, 0x0000000796300000, 0x00000007c0000000)
  eden space 12288K, 0% used [0x0000000795580000,0x0000000795580000,0x0000000796180000)
  from space 512K, 25% used [0x0000000796280000,0x00000007962a0000,0x0000000796300000)
  to   space 512K, 0% used [0x0000000796200000,0x0000000796200000,0x0000000796280000)
 ParOldGen       total 58880K, used 40895K [0x0000000740000000, 0x0000000743980000, 0x0000000795580000)
  object space 58880K, 69% used [0x0000000740000000,0x00000007427efec8,0x0000000743980000)
 Metaspace       used 21340K, capacity 21531K, committed 21808K, reserved 1069056K
  class space    used 2055K, capacity 2112K, committed 2176K, reserved 1048576K
}

Deoptimization events (10 events):
Event: 439.225 Thread 0x00007fc41a154000 Uncommon trap: reason=class_check action=maybe_recompile pc=0x000000010dbca5dc method=java.awt.Component.getGraphics()Ljava/awt/Graphics; @ 114
Event: 439.225 Thread 0x00007fc41997a000 Uncommon trap: reason=class_check action=maybe_recompile pc=0x000000010d7ac39c method=java.awt.event.InvocationEvent.dispatch()V @ 11
Event: 439.225 Thread 0x00007fc41a154000 Uncommon trap: reason=unstable_if action=reinterpret pc=0x000000010dc35e38 method=java.awt.font.FontRenderContext.equals(Ljava/awt/font/FontRenderContext;)Z @ 2
Event: 439.229 Thread 0x00007fc41a0c8000 Uncommon trap: reason=class_check action=maybe_recompile pc=0x000000010d6995c0 method=com.jogamp.common.util.RunnableTask.run()V @ 24
Event: 439.229 Thread 0x00007fc41a0c8000 Uncommon trap: reason=unstable_if action=reinterpret pc=0x000000010def7f3c method=jogamp.nativewindow.macosx.OSXUtil.RunOnMainThread(ZZLjava/lang/Runnable;)V @ 3
Event: 439.235 Thread 0x00007fc41997a000 Uncommon trap: reason=unstable_if action=reinterpret pc=0x000000010d9f2bf0 method=jogamp.opengl.GLContextImpl.release(Z)V @ 161
Event: 439.237 Thread 0x00007fc41997a000 Uncommon trap: reason=unstable_if action=reinterpret pc=0x000000010db9f698 method=java.util.LinkedList$ListItr.<init>(Ljava/util/LinkedList;I)V @ 26
Event: 439.240 Thread 0x00007fc41a154000 Uncommon trap: reason=class_check action=maybe_recompile pc=0x000000010dbca5dc method=java.awt.Component.getGraphics()Ljava/awt/Graphics; @ 114
Event: 439.240 Thread 0x00007fc41997a000 Uncommon trap: reason=class_check action=maybe_recompile pc=0x000000010d7ac39c method=java.awt.event.InvocationEvent.dispatch()V @ 11
Event: 439.250 Thread 0x00007fc41a0c8000 Uncommon trap: reason=class_check action=maybe_recompile pc=0x000000010d6995c0 method=com.jogamp.common.util.RunnableTask.run()V @ 24

Internal exceptions (10 events):
Event: 0.237 Thread 0x00007fc418805800 Exception <a 'java/lang/NoSuchFieldError': method resolution failed> (0x0000000795838600) thrown at [/Users/java_re/workspace/8-2-build-macosx-x86_64/jdk8u65/4987/hotspot/src/share/vm/prims/methodHandles.cpp, line 1146]
Event: 0.400 Thread 0x00007fc418805800 Exception <a 'java/io/FileNotFoundException'> (0x00000007958b4418) thrown at [/Users/java_re/workspace/8-2-build-macosx-x86_64/jdk8u65/4987/hotspot/src/share/vm/prims/jni.cpp, line 709]
Event: 0.401 Thread 0x00007fc418805800 Exception <a 'java/io/FileNotFoundException'> (0x00000007958b4fa0) thrown at [/Users/java_re/workspace/8-2-build-macosx-x86_64/jdk8u65/4987/hotspot/src/share/vm/prims/jni.cpp, line 709]
Event: 0.604 Thread 0x00007fc418805800 Exception <a 'java/io/FileNotFoundException'> (0x00000007959f0e60) thrown at [/Users/java_re/workspace/8-2-build-macosx-x86_64/jdk8u65/4987/hotspot/src/share/vm/prims/jni.cpp, line 709]
Event: 5.153 Thread 0x00007fc41a443800 Exception <a 'java/lang/UnsatisfiedLinkError': com.jogamp.common.util.JarUtil.fixNativeLibAttribs(Ljava/lang/String;)Z> (0x0000000796b1fdf8) thrown at [/Users/java_re/workspace/8-2-build-macosx-x86_64/jdk8u65/4987/hotspot/src/share/vm/prims/nativeLookup.c
Event: 5.482 Thread 0x00007fc41980c000 Exception <a 'java/lang/NullPointerException'> (0x00000007956a4950) thrown at [/Users/java_re/workspace/8-2-build-macosx-x86_64/jdk8u65/4987/hotspot/src/share/vm/interpreter/linkResolver.cpp, line 1178]
Event: 5.990 Thread 0x00007fc41997a000 Exception <a 'java/io/FileNotFoundException'> (0x0000000795ede170) thrown at [/Users/java_re/workspace/8-2-build-macosx-x86_64/jdk8u65/4987/hotspot/src/share/vm/prims/jni.cpp, line 709]
Event: 5.990 Thread 0x00007fc41997a000 Exception <a 'java/io/FileNotFoundException'> (0x0000000795ee4510) thrown at [/Users/java_re/workspace/8-2-build-macosx-x86_64/jdk8u65/4987/hotspot/src/share/vm/prims/jni.cpp, line 709]
Event: 5.990 Thread 0x00007fc41997a000 Implicit null exception at 0x000000010d720275 to 0x000000010d7205d9
Event: 138.640 Thread 0x00007fc41997a000 Implicit null exception at 0x000000010d91f6f2 to 0x000000010d91f8ad

Events (10 events):
Event: 439.240 Thread 0x00007fc41a154000 DEOPT PACKING pc=0x000000010dbca5dc sp=0x000070000175fc90
Event: 439.240 Thread 0x00007fc41a154000 DEOPT UNPACKING pc=0x000000010d58e229 sp=0x000070000175fca0 mode 2
Event: 439.240 loading class java/awt/Window$1DisposeAction
Event: 439.240 loading class java/awt/Window$1DisposeAction done
Event: 439.240 Thread 0x00007fc41997a000 Uncommon trap: trap_request=0xffffffde fr.pc=0x000000010d7ac39c
Event: 439.240 Thread 0x00007fc41997a000 DEOPT PACKING pc=0x000000010d7ac39c sp=0x0000700001965f50
Event: 439.240 Thread 0x00007fc41997a000 DEOPT UNPACKING pc=0x000000010d58e229 sp=0x0000700001965f10 mode 2
Event: 439.250 Thread 0x00007fc41a0c8000 Uncommon trap: trap_request=0xffffffde fr.pc=0x000000010d6995c0
Event: 439.250 Thread 0x00007fc41a0c8000 DEOPT PACKING pc=0x000000010d6995c0 sp=0x00007fff541f36d0
Event: 439.250 Thread 0x00007fc41a0c8000 DEOPT UNPACKING pc=0x000000010d58e229 sp=0x00007fff541f3678 mode 2


Dynamic libraries:
0x0000000009e54000 	/System/Library/Frameworks/Cocoa.framework/Versions/A/Cocoa
0x0000000009e54000 	/System/Library/Frameworks/Security.framework/Versions/A/Security
0x0000000009e54000 	/System/Library/Frameworks/ApplicationServices.framework/Versions/A/ApplicationServices
0x0000000009e54000 	/usr/lib/libz.1.dylib
0x0000000009e54000 	/usr/lib/libSystem.B.dylib
0x0000000009e54000 	/usr/lib/libobjc.A.dylib
0x0000000009e54000 	/System/Library/Frameworks/CoreFoundation.framework/Versions/A/CoreFoundation
0x0000000009e54000 	/System/Library/Frameworks/Foundation.framework/Versions/C/Foundation
0x0000000009e54000 	/System/Library/Frameworks/AppKit.framework/Versions/C/AppKit
0x0000000009e54000 	/System/Library/Frameworks/CoreData.framework/Versions/A/CoreData
0x0000000009e54000 	/System/Library/PrivateFrameworks/RemoteViewServices.framework/Versions/A/RemoteViewServices
0x0000000009e54000 	/System/Library/PrivateFrameworks/UIFoundation.framework/Versions/A/UIFoundation
0x0000000009e54000 	/usr/lib/libScreenReader.dylib
0x0000000009e54000 	/System/Library/Frameworks/Accelerate.framework/Versions/A/Accelerate
0x0000000009e54000 	/System/Library/Frameworks/IOSurface.framework/Versions/A/IOSurface
0x0000000009e54000 	/System/Library/Frameworks/AudioToolbox.framework/Versions/A/AudioToolbox
0x0000000009e54000 	/System/Library/Frameworks/AudioUnit.framework/Versions/A/AudioUnit
0x0000000009e54000 	/System/Library/PrivateFrameworks/DataDetectorsCore.framework/Versions/A/DataDetectorsCore
0x0000000009e54000 	/System/Library/PrivateFrameworks/DesktopServicesPriv.framework/Versions/A/DesktopServicesPriv
0x0000000009e54000 	/System/Library/Frameworks/Carbon.framework/Versions/A/Frameworks/HIToolbox.framework/Versions/A/HIToolbox
0x0000000009e54000 	/System/Library/Frameworks/QuartzCore.framework/Versions/A/QuartzCore
0x0000000009e54000 	/System/Library/Frameworks/Carbon.framework/Versions/A/Frameworks/SpeechRecognition.framework/Versions/A/SpeechRecognition
0x0000000009e54000 	/usr/lib/libauto.dylib
0x0000000009e54000 	/usr/lib/libicucore.A.dylib
0x0000000009e54000 	/usr/lib/libxml2.2.dylib
0x0000000009e54000 	/System/Library/PrivateFrameworks/CoreUI.framework/Versions/A/CoreUI
0x0000000009e54000 	/System/Library/Frameworks/CoreAudio.framework/Versions/A/CoreAudio
0x0000000009e54000 	/System/Library/Frameworks/DiskArbitration.framework/Versions/A/DiskArbitration
0x0000000009e54000 	/usr/lib/liblangid.dylib
0x0000000009e54000 	/System/Library/PrivateFrameworks/MultitouchSupport.framework/Versions/A/MultitouchSupport
0x0000000009e54000 	/System/Library/Frameworks/IOKit.framework/Versions/A/IOKit
0x0000000009e54000 	/usr/lib/libDiagnosticMessagesClient.dylib
0x0000000009e54000 	/System/Library/Frameworks/CoreServices.framework/Versions/A/CoreServices
0x0000000009e54000 	/System/Library/PrivateFrameworks/PerformanceAnalysis.framework/Versions/A/PerformanceAnalysis
0x0000000009e54000 	/System/Library/PrivateFrameworks/GenerationalStorage.framework/Versions/A/GenerationalStorage
0x0000000009e54000 	/System/Library/Frameworks/OpenGL.framework/Versions/A/OpenGL
0x0000000009e54000 	/System/Library/PrivateFrameworks/Sharing.framework/Versions/A/Sharing
0x0000000009e54000 	/System/Library/Frameworks/CoreGraphics.framework/Versions/A/CoreGraphics
0x0000000009e54000 	/System/Library/Frameworks/CoreImage.framework/Versions/A/CoreImage
0x0000000009e54000 	/System/Library/Frameworks/CoreText.framework/Versions/A/CoreText
0x0000000009e54000 	/System/Library/Frameworks/ImageIO.framework/Versions/A/ImageIO
0x0000000009e54000 	/System/Library/PrivateFrameworks/Backup.framework/Versions/A/Backup
0x0000000009e54000 	/usr/lib/libextension.dylib
0x0000000009e54000 	/usr/lib/libarchive.2.dylib
0x0000000009e54000 	/System/Library/Frameworks/CFNetwork.framework/Versions/A/CFNetwork
0x0000000009e54000 	/System/Library/Frameworks/SystemConfiguration.framework/Versions/A/SystemConfiguration
0x0000000009e54000 	/usr/lib/libCRFSuite.dylib
0x0000000009e54000 	/usr/lib/libc++.1.dylib
0x0000000009e54000 	/usr/lib/libc++abi.dylib
0x0000000009e54000 	/usr/lib/system/libcache.dylib
0x0000000009e54000 	/usr/lib/system/libcommonCrypto.dylib
0x0000000009e54000 	/usr/lib/system/libcompiler_rt.dylib
0x0000000009e54000 	/usr/lib/system/libcopyfile.dylib
0x0000000009e54000 	/usr/lib/system/libcorecrypto.dylib
0x0000000009e54000 	/usr/lib/system/libdispatch.dylib
0x0000000009e54000 	/usr/lib/system/libdyld.dylib
0x0000000009e54000 	/usr/lib/system/libkeymgr.dylib
0x0000000009e54000 	/usr/lib/system/liblaunch.dylib
0x0000000009e54000 	/usr/lib/system/libmacho.dylib
0x0000000009e54000 	/usr/lib/system/libquarantine.dylib
0x0000000009e54000 	/usr/lib/system/libremovefile.dylib
0x0000000009e54000 	/usr/lib/system/libsystem_asl.dylib
0x0000000009e54000 	/usr/lib/system/libsystem_blocks.dylib
0x0000000009e54000 	/usr/lib/system/libsystem_c.dylib
0x0000000009e54000 	/usr/lib/system/libsystem_configuration.dylib
0x0000000009e54000 	/usr/lib/system/libsystem_coreservices.dylib
0x0000000009e54000 	/usr/lib/system/libsystem_coretls.dylib
0x0000000009e54000 	/usr/lib/system/libsystem_dnssd.dylib
0x0000000009e54000 	/usr/lib/system/libsystem_info.dylib
0x0000000009e54000 	/usr/lib/system/libsystem_kernel.dylib
0x0000000009e54000 	/usr/lib/system/libsystem_m.dylib
0x0000000009e54000 	/usr/lib/system/libsystem_malloc.dylib
0x0000000009e54000 	/usr/lib/system/libsystem_network.dylib
0x0000000009e54000 	/usr/lib/system/libsystem_networkextension.dylib
0x0000000009e54000 	/usr/lib/system/libsystem_notify.dylib
0x0000000009e54000 	/usr/lib/system/libsystem_platform.dylib
0x0000000009e54000 	/usr/lib/system/libsystem_pthread.dylib
0x0000000009e54000 	/usr/lib/system/libsystem_sandbox.dylib
0x0000000009e54000 	/usr/lib/system/libsystem_secinit.dylib
0x0000000009e54000 	/usr/lib/system/libsystem_trace.dylib
0x0000000009e54000 	/usr/lib/system/libunc.dylib
0x0000000009e54000 	/usr/lib/system/libunwind.dylib
0x0000000009e54000 	/usr/lib/system/libxpc.dylib
0x0000000009e54000 	/usr/lib/libenergytrace.dylib
0x0000000009e54000 	/usr/lib/libbsm.0.dylib
0x0000000009e54000 	/usr/lib/system/libkxld.dylib
0x0000000009e54000 	/usr/lib/libxar.1.dylib
0x0000000009e54000 	/usr/lib/libsqlite3.dylib
0x0000000009e54000 	/usr/lib/libpam.2.dylib
0x0000000009e54000 	/usr/lib/libOpenScriptingUtil.dylib
0x0000000009e54000 	/usr/lib/libbz2.1.0.dylib
0x0000000009e54000 	/usr/lib/liblzma.5.dylib
0x0000000009e54000 	/System/Library/Frameworks/CoreServices.framework/Versions/A/Frameworks/FSEvents.framework/Versions/A/FSEvents
0x0000000009e54000 	/System/Library/Frameworks/CoreServices.framework/Versions/A/Frameworks/CarbonCore.framework/Versions/A/CarbonCore
0x0000000009e54000 	/System/Library/Frameworks/CoreServices.framework/Versions/A/Frameworks/Metadata.framework/Versions/A/Metadata
0x0000000009e54000 	/System/Library/Frameworks/CoreServices.framework/Versions/A/Frameworks/OSServices.framework/Versions/A/OSServices
0x0000000009e54000 	/System/Library/Frameworks/CoreServices.framework/Versions/A/Frameworks/SearchKit.framework/Versions/A/SearchKit
0x0000000009e54000 	/System/Library/Frameworks/CoreServices.framework/Versions/A/Frameworks/AE.framework/Versions/A/AE
0x0000000009e54000 	/System/Library/Frameworks/CoreServices.framework/Versions/A/Frameworks/LaunchServices.framework/Versions/A/LaunchServices
0x0000000009e54000 	/System/Library/Frameworks/CoreServices.framework/Versions/A/Frameworks/DictionaryServices.framework/Versions/A/DictionaryServices
0x0000000009e54000 	/System/Library/Frameworks/CoreServices.framework/Versions/A/Frameworks/SharedFileList.framework/Versions/A/SharedFileList
0x0000000009e54000 	/System/Library/Frameworks/NetFS.framework/Versions/A/NetFS
0x0000000009e54000 	/System/Library/PrivateFrameworks/NetAuth.framework/Versions/A/NetAuth
0x0000000009e54000 	/System/Library/PrivateFrameworks/login.framework/Versions/A/Frameworks/loginsupport.framework/Versions/A/loginsupport
0x0000000009e54000 	/System/Library/PrivateFrameworks/TCC.framework/Versions/A/TCC
0x0000000009e54000 	/usr/lib/libmecabra.dylib
0x0000000009e54000 	/System/Library/Frameworks/ApplicationServices.framework/Versions/A/Frameworks/ATS.framework/Versions/A/ATS
0x0000000009e54000 	/System/Library/Frameworks/ApplicationServices.framework/Versions/A/Frameworks/ColorSync.framework/Versions/A/ColorSync
0x0000000009e54000 	/System/Library/Frameworks/ApplicationServices.framework/Versions/A/Frameworks/HIServices.framework/Versions/A/HIServices
0x0000000009e54000 	/System/Library/Frameworks/ApplicationServices.framework/Versions/A/Frameworks/LangAnalysis.framework/Versions/A/LangAnalysis
0x0000000009e54000 	/System/Library/Frameworks/ApplicationServices.framework/Versions/A/Frameworks/PrintCore.framework/Versions/A/PrintCore
0x0000000009e54000 	/System/Library/Frameworks/ApplicationServices.framework/Versions/A/Frameworks/QD.framework/Versions/A/QD
0x0000000009e54000 	/System/Library/Frameworks/ApplicationServices.framework/Versions/A/Frameworks/SpeechSynthesis.framework/Versions/A/SpeechSynthesis
0x0000000009e54000 	/System/Library/Frameworks/Metal.framework/Versions/A/Metal
0x0000000009e54000 	/System/Library/Frameworks/Accelerate.framework/Versions/A/Frameworks/vImage.framework/Versions/A/vImage
0x0000000009e54000 	/System/Library/Frameworks/Accelerate.framework/Versions/A/Frameworks/vecLib.framework/Versions/A/vecLib
0x0000000009e54000 	/System/Library/Frameworks/Accelerate.framework/Versions/A/Frameworks/vecLib.framework/Versions/A/libvDSP.dylib
0x0000000009e54000 	/System/Library/Frameworks/Accelerate.framework/Versions/A/Frameworks/vecLib.framework/Versions/A/libvMisc.dylib
0x0000000009e54000 	/System/Library/Frameworks/Accelerate.framework/Versions/A/Frameworks/vecLib.framework/Versions/A/libLAPACK.dylib
0x0000000009e54000 	/System/Library/Frameworks/Accelerate.framework/Versions/A/Frameworks/vecLib.framework/Versions/A/libBLAS.dylib
0x0000000009e54000 	/System/Library/Frameworks/Accelerate.framework/Versions/A/Frameworks/vecLib.framework/Versions/A/libLinearAlgebra.dylib
0x0000000009e54000 	/System/Library/Frameworks/Accelerate.framework/Versions/A/Frameworks/vecLib.framework/Versions/A/libSparseBLAS.dylib
0x0000000009e54000 	/System/Library/PrivateFrameworks/GPUCompiler.framework/libmetal_timestamp.dylib
0x0000000009e54000 	/System/Library/Frameworks/OpenGL.framework/Versions/A/Libraries/libCoreFSCache.dylib
0x0000000009e54000 	/System/Library/PrivateFrameworks/IOAccelerator.framework/Versions/A/IOAccelerator
0x0000000009e54000 	/System/Library/Frameworks/ApplicationServices.framework/Versions/A/Frameworks/ATS.framework/Versions/A/Resources/libFontParser.dylib
0x0000000009e54000 	/System/Library/Frameworks/ApplicationServices.framework/Versions/A/Frameworks/ATS.framework/Versions/A/Resources/libFontRegistry.dylib
0x0000000009e54000 	/System/Library/PrivateFrameworks/AppleVPA.framework/Versions/A/AppleVPA
0x0000000009e54000 	/System/Library/PrivateFrameworks/AppleJPEG.framework/Versions/A/AppleJPEG
0x0000000009e54000 	/System/Library/Frameworks/ImageIO.framework/Versions/A/Resources/libJPEG.dylib
0x0000000009e54000 	/System/Library/Frameworks/ImageIO.framework/Versions/A/Resources/libTIFF.dylib
0x0000000009e54000 	/System/Library/Frameworks/ImageIO.framework/Versions/A/Resources/libPng.dylib
0x0000000009e54000 	/System/Library/Frameworks/ImageIO.framework/Versions/A/Resources/libGIF.dylib
0x0000000009e54000 	/System/Library/Frameworks/ImageIO.framework/Versions/A/Resources/libJP2.dylib
0x0000000009e54000 	/System/Library/Frameworks/ImageIO.framework/Versions/A/Resources/libRadiance.dylib
0x0000000009e54000 	/System/Library/Frameworks/CoreVideo.framework/Versions/A/CoreVideo
0x0000000009e54000 	/System/Library/Frameworks/OpenGL.framework/Versions/A/Libraries/libGLU.dylib
0x0000000009e54000 	/System/Library/Frameworks/OpenGL.framework/Versions/A/Libraries/libGFXShared.dylib
0x0000000009e54000 	/System/Library/Frameworks/OpenGL.framework/Versions/A/Libraries/libGL.dylib
0x0000000009e54000 	/System/Library/Frameworks/OpenGL.framework/Versions/A/Libraries/libGLImage.dylib
0x0000000009e54000 	/System/Library/Frameworks/OpenGL.framework/Versions/A/Libraries/libCVMSPluginSupport.dylib
0x0000000009e54000 	/System/Library/Frameworks/OpenGL.framework/Versions/A/Libraries/libCoreVMClient.dylib
0x0000000009e54000 	/usr/lib/libcups.2.dylib
0x0000000009e54000 	/System/Library/Frameworks/Kerberos.framework/Versions/A/Kerberos
0x0000000009e54000 	/System/Library/Frameworks/GSS.framework/Versions/A/GSS
0x0000000009e54000 	/usr/lib/libresolv.9.dylib
0x0000000009e54000 	/usr/lib/libiconv.2.dylib
0x0000000009e54000 	/System/Library/PrivateFrameworks/Heimdal.framework/Versions/A/Heimdal
0x0000000009e54000 	/usr/lib/libheimdal-asn1.dylib
0x0000000009e54000 	/System/Library/Frameworks/OpenDirectory.framework/Versions/A/OpenDirectory
0x0000000009e54000 	/System/Library/PrivateFrameworks/CommonAuth.framework/Versions/A/CommonAuth
0x0000000009e54000 	/System/Library/Frameworks/OpenDirectory.framework/Versions/A/Frameworks/CFOpenDirectory.framework/Versions/A/CFOpenDirectory
0x0000000009e54000 	/System/Library/Frameworks/SecurityFoundation.framework/Versions/A/SecurityFoundation
0x0000000009e54000 	/System/Library/PrivateFrameworks/LanguageModeling.framework/Versions/A/LanguageModeling
0x0000000009e54000 	/usr/lib/libmarisa.dylib
0x0000000009e54000 	/usr/lib/libChineseTokenizer.dylib
0x0000000009e54000 	/usr/lib/libcmph.dylib
0x0000000009e54000 	/usr/lib/libcompression.dylib
0x0000000009e54000 	/System/Library/Frameworks/ServiceManagement.framework/Versions/A/ServiceManagement
0x0000000009e54000 	/usr/lib/libxslt.1.dylib
0x0000000009e54000 	/System/Library/Frameworks/Carbon.framework/Versions/A/Frameworks/Ink.framework/Versions/A/Ink
0x0000000009e54000 	/usr/lib/libFosl_dynamic.dylib
0x0000000009e54000 	/System/Library/PrivateFrameworks/FaceCore.framework/Versions/A/FaceCore
0x0000000009e54000 	/System/Library/Frameworks/OpenCL.framework/Versions/A/OpenCL
0x0000000009e54000 	/System/Library/PrivateFrameworks/CrashReporterSupport.framework/Versions/A/CrashReporterSupport
0x0000000009e54000 	/System/Library/PrivateFrameworks/IconServices.framework/Versions/A/IconServices
0x0000000009e54000 	/System/Library/PrivateFrameworks/Apple80211.framework/Versions/A/Apple80211
0x0000000009e54000 	/System/Library/Frameworks/CoreWLAN.framework/Versions/A/CoreWLAN
0x0000000009e54000 	/System/Library/Frameworks/IOBluetooth.framework/Versions/A/IOBluetooth
0x0000000009e54000 	/System/Library/PrivateFrameworks/CoreWiFi.framework/Versions/A/CoreWiFi
0x0000000009e54000 	/System/Library/Frameworks/CoreBluetooth.framework/Versions/A/CoreBluetooth
0x0000000009e54000 	/System/Library/PrivateFrameworks/ChunkingLibrary.framework/Versions/A/ChunkingLibrary
0x0000000009e54000 	/System/Library/PrivateFrameworks/DebugSymbols.framework/Versions/A/DebugSymbols
0x0000000009e54000 	/System/Library/PrivateFrameworks/CoreSymbolication.framework/Versions/A/CoreSymbolication
0x0000000009e54000 	/System/Library/PrivateFrameworks/Symbolication.framework/Versions/A/Symbolication
0x0000000009e54000 	/System/Library/PrivateFrameworks/SpeechRecognitionCore.framework/Versions/A/SpeechRecognitionCore
0x000000010c600000 	/Library/Java/JavaVirtualMachines/jdk1.8.0_65.jdk/Contents/Home/jre/lib/server/libjvm.dylib
0x0000000009e54000 	/usr/lib/libstdc++.6.dylib
0x000000010bc88000 	/Library/Java/JavaVirtualMachines/jdk1.8.0_65.jdk/Contents/Home/jre/lib/libverify.dylib
0x000000010bc96000 	/Library/Java/JavaVirtualMachines/jdk1.8.0_65.jdk/Contents/Home/jre/lib/libjava.dylib
0x000000010bcd5000 	/Library/Java/JavaVirtualMachines/jdk1.8.0_65.jdk/Contents/Home/jre/lib/libzip.dylib
0x0000000122dca000 	/System/Library/Frameworks/JavaVM.framework/Frameworks/JavaRuntimeSupport.framework/JavaRuntimeSupport
0x0000000122de5000 	/System/Library/Frameworks/JavaVM.framework/Versions/A/Frameworks/JavaNativeFoundation.framework/Versions/A/JavaNativeFoundation
0x0000000122dfa000 	/System/Library/Frameworks/JavaVM.framework/Versions/A/JavaVM
0x0000000009e54000 	/System/Library/Frameworks/Carbon.framework/Versions/A/Carbon
0x0000000122e07000 	/System/Library/PrivateFrameworks/JavaLaunching.framework/Versions/A/JavaLaunching
0x0000000009e54000 	/System/Library/Frameworks/Carbon.framework/Versions/A/Frameworks/CommonPanels.framework/Versions/A/CommonPanels
0x0000000009e54000 	/System/Library/Frameworks/Carbon.framework/Versions/A/Frameworks/Help.framework/Versions/A/Help
0x0000000009e54000 	/System/Library/Frameworks/Carbon.framework/Versions/A/Frameworks/ImageCapture.framework/Versions/A/ImageCapture
0x0000000009e54000 	/System/Library/Frameworks/Carbon.framework/Versions/A/Frameworks/OpenScripting.framework/Versions/A/OpenScripting
0x0000000009e54000 	/System/Library/Frameworks/Carbon.framework/Versions/A/Frameworks/Print.framework/Versions/A/Print
0x0000000009e54000 	/System/Library/Frameworks/Carbon.framework/Versions/A/Frameworks/SecurityHI.framework/Versions/A/SecurityHI
0x000000012472a000 	/Library/Java/JavaVirtualMachines/jdk1.8.0_65.jdk/Contents/Home/jre/lib/libawt.dylib
0x00000001247d2000 	/Library/Java/JavaVirtualMachines/jdk1.8.0_65.jdk/Contents/Home/jre/lib/./libmlib_image.dylib
0x000000012489e000 	/Library/Java/JavaVirtualMachines/jdk1.8.0_65.jdk/Contents/Home/jre/lib/libawt_lwawt.dylib
0x0000000124953000 	/Library/Java/JavaVirtualMachines/jdk1.8.0_65.jdk/Contents/Home/jre/lib/./libosxapp.dylib
0x0000000009e54000 	/System/Library/Frameworks/ExceptionHandling.framework/Versions/A/ExceptionHandling
0x0000000009e54000 	/System/Library/PrivateFrameworks/CoreServicesInternal.framework/Versions/A/CoreServicesInternal
0x0000000009e54000 	/System/Library/Frameworks/CoreGraphics.framework/Versions/A/Resources/libRIP.A.dylib
0x0000000009e54000 	/System/Library/Frameworks/Accelerate.framework/Versions/A/Frameworks/vImage.framework/Versions/A/Libraries/libCGInterfaces.dylib
0x0000000009e54000 	/System/Library/Frameworks/CoreGraphics.framework/Versions/A/Resources/libCGXType.A.dylib
0x0000000009e54000 	/System/Library/Frameworks/OpenCL.framework/Versions/A/Libraries/libcldcpuengine.dylib
0x0000000009e54000 	/System/Library/PrivateFrameworks/DiskImages.framework/Versions/A/DiskImages
0x0000000009e54000 	/System/Library/Frameworks/DiscRecording.framework/Versions/A/DiscRecording
0x0000000009e54000 	/usr/lib/libcsfde.dylib
0x0000000009e54000 	/usr/lib/libcurl.4.dylib
0x0000000009e54000 	/System/Library/PrivateFrameworks/MediaKit.framework/Versions/A/MediaKit
0x0000000009e54000 	/System/Library/PrivateFrameworks/ProtectedCloudStorage.framework/Versions/A/ProtectedCloudStorage
0x0000000009e54000 	/usr/lib/libCoreStorage.dylib
0x0000000009e54000 	/System/Library/PrivateFrameworks/EFILogin.framework/Versions/A/EFILogin
0x0000000009e54000 	/usr/lib/libutil.dylib
0x0000000009e54000 	/System/Library/PrivateFrameworks/FindMyDevice.framework/Versions/A/FindMyDevice
0x0000000009e54000 	/System/Library/Frameworks/LDAP.framework/Versions/A/LDAP
0x0000000009e54000 	/usr/lib/libsasl2.2.dylib
0x0000000009e54000 	/System/Library/PrivateFrameworks/CoreDaemon.framework/Versions/B/CoreDaemon
0x0000000009e54000 	/usr/lib/libcrypto.0.9.8.dylib
0x0000000009e54000 	/System/Library/PrivateFrameworks/AppleSRP.framework/Versions/A/AppleSRP
0x0000000009e54000 	/System/Library/PrivateFrameworks/TrustEvaluationAgent.framework/Versions/A/TrustEvaluationAgent
0x0000000126154000 	cl_kernels
0x0000000009e54000 	/System/Library/Frameworks/OpenCL.framework/Versions/A/Libraries/ImageFormats/unorm8_bgra.dylib
0x0000000009e54000 	/System/Library/Frameworks/OpenCL.framework/Versions/A/Libraries/ImageFormats/unorm8_rgba.dylib
0x0000000009e54000 	/System/Library/PrivateFrameworks/FamilyControls.framework/Versions/A/FamilyControls
0x0000000009e54000 	/System/Library/PrivateFrameworks/CommerceKit.framework/Versions/A/Frameworks/CommerceCore.framework/Versions/A/CommerceCore
0x0000000009e54000 	/System/Library/PrivateFrameworks/SystemAdministration.framework/Versions/A/SystemAdministration
0x0000000009e54000 	/System/Library/PrivateFrameworks/AppContainer.framework/Versions/A/AppContainer
0x0000000009e54000 	/System/Library/PrivateFrameworks/SecCodeWrapper.framework/Versions/A/SecCodeWrapper
0x0000000009e54000 	/System/Library/Frameworks/DirectoryService.framework/Versions/A/DirectoryService
0x0000000009e54000 	/System/Library/PrivateFrameworks/LoginUIKit.framework/Versions/A/Frameworks/LoginUICore.framework/Versions/A/LoginUICore
0x0000000009e54000 	/usr/lib/libodfde.dylib
0x0000000009e54000 	/System/Library/Frameworks/OpenGL.framework/Versions/A/Resources/GLEngine.bundle/GLEngine
0x0000000009e54000 	/System/Library/Frameworks/OpenGL.framework/Versions/A/Libraries/libGLProgrammability.dylib
0x00000001271e4000 	/System/Library/Extensions/AppleIntelHD5000GraphicsGLDriver.bundle/Contents/MacOS/AppleIntelHD5000GraphicsGLDriver
0x0000000009e54000 	/System/Library/PrivateFrameworks/GPUSupport.framework/Versions/A/Libraries/libGPUSupportMercury.dylib
0x0000000009e54000 	/System/Library/Frameworks/OpenGL.framework/Versions/A/Resources/GLRendererFloat.bundle/GLRendererFloat
0x00000001281d4000 	/Library/Java/JavaVirtualMachines/jdk1.8.0_65.jdk/Contents/Home/jre/lib/libfontmanager.dylib
0x0000000129674000 	/Library/Java/JavaVirtualMachines/jdk1.8.0_65.jdk/Contents/Home/jre/lib/libosxui.dylib
0x000000012a109000 	/Library/Java/JavaVirtualMachines/jdk1.8.0_65.jdk/Contents/Home/jre/lib/libnet.dylib
0x000000012a3a8000 	/Library/Java/JavaVirtualMachines/jdk1.8.0_65.jdk/Contents/Home/jre/lib/libnio.dylib
0x0000000009e54000 	/System/Library/Frameworks/ApplicationServices.framework/Versions/A/Frameworks/ATS.framework/Versions/A/Resources/libTrueTypeScaler.dylib
0x000000017b285000 	/System/Library/Extensions/AppleIntelHD5000GraphicsMTLDriver.bundle/Contents/MacOS/AppleIntelHD5000GraphicsMTLDriver
0x0000000125700000 	/private/var/folders/94/qhk8wx9560913pcr_k2txvfh0000gn/T/jogamp_0000/file_cache/jln4441158369829637632/jln4913746871942153278/libgluegen-rt.jnilib
0x0000000125705000 	/private/var/folders/94/qhk8wx9560913pcr_k2txvfh0000gn/T/jogamp_0000/file_cache/jln4441158369829637632/jln4913746871942153278/libnativewindow_awt.jnilib
0x0000000125708000 	/Library/Java/JavaVirtualMachines/jdk1.8.0_65.jdk/Contents/Home/jre/lib/libjawt.dylib
0x000000012570b000 	/private/var/folders/94/qhk8wx9560913pcr_k2txvfh0000gn/T/jogamp_0000/file_cache/jln4441158369829637632/jln4913746871942153278/libnativewindow_macosx.jnilib
0x000000017cf3d000 	/private/var/folders/94/qhk8wx9560913pcr_k2txvfh0000gn/T/jogamp_0000/file_cache/jln4441158369829637632/jln4913746871942153278/libjogl_desktop.jnilib
0x000000017f6f9000 	/Library/Java/JavaVirtualMachines/jdk1.8.0_65.jdk/Contents/Home/jre/lib/libt2k.dylib

VM Arguments:
jvm_args: -Djava.security.policy=java.policy.applet -Dfile.encoding=UTF-8 
java_command: sun.applet.AppletViewer module4.EarthquakeCityMap1450210486480.html
java_class_path (initial): /Users/karenblakemore/Java/workspace/UCSDUnfoldingMaps/build:/Users/karenblakemore/Java/workspace/UCSDUnfoldingMaps/lib/core.jar:/Users/karenblakemore/Java/workspace/UCSDUnfoldingMaps/lib/gluegen-rt.jar:/Users/karenblakemore/Java/workspace/UCSDUnfoldingMaps/lib/jogl-all.jar:/Users/karenblakemore/Java/workspace/UCSDUnfoldingMaps/lib/log4j-1.2.15.jar:/Users/karenblakemore/Java/workspace/UCSDUnfoldingMaps/lib/sqlite-jdbc-3.7.2.jar:/Users/karenblakemore/Java/workspace/UCSDUnfoldingMaps/lib/json4processing.jar:/Users/karenblakemore/Java/workspace/UCSDUnfoldingMaps/lib/libTUIO.jar:/Users/karenblakemore/Java/workspace/UCSDUnfoldingMaps/lib/unfolding.0.9.7-uscd.jar
Launcher Type: SUN_STANDARD

Environment Variables:
PATH=/usr/bin:/bin:/usr/sbin:/sbin
SHELL=/bin/bash

Signal Handlers:
SIGSEGV: [libjvm.dylib+0x5a6d31], sa_mask[0]=11111111011111110111111111111111, sa_flags=SA_ONSTACK|SA_RESTART|SA_SIGINFO
SIGBUS: [libjvm.dylib+0x5a6d31], sa_mask[0]=11111111011111110111111111111111, sa_flags=SA_RESTART|SA_SIGINFO
SIGFPE: [libjvm.dylib+0x480a40], sa_mask[0]=11111111011111110111111111111111, sa_flags=SA_RESTART|SA_SIGINFO
SIGPIPE: [libjvm.dylib+0x480a40], sa_mask[0]=11111111011111110111111111111111, sa_flags=SA_RESTART|SA_SIGINFO
SIGXFSZ: [libjvm.dylib+0x480a40], sa_mask[0]=11111111011111110111111111111111, sa_flags=SA_RESTART|SA_SIGINFO
SIGILL: [libjvm.dylib+0x480a40], sa_mask[0]=11111111011111110111111111111111, sa_flags=SA_RESTART|SA_SIGINFO
SIGUSR1: SIG_DFL, sa_mask[0]=00000000000000000000000000000000, sa_flags=none
SIGUSR2: [libjvm.dylib+0x48055e], sa_mask[0]=00100000000000000000000000000000, sa_flags=SA_RESTART|SA_SIGINFO
SIGHUP: [libjvm.dylib+0x47eb35], sa_mask[0]=11111111011111110111111111111111, sa_flags=SA_RESTART|SA_SIGINFO
SIGINT: [libjvm.dylib+0x47eb35], sa_mask[0]=11111111011111110111111111111111, sa_flags=SA_RESTART|SA_SIGINFO
SIGTERM: [libjvm.dylib+0x47eb35], sa_mask[0]=11111111011111110111111111111111, sa_flags=SA_RESTART|SA_SIGINFO
SIGQUIT: [libjvm.dylib+0x47eb35], sa_mask[0]=11111111011111110111111111111111, sa_flags=SA_RESTART|SA_SIGINFO


---------------  S Y S T E M  ---------------

OS:Bsduname:Darwin 15.2.0 Darwin Kernel Version 15.2.0: Fri Nov 13 19:56:56 PST 2015; root:xnu-3248.20.55~2/RELEASE_X86_64 x86_64
rlimit: STACK 8192k, CORE 0k, NPROC 709, NOFILE 10240, AS infinity
load average:1.65 2.29 1.89

CPU:total 4 (2 cores per cpu, 2 threads per core) family 6 model 69 stepping 1, cmov, cx8, fxsr, mmx, sse, sse2, sse3, ssse3, sse4.1, sse4.2, popcnt, avx, avx2, aes, clmul, erms, lzcnt, ht, tsc, tscinvbit, bmi1, bmi2

Memory: 4k page, physical 8388608k(2801884k free)

/proc/meminfo:


vm_info: Java HotSpot(TM) 64-Bit Server VM (25.65-b01) for bsd-amd64 JRE (1.8.0_65-b17), built on Oct  6 2015 15:36:46 by "java_re" with gcc 4.2.1 (Based on Apple Inc. build 5658) (LLVM build 2336.11.00)

time: Tue Dec 15 13:22:05 2015
elapsed time: 439 seconds (0d 0h 7m 19s)

