#
# A fatal error has been detected by the Java Runtime Environment:
#
#  SIGSEGV (0xb) at pc=0x00007fff886ffd5d, pid=39371, tid=2571
#
# JRE version: Java(TM) SE Runtime Environment (8.0_65-b17) (build 1.8.0_65-b17)
# Java VM: Java HotSpot(TM) 64-Bit Server VM (25.65-b01 mixed mode bsd-amd64 compressed oops)
# Problematic frame:
# C  [libobjc.A.dylib+0x6d5d]  objc_msgSend+0x1d
#
# Failed to write core dump. Core dumps have been disabled. To enable core dumping, try "ulimit -c unlimited" before starting Java again
#
# If you would like to submit a bug report, please visit:
#   http://bugreport.java.com/bugreport/crash.jsp
# The crash happened outside the Java Virtual Machine in native code.
# See problematic frame for where to report the bug.
#

---------------  T H R E A D  ---------------

Current thread (0x00007fc641903000):  JavaThread "AWT-AppKit" daemon [_thread_in_native, id=2571, stack(0x00007fff5171e000,0x00007fff51f1e000)]

siginfo: si_signo: 11 (SIGSEGV), si_code: 1 (SEGV_MAPERR), si_addr: 0x0000000000000018

Registers:
RAX=0x00007fc6459da7a0, RBX=0x000000017d54a450, RCX=0x0000000127bcb900, RDX=0x000000012b80f280
RSP=0x00007fff51f19368, RBP=0x00007fff51f19420, RSI=0x00007fff8b9cdd0e, RDI=0x00007fc645a14e40
R8 =0x0000000000000000, R9 =0x0000000000000810, R10=0x00007fff8b9cdd0e, R11=0x0000000000000000
R12=0x0000000000000000, R13=0x00000001817bb608, R14=0x000000017d54a440, R15=0x00007fc641903000
RIP=0x00007fff886ffd5d, EFLAGS=0x0000000000010246, ERR=0x0000000000000004
  TRAPNO=0x000000000000000e

Top of Stack: (sp=0x00007fff51f19368)
0x00007fff51f19368:   000000017d548157 00007fff51f193c0
0x00007fff51f19378:   0000000000000003 00007fff51f193a0
0x00007fff51f19388:   000000010e9f19a6 00000001817bb608
0x00007fff51f19398:   00000001817bb608 00007fc6459da7a0
0x00007fff51f193a8:   000000017d54a6a0 000000017d54a710
0x00007fff51f193b8:   00007fff76b42740 00007fff74bd04c0
0x00007fff51f193c8:   000000017d54a450 000000017d54a690
0x00007fff51f193d8:   00007fc6459da7a0 00007fc645a14e40
0x00007fff51f193e8:   00007fc640e37820 00007fc6459da7a0
0x00007fff51f193f8:   00007fc645a14e40 00007fff51f194a8
0x00007fff51f19408:   00007fc6419031f8 00000001817bb608
0x00007fff51f19418:   00007fff51f194d0 00007fff51f19498
0x00007fff51f19428:   000000010f79e954 00000001817bb608
0x00007fff51f19438:   00007fff51f194d0 00007fff51f19498
0x00007fff51f19448:   000000010f79e6e7 000000010f79e6a2
0x00007fff51f19458:   00007fff51f19458 00000001817bb608
0x00007fff51f19468:   00007fff51f194d0 00000001817be240
0x00007fff51f19478:   0000000000000000 00000001817bb608
0x00007fff51f19488:   0000000000000000 00007fff51f194b8
0x00007fff51f19498:   00007fff51f19518 000000010f790c4d
0x00007fff51f194a8:   0000000740063f20 000000010f798578
0x00007fff51f194b8:   00007fc6459da7a0 00007fff51f19518
0x00007fff51f194c8:   00007fc645a14e40 000000010f799d82
0x00007fff51f194d8:   00007fff51f194d8 00000001817bb7d2
0x00007fff51f194e8:   00007fff51f19540 00000001817be240
0x00007fff51f194f8:   0000000000000000 00000001817bb7e0
0x00007fff51f19508:   00007fff51f194b8 00007fff51f19528
0x00007fff51f19518:   00007fff51f19588 000000010f790c4d
0x00007fff51f19528:   00007fc6459da7a0 0000000799b91998
0x00007fff51f19538:   00007fc645a14e40 0000000799b91998
0x00007fff51f19548:   00007fff51f19548 0000000186708dc6
0x00007fff51f19558:   00007fff51f19598 0000000186708e80 

Instructions: (pc=0x00007fff886ffd5d)
0x00007fff886ffd3d:   44 00 00 48 85 ff 2e 74 62 40 f6 c7 01 2e 75 66
0x00007fff886ffd4d:   49 bb f8 ff ff ff ff 7f 00 00 4c 23 1f 49 89 f2
0x00007fff886ffd5d:   45 23 53 18 49 c1 e2 04 4d 03 53 10 49 3b 32 75
0x00007fff886ffd6d:   04 41 ff 62 08 49 83 3a 01 76 0d 49 83 c2 10 49 

Register to memory mapping:

RAX=0x00007fc6459da7a0 is an unknown value
RBX=0x000000017d54a450: Java_jogamp_nativewindow_macosx_OSXUtil_GetScreenRefreshRate0+0x1cf0 in /private/var/folders/94/qhk8wx9560913pcr_k2txvfh0000gn/T/jogamp_0000/file_cache/jln5401847510956505185/jln1608061263090843343/libnativewindow_macosx.jnilib at 0x000000017d543000
RCX=0x0000000127bcb900 is an unknown value
RDX=0x000000012b80f280 is an unknown value
RSP=0x00007fff51f19368 is pointing into the stack for thread: 0x00007fc641903000
RBP=0x00007fff51f19420 is pointing into the stack for thread: 0x00007fc641903000
RSI=0x00007fff8b9cdd0e is an unknown value
RDI=0x00007fc645a14e40 is an unknown value
R8 =0x0000000000000000 is an unknown value
R9 =0x0000000000000810 is an unknown value
R10=0x00007fff8b9cdd0e is an unknown value
R11=0x0000000000000000 is an unknown value
R12=0x0000000000000000 is an unknown value
R13={method} {0x00000001817bb608} 'UnsetJAWTRootSurfaceLayer0' '(JJ)V' in 'jogamp/nativewindow/jawt/macosx/MacOSXJAWTWindow'
R14=0x000000017d54a440: Java_jogamp_nativewindow_macosx_OSXUtil_GetScreenRefreshRate0+0x1ce0 in /private/var/folders/94/qhk8wx9560913pcr_k2txvfh0000gn/T/jogamp_0000/file_cache/jln5401847510956505185/jln1608061263090843343/libnativewindow_macosx.jnilib at 0x000000017d543000
R15=0x00007fc641903000 is a thread


Stack: [0x00007fff5171e000,0x00007fff51f1e000],  sp=0x00007fff51f19368,  free space=8172k
Native frames: (J=compiled Java code, j=interpreted, Vv=VM code, C=native code)
C  [libobjc.A.dylib+0x6d5d]  objc_msgSend+0x1d
j  jogamp.nativewindow.jawt.macosx.MacOSXJAWTWindow.UnsetJAWTRootSurfaceLayer0(JJ)V+0
j  jogamp.nativewindow.jawt.macosx.MacOSXJAWTWindow.access$200(JJ)V+2
j  jogamp.nativewindow.jawt.macosx.MacOSXJAWTWindow$1.run()V+38
J 1971 C1 com.jogamp.common.util.RunnableTask.run()V (345 bytes) @ 0x000000010fdde2d4 [0x000000010fdde140+0x194]
v  ~StubRoutines::call_stub
V  [libjvm.dylib+0x2eab02]
V  [libjvm.dylib+0x321bab]
V  [libjvm.dylib+0x31437f]
C  [libnativewindow_macosx.jnilib+0x5326]  Java_jogamp_nativewindow_jawt_macosx_MacOSXJAWTWindow_UnsetJAWTRootSurfaceLayer0+0x2b6
C  [Foundation+0x7741e]  __NSThreadPerformPerform+0x117
C  [CoreFoundation+0xaa8b1]  __CFRUNLOOP_IS_CALLING_OUT_TO_A_SOURCE0_PERFORM_FUNCTION__+0x11
C  [CoreFoundation+0x8a027]  __CFRunLoopDoSources0+0x1a7
C  [CoreFoundation+0x895cf]  __CFRunLoopRun+0x39f
C  [CoreFoundation+0x88fc8]  CFRunLoopRunSpecific+0x128
C  [HIToolbox+0x30d55]  RunCurrentEventLoopInMode+0xeb
C  [HIToolbox+0x30a97]  ReceiveNextEventCommon+0xb8
C  [HIToolbox+0x309cf]  _BlockUntilNextEventMatchingListInModeWithFilter+0x47
C  [AppKit+0x49d96]  _DPSNextEvent+0x42b
C  [AppKit+0x491c5]  -[NSApplication _nextEventMatchingEventMask:untilDate:inMode:dequeue:]+0x1c6
C  [libosxapp.dylib+0x23aa]  -[NSApplicationAWT nextEventMatchingMask:untilDate:inMode:dequeue:]+0x7c
C  [AppKit+0x3dd28]  -[NSApplication run]+0x2aa
C  [libosxapp.dylib+0x214d]  +[NSApplicationAWT runAWTLoopWithApp:]+0x9c
C  [libawt_lwawt.dylib+0x44517]  -[AWTStarter starter:]+0x389
C  [Foundation+0x7741e]  __NSThreadPerformPerform+0x117
C  [CoreFoundation+0xaa8b1]  __CFRUNLOOP_IS_CALLING_OUT_TO_A_SOURCE0_PERFORM_FUNCTION__+0x11
C  [CoreFoundation+0x8a0ac]  __CFRunLoopDoSources0+0x22c
C  [CoreFoundation+0x895cf]  __CFRunLoopRun+0x39f
C  [CoreFoundation+0x88fc8]  CFRunLoopRunSpecific+0x128
C  [java+0x6463]  CreateExecutionEnvironment+0x367
C  [java+0x21ac]  JLI_Launch+0x7a0
C  [java+0x84c0]  main+0x65
C  [java+0x1a04]  start+0x34
C  0x0000000000000007

Java frames: (J=compiled Java code, j=interpreted, Vv=VM code)
j  jogamp.nativewindow.jawt.macosx.MacOSXJAWTWindow.UnsetJAWTRootSurfaceLayer0(JJ)V+0
j  jogamp.nativewindow.jawt.macosx.MacOSXJAWTWindow.access$200(JJ)V+2
j  jogamp.nativewindow.jawt.macosx.MacOSXJAWTWindow$1.run()V+38
J 1971 C1 com.jogamp.common.util.RunnableTask.run()V (345 bytes) @ 0x000000010fdde2d4 [0x000000010fdde140+0x194]
v  ~StubRoutines::call_stub

---------------  P R O C E S S  ---------------

Java Threads: ( => current thread )
  0x00007fc6411f8800 JavaThread "Thread-53" [_thread_blocked, id=69679, stack(0x00007000010cd000,0x00007000011cd000)]
  0x00007fc641af5000 JavaThread "AWT-EventQueue-1" [_thread_in_native, id=57619, stack(0x00007000018eb000,0x00007000019eb000)]
  0x00007fc641806000 JavaThread "DestroyJavaVM" [_thread_blocked, id=5891, stack(0x000070000011a000,0x000070000021a000)]
  0x00007fc64199a800 JavaThread "AWT-EventQueue-0" [_thread_blocked, id=55047, stack(0x00007000016e5000,0x00007000017e5000)]
  0x00007fc6421e0000 JavaThread "Java2D Disposer" daemon [_thread_blocked, id=50947, stack(0x000070000145c000,0x000070000155c000)]
  0x00007fc6428fb000 JavaThread "Java2D Queue Flusher" daemon [_thread_blocked, id=47623, stack(0x0000700001359000,0x0000700001459000)]
  0x00007fc64102d800 JavaThread "AWT-Shutdown" [_thread_blocked, id=28199, stack(0x00007000011d3000,0x00007000012d3000)]
=>0x00007fc641903000 JavaThread "AWT-AppKit" daemon [_thread_in_native, id=2571, stack(0x00007fff5171e000,0x00007fff51f1e000)]
  0x00007fc641015800 JavaThread "Service Thread" daemon [_thread_blocked, id=18435, stack(0x0000700000e44000,0x0000700000f44000)]
  0x00007fc641832000 JavaThread "C1 CompilerThread2" daemon [_thread_blocked, id=17923, stack(0x0000700000d41000,0x0000700000e41000)]
  0x00007fc64280a000 JavaThread "C2 CompilerThread1" daemon [_thread_blocked, id=17411, stack(0x0000700000c3e000,0x0000700000d3e000)]
  0x00007fc642019800 JavaThread "C2 CompilerThread0" daemon [_thread_in_native, id=16899, stack(0x0000700000b3b000,0x0000700000c3b000)]
  0x00007fc642800800 JavaThread "Signal Dispatcher" daemon [_thread_blocked, id=12815, stack(0x0000700000a38000,0x0000700000b38000)]
  0x00007fc64182f000 JavaThread "Finalizer" daemon [_thread_blocked, id=12291, stack(0x000070000082f000,0x000070000092f000)]
  0x00007fc641828800 JavaThread "Reference Handler" daemon [_thread_blocked, id=11779, stack(0x000070000072c000,0x000070000082c000)]

Other Threads:
  0x00007fc642805000 VMThread [stack: 0x0000700000629000,0x0000700000729000] [id=11267]
  0x00007fc642805800 WatcherThread [stack: 0x0000700000f47000,0x0000700001047000] [id=18947]

VM state:not at safepoint (normal execution)

VM Mutex/Monitor currently owned by a thread: None

Heap:
 PSYoungGen      total 71680K, used 64828K [0x0000000795580000, 0x000000079a080000, 0x00000007c0000000)
  eden space 66560K, 89% used [0x0000000795580000,0x0000000798fd6218,0x0000000799680000)
  from space 5120K, 99% used [0x0000000799b80000,0x000000079a0791b8,0x000000079a080000)
  to   space 5120K, 0% used [0x0000000799680000,0x0000000799680000,0x0000000799b80000)
 ParOldGen       total 87552K, used 20780K [0x0000000740000000, 0x0000000745580000, 0x0000000795580000)
  object space 87552K, 23% used [0x0000000740000000,0x000000074144b070,0x0000000745580000)
 Metaspace       used 19079K, capacity 19211K, committed 19328K, reserved 1067008K
  class space    used 1866K, capacity 1918K, committed 1920K, reserved 1048576K

Card table byte_map: [0x000000011eb49000,0x000000011ef4a000] byte_map_base: 0x000000011b149000

Marking Bits: (ParMarkBitMap*) 0x000000010f0dee20
 Begin Bits: [0x000000011f1f5000, 0x00000001211f5000)
 End Bits:   [0x00000001211f5000, 0x00000001231f5000)

Polling page: 0x000000010dfa5000

CodeCache: size=245760Kb used=7244Kb max_used=7264Kb free=238515Kb
 bounds [0x000000010f789000, 0x000000010feb9000, 0x000000011e789000]
 total_blobs=2963 nmethods=2090 adapters=787
 compilation: enabled

Compilation events (10 events):
Event: 25.732 Thread 0x00007fc64280a000 2197       4       javax.media.opengl.GLContext::isGL2GL3 (20 bytes)
Event: 25.735 Thread 0x00007fc64280a000 nmethod 2197 0x000000010fe8edd0 code [0x000000010fe8ef20, 0x000000010fe8efd8]
Event: 25.788 Thread 0x00007fc641832000 2198       3       java.lang.Boolean::valueOf (14 bytes)
Event: 25.789 Thread 0x00007fc641832000 nmethod 2198 0x000000010fe993d0 code [0x000000010fe99540, 0x000000010fe996d0]
Event: 25.826 Thread 0x00007fc641832000 2199       3       java.awt.Component::getInputContext (16 bytes)
Event: 25.827 Thread 0x00007fc641832000 nmethod 2199 0x000000010fe98f50 code [0x000000010fe990c0, 0x000000010fe99328]
Event: 25.827 Thread 0x00007fc641832000 2201       3       sun.java2d.pipe.RenderBuffer::putFloat (26 bytes)
Event: 25.827 Thread 0x00007fc641832000 nmethod 2201 0x000000010fe98b90 code [0x000000010fe98d00, 0x000000010fe98e90]
Event: 25.827 Thread 0x00007fc641832000 2200       1       sun.java2d.SurfaceData::isValid (5 bytes)
Event: 25.828 Thread 0x00007fc641832000 nmethod 2200 0x000000010fe988d0 code [0x000000010fe98a20, 0x000000010fe98b30]

GC Heap History (8 events):
Event: 10.061 GC heap before
{Heap before GC invocations=1 (full 0):
 PSYoungGen      total 38400K, used 33280K [0x0000000795580000, 0x0000000798000000, 0x00000007c0000000)
  eden space 33280K, 100% used [0x0000000795580000,0x0000000797600000,0x0000000797600000)
  from space 5120K, 0% used [0x0000000797b00000,0x0000000797b00000,0x0000000798000000)
  to   space 5120K, 0% used [0x0000000797600000,0x0000000797600000,0x0000000797b00000)
 ParOldGen       total 87552K, used 0K [0x0000000740000000, 0x0000000745580000, 0x0000000795580000)
  object space 87552K, 0% used [0x0000000740000000,0x0000000740000000,0x0000000745580000)
 Metaspace       used 15853K, capacity 16059K, committed 16256K, reserved 1064960K
  class space    used 1593K, capacity 1660K, committed 1664K, reserved 1048576K
Event: 10.078 GC heap after
Heap after GC invocations=1 (full 0):
 PSYoungGen      total 38400K, used 4953K [0x0000000795580000, 0x0000000798000000, 0x00000007c0000000)
  eden space 33280K, 0% used [0x0000000795580000,0x0000000795580000,0x0000000797600000)
  from space 5120K, 96% used [0x0000000797600000,0x0000000797ad6710,0x0000000797b00000)
  to   space 5120K, 0% used [0x0000000797b00000,0x0000000797b00000,0x0000000798000000)
 ParOldGen       total 87552K, used 16K [0x0000000740000000, 0x0000000745580000, 0x0000000795580000)
  object space 87552K, 0% used [0x0000000740000000,0x0000000740004000,0x0000000745580000)
 Metaspace       used 15853K, capacity 16059K, committed 16256K, reserved 1064960K
  class space    used 1593K, capacity 1660K, committed 1664K, reserved 1048576K
}
Event: 13.844 GC heap before
{Heap before GC invocations=2 (full 0):
 PSYoungGen      total 38400K, used 38233K [0x0000000795580000, 0x0000000798000000, 0x00000007c0000000)
  eden space 33280K, 100% used [0x0000000795580000,0x0000000797600000,0x0000000797600000)
  from space 5120K, 96% used [0x0000000797600000,0x0000000797ad6710,0x0000000797b00000)
  to   space 5120K, 0% used [0x0000000797b00000,0x0000000797b00000,0x0000000798000000)
 ParOldGen       total 87552K, used 16K [0x0000000740000000, 0x0000000745580000, 0x0000000795580000)
  object space 87552K, 0% used [0x0000000740000000,0x0000000740004000,0x0000000745580000)
 Metaspace       used 18408K, capacity 18571K, committed 18816K, reserved 1067008K
  class space    used 1858K, capacity 1918K, committed 1920K, reserved 1048576K
Event: 13.871 GC heap after
Heap after GC invocations=2 (full 0):
 PSYoungGen      total 38400K, used 5107K [0x0000000795580000, 0x0000000798000000, 0x00000007c0000000)
  eden space 33280K, 0% used [0x0000000795580000,0x0000000795580000,0x0000000797600000)
  from space 5120K, 99% used [0x0000000797b00000,0x0000000797ffccf0,0x0000000798000000)
  to   space 5120K, 0% used [0x0000000797600000,0x0000000797600000,0x0000000797b00000)
 ParOldGen       total 87552K, used 7245K [0x0000000740000000, 0x0000000745580000, 0x0000000795580000)
  object space 87552K, 8% used [0x0000000740000000,0x00000007407135c0,0x0000000745580000)
 Metaspace       used 18408K, capacity 18571K, committed 18816K, reserved 1067008K
  class space    used 1858K, capacity 1918K, committed 1920K, reserved 1048576K
}
Event: 14.357 GC heap before
{Heap before GC invocations=3 (full 0):
 PSYoungGen      total 38400K, used 38205K [0x0000000795580000, 0x0000000798000000, 0x00000007c0000000)
  eden space 33280K, 99% used [0x0000000795580000,0x00000007975d2780,0x0000000797600000)
  from space 5120K, 99% used [0x0000000797b00000,0x0000000797ffccf0,0x0000000798000000)
  to   space 5120K, 0% used [0x0000000797600000,0x0000000797600000,0x0000000797b00000)
 ParOldGen       total 87552K, used 7245K [0x0000000740000000, 0x0000000745580000, 0x0000000795580000)
  object space 87552K, 8% used [0x0000000740000000,0x00000007407135c0,0x0000000745580000)
 Metaspace       used 18452K, capacity 18635K, committed 18816K, reserved 1067008K
  class space    used 1858K, capacity 1918K, committed 1920K, reserved 1048576K
Event: 14.375 GC heap after
Heap after GC invocations=3 (full 0):
 PSYoungGen      total 38400K, used 5107K [0x0000000795580000, 0x000000079a080000, 0x00000007c0000000)
  eden space 33280K, 0% used [0x0000000795580000,0x0000000795580000,0x0000000797600000)
  from space 5120K, 99% used [0x0000000797600000,0x0000000797afccc0,0x0000000797b00000)
  to   space 5120K, 0% used [0x0000000799b80000,0x0000000799b80000,0x000000079a080000)
 ParOldGen       total 87552K, used 13827K [0x0000000740000000, 0x0000000745580000, 0x0000000795580000)
  object space 87552K, 15% used [0x0000000740000000,0x0000000740d80ec0,0x0000000745580000)
 Metaspace       used 18452K, capacity 18635K, committed 18816K, reserved 1067008K
  class space    used 1858K, capacity 1918K, committed 1920K, reserved 1048576K
}
Event: 14.823 GC heap before
{Heap before GC invocations=4 (full 0):
 PSYoungGen      total 38400K, used 38236K [0x0000000795580000, 0x000000079a080000, 0x00000007c0000000)
  eden space 33280K, 99% used [0x0000000795580000,0x00000007975da4b0,0x0000000797600000)
  from space 5120K, 99% used [0x0000000797600000,0x0000000797afccc0,0x0000000797b00000)
  to   space 5120K, 0% used [0x0000000799b80000,0x0000000799b80000,0x000000079a080000)
 ParOldGen       total 87552K, used 14339K [0x0000000740000000, 0x0000000745580000, 0x0000000795580000)
  object space 87552K, 16% used [0x0000000740000000,0x0000000740e00ee0,0x0000000745580000)
 Metaspace       used 18520K, capacity 18699K, committed 18816K, reserved 1067008K
  class space    used 1858K, capacity 1918K, committed 1920K, reserved 1048576K
Event: 14.842 GC heap after
Heap after GC invocations=4 (full 0):
 PSYoungGen      total 71680K, used 5092K [0x0000000795580000, 0x000000079a080000, 0x00000007c0000000)
  eden space 66560K, 0% used [0x0000000795580000,0x0000000795580000,0x0000000799680000)
  from space 5120K, 99% used [0x0000000799b80000,0x000000079a0791b8,0x000000079a080000)
  to   space 5120K, 0% used [0x0000000799680000,0x0000000799680000,0x0000000799b80000)
 ParOldGen       total 87552K, used 20780K [0x0000000740000000, 0x0000000745580000, 0x0000000795580000)
  object space 87552K, 23% used [0x0000000740000000,0x000000074144b070,0x0000000745580000)
 Metaspace       used 18520K, capacity 18699K, committed 18816K, reserved 1067008K
  class space    used 1858K, capacity 1918K, committed 1920K, reserved 1048576K
}

Deoptimization events (4 events):
Event: 7.313 Thread 0x00007fc642059800 Uncommon trap: reason=unstable_if action=reinterpret pc=0x000000010f96f0c0 method=java.lang.String.toLowerCase(Ljava/util/Locale;)Ljava/lang/String; @ 85
Event: 8.190 Thread 0x00007fc641af7800 Uncommon trap: reason=unstable_if action=reinterpret pc=0x000000010f95aed8 method=java.lang.String.indexOf([CII[CIII)I @ 3
Event: 12.369 Thread 0x00007fc641af5000 Uncommon trap: reason=unstable_if action=reinterpret pc=0x000000010f941f6c method=java.lang.AbstractStringBuilder.append(Ljava/lang/String;)Ljava/lang/AbstractStringBuilder; @ 1
Event: 25.726 Thread 0x00007fc641af5000 Uncommon trap: reason=unstable_if action=reinterpret pc=0x000000010fb7df28 method=com.jogamp.common.util.VersionNumber.compareTo(Lcom/jogamp/common/util/VersionNumber;)I @ 21

Internal exceptions (10 events):
Event: 1.139 Thread 0x00007fc641806000 Exception <a 'java/lang/NoSuchFieldError': method resolution failed> (0x000000079582ae38) thrown at [/Users/java_re/workspace/8-2-build-macosx-x86_64/jdk8u65/4987/hotspot/src/share/vm/prims/methodHandles.cpp, line 1146]
Event: 1.152 Thread 0x00007fc641806000 Exception <a 'java/lang/NoSuchFieldError': method resolution failed> (0x0000000795838608) thrown at [/Users/java_re/workspace/8-2-build-macosx-x86_64/jdk8u65/4987/hotspot/src/share/vm/prims/methodHandles.cpp, line 1146]
Event: 1.698 Thread 0x00007fc641806000 Exception <a 'java/io/FileNotFoundException'> (0x00000007958b4440) thrown at [/Users/java_re/workspace/8-2-build-macosx-x86_64/jdk8u65/4987/hotspot/src/share/vm/prims/jni.cpp, line 709]
Event: 1.700 Thread 0x00007fc641806000 Exception <a 'java/io/FileNotFoundException'> (0x00000007958b4fc8) thrown at [/Users/java_re/workspace/8-2-build-macosx-x86_64/jdk8u65/4987/hotspot/src/share/vm/prims/jni.cpp, line 709]
Event: 2.188 Thread 0x00007fc641806000 Exception <a 'java/io/FileNotFoundException'> (0x00000007959f0cf0) thrown at [/Users/java_re/workspace/8-2-build-macosx-x86_64/jdk8u65/4987/hotspot/src/share/vm/prims/jni.cpp, line 709]
Event: 8.321 Thread 0x00007fc641af7800 Exception <a 'java/lang/UnsatisfiedLinkError': com.jogamp.common.util.JarUtil.fixNativeLibAttribs(Ljava/lang/String;)Z> (0x0000000796b08f78) thrown at [/Users/java_re/workspace/8-2-build-macosx-x86_64/jdk8u65/4987/hotspot/src/share/vm/prims/nativeLookup.c
Event: 10.085 Thread 0x00007fc64182f000 Exception <a 'java/lang/NullPointerException'> (0x00000007956272e0) thrown at [/Users/java_re/workspace/8-2-build-macosx-x86_64/jdk8u65/4987/hotspot/src/share/vm/interpreter/linkResolver.cpp, line 1178]
Event: 12.351 Thread 0x00007fc641af5000 Exception <a 'java/io/FileNotFoundException'> (0x0000000795ea3350) thrown at [/Users/java_re/workspace/8-2-build-macosx-x86_64/jdk8u65/4987/hotspot/src/share/vm/prims/jni.cpp, line 709]
Event: 12.353 Thread 0x00007fc641af5000 Exception <a 'java/io/FileNotFoundException'> (0x0000000795ea96f0) thrown at [/Users/java_re/workspace/8-2-build-macosx-x86_64/jdk8u65/4987/hotspot/src/share/vm/prims/jni.cpp, line 709]
Event: 12.369 Thread 0x00007fc641af5000 Implicit null exception at 0x000000010f941bf5 to 0x000000010f941f59

Events (10 events):
Event: 25.826 loading class java/awt/LightweightDispatcher$2 done
Event: 25.826 loading class java/awt/event/AWTEventListenerProxy
Event: 25.826 loading class java/awt/event/AWTEventListenerProxy done
Event: 25.826 loading class java/awt/Toolkit$ToolkitEventMulticaster
Event: 25.826 loading class java/awt/Toolkit$ToolkitEventMulticaster done
Event: 25.826 Executing VM operation: RevokeBias
Event: 25.826 Executing VM operation: RevokeBias done
Event: 25.827 Thread 0x00007fc64192c800 Thread exited: 0x00007fc64192c800
Event: 25.827 loading class java/awt/Window$1DisposeAction
Event: 25.827 loading class java/awt/Window$1DisposeAction done


Dynamic libraries:
0x0000000003b1d000 	/System/Library/Frameworks/Cocoa.framework/Versions/A/Cocoa
0x0000000003b1d000 	/System/Library/Frameworks/Security.framework/Versions/A/Security
0x0000000003b1d000 	/System/Library/Frameworks/ApplicationServices.framework/Versions/A/ApplicationServices
0x0000000003b1d000 	/usr/lib/libz.1.dylib
0x0000000003b1d000 	/usr/lib/libSystem.B.dylib
0x0000000003b1d000 	/usr/lib/libobjc.A.dylib
0x0000000003b1d000 	/System/Library/Frameworks/CoreFoundation.framework/Versions/A/CoreFoundation
0x0000000003b1d000 	/System/Library/Frameworks/Foundation.framework/Versions/C/Foundation
0x0000000003b1d000 	/System/Library/Frameworks/AppKit.framework/Versions/C/AppKit
0x0000000003b1d000 	/System/Library/Frameworks/CoreData.framework/Versions/A/CoreData
0x0000000003b1d000 	/System/Library/PrivateFrameworks/RemoteViewServices.framework/Versions/A/RemoteViewServices
0x0000000003b1d000 	/System/Library/PrivateFrameworks/UIFoundation.framework/Versions/A/UIFoundation
0x0000000003b1d000 	/usr/lib/libScreenReader.dylib
0x0000000003b1d000 	/System/Library/Frameworks/Accelerate.framework/Versions/A/Accelerate
0x0000000003b1d000 	/System/Library/Frameworks/IOSurface.framework/Versions/A/IOSurface
0x0000000003b1d000 	/System/Library/Frameworks/AudioToolbox.framework/Versions/A/AudioToolbox
0x0000000003b1d000 	/System/Library/Frameworks/AudioUnit.framework/Versions/A/AudioUnit
0x0000000003b1d000 	/System/Library/PrivateFrameworks/DataDetectorsCore.framework/Versions/A/DataDetectorsCore
0x0000000003b1d000 	/System/Library/PrivateFrameworks/DesktopServicesPriv.framework/Versions/A/DesktopServicesPriv
0x0000000003b1d000 	/System/Library/Frameworks/Carbon.framework/Versions/A/Frameworks/HIToolbox.framework/Versions/A/HIToolbox
0x0000000003b1d000 	/System/Library/Frameworks/QuartzCore.framework/Versions/A/QuartzCore
0x0000000003b1d000 	/System/Library/Frameworks/Carbon.framework/Versions/A/Frameworks/SpeechRecognition.framework/Versions/A/SpeechRecognition
0x0000000003b1d000 	/usr/lib/libauto.dylib
0x0000000003b1d000 	/usr/lib/libicucore.A.dylib
0x0000000003b1d000 	/usr/lib/libxml2.2.dylib
0x0000000003b1d000 	/System/Library/PrivateFrameworks/CoreUI.framework/Versions/A/CoreUI
0x0000000003b1d000 	/System/Library/Frameworks/CoreAudio.framework/Versions/A/CoreAudio
0x0000000003b1d000 	/System/Library/Frameworks/DiskArbitration.framework/Versions/A/DiskArbitration
0x0000000003b1d000 	/usr/lib/liblangid.dylib
0x0000000003b1d000 	/System/Library/PrivateFrameworks/MultitouchSupport.framework/Versions/A/MultitouchSupport
0x0000000003b1d000 	/System/Library/Frameworks/IOKit.framework/Versions/A/IOKit
0x0000000003b1d000 	/usr/lib/libDiagnosticMessagesClient.dylib
0x0000000003b1d000 	/System/Library/Frameworks/CoreServices.framework/Versions/A/CoreServices
0x0000000003b1d000 	/System/Library/PrivateFrameworks/PerformanceAnalysis.framework/Versions/A/PerformanceAnalysis
0x0000000003b1d000 	/System/Library/PrivateFrameworks/GenerationalStorage.framework/Versions/A/GenerationalStorage
0x0000000003b1d000 	/System/Library/Frameworks/OpenGL.framework/Versions/A/OpenGL
0x0000000003b1d000 	/System/Library/PrivateFrameworks/Sharing.framework/Versions/A/Sharing
0x0000000003b1d000 	/System/Library/Frameworks/CoreGraphics.framework/Versions/A/CoreGraphics
0x0000000003b1d000 	/System/Library/Frameworks/CoreImage.framework/Versions/A/CoreImage
0x0000000003b1d000 	/System/Library/Frameworks/CoreText.framework/Versions/A/CoreText
0x0000000003b1d000 	/System/Library/Frameworks/ImageIO.framework/Versions/A/ImageIO
0x0000000003b1d000 	/System/Library/PrivateFrameworks/Backup.framework/Versions/A/Backup
0x0000000003b1d000 	/usr/lib/libextension.dylib
0x0000000003b1d000 	/usr/lib/libarchive.2.dylib
0x0000000003b1d000 	/System/Library/Frameworks/CFNetwork.framework/Versions/A/CFNetwork
0x0000000003b1d000 	/System/Library/Frameworks/SystemConfiguration.framework/Versions/A/SystemConfiguration
0x0000000003b1d000 	/usr/lib/libCRFSuite.dylib
0x0000000003b1d000 	/usr/lib/libc++.1.dylib
0x0000000003b1d000 	/usr/lib/libc++abi.dylib
0x0000000003b1d000 	/usr/lib/system/libcache.dylib
0x0000000003b1d000 	/usr/lib/system/libcommonCrypto.dylib
0x0000000003b1d000 	/usr/lib/system/libcompiler_rt.dylib
0x0000000003b1d000 	/usr/lib/system/libcopyfile.dylib
0x0000000003b1d000 	/usr/lib/system/libcorecrypto.dylib
0x0000000003b1d000 	/usr/lib/system/libdispatch.dylib
0x0000000003b1d000 	/usr/lib/system/libdyld.dylib
0x0000000003b1d000 	/usr/lib/system/libkeymgr.dylib
0x0000000003b1d000 	/usr/lib/system/liblaunch.dylib
0x0000000003b1d000 	/usr/lib/system/libmacho.dylib
0x0000000003b1d000 	/usr/lib/system/libquarantine.dylib
0x0000000003b1d000 	/usr/lib/system/libremovefile.dylib
0x0000000003b1d000 	/usr/lib/system/libsystem_asl.dylib
0x0000000003b1d000 	/usr/lib/system/libsystem_blocks.dylib
0x0000000003b1d000 	/usr/lib/system/libsystem_c.dylib
0x0000000003b1d000 	/usr/lib/system/libsystem_configuration.dylib
0x0000000003b1d000 	/usr/lib/system/libsystem_coreservices.dylib
0x0000000003b1d000 	/usr/lib/system/libsystem_coretls.dylib
0x0000000003b1d000 	/usr/lib/system/libsystem_dnssd.dylib
0x0000000003b1d000 	/usr/lib/system/libsystem_info.dylib
0x0000000003b1d000 	/usr/lib/system/libsystem_kernel.dylib
0x0000000003b1d000 	/usr/lib/system/libsystem_m.dylib
0x0000000003b1d000 	/usr/lib/system/libsystem_malloc.dylib
0x0000000003b1d000 	/usr/lib/system/libsystem_network.dylib
0x0000000003b1d000 	/usr/lib/system/libsystem_networkextension.dylib
0x0000000003b1d000 	/usr/lib/system/libsystem_notify.dylib
0x0000000003b1d000 	/usr/lib/system/libsystem_platform.dylib
0x0000000003b1d000 	/usr/lib/system/libsystem_pthread.dylib
0x0000000003b1d000 	/usr/lib/system/libsystem_sandbox.dylib
0x0000000003b1d000 	/usr/lib/system/libsystem_secinit.dylib
0x0000000003b1d000 	/usr/lib/system/libsystem_trace.dylib
0x0000000003b1d000 	/usr/lib/system/libunc.dylib
0x0000000003b1d000 	/usr/lib/system/libunwind.dylib
0x0000000003b1d000 	/usr/lib/system/libxpc.dylib
0x0000000003b1d000 	/usr/lib/libenergytrace.dylib
0x0000000003b1d000 	/usr/lib/libbsm.0.dylib
0x0000000003b1d000 	/usr/lib/system/libkxld.dylib
0x0000000003b1d000 	/usr/lib/libxar.1.dylib
0x0000000003b1d000 	/usr/lib/libsqlite3.dylib
0x0000000003b1d000 	/usr/lib/libpam.2.dylib
0x0000000003b1d000 	/usr/lib/libOpenScriptingUtil.dylib
0x0000000003b1d000 	/usr/lib/libbz2.1.0.dylib
0x0000000003b1d000 	/usr/lib/liblzma.5.dylib
0x0000000003b1d000 	/System/Library/Frameworks/CoreServices.framework/Versions/A/Frameworks/FSEvents.framework/Versions/A/FSEvents
0x0000000003b1d000 	/System/Library/Frameworks/CoreServices.framework/Versions/A/Frameworks/CarbonCore.framework/Versions/A/CarbonCore
0x0000000003b1d000 	/System/Library/Frameworks/CoreServices.framework/Versions/A/Frameworks/Metadata.framework/Versions/A/Metadata
0x0000000003b1d000 	/System/Library/Frameworks/CoreServices.framework/Versions/A/Frameworks/OSServices.framework/Versions/A/OSServices
0x0000000003b1d000 	/System/Library/Frameworks/CoreServices.framework/Versions/A/Frameworks/SearchKit.framework/Versions/A/SearchKit
0x0000000003b1d000 	/System/Library/Frameworks/CoreServices.framework/Versions/A/Frameworks/AE.framework/Versions/A/AE
0x0000000003b1d000 	/System/Library/Frameworks/CoreServices.framework/Versions/A/Frameworks/LaunchServices.framework/Versions/A/LaunchServices
0x0000000003b1d000 	/System/Library/Frameworks/CoreServices.framework/Versions/A/Frameworks/DictionaryServices.framework/Versions/A/DictionaryServices
0x0000000003b1d000 	/System/Library/Frameworks/CoreServices.framework/Versions/A/Frameworks/SharedFileList.framework/Versions/A/SharedFileList
0x0000000003b1d000 	/System/Library/Frameworks/NetFS.framework/Versions/A/NetFS
0x0000000003b1d000 	/System/Library/PrivateFrameworks/NetAuth.framework/Versions/A/NetAuth
0x0000000003b1d000 	/System/Library/PrivateFrameworks/login.framework/Versions/A/Frameworks/loginsupport.framework/Versions/A/loginsupport
0x0000000003b1d000 	/System/Library/PrivateFrameworks/TCC.framework/Versions/A/TCC
0x0000000003b1d000 	/usr/lib/libmecabra.dylib
0x0000000003b1d000 	/System/Library/Frameworks/ApplicationServices.framework/Versions/A/Frameworks/ATS.framework/Versions/A/ATS
0x0000000003b1d000 	/System/Library/Frameworks/ApplicationServices.framework/Versions/A/Frameworks/ColorSync.framework/Versions/A/ColorSync
0x0000000003b1d000 	/System/Library/Frameworks/ApplicationServices.framework/Versions/A/Frameworks/HIServices.framework/Versions/A/HIServices
0x0000000003b1d000 	/System/Library/Frameworks/ApplicationServices.framework/Versions/A/Frameworks/LangAnalysis.framework/Versions/A/LangAnalysis
0x0000000003b1d000 	/System/Library/Frameworks/ApplicationServices.framework/Versions/A/Frameworks/PrintCore.framework/Versions/A/PrintCore
0x0000000003b1d000 	/System/Library/Frameworks/ApplicationServices.framework/Versions/A/Frameworks/QD.framework/Versions/A/QD
0x0000000003b1d000 	/System/Library/Frameworks/ApplicationServices.framework/Versions/A/Frameworks/SpeechSynthesis.framework/Versions/A/SpeechSynthesis
0x0000000003b1d000 	/System/Library/Frameworks/Metal.framework/Versions/A/Metal
0x0000000003b1d000 	/System/Library/Frameworks/Accelerate.framework/Versions/A/Frameworks/vImage.framework/Versions/A/vImage
0x0000000003b1d000 	/System/Library/Frameworks/Accelerate.framework/Versions/A/Frameworks/vecLib.framework/Versions/A/vecLib
0x0000000003b1d000 	/System/Library/Frameworks/Accelerate.framework/Versions/A/Frameworks/vecLib.framework/Versions/A/libvDSP.dylib
0x0000000003b1d000 	/System/Library/Frameworks/Accelerate.framework/Versions/A/Frameworks/vecLib.framework/Versions/A/libvMisc.dylib
0x0000000003b1d000 	/System/Library/Frameworks/Accelerate.framework/Versions/A/Frameworks/vecLib.framework/Versions/A/libLAPACK.dylib
0x0000000003b1d000 	/System/Library/Frameworks/Accelerate.framework/Versions/A/Frameworks/vecLib.framework/Versions/A/libBLAS.dylib
0x0000000003b1d000 	/System/Library/Frameworks/Accelerate.framework/Versions/A/Frameworks/vecLib.framework/Versions/A/libLinearAlgebra.dylib
0x0000000003b1d000 	/System/Library/Frameworks/Accelerate.framework/Versions/A/Frameworks/vecLib.framework/Versions/A/libSparseBLAS.dylib
0x0000000003b1d000 	/System/Library/PrivateFrameworks/GPUCompiler.framework/libmetal_timestamp.dylib
0x0000000003b1d000 	/System/Library/Frameworks/OpenGL.framework/Versions/A/Libraries/libCoreFSCache.dylib
0x0000000003b1d000 	/System/Library/PrivateFrameworks/IOAccelerator.framework/Versions/A/IOAccelerator
0x0000000003b1d000 	/System/Library/Frameworks/ApplicationServices.framework/Versions/A/Frameworks/ATS.framework/Versions/A/Resources/libFontParser.dylib
0x0000000003b1d000 	/System/Library/Frameworks/ApplicationServices.framework/Versions/A/Frameworks/ATS.framework/Versions/A/Resources/libFontRegistry.dylib
0x0000000003b1d000 	/System/Library/PrivateFrameworks/AppleVPA.framework/Versions/A/AppleVPA
0x0000000003b1d000 	/System/Library/PrivateFrameworks/AppleJPEG.framework/Versions/A/AppleJPEG
0x0000000003b1d000 	/System/Library/Frameworks/ImageIO.framework/Versions/A/Resources/libJPEG.dylib
0x0000000003b1d000 	/System/Library/Frameworks/ImageIO.framework/Versions/A/Resources/libTIFF.dylib
0x0000000003b1d000 	/System/Library/Frameworks/ImageIO.framework/Versions/A/Resources/libPng.dylib
0x0000000003b1d000 	/System/Library/Frameworks/ImageIO.framework/Versions/A/Resources/libGIF.dylib
0x0000000003b1d000 	/System/Library/Frameworks/ImageIO.framework/Versions/A/Resources/libJP2.dylib
0x0000000003b1d000 	/System/Library/Frameworks/ImageIO.framework/Versions/A/Resources/libRadiance.dylib
0x0000000003b1d000 	/System/Library/Frameworks/CoreVideo.framework/Versions/A/CoreVideo
0x0000000003b1d000 	/System/Library/Frameworks/OpenGL.framework/Versions/A/Libraries/libGLU.dylib
0x0000000003b1d000 	/System/Library/Frameworks/OpenGL.framework/Versions/A/Libraries/libGFXShared.dylib
0x0000000003b1d000 	/System/Library/Frameworks/OpenGL.framework/Versions/A/Libraries/libGL.dylib
0x0000000003b1d000 	/System/Library/Frameworks/OpenGL.framework/Versions/A/Libraries/libGLImage.dylib
0x0000000003b1d000 	/System/Library/Frameworks/OpenGL.framework/Versions/A/Libraries/libCVMSPluginSupport.dylib
0x0000000003b1d000 	/System/Library/Frameworks/OpenGL.framework/Versions/A/Libraries/libCoreVMClient.dylib
0x0000000003b1d000 	/usr/lib/libcups.2.dylib
0x0000000003b1d000 	/System/Library/Frameworks/Kerberos.framework/Versions/A/Kerberos
0x0000000003b1d000 	/System/Library/Frameworks/GSS.framework/Versions/A/GSS
0x0000000003b1d000 	/usr/lib/libresolv.9.dylib
0x0000000003b1d000 	/usr/lib/libiconv.2.dylib
0x0000000003b1d000 	/System/Library/PrivateFrameworks/Heimdal.framework/Versions/A/Heimdal
0x0000000003b1d000 	/usr/lib/libheimdal-asn1.dylib
0x0000000003b1d000 	/System/Library/Frameworks/OpenDirectory.framework/Versions/A/OpenDirectory
0x0000000003b1d000 	/System/Library/PrivateFrameworks/CommonAuth.framework/Versions/A/CommonAuth
0x0000000003b1d000 	/System/Library/Frameworks/OpenDirectory.framework/Versions/A/Frameworks/CFOpenDirectory.framework/Versions/A/CFOpenDirectory
0x0000000003b1d000 	/System/Library/Frameworks/SecurityFoundation.framework/Versions/A/SecurityFoundation
0x0000000003b1d000 	/System/Library/PrivateFrameworks/LanguageModeling.framework/Versions/A/LanguageModeling
0x0000000003b1d000 	/usr/lib/libmarisa.dylib
0x0000000003b1d000 	/usr/lib/libChineseTokenizer.dylib
0x0000000003b1d000 	/usr/lib/libcmph.dylib
0x0000000003b1d000 	/usr/lib/libcompression.dylib
0x0000000003b1d000 	/System/Library/Frameworks/ServiceManagement.framework/Versions/A/ServiceManagement
0x0000000003b1d000 	/usr/lib/libxslt.1.dylib
0x0000000003b1d000 	/System/Library/Frameworks/Carbon.framework/Versions/A/Frameworks/Ink.framework/Versions/A/Ink
0x0000000003b1d000 	/usr/lib/libFosl_dynamic.dylib
0x0000000003b1d000 	/System/Library/PrivateFrameworks/FaceCore.framework/Versions/A/FaceCore
0x0000000003b1d000 	/System/Library/Frameworks/OpenCL.framework/Versions/A/OpenCL
0x0000000003b1d000 	/System/Library/PrivateFrameworks/CrashReporterSupport.framework/Versions/A/CrashReporterSupport
0x0000000003b1d000 	/System/Library/PrivateFrameworks/IconServices.framework/Versions/A/IconServices
0x0000000003b1d000 	/System/Library/PrivateFrameworks/Apple80211.framework/Versions/A/Apple80211
0x0000000003b1d000 	/System/Library/Frameworks/CoreWLAN.framework/Versions/A/CoreWLAN
0x0000000003b1d000 	/System/Library/Frameworks/IOBluetooth.framework/Versions/A/IOBluetooth
0x0000000003b1d000 	/System/Library/PrivateFrameworks/CoreWiFi.framework/Versions/A/CoreWiFi
0x0000000003b1d000 	/System/Library/Frameworks/CoreBluetooth.framework/Versions/A/CoreBluetooth
0x0000000003b1d000 	/System/Library/PrivateFrameworks/ChunkingLibrary.framework/Versions/A/ChunkingLibrary
0x0000000003b1d000 	/System/Library/PrivateFrameworks/DebugSymbols.framework/Versions/A/DebugSymbols
0x0000000003b1d000 	/System/Library/PrivateFrameworks/CoreSymbolication.framework/Versions/A/CoreSymbolication
0x0000000003b1d000 	/System/Library/PrivateFrameworks/Symbolication.framework/Versions/A/Symbolication
0x0000000003b1d000 	/System/Library/PrivateFrameworks/SpeechRecognitionCore.framework/Versions/A/SpeechRecognitionCore
0x000000010e800000 	/Library/Java/JavaVirtualMachines/jdk1.8.0_65.jdk/Contents/Home/jre/lib/server/libjvm.dylib
0x0000000003b1d000 	/usr/lib/libstdc++.6.dylib
0x000000010df62000 	/Library/Java/JavaVirtualMachines/jdk1.8.0_65.jdk/Contents/Home/jre/lib/libverify.dylib
0x000000010df70000 	/Library/Java/JavaVirtualMachines/jdk1.8.0_65.jdk/Contents/Home/jre/lib/libjava.dylib
0x000000010dfaf000 	/Library/Java/JavaVirtualMachines/jdk1.8.0_65.jdk/Contents/Home/jre/lib/libzip.dylib
0x000000010dfe1000 	/System/Library/Frameworks/JavaVM.framework/Frameworks/JavaRuntimeSupport.framework/JavaRuntimeSupport
0x00000001250c3000 	/System/Library/Frameworks/JavaVM.framework/Versions/A/Frameworks/JavaNativeFoundation.framework/Versions/A/JavaNativeFoundation
0x00000001250d8000 	/System/Library/Frameworks/JavaVM.framework/Versions/A/JavaVM
0x0000000003b1d000 	/System/Library/Frameworks/Carbon.framework/Versions/A/Carbon
0x00000001250e5000 	/System/Library/PrivateFrameworks/JavaLaunching.framework/Versions/A/JavaLaunching
0x0000000003b1d000 	/System/Library/Frameworks/Carbon.framework/Versions/A/Frameworks/CommonPanels.framework/Versions/A/CommonPanels
0x0000000003b1d000 	/System/Library/Frameworks/Carbon.framework/Versions/A/Frameworks/Help.framework/Versions/A/Help
0x0000000003b1d000 	/System/Library/Frameworks/Carbon.framework/Versions/A/Frameworks/ImageCapture.framework/Versions/A/ImageCapture
0x0000000003b1d000 	/System/Library/Frameworks/Carbon.framework/Versions/A/Frameworks/OpenScripting.framework/Versions/A/OpenScripting
0x0000000003b1d000 	/System/Library/Frameworks/Carbon.framework/Versions/A/Frameworks/Print.framework/Versions/A/Print
0x0000000003b1d000 	/System/Library/Frameworks/Carbon.framework/Versions/A/Frameworks/SecurityHI.framework/Versions/A/SecurityHI
0x0000000126a04000 	/Library/Java/JavaVirtualMachines/jdk1.8.0_65.jdk/Contents/Home/jre/lib/libawt.dylib
0x0000000126aac000 	/Library/Java/JavaVirtualMachines/jdk1.8.0_65.jdk/Contents/Home/jre/lib/./libmlib_image.dylib
0x0000000126b78000 	/Library/Java/JavaVirtualMachines/jdk1.8.0_65.jdk/Contents/Home/jre/lib/libawt_lwawt.dylib
0x0000000126c2d000 	/Library/Java/JavaVirtualMachines/jdk1.8.0_65.jdk/Contents/Home/jre/lib/./libosxapp.dylib
0x0000000003b1d000 	/System/Library/Frameworks/ExceptionHandling.framework/Versions/A/ExceptionHandling
0x0000000003b1d000 	/System/Library/PrivateFrameworks/CoreServicesInternal.framework/Versions/A/CoreServicesInternal
0x0000000003b1d000 	/System/Library/Frameworks/CoreGraphics.framework/Versions/A/Resources/libRIP.A.dylib
0x0000000003b1d000 	/System/Library/Frameworks/Accelerate.framework/Versions/A/Frameworks/vImage.framework/Versions/A/Libraries/libCGInterfaces.dylib
0x0000000003b1d000 	/System/Library/PrivateFrameworks/FamilyControls.framework/Versions/A/FamilyControls
0x0000000003b1d000 	/System/Library/PrivateFrameworks/CommerceKit.framework/Versions/A/Frameworks/CommerceCore.framework/Versions/A/CommerceCore
0x0000000003b1d000 	/System/Library/PrivateFrameworks/SystemAdministration.framework/Versions/A/SystemAdministration
0x0000000003b1d000 	/System/Library/PrivateFrameworks/AppContainer.framework/Versions/A/AppContainer
0x0000000003b1d000 	/System/Library/PrivateFrameworks/SecCodeWrapper.framework/Versions/A/SecCodeWrapper
0x0000000003b1d000 	/System/Library/Frameworks/DirectoryService.framework/Versions/A/DirectoryService
0x0000000003b1d000 	/System/Library/PrivateFrameworks/DiskImages.framework/Versions/A/DiskImages
0x0000000003b1d000 	/System/Library/PrivateFrameworks/LoginUIKit.framework/Versions/A/Frameworks/LoginUICore.framework/Versions/A/LoginUICore
0x0000000003b1d000 	/usr/lib/libCoreStorage.dylib
0x0000000003b1d000 	/usr/lib/libcsfde.dylib
0x0000000003b1d000 	/usr/lib/libodfde.dylib
0x0000000003b1d000 	/System/Library/Frameworks/DiscRecording.framework/Versions/A/DiscRecording
0x0000000003b1d000 	/usr/lib/libcurl.4.dylib
0x0000000003b1d000 	/System/Library/PrivateFrameworks/MediaKit.framework/Versions/A/MediaKit
0x0000000003b1d000 	/System/Library/PrivateFrameworks/ProtectedCloudStorage.framework/Versions/A/ProtectedCloudStorage
0x0000000003b1d000 	/System/Library/PrivateFrameworks/EFILogin.framework/Versions/A/EFILogin
0x0000000003b1d000 	/usr/lib/libutil.dylib
0x0000000003b1d000 	/System/Library/PrivateFrameworks/FindMyDevice.framework/Versions/A/FindMyDevice
0x0000000003b1d000 	/System/Library/Frameworks/LDAP.framework/Versions/A/LDAP
0x0000000003b1d000 	/usr/lib/libsasl2.2.dylib
0x0000000003b1d000 	/System/Library/PrivateFrameworks/CoreDaemon.framework/Versions/B/CoreDaemon
0x0000000003b1d000 	/usr/lib/libcrypto.0.9.8.dylib
0x0000000003b1d000 	/System/Library/PrivateFrameworks/AppleSRP.framework/Versions/A/AppleSRP
0x0000000003b1d000 	/System/Library/PrivateFrameworks/TrustEvaluationAgent.framework/Versions/A/TrustEvaluationAgent
0x0000000003b1d000 	/System/Library/Frameworks/OpenGL.framework/Versions/A/Resources/GLEngine.bundle/GLEngine
0x0000000003b1d000 	/System/Library/Frameworks/OpenGL.framework/Versions/A/Libraries/libGLProgrammability.dylib
0x0000000128cb0000 	/System/Library/Extensions/AppleIntelHD5000GraphicsGLDriver.bundle/Contents/MacOS/AppleIntelHD5000GraphicsGLDriver
0x0000000003b1d000 	/System/Library/PrivateFrameworks/GPUSupport.framework/Versions/A/Libraries/libGPUSupportMercury.dylib
0x0000000003b1d000 	/System/Library/Frameworks/OpenGL.framework/Versions/A/Resources/GLRendererFloat.bundle/GLRendererFloat
0x0000000003b1d000 	/System/Library/Frameworks/OpenCL.framework/Versions/A/Libraries/libcldcpuengine.dylib
0x0000000129cce000 	/Library/Java/JavaVirtualMachines/jdk1.8.0_65.jdk/Contents/Home/jre/lib/libfontmanager.dylib
0x0000000003b1d000 	/System/Library/Frameworks/CoreGraphics.framework/Versions/A/Resources/libCGXType.A.dylib
0x000000012bb02000 	/Library/Java/JavaVirtualMachines/jdk1.8.0_65.jdk/Contents/Home/jre/lib/libosxui.dylib
0x000000012c6e8000 	/Library/Java/JavaVirtualMachines/jdk1.8.0_65.jdk/Contents/Home/jre/lib/libnet.dylib
0x000000012c6ff000 	/Library/Java/JavaVirtualMachines/jdk1.8.0_65.jdk/Contents/Home/jre/lib/libnio.dylib
0x0000000003b1d000 	/System/Library/Frameworks/ApplicationServices.framework/Versions/A/Frameworks/ATS.framework/Versions/A/Resources/libTrueTypeScaler.dylib
0x000000017d65d000 	/System/Library/Extensions/AppleIntelHD5000GraphicsMTLDriver.bundle/Contents/MacOS/AppleIntelHD5000GraphicsMTLDriver
0x000000017d539000 	/private/var/folders/94/qhk8wx9560913pcr_k2txvfh0000gn/T/jogamp_0000/file_cache/jln5401847510956505185/jln1608061263090843343/libgluegen-rt.jnilib
0x000000017d53d000 	/private/var/folders/94/qhk8wx9560913pcr_k2txvfh0000gn/T/jogamp_0000/file_cache/jln5401847510956505185/jln1608061263090843343/libnativewindow_awt.jnilib
0x000000017d540000 	/Library/Java/JavaVirtualMachines/jdk1.8.0_65.jdk/Contents/Home/jre/lib/libjawt.dylib
0x000000017d543000 	/private/var/folders/94/qhk8wx9560913pcr_k2txvfh0000gn/T/jogamp_0000/file_cache/jln5401847510956505185/jln1608061263090843343/libnativewindow_macosx.jnilib
0x000000017d9ef000 	/private/var/folders/94/qhk8wx9560913pcr_k2txvfh0000gn/T/jogamp_0000/file_cache/jln5401847510956505185/jln1608061263090843343/libjogl_desktop.jnilib
0x000000017d882000 	cl_kernels
0x0000000003b1d000 	/System/Library/Frameworks/OpenCL.framework/Versions/A/Libraries/ImageFormats/unorm8_bgra.dylib
0x0000000003b1d000 	/System/Library/Frameworks/OpenCL.framework/Versions/A/Libraries/ImageFormats/unorm8_rgba.dylib
0x0000000186875000 	/Library/Java/JavaVirtualMachines/jdk1.8.0_65.jdk/Contents/Home/jre/lib/libjpeg.dylib

VM Arguments:
jvm_args: -Djava.security.policy=java.policy.applet -Dfile.encoding=UTF-8 
java_command: sun.applet.AppletViewer module1.HelloWorld1449462800425.html
java_class_path (initial): /Users/karenblakemore/Java/workspace/UCSDUnfoldingMaps/build:/Users/karenblakemore/Java/workspace/UCSDUnfoldingMaps/lib/core.jar:/Users/karenblakemore/Java/workspace/UCSDUnfoldingMaps/lib/gluegen-rt.jar:/Users/karenblakemore/Java/workspace/UCSDUnfoldingMaps/lib/jogl-all.jar:/Users/karenblakemore/Java/workspace/UCSDUnfoldingMaps/lib/log4j-1.2.15.jar:/Users/karenblakemore/Java/workspace/UCSDUnfoldingMaps/lib/sqlite-jdbc-3.7.2.jar:/Users/karenblakemore/Java/workspace/UCSDUnfoldingMaps/lib/json4processing.jar:/Users/karenblakemore/Java/workspace/UCSDUnfoldingMaps/lib/libTUIO.jar:/Users/karenblakemore/Java/workspace/UCSDUnfoldingMaps/lib/unfolding.0.9.7-uscd.jar
Launcher Type: SUN_STANDARD

Environment Variables:
PATH=/usr/bin:/bin:/usr/sbin:/sbin
SHELL=/bin/bash

Signal Handlers:
SIGSEGV: [libjvm.dylib+0x5a6d31], sa_mask[0]=11111111011111110111111111111111, sa_flags=SA_ONSTACK|SA_RESTART|SA_SIGINFO
SIGBUS: [libjvm.dylib+0x5a6d31], sa_mask[0]=11111111011111110111111111111111, sa_flags=SA_RESTART|SA_SIGINFO
SIGFPE: [libjvm.dylib+0x480a40], sa_mask[0]=11111111011111110111111111111111, sa_flags=SA_RESTART|SA_SIGINFO
SIGPIPE: [libjvm.dylib+0x480a40], sa_mask[0]=11111111011111110111111111111111, sa_flags=SA_RESTART|SA_SIGINFO
SIGXFSZ: [libjvm.dylib+0x480a40], sa_mask[0]=11111111011111110111111111111111, sa_flags=SA_RESTART|SA_SIGINFO
SIGILL: [libjvm.dylib+0x480a40], sa_mask[0]=11111111011111110111111111111111, sa_flags=SA_RESTART|SA_SIGINFO
SIGUSR1: SIG_DFL, sa_mask[0]=00000000000000000000000000000000, sa_flags=none
SIGUSR2: [libjvm.dylib+0x48055e], sa_mask[0]=00100000000000000000000000000000, sa_flags=SA_RESTART|SA_SIGINFO
SIGHUP: [libjvm.dylib+0x47eb35], sa_mask[0]=11111111011111110111111111111111, sa_flags=SA_RESTART|SA_SIGINFO
SIGINT: [libjvm.dylib+0x47eb35], sa_mask[0]=11111111011111110111111111111111, sa_flags=SA_RESTART|SA_SIGINFO
SIGTERM: [libjvm.dylib+0x47eb35], sa_mask[0]=11111111011111110111111111111111, sa_flags=SA_RESTART|SA_SIGINFO
SIGQUIT: [libjvm.dylib+0x47eb35], sa_mask[0]=11111111011111110111111111111111, sa_flags=SA_RESTART|SA_SIGINFO


---------------  S Y S T E M  ---------------

OS:Bsduname:Darwin 15.0.0 Darwin Kernel Version 15.0.0: Sat Sep 19 15:53:46 PDT 2015; root:xnu-3247.10.11~1/RELEASE_X86_64 x86_64
rlimit: STACK 8192k, CORE 0k, NPROC 709, NOFILE 10240, AS infinity
load average:8.98 4.37 2.97

CPU:total 4 (2 cores per cpu, 2 threads per core) family 6 model 69 stepping 1, cmov, cx8, fxsr, mmx, sse, sse2, sse3, ssse3, sse4.1, sse4.2, popcnt, avx, avx2, aes, clmul, erms, lzcnt, ht, tsc, tscinvbit, bmi1, bmi2

Memory: 4k page, physical 8388608k(304688k free)

/proc/meminfo:


vm_info: Java HotSpot(TM) 64-Bit Server VM (25.65-b01) for bsd-amd64 JRE (1.8.0_65-b17), built on Oct  6 2015 15:36:46 by "java_re" with gcc 4.2.1 (Based on Apple Inc. build 5658) (LLVM build 2336.11.00)

time: Sun Dec  6 21:33:46 2015
elapsed time: 25 seconds (0d 0h 0m 25s)

