#
# A fatal error has been detected by the Java Runtime Environment:
#
#  SIGSEGV (0xb) at pc=0x00007fff9b4bb4dd, pid=3221, tid=2571
#
# JRE version: Java(TM) SE Runtime Environment (8.0_65-b17) (build 1.8.0_65-b17)
# Java VM: Java HotSpot(TM) 64-Bit Server VM (25.65-b01 mixed mode bsd-amd64 compressed oops)
# Problematic frame:
# C  [libobjc.A.dylib+0x14dd]  objc_msgSend+0x1d
#
# Failed to write core dump. Core dumps have been disabled. To enable core dumping, try "ulimit -c unlimited" before starting Java again
#
# If you would like to submit a bug report, please visit:
#   http://bugreport.java.com/bugreport/crash.jsp
# The crash happened outside the Java Virtual Machine in native code.
# See problematic frame for where to report the bug.
#

---------------  T H R E A D  ---------------

Current thread (0x00007ff61986a800):  JavaThread "AWT-AppKit" daemon [_thread_in_native, id=2571, stack(0x00007fff5b23e000,0x00007fff5ba3e000)]

siginfo: si_signo: 11 (SIGSEGV), si_code: 1 (SEGV_MAPERR), si_addr: 0x0000000000000018

Registers:
RAX=0x00007ff61b784fb0, RBX=0x000000011dfaf450, RCX=0x0000000121df87a0, RDX=0x0000000121df8d40
RSP=0x00007fff5ba39358, RBP=0x00007fff5ba39410, RSI=0x00007fff951c8d0e, RDI=0x00007ff618dad2a0
R8 =0x0000000000000000, R9 =0x00000000000008c0, R10=0x00007fff951c8d0e, R11=0x0000000000000000
R12=0x0000000000000000, R13=0x00000001759a5b50, R14=0x000000011dfaf440, R15=0x00007ff61986a800
RIP=0x00007fff9b4bb4dd, EFLAGS=0x0000000000010246, ERR=0x0000000000000004
  TRAPNO=0x000000000000000e

Top of Stack: (sp=0x00007fff5ba39358)
0x00007fff5ba39358:   000000011dfad157 00007fff5ba393b0
0x00007fff5ba39368:   0000000000000003 00007fff5ba39390
0x00007fff5ba39378:   0000000104ff19a6 00000001759a5b50
0x00007fff5ba39388:   00000001759a5b50 00007ff61b784fb0
0x00007fff5ba39398:   000000011dfaf6a0 000000011dfaf710
0x00007fff5ba393a8:   00007fff7f6fb770 00007fff7b456500
0x00007fff5ba393b8:   000000011dfaf450 000000011dfaf690
0x00007fff5ba393c8:   00007ff61b784fb0 00007ff618dad2a0
0x00007fff5ba393d8:   00007ff61b784da0 00007ff61b784fb0
0x00007fff5ba393e8:   00007ff618dad2a0 00007fff5ba39498
0x00007fff5ba393f8:   00007ff61986a9f8 00000001759a5b50
0x00007fff5ba39408:   00007fff5ba394c0 00007fff5ba39488
0x00007fff5ba39418:   0000000105d9e954 00000001759a5b50
0x00007fff5ba39428:   00007fff5ba394c0 00007fff5ba39488
0x00007fff5ba39438:   0000000105d9e6e7 0000000105d9e6a2
0x00007fff5ba39448:   00007fff5ba39448 00000001759a5b50
0x00007fff5ba39458:   00007fff5ba394c0 00000001759a8788
0x00007fff5ba39468:   0000000000000000 00000001759a5b50
0x00007fff5ba39478:   0000000000000000 00007fff5ba394a8
0x00007fff5ba39488:   00007fff5ba39508 0000000105d90c4d
0x00007fff5ba39498:   00000007401da8e8 0000000105d98578
0x00007fff5ba394a8:   00007ff61b784fb0 00007fff5ba39508
0x00007fff5ba394b8:   00007ff618dad2a0 0000000105d99d82
0x00007fff5ba394c8:   00007fff5ba394c8 00000001759a5d1a
0x00007fff5ba394d8:   00007fff5ba39530 00000001759a8788
0x00007fff5ba394e8:   0000000000000000 00000001759a5d28
0x00007fff5ba394f8:   00007fff5ba394a8 00007fff5ba39518
0x00007fff5ba39508:   00007fff5ba39578 0000000105d90c4d
0x00007fff5ba39518:   00007ff61b784fb0 00000007978a43f0
0x00007fff5ba39528:   00007ff618dad2a0 00000007978a43f0
0x00007fff5ba39538:   00007fff5ba39538 000000017d019a7e
0x00007fff5ba39548:   00007fff5ba39588 000000017d019b38 

Instructions: (pc=0x00007fff9b4bb4dd)
0x00007fff9b4bb4bd:   44 00 00 48 85 ff 2e 74 62 40 f6 c7 01 2e 75 66
0x00007fff9b4bb4cd:   49 bb f8 ff ff ff ff 7f 00 00 4c 23 1f 49 89 f2
0x00007fff9b4bb4dd:   45 23 53 18 49 c1 e2 04 4d 03 53 10 49 3b 32 75
0x00007fff9b4bb4ed:   04 41 ff 62 08 49 83 3a 01 76 0d 49 83 c2 10 49 

Register to memory mapping:

RAX=0x00007ff61b784fb0 is an unknown value
RBX=0x000000011dfaf450: Java_jogamp_nativewindow_macosx_OSXUtil_GetScreenRefreshRate0+0x1cf0 in /private/var/folders/94/qhk8wx9560913pcr_k2txvfh0000gn/T/jogamp_0000/file_cache/jln1730882240329008967/jln8034726232906276787/libnativewindow_macosx.jnilib at 0x000000011dfa8000
RCX=0x0000000121df87a0 is an unknown value
RDX=0x0000000121df8d40 is an unknown value
RSP=0x00007fff5ba39358 is pointing into the stack for thread: 0x00007ff61986a800
RBP=0x00007fff5ba39410 is pointing into the stack for thread: 0x00007ff61986a800
RSI=0x00007fff951c8d0e is an unknown value
RDI=0x00007ff618dad2a0 is an unknown value
R8 =0x0000000000000000 is an unknown value
R9 =0x00000000000008c0 is an unknown value
R10=0x00007fff951c8d0e is an unknown value
R11=0x0000000000000000 is an unknown value
R12=0x0000000000000000 is an unknown value
R13={method} {0x00000001759a5b50} 'UnsetJAWTRootSurfaceLayer0' '(JJ)V' in 'jogamp/nativewindow/jawt/macosx/MacOSXJAWTWindow'
R14=0x000000011dfaf440: Java_jogamp_nativewindow_macosx_OSXUtil_GetScreenRefreshRate0+0x1ce0 in /private/var/folders/94/qhk8wx9560913pcr_k2txvfh0000gn/T/jogamp_0000/file_cache/jln1730882240329008967/jln8034726232906276787/libnativewindow_macosx.jnilib at 0x000000011dfa8000
R15=0x00007ff61986a800 is a thread


Stack: [0x00007fff5b23e000,0x00007fff5ba3e000],  sp=0x00007fff5ba39358,  free space=8172k
Native frames: (J=compiled Java code, j=interpreted, Vv=VM code, C=native code)
C  [libobjc.A.dylib+0x14dd]  objc_msgSend+0x1d
j  jogamp.nativewindow.jawt.macosx.MacOSXJAWTWindow.UnsetJAWTRootSurfaceLayer0(JJ)V+0
j  jogamp.nativewindow.jawt.macosx.MacOSXJAWTWindow.access$200(JJ)V+2
j  jogamp.nativewindow.jawt.macosx.MacOSXJAWTWindow$1.run()V+38
J 2123 C1 com.jogamp.common.util.RunnableTask.run()V (345 bytes) @ 0x0000000106526f14 [0x0000000106526d80+0x194]
v  ~StubRoutines::call_stub
V  [libjvm.dylib+0x2eab02]
V  [libjvm.dylib+0x321bab]
V  [libjvm.dylib+0x31437f]
C  [libnativewindow_macosx.jnilib+0x5326]  Java_jogamp_nativewindow_jawt_macosx_MacOSXJAWTWindow_UnsetJAWTRootSurfaceLayer0+0x2b6
C  [Foundation+0x8dd4b]  __NSThreadPerformPerform+0x117
C  [CoreFoundation+0x7e5c1]  __CFRUNLOOP_IS_CALLING_OUT_TO_A_SOURCE0_PERFORM_FUNCTION__+0x11
C  [CoreFoundation+0x70397]  __CFRunLoopDoSources0+0x1a7
C  [CoreFoundation+0x6f93f]  __CFRunLoopRun+0x39f
C  [CoreFoundation+0x6f338]  CFRunLoopRunSpecific+0x128
C  [HIToolbox+0x30935]  RunCurrentEventLoopInMode+0xeb
C  [HIToolbox+0x30677]  ReceiveNextEventCommon+0xb8
C  [HIToolbox+0x305af]  _BlockUntilNextEventMatchingListInModeWithFilter+0x47
C  [AppKit+0x8a0ee]  _DPSNextEvent+0x42b
C  [AppKit+0x456943]  -[NSApplication _nextEventMatchingEventMask:untilDate:inMode:dequeue:]+0x1c6
C  [libosxapp.dylib+0x23aa]  -[NSApplicationAWT nextEventMatchingMask:untilDate:inMode:dequeue:]+0x7c
C  [AppKit+0x7ffc8]  -[NSApplication run]+0x2aa
C  [libosxapp.dylib+0x214d]  +[NSApplicationAWT runAWTLoopWithApp:]+0x9c
C  [libawt_lwawt.dylib+0x44517]  -[AWTStarter starter:]+0x389
C  [Foundation+0x8dd4b]  __NSThreadPerformPerform+0x117
C  [CoreFoundation+0x7e5c1]  __CFRUNLOOP_IS_CALLING_OUT_TO_A_SOURCE0_PERFORM_FUNCTION__+0x11
C  [CoreFoundation+0x7041c]  __CFRunLoopDoSources0+0x22c
C  [CoreFoundation+0x6f93f]  __CFRunLoopRun+0x39f
C  [CoreFoundation+0x6f338]  CFRunLoopRunSpecific+0x128
C  [java+0x6463]  CreateExecutionEnvironment+0x367
C  [java+0x21ac]  JLI_Launch+0x7a0
C  [java+0x84c0]  main+0x65
C  [java+0x1a04]  start+0x34
C  0x0000000000000007

Java frames: (J=compiled Java code, j=interpreted, Vv=VM code)
j  jogamp.nativewindow.jawt.macosx.MacOSXJAWTWindow.UnsetJAWTRootSurfaceLayer0(JJ)V+0
j  jogamp.nativewindow.jawt.macosx.MacOSXJAWTWindow.access$200(JJ)V+2
j  jogamp.nativewindow.jawt.macosx.MacOSXJAWTWindow$1.run()V+38
J 2123 C1 com.jogamp.common.util.RunnableTask.run()V (345 bytes) @ 0x0000000106526f14 [0x0000000106526d80+0x194]
v  ~StubRoutines::call_stub

---------------  P R O C E S S  ---------------

Java Threads: ( => current thread )
  0x00007ff61aadd800 JavaThread "Thread-19" [_thread_blocked, id=67115, stack(0x00007000019ee000,0x0000700001aee000)]
  0x00007ff61ade1800 JavaThread "Keep-Alive-Timer" daemon [_thread_blocked, id=65595, stack(0x0000700001dfa000,0x0000700001efa000)]
  0x00007ff61a35f000 JavaThread "AWT-EventQueue-1" [_thread_in_native, id=58911, stack(0x0000700001868000,0x0000700001968000)]
  0x00007ff619969000 JavaThread "DestroyJavaVM" [_thread_blocked, id=5891, stack(0x000070000011a000,0x000070000021a000)]
  0x00007ff61a224000 JavaThread "AWT-EventQueue-0" [_thread_blocked, id=56071, stack(0x0000700001662000,0x0000700001762000)]
  0x00007ff6199e0000 JavaThread "Java2D Disposer" daemon [_thread_blocked, id=52483, stack(0x00007000013d9000,0x00007000014d9000)]
  0x00007ff6190db800 JavaThread "Java2D Queue Flusher" daemon [_thread_blocked, id=49415, stack(0x00007000012d6000,0x00007000013d6000)]
  0x00007ff6190c3800 JavaThread "AWT-Shutdown" [_thread_blocked, id=26179, stack(0x0000700001150000,0x0000700001250000)]
=>0x00007ff61986a800 JavaThread "AWT-AppKit" daemon [_thread_in_native, id=2571, stack(0x00007fff5b23e000,0x00007fff5ba3e000)]
  0x00007ff61a02e000 JavaThread "Service Thread" daemon [_thread_blocked, id=18691, stack(0x0000700000e44000,0x0000700000f44000)]
  0x00007ff619842800 JavaThread "C1 CompilerThread2" daemon [_thread_blocked, id=18179, stack(0x0000700000d41000,0x0000700000e41000)]
  0x00007ff619839800 JavaThread "C2 CompilerThread1" daemon [_thread_blocked, id=17667, stack(0x0000700000c3e000,0x0000700000d3e000)]
  0x00007ff619838000 JavaThread "C2 CompilerThread0" daemon [_thread_blocked, id=17155, stack(0x0000700000b3b000,0x0000700000c3b000)]
  0x00007ff619812000 JavaThread "Signal Dispatcher" daemon [_thread_blocked, id=13839, stack(0x0000700000a38000,0x0000700000b38000)]
  0x00007ff619006800 JavaThread "Finalizer" daemon [_thread_blocked, id=12291, stack(0x000070000082f000,0x000070000092f000)]
  0x00007ff61a827000 JavaThread "Reference Handler" daemon [_thread_blocked, id=11779, stack(0x000070000072c000,0x000070000082c000)]

Other Threads:
  0x00007ff61a024800 VMThread [stack: 0x0000700000629000,0x0000700000729000] [id=11267]
  0x00007ff619007800 WatcherThread [stack: 0x0000700000f47000,0x0000700001047000] [id=19203]

VM state:not at safepoint (normal execution)

VM Mutex/Monitor currently owned by a thread: None

Heap:
 PSYoungGen      total 38400K, used 9764K [0x0000000795580000, 0x0000000798000000, 0x00000007c0000000)
  eden space 33280K, 14% used [0x0000000795580000,0x0000000795a1c5a8,0x0000000797600000)
  from space 5120K, 98% used [0x0000000797600000,0x0000000797aecb50,0x0000000797b00000)
  to   space 5120K, 0% used [0x0000000797b00000,0x0000000797b00000,0x0000000798000000)
 ParOldGen       total 87552K, used 12347K [0x0000000740000000, 0x0000000745580000, 0x0000000795580000)
  object space 87552K, 14% used [0x0000000740000000,0x0000000740c0ec38,0x0000000745580000)
 Metaspace       used 20670K, capacity 20867K, committed 21120K, reserved 1069056K
  class space    used 2027K, capacity 2110K, committed 2176K, reserved 1048576K

Card table byte_map: [0x0000000115149000,0x000000011554a000] byte_map_base: 0x0000000111749000

Marking Bits: (ParMarkBitMap*) 0x00000001056dee20
 Begin Bits: [0x00000001157f5000, 0x00000001177f5000)
 End Bits:   [0x00000001177f5000, 0x00000001197f5000)

Polling page: 0x000000010453c000

CodeCache: size=245760Kb used=7822Kb max_used=8301Kb free=237937Kb
 bounds [0x0000000105d89000, 0x00000001065b9000, 0x0000000114d89000]
 total_blobs=3063 nmethods=2175 adapters=801
 compilation: enabled

Compilation events (10 events):
Event: 10.136 Thread 0x00007ff619842800 nmethod 2311 0x0000000105ef73d0 code [0x0000000105ef7540, 0x0000000105ef7690]
Event: 10.161 Thread 0x00007ff619839800 nmethod 2310 0x0000000106237d90 code [0x0000000106237fa0, 0x0000000106238c68]
Event: 10.178 Thread 0x00007ff619842800 2312   !   3       sun.lwawt.LWComponentPeer::isShowing (49 bytes)
Event: 10.179 Thread 0x00007ff619842800 nmethod 2312 0x0000000106052450 code [0x0000000106052600, 0x0000000106052ee8]
Event: 10.189 Thread 0x00007ff619838000 2313  s    4       sun.misc.URLClassPath::getNextLoader (88 bytes)
Event: 10.189 Thread 0x00007ff619842800 2314  s!   2       sun.misc.URLClassPath::getLoader (197 bytes)
Event: 10.193 Thread 0x00007ff619842800 nmethod 2314 0x0000000106204950 code [0x0000000106204c40, 0x0000000106206348]
Event: 10.195 Thread 0x00007ff619842800 2315       1       sun.java2d.SurfaceData::isValid (5 bytes)
Event: 10.195 Thread 0x00007ff619842800 nmethod 2315 0x000000010658ad50 code [0x000000010658aea0, 0x000000010658afb0]
Event: 10.196 Thread 0x00007ff619838000 nmethod 2313 0x00000001060a8e10 code [0x00000001060a8f80, 0x00000001060a96f8]

GC Heap History (6 events):
Event: 2.775 GC heap before
{Heap before GC invocations=1 (full 0):
 PSYoungGen      total 38400K, used 33280K [0x0000000795580000, 0x0000000798000000, 0x00000007c0000000)
  eden space 33280K, 100% used [0x0000000795580000,0x0000000797600000,0x0000000797600000)
  from space 5120K, 0% used [0x0000000797b00000,0x0000000797b00000,0x0000000798000000)
  to   space 5120K, 0% used [0x0000000797600000,0x0000000797600000,0x0000000797b00000)
 ParOldGen       total 87552K, used 0K [0x0000000740000000, 0x0000000745580000, 0x0000000795580000)
  object space 87552K, 0% used [0x0000000740000000,0x0000000740000000,0x0000000745580000)
 Metaspace       used 15853K, capacity 16051K, committed 16256K, reserved 1064960K
  class space    used 1607K, capacity 1660K, committed 1664K, reserved 1048576K
Event: 2.785 GC heap after
Heap after GC invocations=1 (full 0):
 PSYoungGen      total 38400K, used 4952K [0x0000000795580000, 0x0000000798000000, 0x00000007c0000000)
  eden space 33280K, 0% used [0x0000000795580000,0x0000000795580000,0x0000000797600000)
  from space 5120K, 96% used [0x0000000797600000,0x0000000797ad6070,0x0000000797b00000)
  to   space 5120K, 0% used [0x0000000797b00000,0x0000000797b00000,0x0000000798000000)
 ParOldGen       total 87552K, used 8K [0x0000000740000000, 0x0000000745580000, 0x0000000795580000)
  object space 87552K, 0% used [0x0000000740000000,0x0000000740002000,0x0000000745580000)
 Metaspace       used 15853K, capacity 16051K, committed 16256K, reserved 1064960K
  class space    used 1607K, capacity 1660K, committed 1664K, reserved 1048576K
}
Event: 4.317 GC heap before
{Heap before GC invocations=2 (full 0):
 PSYoungGen      total 38400K, used 38232K [0x0000000795580000, 0x0000000798000000, 0x00000007c0000000)
  eden space 33280K, 100% used [0x0000000795580000,0x0000000797600000,0x0000000797600000)
  from space 5120K, 96% used [0x0000000797600000,0x0000000797ad6070,0x0000000797b00000)
  to   space 5120K, 0% used [0x0000000797b00000,0x0000000797b00000,0x0000000798000000)
 ParOldGen       total 87552K, used 8K [0x0000000740000000, 0x0000000745580000, 0x0000000795580000)
  object space 87552K, 0% used [0x0000000740000000,0x0000000740002000,0x0000000745580000)
 Metaspace       used 20047K, capacity 20275K, committed 20608K, reserved 1067008K
  class space    used 2016K, capacity 2108K, committed 2176K, reserved 1048576K
Event: 4.334 GC heap after
Heap after GC invocations=2 (full 0):
 PSYoungGen      total 38400K, used 5090K [0x0000000795580000, 0x0000000798000000, 0x00000007c0000000)
  eden space 33280K, 0% used [0x0000000795580000,0x0000000795580000,0x0000000797600000)
  from space 5120K, 99% used [0x0000000797b00000,0x0000000797ff8b60,0x0000000798000000)
  to   space 5120K, 0% used [0x0000000797600000,0x0000000797600000,0x0000000797b00000)
 ParOldGen       total 87552K, used 9522K [0x0000000740000000, 0x0000000745580000, 0x0000000795580000)
  object space 87552K, 10% used [0x0000000740000000,0x000000074094cb88,0x0000000745580000)
 Metaspace       used 20047K, capacity 20275K, committed 20608K, reserved 1067008K
  class space    used 2016K, capacity 2108K, committed 2176K, reserved 1048576K
}
Event: 9.310 GC heap before
{Heap before GC invocations=3 (full 0):
 PSYoungGen      total 38400K, used 38370K [0x0000000795580000, 0x0000000798000000, 0x00000007c0000000)
  eden space 33280K, 100% used [0x0000000795580000,0x0000000797600000,0x0000000797600000)
  from space 5120K, 99% used [0x0000000797b00000,0x0000000797ff8b60,0x0000000798000000)
  to   space 5120K, 0% used [0x0000000797600000,0x0000000797600000,0x0000000797b00000)
 ParOldGen       total 87552K, used 9522K [0x0000000740000000, 0x0000000745580000, 0x0000000795580000)
  object space 87552K, 10% used [0x0000000740000000,0x000000074094cb88,0x0000000745580000)
 Metaspace       used 20633K, capacity 20803K, committed 21120K, reserved 1069056K
  class space    used 2019K, capacity 2110K, committed 2176K, reserved 1048576K
Event: 9.319 GC heap after
Heap after GC invocations=3 (full 0):
 PSYoungGen      total 38400K, used 5042K [0x0000000795580000, 0x0000000798000000, 0x00000007c0000000)
  eden space 33280K, 0% used [0x0000000795580000,0x0000000795580000,0x0000000797600000)
  from space 5120K, 98% used [0x0000000797600000,0x0000000797aecb50,0x0000000797b00000)
  to   space 5120K, 0% used [0x0000000797b00000,0x0000000797b00000,0x0000000798000000)
 ParOldGen       total 87552K, used 12347K [0x0000000740000000, 0x0000000745580000, 0x0000000795580000)
  object space 87552K, 14% used [0x0000000740000000,0x0000000740c0ec38,0x0000000745580000)
 Metaspace       used 20633K, capacity 20803K, committed 21120K, reserved 1069056K
  class space    used 2019K, capacity 2110K, committed 2176K, reserved 1048576K
}

Deoptimization events (9 events):
Event: 2.058 Thread 0x00007ff61a155000 Uncommon trap: reason=unstable_if action=reinterpret pc=0x0000000105f4f0c0 method=java.lang.String.toLowerCase(Ljava/util/Locale;)Ljava/lang/String; @ 85
Event: 2.351 Thread 0x00007ff61a155000 Uncommon trap: reason=unstable_if action=reinterpret pc=0x0000000106014414 method=java.lang.String.indexOf([CII[CIII)I @ 3
Event: 2.352 Thread 0x00007ff61a155000 Uncommon trap: reason=unstable_if action=reinterpret pc=0x0000000105f3f158 method=java.lang.String.indexOf([CII[CIII)I @ 3
Event: 3.416 Thread 0x00007ff61a35f000 Uncommon trap: reason=unstable_if action=reinterpret pc=0x0000000105f2e1d4 method=java.lang.AbstractStringBuilder.append(Ljava/lang/String;)Ljava/lang/AbstractStringBuilder; @ 1
Event: 3.688 Thread 0x00007ff61a35f000 Uncommon trap: reason=class_check action=maybe_recompile pc=0x0000000106168788 method=com.sun.org.apache.xerces.internal.impl.XMLDocumentScannerImpl.next()I @ 4
Event: 10.127 Thread 0x00007ff61a35f000 Uncommon trap: reason=unstable_if action=reinterpret pc=0x0000000106378ea8 method=com.jogamp.common.util.VersionNumber.compareTo(Lcom/jogamp/common/util/VersionNumber;)I @ 21
Event: 10.129 Thread 0x00007ff61a224000 Uncommon trap: reason=unstable_if action=reinterpret pc=0x00000001064ab35c method=java.awt.font.FontRenderContext.equals(Ljava/awt/font/FontRenderContext;)Z @ 2
Event: 10.176 Thread 0x00007ff61a224000 Uncommon trap: reason=unstable_if action=reinterpret pc=0x00000001064640b8 method=java.awt.font.FontRenderContext.equals(Ljava/awt/font/FontRenderContext;)Z @ 2
Event: 10.194 Thread 0x00007ff61aadd800 Uncommon trap: reason=predicate action=maybe_recompile pc=0x00000001064de914 method=java.util.Vector.indexOf(Ljava/lang/Object;I)I @ 44

Internal exceptions (10 events):
Event: 0.205 Thread 0x00007ff61a800800 Exception <a 'java/lang/NoSuchFieldError': method resolution failed> (0x000000079582aeb0) thrown at [/Users/java_re/workspace/8-2-build-macosx-x86_64/jdk8u65/4987/hotspot/src/share/vm/prims/methodHandles.cpp, line 1146]
Event: 0.207 Thread 0x00007ff61a800800 Exception <a 'java/lang/NoSuchFieldError': method resolution failed> (0x0000000795838680) thrown at [/Users/java_re/workspace/8-2-build-macosx-x86_64/jdk8u65/4987/hotspot/src/share/vm/prims/methodHandles.cpp, line 1146]
Event: 0.401 Thread 0x00007ff61a800800 Exception <a 'java/io/FileNotFoundException'> (0x00000007958b44b0) thrown at [/Users/java_re/workspace/8-2-build-macosx-x86_64/jdk8u65/4987/hotspot/src/share/vm/prims/jni.cpp, line 709]
Event: 0.401 Thread 0x00007ff61a800800 Exception <a 'java/io/FileNotFoundException'> (0x00000007958b5038) thrown at [/Users/java_re/workspace/8-2-build-macosx-x86_64/jdk8u65/4987/hotspot/src/share/vm/prims/jni.cpp, line 709]
Event: 0.547 Thread 0x00007ff61a800800 Exception <a 'java/io/FileNotFoundException'> (0x00000007959f0f88) thrown at [/Users/java_re/workspace/8-2-build-macosx-x86_64/jdk8u65/4987/hotspot/src/share/vm/prims/jni.cpp, line 709]
Event: 2.380 Thread 0x00007ff61a155000 Exception <a 'java/lang/UnsatisfiedLinkError': com.jogamp.common.util.JarUtil.fixNativeLibAttribs(Ljava/lang/String;)Z> (0x0000000796b17790) thrown at [/Users/java_re/workspace/8-2-build-macosx-x86_64/jdk8u65/4987/hotspot/src/share/vm/prims/nativeLookup.c
Event: 2.787 Thread 0x00007ff619006800 Exception <a 'java/lang/NullPointerException'> (0x00000007956a4b00) thrown at [/Users/java_re/workspace/8-2-build-macosx-x86_64/jdk8u65/4987/hotspot/src/share/vm/interpreter/linkResolver.cpp, line 1178]
Event: 3.415 Thread 0x00007ff61a35f000 Exception <a 'java/io/FileNotFoundException'> (0x0000000795e65cc8) thrown at [/Users/java_re/workspace/8-2-build-macosx-x86_64/jdk8u65/4987/hotspot/src/share/vm/prims/jni.cpp, line 709]
Event: 3.416 Thread 0x00007ff61a35f000 Exception <a 'java/io/FileNotFoundException'> (0x0000000795e6c068) thrown at [/Users/java_re/workspace/8-2-build-macosx-x86_64/jdk8u65/4987/hotspot/src/share/vm/prims/jni.cpp, line 709]
Event: 3.416 Thread 0x00007ff61a35f000 Implicit null exception at 0x0000000105f2de35 to 0x0000000105f2e1c1

Events (10 events):
Event: 10.193 loading class java/awt/event/AWTEventListenerProxy
Event: 10.193 loading class java/awt/event/AWTEventListenerProxy done
Event: 10.193 loading class java/awt/Toolkit$ToolkitEventMulticaster
Event: 10.193 loading class java/awt/Toolkit$ToolkitEventMulticaster done
Event: 10.193 Thread 0x00007ff6199e7000 Thread exited: 0x00007ff6199e7000
Event: 10.194 Thread 0x00007ff61aadd800 Uncommon trap: trap_request=0xffffff86 fr.pc=0x00000001064de914
Event: 10.194 Thread 0x00007ff61aadd800 DEOPT PACKING pc=0x00000001064de914 sp=0x0000700001aed7f0
Event: 10.194 Thread 0x00007ff61aadd800 DEOPT UNPACKING pc=0x0000000105d8e229 sp=0x0000700001aed7a0 mode 2
Event: 10.194 loading class java/awt/Window$1DisposeAction
Event: 10.194 loading class java/awt/Window$1DisposeAction done


Dynamic libraries:
0x000000000b332000 	/System/Library/Frameworks/Cocoa.framework/Versions/A/Cocoa
0x000000000b332000 	/System/Library/Frameworks/Security.framework/Versions/A/Security
0x000000000b332000 	/System/Library/Frameworks/ApplicationServices.framework/Versions/A/ApplicationServices
0x000000000b332000 	/usr/lib/libz.1.dylib
0x000000000b332000 	/usr/lib/libSystem.B.dylib
0x000000000b332000 	/usr/lib/libobjc.A.dylib
0x000000000b332000 	/System/Library/Frameworks/CoreFoundation.framework/Versions/A/CoreFoundation
0x000000000b332000 	/System/Library/Frameworks/Foundation.framework/Versions/C/Foundation
0x000000000b332000 	/System/Library/Frameworks/AppKit.framework/Versions/C/AppKit
0x000000000b332000 	/System/Library/Frameworks/CoreData.framework/Versions/A/CoreData
0x000000000b332000 	/System/Library/PrivateFrameworks/RemoteViewServices.framework/Versions/A/RemoteViewServices
0x000000000b332000 	/System/Library/PrivateFrameworks/UIFoundation.framework/Versions/A/UIFoundation
0x000000000b332000 	/usr/lib/libScreenReader.dylib
0x000000000b332000 	/System/Library/Frameworks/Accelerate.framework/Versions/A/Accelerate
0x000000000b332000 	/System/Library/Frameworks/IOSurface.framework/Versions/A/IOSurface
0x000000000b332000 	/System/Library/Frameworks/AudioToolbox.framework/Versions/A/AudioToolbox
0x000000000b332000 	/System/Library/Frameworks/AudioUnit.framework/Versions/A/AudioUnit
0x000000000b332000 	/System/Library/PrivateFrameworks/DataDetectorsCore.framework/Versions/A/DataDetectorsCore
0x000000000b332000 	/System/Library/PrivateFrameworks/DesktopServicesPriv.framework/Versions/A/DesktopServicesPriv
0x000000000b332000 	/System/Library/Frameworks/Carbon.framework/Versions/A/Frameworks/HIToolbox.framework/Versions/A/HIToolbox
0x000000000b332000 	/System/Library/Frameworks/QuartzCore.framework/Versions/A/QuartzCore
0x000000000b332000 	/System/Library/Frameworks/Carbon.framework/Versions/A/Frameworks/SpeechRecognition.framework/Versions/A/SpeechRecognition
0x000000000b332000 	/usr/lib/libauto.dylib
0x000000000b332000 	/usr/lib/libicucore.A.dylib
0x000000000b332000 	/usr/lib/libxml2.2.dylib
0x000000000b332000 	/System/Library/PrivateFrameworks/CoreUI.framework/Versions/A/CoreUI
0x000000000b332000 	/System/Library/Frameworks/CoreAudio.framework/Versions/A/CoreAudio
0x000000000b332000 	/System/Library/Frameworks/DiskArbitration.framework/Versions/A/DiskArbitration
0x000000000b332000 	/usr/lib/liblangid.dylib
0x000000000b332000 	/System/Library/PrivateFrameworks/MultitouchSupport.framework/Versions/A/MultitouchSupport
0x000000000b332000 	/System/Library/Frameworks/IOKit.framework/Versions/A/IOKit
0x000000000b332000 	/usr/lib/libDiagnosticMessagesClient.dylib
0x000000000b332000 	/System/Library/Frameworks/CoreServices.framework/Versions/A/CoreServices
0x000000000b332000 	/System/Library/PrivateFrameworks/PerformanceAnalysis.framework/Versions/A/PerformanceAnalysis
0x000000000b332000 	/System/Library/PrivateFrameworks/GenerationalStorage.framework/Versions/A/GenerationalStorage
0x000000000b332000 	/System/Library/Frameworks/OpenGL.framework/Versions/A/OpenGL
0x000000000b332000 	/System/Library/PrivateFrameworks/Sharing.framework/Versions/A/Sharing
0x000000000b332000 	/System/Library/Frameworks/CoreGraphics.framework/Versions/A/CoreGraphics
0x000000000b332000 	/System/Library/Frameworks/CoreImage.framework/Versions/A/CoreImage
0x000000000b332000 	/System/Library/Frameworks/CoreText.framework/Versions/A/CoreText
0x000000000b332000 	/System/Library/Frameworks/ImageIO.framework/Versions/A/ImageIO
0x000000000b332000 	/System/Library/PrivateFrameworks/Backup.framework/Versions/A/Backup
0x000000000b332000 	/usr/lib/libextension.dylib
0x000000000b332000 	/usr/lib/libarchive.2.dylib
0x000000000b332000 	/System/Library/Frameworks/CFNetwork.framework/Versions/A/CFNetwork
0x000000000b332000 	/System/Library/Frameworks/SystemConfiguration.framework/Versions/A/SystemConfiguration
0x000000000b332000 	/usr/lib/libCRFSuite.dylib
0x000000000b332000 	/usr/lib/libc++.1.dylib
0x000000000b332000 	/usr/lib/libc++abi.dylib
0x000000000b332000 	/usr/lib/system/libcache.dylib
0x000000000b332000 	/usr/lib/system/libcommonCrypto.dylib
0x000000000b332000 	/usr/lib/system/libcompiler_rt.dylib
0x000000000b332000 	/usr/lib/system/libcopyfile.dylib
0x000000000b332000 	/usr/lib/system/libcorecrypto.dylib
0x000000000b332000 	/usr/lib/system/libdispatch.dylib
0x000000000b332000 	/usr/lib/system/libdyld.dylib
0x000000000b332000 	/usr/lib/system/libkeymgr.dylib
0x000000000b332000 	/usr/lib/system/liblaunch.dylib
0x000000000b332000 	/usr/lib/system/libmacho.dylib
0x000000000b332000 	/usr/lib/system/libquarantine.dylib
0x000000000b332000 	/usr/lib/system/libremovefile.dylib
0x000000000b332000 	/usr/lib/system/libsystem_asl.dylib
0x000000000b332000 	/usr/lib/system/libsystem_blocks.dylib
0x000000000b332000 	/usr/lib/system/libsystem_c.dylib
0x000000000b332000 	/usr/lib/system/libsystem_configuration.dylib
0x000000000b332000 	/usr/lib/system/libsystem_coreservices.dylib
0x000000000b332000 	/usr/lib/system/libsystem_coretls.dylib
0x000000000b332000 	/usr/lib/system/libsystem_dnssd.dylib
0x000000000b332000 	/usr/lib/system/libsystem_info.dylib
0x000000000b332000 	/usr/lib/system/libsystem_kernel.dylib
0x000000000b332000 	/usr/lib/system/libsystem_m.dylib
0x000000000b332000 	/usr/lib/system/libsystem_malloc.dylib
0x000000000b332000 	/usr/lib/system/libsystem_network.dylib
0x000000000b332000 	/usr/lib/system/libsystem_networkextension.dylib
0x000000000b332000 	/usr/lib/system/libsystem_notify.dylib
0x000000000b332000 	/usr/lib/system/libsystem_platform.dylib
0x000000000b332000 	/usr/lib/system/libsystem_pthread.dylib
0x000000000b332000 	/usr/lib/system/libsystem_sandbox.dylib
0x000000000b332000 	/usr/lib/system/libsystem_secinit.dylib
0x000000000b332000 	/usr/lib/system/libsystem_trace.dylib
0x000000000b332000 	/usr/lib/system/libunc.dylib
0x000000000b332000 	/usr/lib/system/libunwind.dylib
0x000000000b332000 	/usr/lib/system/libxpc.dylib
0x000000000b332000 	/usr/lib/libenergytrace.dylib
0x000000000b332000 	/usr/lib/libbsm.0.dylib
0x000000000b332000 	/usr/lib/system/libkxld.dylib
0x000000000b332000 	/usr/lib/libxar.1.dylib
0x000000000b332000 	/usr/lib/libsqlite3.dylib
0x000000000b332000 	/usr/lib/libpam.2.dylib
0x000000000b332000 	/usr/lib/libOpenScriptingUtil.dylib
0x000000000b332000 	/usr/lib/libbz2.1.0.dylib
0x000000000b332000 	/usr/lib/liblzma.5.dylib
0x000000000b332000 	/System/Library/Frameworks/CoreServices.framework/Versions/A/Frameworks/FSEvents.framework/Versions/A/FSEvents
0x000000000b332000 	/System/Library/Frameworks/CoreServices.framework/Versions/A/Frameworks/CarbonCore.framework/Versions/A/CarbonCore
0x000000000b332000 	/System/Library/Frameworks/CoreServices.framework/Versions/A/Frameworks/Metadata.framework/Versions/A/Metadata
0x000000000b332000 	/System/Library/Frameworks/CoreServices.framework/Versions/A/Frameworks/OSServices.framework/Versions/A/OSServices
0x000000000b332000 	/System/Library/Frameworks/CoreServices.framework/Versions/A/Frameworks/SearchKit.framework/Versions/A/SearchKit
0x000000000b332000 	/System/Library/Frameworks/CoreServices.framework/Versions/A/Frameworks/AE.framework/Versions/A/AE
0x000000000b332000 	/System/Library/Frameworks/CoreServices.framework/Versions/A/Frameworks/LaunchServices.framework/Versions/A/LaunchServices
0x000000000b332000 	/System/Library/Frameworks/CoreServices.framework/Versions/A/Frameworks/DictionaryServices.framework/Versions/A/DictionaryServices
0x000000000b332000 	/System/Library/Frameworks/CoreServices.framework/Versions/A/Frameworks/SharedFileList.framework/Versions/A/SharedFileList
0x000000000b332000 	/System/Library/Frameworks/NetFS.framework/Versions/A/NetFS
0x000000000b332000 	/System/Library/PrivateFrameworks/NetAuth.framework/Versions/A/NetAuth
0x000000000b332000 	/System/Library/PrivateFrameworks/login.framework/Versions/A/Frameworks/loginsupport.framework/Versions/A/loginsupport
0x000000000b332000 	/System/Library/PrivateFrameworks/TCC.framework/Versions/A/TCC
0x000000000b332000 	/usr/lib/libmecabra.dylib
0x000000000b332000 	/System/Library/Frameworks/ApplicationServices.framework/Versions/A/Frameworks/ATS.framework/Versions/A/ATS
0x000000000b332000 	/System/Library/Frameworks/ApplicationServices.framework/Versions/A/Frameworks/ColorSync.framework/Versions/A/ColorSync
0x000000000b332000 	/System/Library/Frameworks/ApplicationServices.framework/Versions/A/Frameworks/HIServices.framework/Versions/A/HIServices
0x000000000b332000 	/System/Library/Frameworks/ApplicationServices.framework/Versions/A/Frameworks/LangAnalysis.framework/Versions/A/LangAnalysis
0x000000000b332000 	/System/Library/Frameworks/ApplicationServices.framework/Versions/A/Frameworks/PrintCore.framework/Versions/A/PrintCore
0x000000000b332000 	/System/Library/Frameworks/ApplicationServices.framework/Versions/A/Frameworks/QD.framework/Versions/A/QD
0x000000000b332000 	/System/Library/Frameworks/ApplicationServices.framework/Versions/A/Frameworks/SpeechSynthesis.framework/Versions/A/SpeechSynthesis
0x000000000b332000 	/System/Library/Frameworks/Metal.framework/Versions/A/Metal
0x000000000b332000 	/System/Library/Frameworks/Accelerate.framework/Versions/A/Frameworks/vImage.framework/Versions/A/vImage
0x000000000b332000 	/System/Library/Frameworks/Accelerate.framework/Versions/A/Frameworks/vecLib.framework/Versions/A/vecLib
0x000000000b332000 	/System/Library/Frameworks/Accelerate.framework/Versions/A/Frameworks/vecLib.framework/Versions/A/libvDSP.dylib
0x000000000b332000 	/System/Library/Frameworks/Accelerate.framework/Versions/A/Frameworks/vecLib.framework/Versions/A/libvMisc.dylib
0x000000000b332000 	/System/Library/Frameworks/Accelerate.framework/Versions/A/Frameworks/vecLib.framework/Versions/A/libLAPACK.dylib
0x000000000b332000 	/System/Library/Frameworks/Accelerate.framework/Versions/A/Frameworks/vecLib.framework/Versions/A/libBLAS.dylib
0x000000000b332000 	/System/Library/Frameworks/Accelerate.framework/Versions/A/Frameworks/vecLib.framework/Versions/A/libLinearAlgebra.dylib
0x000000000b332000 	/System/Library/Frameworks/Accelerate.framework/Versions/A/Frameworks/vecLib.framework/Versions/A/libSparseBLAS.dylib
0x000000000b332000 	/System/Library/PrivateFrameworks/GPUCompiler.framework/libmetal_timestamp.dylib
0x000000000b332000 	/System/Library/Frameworks/OpenGL.framework/Versions/A/Libraries/libCoreFSCache.dylib
0x000000000b332000 	/System/Library/PrivateFrameworks/IOAccelerator.framework/Versions/A/IOAccelerator
0x000000000b332000 	/System/Library/Frameworks/ApplicationServices.framework/Versions/A/Frameworks/ATS.framework/Versions/A/Resources/libFontParser.dylib
0x000000000b332000 	/System/Library/Frameworks/ApplicationServices.framework/Versions/A/Frameworks/ATS.framework/Versions/A/Resources/libFontRegistry.dylib
0x000000000b332000 	/System/Library/PrivateFrameworks/AppleVPA.framework/Versions/A/AppleVPA
0x000000000b332000 	/System/Library/PrivateFrameworks/AppleJPEG.framework/Versions/A/AppleJPEG
0x000000000b332000 	/System/Library/Frameworks/ImageIO.framework/Versions/A/Resources/libJPEG.dylib
0x000000000b332000 	/System/Library/Frameworks/ImageIO.framework/Versions/A/Resources/libTIFF.dylib
0x000000000b332000 	/System/Library/Frameworks/ImageIO.framework/Versions/A/Resources/libPng.dylib
0x000000000b332000 	/System/Library/Frameworks/ImageIO.framework/Versions/A/Resources/libGIF.dylib
0x000000000b332000 	/System/Library/Frameworks/ImageIO.framework/Versions/A/Resources/libJP2.dylib
0x000000000b332000 	/System/Library/Frameworks/ImageIO.framework/Versions/A/Resources/libRadiance.dylib
0x000000000b332000 	/System/Library/Frameworks/CoreVideo.framework/Versions/A/CoreVideo
0x000000000b332000 	/System/Library/Frameworks/OpenGL.framework/Versions/A/Libraries/libGLU.dylib
0x000000000b332000 	/System/Library/Frameworks/OpenGL.framework/Versions/A/Libraries/libGFXShared.dylib
0x000000000b332000 	/System/Library/Frameworks/OpenGL.framework/Versions/A/Libraries/libGL.dylib
0x000000000b332000 	/System/Library/Frameworks/OpenGL.framework/Versions/A/Libraries/libGLImage.dylib
0x000000000b332000 	/System/Library/Frameworks/OpenGL.framework/Versions/A/Libraries/libCVMSPluginSupport.dylib
0x000000000b332000 	/System/Library/Frameworks/OpenGL.framework/Versions/A/Libraries/libCoreVMClient.dylib
0x000000000b332000 	/usr/lib/libcups.2.dylib
0x000000000b332000 	/System/Library/Frameworks/Kerberos.framework/Versions/A/Kerberos
0x000000000b332000 	/System/Library/Frameworks/GSS.framework/Versions/A/GSS
0x000000000b332000 	/usr/lib/libresolv.9.dylib
0x000000000b332000 	/usr/lib/libiconv.2.dylib
0x000000000b332000 	/System/Library/PrivateFrameworks/Heimdal.framework/Versions/A/Heimdal
0x000000000b332000 	/usr/lib/libheimdal-asn1.dylib
0x000000000b332000 	/System/Library/Frameworks/OpenDirectory.framework/Versions/A/OpenDirectory
0x000000000b332000 	/System/Library/PrivateFrameworks/CommonAuth.framework/Versions/A/CommonAuth
0x000000000b332000 	/System/Library/Frameworks/OpenDirectory.framework/Versions/A/Frameworks/CFOpenDirectory.framework/Versions/A/CFOpenDirectory
0x000000000b332000 	/System/Library/Frameworks/SecurityFoundation.framework/Versions/A/SecurityFoundation
0x000000000b332000 	/System/Library/PrivateFrameworks/LanguageModeling.framework/Versions/A/LanguageModeling
0x000000000b332000 	/usr/lib/libmarisa.dylib
0x000000000b332000 	/usr/lib/libChineseTokenizer.dylib
0x000000000b332000 	/usr/lib/libcmph.dylib
0x000000000b332000 	/usr/lib/libcompression.dylib
0x000000000b332000 	/System/Library/Frameworks/ServiceManagement.framework/Versions/A/ServiceManagement
0x000000000b332000 	/usr/lib/libxslt.1.dylib
0x000000000b332000 	/System/Library/Frameworks/Carbon.framework/Versions/A/Frameworks/Ink.framework/Versions/A/Ink
0x000000000b332000 	/usr/lib/libFosl_dynamic.dylib
0x000000000b332000 	/System/Library/PrivateFrameworks/FaceCore.framework/Versions/A/FaceCore
0x000000000b332000 	/System/Library/Frameworks/OpenCL.framework/Versions/A/OpenCL
0x000000000b332000 	/System/Library/PrivateFrameworks/CrashReporterSupport.framework/Versions/A/CrashReporterSupport
0x000000000b332000 	/System/Library/PrivateFrameworks/IconServices.framework/Versions/A/IconServices
0x000000000b332000 	/System/Library/PrivateFrameworks/Apple80211.framework/Versions/A/Apple80211
0x000000000b332000 	/System/Library/Frameworks/CoreWLAN.framework/Versions/A/CoreWLAN
0x000000000b332000 	/System/Library/Frameworks/IOBluetooth.framework/Versions/A/IOBluetooth
0x000000000b332000 	/System/Library/PrivateFrameworks/CoreWiFi.framework/Versions/A/CoreWiFi
0x000000000b332000 	/System/Library/Frameworks/CoreBluetooth.framework/Versions/A/CoreBluetooth
0x000000000b332000 	/System/Library/PrivateFrameworks/ChunkingLibrary.framework/Versions/A/ChunkingLibrary
0x000000000b332000 	/System/Library/PrivateFrameworks/DebugSymbols.framework/Versions/A/DebugSymbols
0x000000000b332000 	/System/Library/PrivateFrameworks/CoreSymbolication.framework/Versions/A/CoreSymbolication
0x000000000b332000 	/System/Library/PrivateFrameworks/Symbolication.framework/Versions/A/Symbolication
0x000000000b332000 	/System/Library/PrivateFrameworks/SpeechRecognitionCore.framework/Versions/A/SpeechRecognitionCore
0x0000000104e00000 	/Library/Java/JavaVirtualMachines/jdk1.8.0_65.jdk/Contents/Home/jre/lib/server/libjvm.dylib
0x0000000104442000 	/usr/lib/libstdc++.6.dylib
0x00000001044f9000 	/Library/Java/JavaVirtualMachines/jdk1.8.0_65.jdk/Contents/Home/jre/lib/libverify.dylib
0x0000000104507000 	/Library/Java/JavaVirtualMachines/jdk1.8.0_65.jdk/Contents/Home/jre/lib/libjava.dylib
0x0000000104546000 	/Library/Java/JavaVirtualMachines/jdk1.8.0_65.jdk/Contents/Home/jre/lib/libzip.dylib
0x000000011b640000 	/System/Library/Frameworks/JavaVM.framework/Frameworks/JavaRuntimeSupport.framework/JavaRuntimeSupport
0x000000011b65b000 	/System/Library/Frameworks/JavaVM.framework/Versions/A/Frameworks/JavaNativeFoundation.framework/Versions/A/JavaNativeFoundation
0x000000011b670000 	/System/Library/Frameworks/JavaVM.framework/Versions/A/JavaVM
0x000000000b332000 	/System/Library/Frameworks/Carbon.framework/Versions/A/Carbon
0x000000011b67d000 	/System/Library/PrivateFrameworks/JavaLaunching.framework/Versions/A/JavaLaunching
0x000000000b332000 	/System/Library/Frameworks/Carbon.framework/Versions/A/Frameworks/CommonPanels.framework/Versions/A/CommonPanels
0x000000000b332000 	/System/Library/Frameworks/Carbon.framework/Versions/A/Frameworks/Help.framework/Versions/A/Help
0x000000000b332000 	/System/Library/Frameworks/Carbon.framework/Versions/A/Frameworks/ImageCapture.framework/Versions/A/ImageCapture
0x000000000b332000 	/System/Library/Frameworks/Carbon.framework/Versions/A/Frameworks/OpenScripting.framework/Versions/A/OpenScripting
0x000000000b332000 	/System/Library/Frameworks/Carbon.framework/Versions/A/Frameworks/Print.framework/Versions/A/Print
0x000000000b332000 	/System/Library/Frameworks/Carbon.framework/Versions/A/Frameworks/SecurityHI.framework/Versions/A/SecurityHI
0x000000011cf9c000 	/Library/Java/JavaVirtualMachines/jdk1.8.0_65.jdk/Contents/Home/jre/lib/libawt.dylib
0x000000011d044000 	/Library/Java/JavaVirtualMachines/jdk1.8.0_65.jdk/Contents/Home/jre/lib/./libmlib_image.dylib
0x000000011d110000 	/Library/Java/JavaVirtualMachines/jdk1.8.0_65.jdk/Contents/Home/jre/lib/libawt_lwawt.dylib
0x000000011d1c5000 	/Library/Java/JavaVirtualMachines/jdk1.8.0_65.jdk/Contents/Home/jre/lib/./libosxapp.dylib
0x000000000b332000 	/System/Library/Frameworks/ExceptionHandling.framework/Versions/A/ExceptionHandling
0x000000000b332000 	/System/Library/PrivateFrameworks/CoreServicesInternal.framework/Versions/A/CoreServicesInternal
0x000000000b332000 	/System/Library/Frameworks/CoreGraphics.framework/Versions/A/Resources/libRIP.A.dylib
0x000000011d993000 	/System/Library/Frameworks/Accelerate.framework/Frameworks/vImage.framework/Versions/A/Libraries/libCGInterfaces.dylib
0x000000000b332000 	/System/Library/Frameworks/CoreGraphics.framework/Versions/A/Resources/libCGXType.A.dylib
0x000000000b332000 	/System/Library/Frameworks/OpenCL.framework/Versions/A/Libraries/libcldcpuengine.dylib
0x000000000b332000 	/System/Library/PrivateFrameworks/DiskImages.framework/Versions/A/DiskImages
0x000000000b332000 	/System/Library/Frameworks/DiscRecording.framework/Versions/A/DiscRecording
0x000000000b332000 	/usr/lib/libcsfde.dylib
0x000000000b332000 	/usr/lib/libcurl.4.dylib
0x000000000b332000 	/System/Library/PrivateFrameworks/MediaKit.framework/Versions/A/MediaKit
0x000000000b332000 	/System/Library/PrivateFrameworks/ProtectedCloudStorage.framework/Versions/A/ProtectedCloudStorage
0x000000000b332000 	/usr/lib/libCoreStorage.dylib
0x000000000b332000 	/System/Library/PrivateFrameworks/EFILogin.framework/Versions/A/EFILogin
0x000000000b332000 	/usr/lib/libutil.dylib
0x000000000b332000 	/System/Library/PrivateFrameworks/FindMyDevice.framework/Versions/A/FindMyDevice
0x000000000b332000 	/System/Library/Frameworks/LDAP.framework/Versions/A/LDAP
0x000000000b332000 	/usr/lib/libsasl2.2.dylib
0x000000000b332000 	/System/Library/PrivateFrameworks/CoreDaemon.framework/Versions/B/CoreDaemon
0x000000000b332000 	/usr/lib/libcrypto.0.9.8.dylib
0x000000000b332000 	/System/Library/PrivateFrameworks/AppleSRP.framework/Versions/A/AppleSRP
0x000000000b332000 	/System/Library/PrivateFrameworks/TrustEvaluationAgent.framework/Versions/A/TrustEvaluationAgent
0x000000011e9e5000 	cl_kernels
0x000000000b332000 	/System/Library/Frameworks/OpenCL.framework/Versions/A/Libraries/ImageFormats/unorm8_bgra.dylib
0x000000000b332000 	/System/Library/Frameworks/OpenCL.framework/Versions/A/Libraries/ImageFormats/unorm8_rgba.dylib
0x000000000b332000 	/System/Library/PrivateFrameworks/FamilyControls.framework/Versions/A/FamilyControls
0x000000000b332000 	/System/Library/PrivateFrameworks/CommerceKit.framework/Versions/A/Frameworks/CommerceCore.framework/Versions/A/CommerceCore
0x000000000b332000 	/System/Library/PrivateFrameworks/SystemAdministration.framework/Versions/A/SystemAdministration
0x000000000b332000 	/System/Library/PrivateFrameworks/AppContainer.framework/Versions/A/AppContainer
0x000000000b332000 	/System/Library/PrivateFrameworks/SecCodeWrapper.framework/Versions/A/SecCodeWrapper
0x000000000b332000 	/System/Library/Frameworks/DirectoryService.framework/Versions/A/DirectoryService
0x000000000b332000 	/System/Library/PrivateFrameworks/LoginUIKit.framework/Versions/A/Frameworks/LoginUICore.framework/Versions/A/LoginUICore
0x000000000b332000 	/usr/lib/libodfde.dylib
0x000000011fa75000 	/System/Library/Frameworks/OpenGL.framework/Resources/GLEngine.bundle/GLEngine
0x000000000b332000 	/System/Library/Frameworks/OpenGL.framework/Versions/A/Libraries/libGLProgrammability.dylib
0x000000011fc5d000 	/System/Library/Extensions/AppleIntelHD5000GraphicsGLDriver.bundle/Contents/MacOS/AppleIntelHD5000GraphicsGLDriver
0x000000000b332000 	/System/Library/PrivateFrameworks/GPUSupport.framework/Versions/A/Libraries/libGPUSupportMercury.dylib
0x00000001203ad000 	/System/Library/Frameworks/OpenGL.framework/Resources//GLRendererFloat.bundle/GLRendererFloat
0x0000000120c80000 	/Library/Java/JavaVirtualMachines/jdk1.8.0_65.jdk/Contents/Home/jre/lib/libfontmanager.dylib
0x0000000122120000 	/Library/Java/JavaVirtualMachines/jdk1.8.0_65.jdk/Contents/Home/jre/lib/libosxui.dylib
0x0000000122bf2000 	/Library/Java/JavaVirtualMachines/jdk1.8.0_65.jdk/Contents/Home/jre/lib/libnet.dylib
0x0000000122ea3000 	/Library/Java/JavaVirtualMachines/jdk1.8.0_65.jdk/Contents/Home/jre/lib/libnio.dylib
0x000000000b332000 	/System/Library/Frameworks/ApplicationServices.framework/Versions/A/Frameworks/ATS.framework/Versions/A/Resources/libTrueTypeScaler.dylib
0x0000000173d7d000 	/System/Library/Extensions/AppleIntelHD5000GraphicsMTLDriver.bundle/Contents/MacOS/AppleIntelHD5000GraphicsMTLDriver
0x000000011df9d000 	/private/var/folders/94/qhk8wx9560913pcr_k2txvfh0000gn/T/jogamp_0000/file_cache/jln1730882240329008967/jln8034726232906276787/libgluegen-rt.jnilib
0x000000011dfa2000 	/private/var/folders/94/qhk8wx9560913pcr_k2txvfh0000gn/T/jogamp_0000/file_cache/jln1730882240329008967/jln8034726232906276787/libnativewindow_awt.jnilib
0x000000011dfa5000 	/Library/Java/JavaVirtualMachines/jdk1.8.0_65.jdk/Contents/Home/jre/lib/libjawt.dylib
0x000000011dfa8000 	/private/var/folders/94/qhk8wx9560913pcr_k2txvfh0000gn/T/jogamp_0000/file_cache/jln1730882240329008967/jln8034726232906276787/libnativewindow_macosx.jnilib
0x0000000175862000 	/private/var/folders/94/qhk8wx9560913pcr_k2txvfh0000gn/T/jogamp_0000/file_cache/jln1730882240329008967/jln8034726232906276787/libjogl_desktop.jnilib
0x0000000175615000 	/Library/Java/JavaVirtualMachines/jdk1.8.0_65.jdk/Contents/Home/jre/lib/libt2k.dylib

VM Arguments:
jvm_args: -Djava.security.policy=java.policy.applet -Dfile.encoding=UTF-8 
java_command: sun.applet.AppletViewer module3.EarthquakeCityMap1450135214368.html
java_class_path (initial): /Users/karenblakemore/Java/workspace/UCSDUnfoldingMaps/build:/Users/karenblakemore/Java/workspace/UCSDUnfoldingMaps/lib/core.jar:/Users/karenblakemore/Java/workspace/UCSDUnfoldingMaps/lib/gluegen-rt.jar:/Users/karenblakemore/Java/workspace/UCSDUnfoldingMaps/lib/jogl-all.jar:/Users/karenblakemore/Java/workspace/UCSDUnfoldingMaps/lib/log4j-1.2.15.jar:/Users/karenblakemore/Java/workspace/UCSDUnfoldingMaps/lib/sqlite-jdbc-3.7.2.jar:/Users/karenblakemore/Java/workspace/UCSDUnfoldingMaps/lib/json4processing.jar:/Users/karenblakemore/Java/workspace/UCSDUnfoldingMaps/lib/libTUIO.jar:/Users/karenblakemore/Java/workspace/UCSDUnfoldingMaps/lib/unfolding.0.9.7-uscd.jar
Launcher Type: SUN_STANDARD

Environment Variables:
PATH=/usr/bin:/bin:/usr/sbin:/sbin
SHELL=/bin/bash

Signal Handlers:
SIGSEGV: [libjvm.dylib+0x5a6d31], sa_mask[0]=11111111011111110111111111111111, sa_flags=SA_ONSTACK|SA_RESTART|SA_SIGINFO
SIGBUS: [libjvm.dylib+0x5a6d31], sa_mask[0]=11111111011111110111111111111111, sa_flags=SA_RESTART|SA_SIGINFO
SIGFPE: [libjvm.dylib+0x480a40], sa_mask[0]=11111111011111110111111111111111, sa_flags=SA_RESTART|SA_SIGINFO
SIGPIPE: [libjvm.dylib+0x480a40], sa_mask[0]=11111111011111110111111111111111, sa_flags=SA_RESTART|SA_SIGINFO
SIGXFSZ: [libjvm.dylib+0x480a40], sa_mask[0]=11111111011111110111111111111111, sa_flags=SA_RESTART|SA_SIGINFO
SIGILL: [libjvm.dylib+0x480a40], sa_mask[0]=11111111011111110111111111111111, sa_flags=SA_RESTART|SA_SIGINFO
SIGUSR1: SIG_DFL, sa_mask[0]=00000000000000000000000000000000, sa_flags=none
SIGUSR2: [libjvm.dylib+0x48055e], sa_mask[0]=00100000000000000000000000000000, sa_flags=SA_RESTART|SA_SIGINFO
SIGHUP: [libjvm.dylib+0x47eb35], sa_mask[0]=11111111011111110111111111111111, sa_flags=SA_RESTART|SA_SIGINFO
SIGINT: [libjvm.dylib+0x47eb35], sa_mask[0]=11111111011111110111111111111111, sa_flags=SA_RESTART|SA_SIGINFO
SIGTERM: [libjvm.dylib+0x47eb35], sa_mask[0]=11111111011111110111111111111111, sa_flags=SA_RESTART|SA_SIGINFO
SIGQUIT: [libjvm.dylib+0x47eb35], sa_mask[0]=11111111011111110111111111111111, sa_flags=SA_RESTART|SA_SIGINFO


---------------  S Y S T E M  ---------------

OS:Bsduname:Darwin 15.2.0 Darwin Kernel Version 15.2.0: Fri Nov 13 19:56:56 PST 2015; root:xnu-3248.20.55~2/RELEASE_X86_64 x86_64
rlimit: STACK 8192k, CORE 0k, NPROC 709, NOFILE 10240, AS infinity
load average:2.25 2.01 2.05

CPU:total 4 (2 cores per cpu, 2 threads per core) family 6 model 69 stepping 1, cmov, cx8, fxsr, mmx, sse, sse2, sse3, ssse3, sse4.1, sse4.2, popcnt, avx, avx2, aes, clmul, erms, lzcnt, ht, tsc, tscinvbit, bmi1, bmi2

Memory: 4k page, physical 8388608k(830132k free)

/proc/meminfo:


vm_info: Java HotSpot(TM) 64-Bit Server VM (25.65-b01) for bsd-amd64 JRE (1.8.0_65-b17), built on Oct  6 2015 15:36:46 by "java_re" with gcc 4.2.1 (Based on Apple Inc. build 5658) (LLVM build 2336.11.00)

time: Mon Dec 14 16:20:24 2015
elapsed time: 10 seconds (0d 0h 0m 10s)

