#
# A fatal error has been detected by the Java Runtime Environment:
#
#  SIGSEGV (0xb) at pc=0x00007fff8a26dd5d, pid=5523, tid=2571
#
# JRE version: Java(TM) SE Runtime Environment (8.0_65-b17) (build 1.8.0_65-b17)
# Java VM: Java HotSpot(TM) 64-Bit Server VM (25.65-b01 mixed mode bsd-amd64 compressed oops)
# Problematic frame:
# C  [libobjc.A.dylib+0x6d5d]  objc_msgSend+0x1d
#
# Failed to write core dump. Core dumps have been disabled. To enable core dumping, try "ulimit -c unlimited" before starting Java again
#
# If you would like to submit a bug report, please visit:
#   http://bugreport.java.com/bugreport/crash.jsp
# The crash happened outside the Java Virtual Machine in native code.
# See problematic frame for where to report the bug.
#

---------------  T H R E A D  ---------------

Current thread (0x00007f8cad16a800):  JavaThread "AWT-AppKit" daemon [_thread_in_native, id=2571, stack(0x00007fff53f95000,0x00007fff54795000)]

siginfo: si_signo: 11 (SIGSEGV), si_code: 1 (SEGV_MAPERR), si_addr: 0x0000000000000018

Registers:
RAX=0x00007f8caf166730, RBX=0x0000000125154450, RCX=0x0000000125054a00, RDX=0x0000000125177d60
RSP=0x00007fff54790358, RBP=0x00007fff54790410, RSI=0x00007fff8d53bd0e, RDI=0x00007f8caf1621d0
R8 =0x0000000000000000, R9 =0x0000000000000810, R10=0x00007fff8d53bd0e, R11=0x0000000000000000
R12=0x0000000000000000, R13=0x000000017c464b40, R14=0x0000000125154440, R15=0x00007f8cad16a800
RIP=0x00007fff8a26dd5d, EFLAGS=0x0000000000010246, ERR=0x0000000000000004
  TRAPNO=0x000000000000000e

Top of Stack: (sp=0x00007fff54790358)
0x00007fff54790358:   0000000125152157 00007fff547903b0
0x00007fff54790368:   0000000000000003 00007fff54790390
0x00007fff54790378:   000000010c1f19a6 000000017c464b40
0x00007fff54790388:   000000017c464b40 00007f8caf166730
0x00007fff54790398:   00000001251546a0 0000000125154710
0x00007fff547903a8:   00007fff786b0740 00007fff7673e4c0
0x00007fff547903b8:   0000000125154450 0000000125154690
0x00007fff547903c8:   00007f8caf166730 00007f8caf1621d0
0x00007fff547903d8:   00007f8caf30f610 00007f8caf166730
0x00007fff547903e8:   00007f8caf1621d0 00007fff54790498
0x00007fff547903f8:   00007f8cad16a9f8 000000017c464b40
0x00007fff54790408:   00007fff547904c0 00007fff54790488
0x00007fff54790418:   000000010cf9e954 000000017c464b40
0x00007fff54790428:   00007fff547904c0 00007fff54790488
0x00007fff54790438:   000000010cf9e6e7 000000010cf9e6a2
0x00007fff54790448:   00007fff54790448 000000017c464b40
0x00007fff54790458:   00007fff547904c0 000000017c488028
0x00007fff54790468:   0000000000000000 000000017c464b40
0x00007fff54790478:   0000000000000000 00007fff547904a8
0x00007fff54790488:   00007fff54790508 000000010cf90c4d
0x00007fff54790498:   0000000740b39230 000000010cf98578
0x00007fff547904a8:   00007f8caf166730 00007fff54790508
0x00007fff547904b8:   00007f8caf1621d0 000000010cf99d82
0x00007fff547904c8:   00007fff547904c8 000000017c464d0a
0x00007fff547904d8:   00007fff54790530 000000017c488028
0x00007fff547904e8:   0000000000000000 000000017c464d18
0x00007fff547904f8:   00007fff547904a8 00007fff54790518
0x00007fff54790508:   00007fff54790578 000000010cf90c4d
0x00007fff54790518:   00007f8caf166730 0000000740aa86c0
0x00007fff54790528:   00007f8caf1621d0 0000000740aa86c0
0x00007fff54790538:   00007fff54790538 0000000183c4c4ee
0x00007fff54790548:   00007fff54790588 0000000183c4c5a8 

Instructions: (pc=0x00007fff8a26dd5d)
0x00007fff8a26dd3d:   44 00 00 48 85 ff 2e 74 62 40 f6 c7 01 2e 75 66
0x00007fff8a26dd4d:   49 bb f8 ff ff ff ff 7f 00 00 4c 23 1f 49 89 f2
0x00007fff8a26dd5d:   45 23 53 18 49 c1 e2 04 4d 03 53 10 49 3b 32 75
0x00007fff8a26dd6d:   04 41 ff 62 08 49 83 3a 01 76 0d 49 83 c2 10 49 

Register to memory mapping:

RAX=0x00007f8caf166730 is an unknown value
RBX=0x0000000125154450: Java_jogamp_nativewindow_macosx_OSXUtil_GetScreenRefreshRate0+0x1cf0 in /private/var/folders/94/qhk8wx9560913pcr_k2txvfh0000gn/T/jogamp_0000/file_cache/jln7156784193195507429/jln2970564890601382451/libnativewindow_macosx.jnilib at 0x000000012514d000
RCX=0x0000000125054a00 is an unknown value
RDX=0x0000000125177d60 is an unknown value
RSP=0x00007fff54790358 is pointing into the stack for thread: 0x00007f8cad16a800
RBP=0x00007fff54790410 is pointing into the stack for thread: 0x00007f8cad16a800
RSI=0x00007fff8d53bd0e is an unknown value
RDI=0x00007f8caf1621d0 is an unknown value
R8 =0x0000000000000000 is an unknown value
R9 =0x0000000000000810 is an unknown value
R10=0x00007fff8d53bd0e is an unknown value
R11=0x0000000000000000 is an unknown value
R12=0x0000000000000000 is an unknown value
R13={method} {0x000000017c464b40} 'UnsetJAWTRootSurfaceLayer0' '(JJ)V' in 'jogamp/nativewindow/jawt/macosx/MacOSXJAWTWindow'
R14=0x0000000125154440: Java_jogamp_nativewindow_macosx_OSXUtil_GetScreenRefreshRate0+0x1ce0 in /private/var/folders/94/qhk8wx9560913pcr_k2txvfh0000gn/T/jogamp_0000/file_cache/jln7156784193195507429/jln2970564890601382451/libnativewindow_macosx.jnilib at 0x000000012514d000
R15=0x00007f8cad16a800 is a thread


Stack: [0x00007fff53f95000,0x00007fff54795000],  sp=0x00007fff54790358,  free space=8172k
Native frames: (J=compiled Java code, j=interpreted, Vv=VM code, C=native code)
C  [libobjc.A.dylib+0x6d5d]  objc_msgSend+0x1d
j  jogamp.nativewindow.jawt.macosx.MacOSXJAWTWindow.UnsetJAWTRootSurfaceLayer0(JJ)V+0
j  jogamp.nativewindow.jawt.macosx.MacOSXJAWTWindow.access$200(JJ)V+2
j  jogamp.nativewindow.jawt.macosx.MacOSXJAWTWindow$1.run()V+38
J 2204 C1 com.jogamp.common.util.RunnableTask.run()V (345 bytes) @ 0x000000010d724714 [0x000000010d724580+0x194]
v  ~StubRoutines::call_stub
V  [libjvm.dylib+0x2eab02]  JavaCalls::call_helper(JavaValue*, methodHandle*, JavaCallArguments*, Thread*)+0x6ae
V  [libjvm.dylib+0x321bab]  jni_invoke_nonstatic(JNIEnv_*, JavaValue*, _jobject*, JNICallType, _jmethodID*, JNI_ArgumentPusher*, Thread*)+0x2ec
V  [libjvm.dylib+0x31437f]  jni_CallVoidMethod+0x16b
C  [libnativewindow_macosx.jnilib+0x5326]  Java_jogamp_nativewindow_jawt_macosx_MacOSXJAWTWindow_UnsetJAWTRootSurfaceLayer0+0x2b6
C  [Foundation+0x7741e]  __NSThreadPerformPerform+0x117
C  [CoreFoundation+0xaa8b1]  __CFRUNLOOP_IS_CALLING_OUT_TO_A_SOURCE0_PERFORM_FUNCTION__+0x11
C  [CoreFoundation+0x8a027]  __CFRunLoopDoSources0+0x1a7
C  [CoreFoundation+0x895cf]  __CFRunLoopRun+0x39f
C  [CoreFoundation+0x88fc8]  CFRunLoopRunSpecific+0x128
C  [HIToolbox+0x30d55]  RunCurrentEventLoopInMode+0xeb
C  [HIToolbox+0x30a97]  ReceiveNextEventCommon+0xb8
C  [HIToolbox+0x309cf]  _BlockUntilNextEventMatchingListInModeWithFilter+0x47
C  [AppKit+0x49d96]  _DPSNextEvent+0x42b
C  [AppKit+0x491c5]  -[NSApplication _nextEventMatchingEventMask:untilDate:inMode:dequeue:]+0x1c6
C  [libosxapp.dylib+0x23aa]  -[NSApplicationAWT nextEventMatchingMask:untilDate:inMode:dequeue:]+0x7c
C  [AppKit+0x3dd28]  -[NSApplication run]+0x2aa
C  [libosxapp.dylib+0x214d]  +[NSApplicationAWT runAWTLoopWithApp:]+0x9c
C  [libawt_lwawt.dylib+0x44517]  -[AWTStarter starter:]+0x389
C  [Foundation+0x7741e]  __NSThreadPerformPerform+0x117
C  [CoreFoundation+0xaa8b1]  __CFRUNLOOP_IS_CALLING_OUT_TO_A_SOURCE0_PERFORM_FUNCTION__+0x11
C  [CoreFoundation+0x8a0ac]  __CFRunLoopDoSources0+0x22c
C  [CoreFoundation+0x895cf]  __CFRunLoopRun+0x39f
C  [CoreFoundation+0x88fc8]  CFRunLoopRunSpecific+0x128
C  [java+0x6463]  CreateExecutionEnvironment+0x367
C  [java+0x21ac]  JLI_Launch+0x7a0
C  [java+0x84c0]  main+0x65
C  [java+0x1a04]  start+0x34
C  0x0000000000000007

Java frames: (J=compiled Java code, j=interpreted, Vv=VM code)
j  jogamp.nativewindow.jawt.macosx.MacOSXJAWTWindow.UnsetJAWTRootSurfaceLayer0(JJ)V+0
j  jogamp.nativewindow.jawt.macosx.MacOSXJAWTWindow.access$200(JJ)V+2
j  jogamp.nativewindow.jawt.macosx.MacOSXJAWTWindow$1.run()V+38
J 2204 C1 com.jogamp.common.util.RunnableTask.run()V (345 bytes) @ 0x000000010d724714 [0x000000010d724580+0x194]
v  ~StubRoutines::call_stub

---------------  P R O C E S S  ---------------

Java Threads: ( => current thread )
  0x00007f8cac989800 JavaThread "Thread-19" [_thread_blocked, id=66715, stack(0x000070000104a000,0x000070000114a000)]
  0x00007f8cad473000 JavaThread "Animation Thread" [_thread_blocked, id=58923, stack(0x00007000017e8000,0x00007000018e8000)]
  0x00007f8cac0b5000 JavaThread "AWT-EventQueue-1" [_thread_in_native, id=59439, stack(0x00007000018eb000,0x00007000019eb000)]
  0x00007f8cac002800 JavaThread "DestroyJavaVM" [_thread_blocked, id=5891, stack(0x000070000011a000,0x000070000021a000)]
  0x00007f8cad2aa800 JavaThread "AWT-EventQueue-0" [_thread_blocked, id=56835, stack(0x00007000016e5000,0x00007000017e5000)]
  0x00007f8cac096000 JavaThread "Java2D Disposer" daemon [_thread_blocked, id=53507, stack(0x000070000145c000,0x000070000155c000)]
  0x00007f8cac9b1000 JavaThread "Java2D Queue Flusher" daemon [_thread_blocked, id=50439, stack(0x0000700001359000,0x0000700001459000)]
  0x00007f8cac91a000 JavaThread "AWT-Shutdown" [_thread_blocked, id=29971, stack(0x00007000011d3000,0x00007000012d3000)]
=>0x00007f8cad16a800 JavaThread "AWT-AppKit" daemon [_thread_in_native, id=2571, stack(0x00007fff53f95000,0x00007fff54795000)]
  0x00007f8cad030000 JavaThread "Service Thread" daemon [_thread_blocked, id=18691, stack(0x0000700000e44000,0x0000700000f44000)]
  0x00007f8cad025000 JavaThread "C1 CompilerThread2" daemon [_thread_blocked, id=18179, stack(0x0000700000d41000,0x0000700000e41000)]
  0x00007f8cad020000 JavaThread "C2 CompilerThread1" daemon [_thread_blocked, id=17667, stack(0x0000700000c3e000,0x0000700000d3e000)]
  0x00007f8cac82e000 JavaThread "C2 CompilerThread0" daemon [_thread_blocked, id=17155, stack(0x0000700000b3b000,0x0000700000c3b000)]
  0x00007f8cac004000 JavaThread "Signal Dispatcher" daemon [_thread_blocked, id=13839, stack(0x0000700000a38000,0x0000700000b38000)]
  0x00007f8cad019000 JavaThread "Finalizer" daemon [_thread_blocked, id=12291, stack(0x000070000082f000,0x000070000092f000)]
  0x00007f8cad018800 JavaThread "Reference Handler" daemon [_thread_blocked, id=11779, stack(0x000070000072c000,0x000070000082c000)]

Other Threads:
  0x00007f8cac843800 VMThread [stack: 0x0000700000629000,0x0000700000729000] [id=11267]
  0x00007f8cab80f000 WatcherThread [stack: 0x0000700000f47000,0x0000700001047000] [id=19203]

VM state:not at safepoint (normal execution)

VM Mutex/Monitor currently owned by a thread: None

Heap:
 PSYoungGen      total 42496K, used 1388K [0x0000000795580000, 0x0000000798d00000, 0x00000007c0000000)
  eden space 29184K, 4% used [0x0000000795580000,0x00000007956db350,0x0000000797200000)
  from space 13312K, 0% used [0x0000000798000000,0x0000000798000000,0x0000000798d00000)
  to   space 13824K, 0% used [0x0000000797200000,0x0000000797200000,0x0000000797f80000)
 ParOldGen       total 55296K, used 15779K [0x0000000740000000, 0x0000000743600000, 0x0000000795580000)
  object space 55296K, 28% used [0x0000000740000000,0x0000000740f68eb0,0x0000000743600000)
 Metaspace       used 20970K, capacity 21179K, committed 21552K, reserved 1069056K
  class space    used 2027K, capacity 2110K, committed 2176K, reserved 1048576K

Card table byte_map: [0x000000011c349000,0x000000011c74a000] byte_map_base: 0x0000000118949000

Marking Bits: (ParMarkBitMap*) 0x000000010c8dee20
 Begin Bits: [0x000000011c9f5000, 0x000000011e9f5000)
 End Bits:   [0x000000011e9f5000, 0x00000001209f5000)

Polling page: 0x000000010b72e000

CodeCache: size=245760Kb used=10044Kb max_used=10057Kb free=235715Kb
 bounds [0x000000010cf89000, 0x000000010d979000, 0x000000011bf89000]
 total_blobs=3599 nmethods=2711 adapters=801
 compilation: enabled

Compilation events (10 events):
Event: 68.429 Thread 0x00007f8cac82e000 nmethod 2743 0x000000010d9660d0 code [0x000000010d966480, 0x000000010d9681c8]
Event: 68.429 Thread 0x00007f8cac82e000 2744       4       java.awt.EventDispatchThread$HierarchyEventFilter::acceptEvent (225 bytes)
Event: 68.430 Thread 0x00007f8cac82e000 nmethod 2744 0x000000010d0a5490 code [0x000000010d0a55e0, 0x000000010d0a5678]
Event: 68.579 Thread 0x00007f8cad020000 nmethod 2742 0x000000010d96e910 code [0x000000010d96ee20, 0x000000010d971c20]
Event: 69.733 Thread 0x00007f8cac82e000 2745  s    4       sun.misc.URLClassPath::getNextLoader (88 bytes)
Event: 69.735 Thread 0x00007f8cad025000 2746  s!   2       sun.misc.URLClassPath::getLoader (197 bytes)
Event: 69.738 Thread 0x00007f8cad025000 nmethod 2746 0x000000010d95bc10 code [0x000000010d95bf00, 0x000000010d95d608]
Event: 69.738 Thread 0x00007f8cad025000 2747       1       sun.java2d.SurfaceData::isValid (5 bytes)
Event: 69.738 Thread 0x00007f8cad025000 nmethod 2747 0x000000010d112490 code [0x000000010d1125e0, 0x000000010d1126f0]
Event: 69.739 Thread 0x00007f8cac82e000 nmethod 2745 0x000000010d09a890 code [0x000000010d09aa00, 0x000000010d09b178]

GC Heap History (10 events):
Event: 53.642 GC heap before
{Heap before GC invocations=9 (full 0):
 PSYoungGen      total 45056K, used 31392K [0x0000000795580000, 0x0000000799000000, 0x00000007c0000000)
  eden space 31232K, 100% used [0x0000000795580000,0x0000000797400000,0x0000000797400000)
  from space 13824K, 1% used [0x0000000798200000,0x0000000798228000,0x0000000798f80000)
  to   space 14336K, 0% used [0x0000000797400000,0x0000000797400000,0x0000000798200000)
 ParOldGen       total 87552K, used 17460K [0x0000000740000000, 0x0000000745580000, 0x0000000795580000)
  object space 87552K, 19% used [0x0000000740000000,0x000000074110d018,0x0000000745580000)
 Metaspace       used 20947K, capacity 21115K, committed 21296K, reserved 1069056K
  class space    used 2020K, capacity 2110K, committed 2176K, reserved 1048576K
Event: 53.643 GC heap after
Heap after GC invocations=9 (full 0):
 PSYoungGen      total 31232K, used 128K [0x0000000795580000, 0x0000000798f80000, 0x00000007c0000000)
  eden space 30720K, 0% used [0x0000000795580000,0x0000000795580000,0x0000000797380000)
  from space 512K, 25% used [0x0000000797400000,0x0000000797420000,0x0000000797480000)
  to   space 14336K, 0% used [0x0000000798180000,0x0000000798180000,0x0000000798f80000)
 ParOldGen       total 87552K, used 17540K [0x0000000740000000, 0x0000000745580000, 0x0000000795580000)
  object space 87552K, 20% used [0x0000000740000000,0x0000000741121018,0x0000000745580000)
 Metaspace       used 20947K, capacity 21115K, committed 21296K, reserved 1069056K
  class space    used 2020K, capacity 2110K, committed 2176K, reserved 1048576K
}
Event: 61.348 GC heap before
{Heap before GC invocations=10 (full 0):
 PSYoungGen      total 31232K, used 30848K [0x0000000795580000, 0x0000000798f80000, 0x00000007c0000000)
  eden space 30720K, 100% used [0x0000000795580000,0x0000000797380000,0x0000000797380000)
  from space 512K, 25% used [0x0000000797400000,0x0000000797420000,0x0000000797480000)
  to   space 14336K, 0% used [0x0000000798180000,0x0000000798180000,0x0000000798f80000)
 ParOldGen       total 87552K, used 17540K [0x0000000740000000, 0x0000000745580000, 0x0000000795580000)
  object space 87552K, 20% used [0x0000000740000000,0x0000000741121018,0x0000000745580000)
 Metaspace       used 20947K, capacity 21115K, committed 21296K, reserved 1069056K
  class space    used 2020K, capacity 2110K, committed 2176K, reserved 1048576K
Event: 61.350 GC heap after
Heap after GC invocations=10 (full 0):
 PSYoungGen      total 44032K, used 128K [0x0000000795580000, 0x0000000798f00000, 0x00000007c0000000)
  eden space 30208K, 0% used [0x0000000795580000,0x0000000795580000,0x0000000797300000)
  from space 13824K, 0% used [0x0000000798180000,0x00000007981a0000,0x0000000798f00000)
  to   space 14336K, 0% used [0x0000000797300000,0x0000000797300000,0x0000000798100000)
 ParOldGen       total 87552K, used 17556K [0x0000000740000000, 0x0000000745580000, 0x0000000795580000)
  object space 87552K, 20% used [0x0000000740000000,0x0000000741125018,0x0000000745580000)
 Metaspace       used 20947K, capacity 21115K, committed 21296K, reserved 1069056K
  class space    used 2020K, capacity 2110K, committed 2176K, reserved 1048576K
}
Event: 68.982 GC heap before
{Heap before GC invocations=11 (full 0):
 PSYoungGen      total 44032K, used 30336K [0x0000000795580000, 0x0000000798f00000, 0x00000007c0000000)
  eden space 30208K, 100% used [0x0000000795580000,0x0000000797300000,0x0000000797300000)
  from space 13824K, 0% used [0x0000000798180000,0x00000007981a0000,0x0000000798f00000)
  to   space 14336K, 0% used [0x0000000797300000,0x0000000797300000,0x0000000798100000)
 ParOldGen       total 87552K, used 17556K [0x0000000740000000, 0x0000000745580000, 0x0000000795580000)
  object space 87552K, 20% used [0x0000000740000000,0x0000000741125018,0x0000000745580000)
 Metaspace       used 20947K, capacity 21115K, committed 21296K, reserved 1069056K
  class space    used 2020K, capacity 2110K, committed 2176K, reserved 1048576K
Event: 68.983 GC heap after
Heap after GC invocations=11 (full 0):
 PSYoungGen      total 30208K, used 128K [0x0000000795580000, 0x0000000798d80000, 0x00000007c0000000)
  eden space 29696K, 0% used [0x0000000795580000,0x0000000795580000,0x0000000797280000)
  from space 512K, 25% used [0x0000000797300000,0x0000000797320000,0x0000000797380000)
  to   space 13824K, 0% used [0x0000000798000000,0x0000000798000000,0x0000000798d80000)
 ParOldGen       total 87552K, used 17572K [0x0000000740000000, 0x0000000745580000, 0x0000000795580000)
  object space 87552K, 20% used [0x0000000740000000,0x0000000741129018,0x0000000745580000)
 Metaspace       used 20947K, capacity 21115K, committed 21296K, reserved 1069056K
  class space    used 2020K, capacity 2110K, committed 2176K, reserved 1048576K
}
Event: 69.632 GC heap before
{Heap before GC invocations=12 (full 0):
 PSYoungGen      total 30208K, used 3669K [0x0000000795580000, 0x0000000798d80000, 0x00000007c0000000)
  eden space 29696K, 11% used [0x0000000795580000,0x00000007958f5470,0x0000000797280000)
  from space 512K, 25% used [0x0000000797300000,0x0000000797320000,0x0000000797380000)
  to   space 13824K, 0% used [0x0000000798000000,0x0000000798000000,0x0000000798d80000)
 ParOldGen       total 87552K, used 17572K [0x0000000740000000, 0x0000000745580000, 0x0000000795580000)
  object space 87552K, 20% used [0x0000000740000000,0x0000000741129018,0x0000000745580000)
 Metaspace       used 20952K, capacity 21115K, committed 21296K, reserved 1069056K
  class space    used 2022K, capacity 2110K, committed 2176K, reserved 1048576K
Event: 69.634 GC heap after
Heap after GC invocations=12 (full 0):
 PSYoungGen      total 42496K, used 64K [0x0000000795580000, 0x0000000798d00000, 0x00000007c0000000)
  eden space 29184K, 0% used [0x0000000795580000,0x0000000795580000,0x0000000797200000)
  from space 13312K, 0% used [0x0000000798000000,0x0000000798010000,0x0000000798d00000)
  to   space 13824K, 0% used [0x0000000797200000,0x0000000797200000,0x0000000797f80000)
 ParOldGen       total 87552K, used 17588K [0x0000000740000000, 0x0000000745580000, 0x0000000795580000)
  object space 87552K, 20% used [0x0000000740000000,0x000000074112d018,0x0000000745580000)
 Metaspace       used 20952K, capacity 21115K, committed 21296K, reserved 1069056K
  class space    used 2022K, capacity 2110K, committed 2176K, reserved 1048576K
}
Event: 69.634 GC heap before
{Heap before GC invocations=13 (full 1):
 PSYoungGen      total 42496K, used 64K [0x0000000795580000, 0x0000000798d00000, 0x00000007c0000000)
  eden space 29184K, 0% used [0x0000000795580000,0x0000000795580000,0x0000000797200000)
  from space 13312K, 0% used [0x0000000798000000,0x0000000798010000,0x0000000798d00000)
  to   space 13824K, 0% used [0x0000000797200000,0x0000000797200000,0x0000000797f80000)
 ParOldGen       total 87552K, used 17588K [0x0000000740000000, 0x0000000745580000, 0x0000000795580000)
  object space 87552K, 20% used [0x0000000740000000,0x000000074112d018,0x0000000745580000)
 Metaspace       used 20952K, capacity 21115K, committed 21296K, reserved 1069056K
  class space    used 2022K, capacity 2110K, committed 2176K, reserved 1048576K
Event: 69.716 GC heap after
Heap after GC invocations=13 (full 1):
 PSYoungGen      total 42496K, used 0K [0x0000000795580000, 0x0000000798d00000, 0x00000007c0000000)
  eden space 29184K, 0% used [0x0000000795580000,0x0000000795580000,0x0000000797200000)
  from space 13312K, 0% used [0x0000000798000000,0x0000000798000000,0x0000000798d00000)
  to   space 13824K, 0% used [0x0000000797200000,0x0000000797200000,0x0000000797f80000)
 ParOldGen       total 55296K, used 15779K [0x0000000740000000, 0x0000000743600000, 0x0000000795580000)
  object space 55296K, 28% used [0x0000000740000000,0x0000000740f68eb0,0x0000000743600000)
 Metaspace       used 20952K, capacity 21115K, committed 21296K, reserved 1069056K
  class space    used 2022K, capacity 2110K, committed 2176K, reserved 1048576K
}

Deoptimization events (10 events):
Event: 69.618 Thread 0x00007f8cac0b5000 Uncommon trap: reason=speculate_class_check action=maybe_recompile pc=0x000000010d960520 method=java.awt.EventQueue.coalesceEvent(Ljava/awt/AWTEvent;I)Z @ 53
Event: 69.620 Thread 0x00007f8cad2aa800 Uncommon trap: reason=unstable_if action=reinterpret pc=0x000000010d960478 method=java.awt.EventQueue.getPriority(Ljava/awt/AWTEvent;)I @ 71
Event: 69.621 Thread 0x00007f8cad2aa800 Uncommon trap: reason=unstable_if action=reinterpret pc=0x000000010d932350 method=sun.java2d.pipe.Region.intersectsQuickCheck(Lsun/java2d/pipe/Region;)Z @ 41
Event: 69.621 Thread 0x00007f8cad2aa800 Uncommon trap: reason=unstable_if action=reinterpret pc=0x000000010d740df4 method=java.awt.font.FontRenderContext.equals(Ljava/awt/font/FontRenderContext;)Z @ 2
Event: 69.621 Thread 0x00007f8cad2aa800 Uncommon trap: reason=unstable_if action=reinterpret pc=0x000000010d735094 method=java.awt.Font.equals(Ljava/lang/Object;)Z @ 2
Event: 69.631 Thread 0x00007f8cad223800 Uncommon trap: reason=unstable_if action=reinterpret pc=0x000000010d7ae2d4 method=java.util.HashMap.putVal(ILjava/lang/Object;Ljava/lang/Object;ZZ)Ljava/lang/Object; @ 81
Event: 69.717 Thread 0x00007f8cad2aa800 Uncommon trap: reason=unstable_if action=reinterpret pc=0x000000010d71e1b8 method=java.awt.font.FontRenderContext.equals(Ljava/awt/font/FontRenderContext;)Z @ 2
Event: 69.734 Thread 0x00007f8cac0b5000 Uncommon trap: reason=unstable_if action=reinterpret pc=0x000000010d90d018 method=java.util.LinkedList$ListItr.<init>(Ljava/util/LinkedList;I)V @ 26
Event: 69.734 Thread 0x00007f8cac0b5000 Uncommon trap: reason=unstable_if action=reinterpret pc=0x000000010d764adc method=java.security.AccessControlContext.optimize()Ljava/security/AccessControlContext; @ 233
Event: 69.736 Thread 0x00007f8cac0b5000 Uncommon trap: reason=unstable_if action=reinterpret pc=0x000000010d9130c4 method=java.util.LinkedList$ListItr.<init>(Ljava/util/LinkedList;I)V @ 26

Internal exceptions (10 events):
Event: 0.126 Thread 0x00007f8cac002800 Exception <a 'java/lang/NoSuchFieldError': method resolution failed> (0x000000079582ae20) thrown at [/Users/java_re/workspace/8-2-build-macosx-x86_64/jdk8u65/4987/hotspot/src/share/vm/prims/methodHandles.cpp, line 1146]
Event: 0.128 Thread 0x00007f8cac002800 Exception <a 'java/lang/NoSuchFieldError': method resolution failed> (0x00000007958385f0) thrown at [/Users/java_re/workspace/8-2-build-macosx-x86_64/jdk8u65/4987/hotspot/src/share/vm/prims/methodHandles.cpp, line 1146]
Event: 0.265 Thread 0x00007f8cac002800 Exception <a 'java/io/FileNotFoundException'> (0x00000007958b4420) thrown at [/Users/java_re/workspace/8-2-build-macosx-x86_64/jdk8u65/4987/hotspot/src/share/vm/prims/jni.cpp, line 709]
Event: 0.265 Thread 0x00007f8cac002800 Exception <a 'java/io/FileNotFoundException'> (0x00000007958b4fa8) thrown at [/Users/java_re/workspace/8-2-build-macosx-x86_64/jdk8u65/4987/hotspot/src/share/vm/prims/jni.cpp, line 709]
Event: 0.350 Thread 0x00007f8cac002800 Exception <a 'java/io/FileNotFoundException'> (0x00000007959f0ef8) thrown at [/Users/java_re/workspace/8-2-build-macosx-x86_64/jdk8u65/4987/hotspot/src/share/vm/prims/jni.cpp, line 709]
Event: 1.538 Thread 0x00007f8cad473000 Exception <a 'java/lang/UnsatisfiedLinkError': com.jogamp.common.util.JarUtil.fixNativeLibAttribs(Ljava/lang/String;)Z> (0x0000000796b22228) thrown at [/Users/java_re/workspace/8-2-build-macosx-x86_64/jdk8u65/4987/hotspot/src/share/vm/prims/nativeLookup.c
Event: 1.801 Thread 0x00007f8cad019000 Exception <a 'java/lang/NullPointerException'> (0x00000007956a5fb0) thrown at [/Users/java_re/workspace/8-2-build-macosx-x86_64/jdk8u65/4987/hotspot/src/share/vm/interpreter/linkResolver.cpp, line 1178]
Event: 2.288 Thread 0x00007f8cac0b5000 Exception <a 'java/io/FileNotFoundException'> (0x0000000795eeebf0) thrown at [/Users/java_re/workspace/8-2-build-macosx-x86_64/jdk8u65/4987/hotspot/src/share/vm/prims/jni.cpp, line 709]
Event: 2.288 Thread 0x00007f8cac0b5000 Exception <a 'java/io/FileNotFoundException'> (0x0000000795ef4f90) thrown at [/Users/java_re/workspace/8-2-build-macosx-x86_64/jdk8u65/4987/hotspot/src/share/vm/prims/jni.cpp, line 709]
Event: 2.288 Thread 0x00007f8cac0b5000 Implicit null exception at 0x000000010d12e9b5 to 0x000000010d12ed19

Events (10 events):
Event: 69.735 Executing VM operation: Deoptimize
Event: 69.735 Executing VM operation: Deoptimize done
Event: 69.735 loading class java/awt/Toolkit$ToolkitEventMulticaster
Event: 69.736 loading class java/awt/Toolkit$ToolkitEventMulticaster done
Event: 69.736 Thread 0x00007f8cac0b5000 Uncommon trap: trap_request=0xffffff65 fr.pc=0x000000010d9130c4
Event: 69.736 Thread 0x00007f8cac0b5000 DEOPT PACKING pc=0x000000010d9130c4 sp=0x00007000019e8ab0
Event: 69.736 Thread 0x00007f8cac0b5000 DEOPT UNPACKING pc=0x000000010cf8e229 sp=0x00007000019e8a08 mode 2
Event: 69.736 Thread 0x00007f8cad223800 Thread exited: 0x00007f8cad223800
Event: 69.737 loading class java/awt/Window$1DisposeAction
Event: 69.737 loading class java/awt/Window$1DisposeAction done


Dynamic libraries:
0x000000000568b000 	/System/Library/Frameworks/Cocoa.framework/Versions/A/Cocoa
0x000000000568b000 	/System/Library/Frameworks/Security.framework/Versions/A/Security
0x000000000568b000 	/System/Library/Frameworks/ApplicationServices.framework/Versions/A/ApplicationServices
0x000000000568b000 	/usr/lib/libz.1.dylib
0x000000000568b000 	/usr/lib/libSystem.B.dylib
0x000000000568b000 	/usr/lib/libobjc.A.dylib
0x000000000568b000 	/System/Library/Frameworks/CoreFoundation.framework/Versions/A/CoreFoundation
0x000000000568b000 	/System/Library/Frameworks/Foundation.framework/Versions/C/Foundation
0x000000000568b000 	/System/Library/Frameworks/AppKit.framework/Versions/C/AppKit
0x000000000568b000 	/System/Library/Frameworks/CoreData.framework/Versions/A/CoreData
0x000000000568b000 	/System/Library/PrivateFrameworks/RemoteViewServices.framework/Versions/A/RemoteViewServices
0x000000000568b000 	/System/Library/PrivateFrameworks/UIFoundation.framework/Versions/A/UIFoundation
0x000000000568b000 	/usr/lib/libScreenReader.dylib
0x000000000568b000 	/System/Library/Frameworks/Accelerate.framework/Versions/A/Accelerate
0x000000000568b000 	/System/Library/Frameworks/IOSurface.framework/Versions/A/IOSurface
0x000000000568b000 	/System/Library/Frameworks/AudioToolbox.framework/Versions/A/AudioToolbox
0x000000000568b000 	/System/Library/Frameworks/AudioUnit.framework/Versions/A/AudioUnit
0x000000000568b000 	/System/Library/PrivateFrameworks/DataDetectorsCore.framework/Versions/A/DataDetectorsCore
0x000000000568b000 	/System/Library/PrivateFrameworks/DesktopServicesPriv.framework/Versions/A/DesktopServicesPriv
0x000000000568b000 	/System/Library/Frameworks/Carbon.framework/Versions/A/Frameworks/HIToolbox.framework/Versions/A/HIToolbox
0x000000000568b000 	/System/Library/Frameworks/QuartzCore.framework/Versions/A/QuartzCore
0x000000000568b000 	/System/Library/Frameworks/Carbon.framework/Versions/A/Frameworks/SpeechRecognition.framework/Versions/A/SpeechRecognition
0x000000000568b000 	/usr/lib/libauto.dylib
0x000000000568b000 	/usr/lib/libicucore.A.dylib
0x000000000568b000 	/usr/lib/libxml2.2.dylib
0x000000000568b000 	/System/Library/PrivateFrameworks/CoreUI.framework/Versions/A/CoreUI
0x000000000568b000 	/System/Library/Frameworks/CoreAudio.framework/Versions/A/CoreAudio
0x000000000568b000 	/System/Library/Frameworks/DiskArbitration.framework/Versions/A/DiskArbitration
0x000000000568b000 	/usr/lib/liblangid.dylib
0x000000000568b000 	/System/Library/PrivateFrameworks/MultitouchSupport.framework/Versions/A/MultitouchSupport
0x000000000568b000 	/System/Library/Frameworks/IOKit.framework/Versions/A/IOKit
0x000000000568b000 	/usr/lib/libDiagnosticMessagesClient.dylib
0x000000000568b000 	/System/Library/Frameworks/CoreServices.framework/Versions/A/CoreServices
0x000000000568b000 	/System/Library/PrivateFrameworks/PerformanceAnalysis.framework/Versions/A/PerformanceAnalysis
0x000000000568b000 	/System/Library/PrivateFrameworks/GenerationalStorage.framework/Versions/A/GenerationalStorage
0x000000000568b000 	/System/Library/Frameworks/OpenGL.framework/Versions/A/OpenGL
0x000000000568b000 	/System/Library/PrivateFrameworks/Sharing.framework/Versions/A/Sharing
0x000000000568b000 	/System/Library/Frameworks/CoreGraphics.framework/Versions/A/CoreGraphics
0x000000000568b000 	/System/Library/Frameworks/CoreImage.framework/Versions/A/CoreImage
0x000000000568b000 	/System/Library/Frameworks/CoreText.framework/Versions/A/CoreText
0x000000000568b000 	/System/Library/Frameworks/ImageIO.framework/Versions/A/ImageIO
0x000000000568b000 	/System/Library/PrivateFrameworks/Backup.framework/Versions/A/Backup
0x000000000568b000 	/usr/lib/libextension.dylib
0x000000000568b000 	/usr/lib/libarchive.2.dylib
0x000000000568b000 	/System/Library/Frameworks/CFNetwork.framework/Versions/A/CFNetwork
0x000000000568b000 	/System/Library/Frameworks/SystemConfiguration.framework/Versions/A/SystemConfiguration
0x000000000568b000 	/usr/lib/libCRFSuite.dylib
0x000000000568b000 	/usr/lib/libc++.1.dylib
0x000000000568b000 	/usr/lib/libc++abi.dylib
0x000000000568b000 	/usr/lib/system/libcache.dylib
0x000000000568b000 	/usr/lib/system/libcommonCrypto.dylib
0x000000000568b000 	/usr/lib/system/libcompiler_rt.dylib
0x000000000568b000 	/usr/lib/system/libcopyfile.dylib
0x000000000568b000 	/usr/lib/system/libcorecrypto.dylib
0x000000000568b000 	/usr/lib/system/libdispatch.dylib
0x000000000568b000 	/usr/lib/system/libdyld.dylib
0x000000000568b000 	/usr/lib/system/libkeymgr.dylib
0x000000000568b000 	/usr/lib/system/liblaunch.dylib
0x000000000568b000 	/usr/lib/system/libmacho.dylib
0x000000000568b000 	/usr/lib/system/libquarantine.dylib
0x000000000568b000 	/usr/lib/system/libremovefile.dylib
0x000000000568b000 	/usr/lib/system/libsystem_asl.dylib
0x000000000568b000 	/usr/lib/system/libsystem_blocks.dylib
0x000000000568b000 	/usr/lib/system/libsystem_c.dylib
0x000000000568b000 	/usr/lib/system/libsystem_configuration.dylib
0x000000000568b000 	/usr/lib/system/libsystem_coreservices.dylib
0x000000000568b000 	/usr/lib/system/libsystem_coretls.dylib
0x000000000568b000 	/usr/lib/system/libsystem_dnssd.dylib
0x000000000568b000 	/usr/lib/system/libsystem_info.dylib
0x000000000568b000 	/usr/lib/system/libsystem_kernel.dylib
0x000000000568b000 	/usr/lib/system/libsystem_m.dylib
0x000000000568b000 	/usr/lib/system/libsystem_malloc.dylib
0x000000000568b000 	/usr/lib/system/libsystem_network.dylib
0x000000000568b000 	/usr/lib/system/libsystem_networkextension.dylib
0x000000000568b000 	/usr/lib/system/libsystem_notify.dylib
0x000000000568b000 	/usr/lib/system/libsystem_platform.dylib
0x000000000568b000 	/usr/lib/system/libsystem_pthread.dylib
0x000000000568b000 	/usr/lib/system/libsystem_sandbox.dylib
0x000000000568b000 	/usr/lib/system/libsystem_secinit.dylib
0x000000000568b000 	/usr/lib/system/libsystem_trace.dylib
0x000000000568b000 	/usr/lib/system/libunc.dylib
0x000000000568b000 	/usr/lib/system/libunwind.dylib
0x000000000568b000 	/usr/lib/system/libxpc.dylib
0x000000000568b000 	/usr/lib/libenergytrace.dylib
0x000000000568b000 	/usr/lib/libbsm.0.dylib
0x000000000568b000 	/usr/lib/system/libkxld.dylib
0x000000000568b000 	/usr/lib/libxar.1.dylib
0x000000000568b000 	/usr/lib/libsqlite3.dylib
0x000000000568b000 	/usr/lib/libpam.2.dylib
0x000000000568b000 	/usr/lib/libOpenScriptingUtil.dylib
0x000000000568b000 	/usr/lib/libbz2.1.0.dylib
0x000000000568b000 	/usr/lib/liblzma.5.dylib
0x000000000568b000 	/System/Library/Frameworks/CoreServices.framework/Versions/A/Frameworks/FSEvents.framework/Versions/A/FSEvents
0x000000000568b000 	/System/Library/Frameworks/CoreServices.framework/Versions/A/Frameworks/CarbonCore.framework/Versions/A/CarbonCore
0x000000000568b000 	/System/Library/Frameworks/CoreServices.framework/Versions/A/Frameworks/Metadata.framework/Versions/A/Metadata
0x000000000568b000 	/System/Library/Frameworks/CoreServices.framework/Versions/A/Frameworks/OSServices.framework/Versions/A/OSServices
0x000000000568b000 	/System/Library/Frameworks/CoreServices.framework/Versions/A/Frameworks/SearchKit.framework/Versions/A/SearchKit
0x000000000568b000 	/System/Library/Frameworks/CoreServices.framework/Versions/A/Frameworks/AE.framework/Versions/A/AE
0x000000000568b000 	/System/Library/Frameworks/CoreServices.framework/Versions/A/Frameworks/LaunchServices.framework/Versions/A/LaunchServices
0x000000000568b000 	/System/Library/Frameworks/CoreServices.framework/Versions/A/Frameworks/DictionaryServices.framework/Versions/A/DictionaryServices
0x000000000568b000 	/System/Library/Frameworks/CoreServices.framework/Versions/A/Frameworks/SharedFileList.framework/Versions/A/SharedFileList
0x000000000568b000 	/System/Library/Frameworks/NetFS.framework/Versions/A/NetFS
0x000000000568b000 	/System/Library/PrivateFrameworks/NetAuth.framework/Versions/A/NetAuth
0x000000000568b000 	/System/Library/PrivateFrameworks/login.framework/Versions/A/Frameworks/loginsupport.framework/Versions/A/loginsupport
0x000000000568b000 	/System/Library/PrivateFrameworks/TCC.framework/Versions/A/TCC
0x000000000568b000 	/usr/lib/libmecabra.dylib
0x000000000568b000 	/System/Library/Frameworks/ApplicationServices.framework/Versions/A/Frameworks/ATS.framework/Versions/A/ATS
0x000000000568b000 	/System/Library/Frameworks/ApplicationServices.framework/Versions/A/Frameworks/ColorSync.framework/Versions/A/ColorSync
0x000000000568b000 	/System/Library/Frameworks/ApplicationServices.framework/Versions/A/Frameworks/HIServices.framework/Versions/A/HIServices
0x000000000568b000 	/System/Library/Frameworks/ApplicationServices.framework/Versions/A/Frameworks/LangAnalysis.framework/Versions/A/LangAnalysis
0x000000000568b000 	/System/Library/Frameworks/ApplicationServices.framework/Versions/A/Frameworks/PrintCore.framework/Versions/A/PrintCore
0x000000000568b000 	/System/Library/Frameworks/ApplicationServices.framework/Versions/A/Frameworks/QD.framework/Versions/A/QD
0x000000000568b000 	/System/Library/Frameworks/ApplicationServices.framework/Versions/A/Frameworks/SpeechSynthesis.framework/Versions/A/SpeechSynthesis
0x000000000568b000 	/System/Library/Frameworks/Metal.framework/Versions/A/Metal
0x000000000568b000 	/System/Library/Frameworks/Accelerate.framework/Versions/A/Frameworks/vImage.framework/Versions/A/vImage
0x000000000568b000 	/System/Library/Frameworks/Accelerate.framework/Versions/A/Frameworks/vecLib.framework/Versions/A/vecLib
0x000000000568b000 	/System/Library/Frameworks/Accelerate.framework/Versions/A/Frameworks/vecLib.framework/Versions/A/libvDSP.dylib
0x000000000568b000 	/System/Library/Frameworks/Accelerate.framework/Versions/A/Frameworks/vecLib.framework/Versions/A/libvMisc.dylib
0x000000000568b000 	/System/Library/Frameworks/Accelerate.framework/Versions/A/Frameworks/vecLib.framework/Versions/A/libLAPACK.dylib
0x000000000568b000 	/System/Library/Frameworks/Accelerate.framework/Versions/A/Frameworks/vecLib.framework/Versions/A/libBLAS.dylib
0x000000000568b000 	/System/Library/Frameworks/Accelerate.framework/Versions/A/Frameworks/vecLib.framework/Versions/A/libLinearAlgebra.dylib
0x000000000568b000 	/System/Library/Frameworks/Accelerate.framework/Versions/A/Frameworks/vecLib.framework/Versions/A/libSparseBLAS.dylib
0x000000000568b000 	/System/Library/PrivateFrameworks/GPUCompiler.framework/libmetal_timestamp.dylib
0x000000000568b000 	/System/Library/Frameworks/OpenGL.framework/Versions/A/Libraries/libCoreFSCache.dylib
0x000000000568b000 	/System/Library/PrivateFrameworks/IOAccelerator.framework/Versions/A/IOAccelerator
0x000000000568b000 	/System/Library/Frameworks/ApplicationServices.framework/Versions/A/Frameworks/ATS.framework/Versions/A/Resources/libFontParser.dylib
0x000000000568b000 	/System/Library/Frameworks/ApplicationServices.framework/Versions/A/Frameworks/ATS.framework/Versions/A/Resources/libFontRegistry.dylib
0x000000000568b000 	/System/Library/PrivateFrameworks/AppleVPA.framework/Versions/A/AppleVPA
0x000000000568b000 	/System/Library/PrivateFrameworks/AppleJPEG.framework/Versions/A/AppleJPEG
0x000000000568b000 	/System/Library/Frameworks/ImageIO.framework/Versions/A/Resources/libJPEG.dylib
0x000000000568b000 	/System/Library/Frameworks/ImageIO.framework/Versions/A/Resources/libTIFF.dylib
0x000000000568b000 	/System/Library/Frameworks/ImageIO.framework/Versions/A/Resources/libPng.dylib
0x000000000568b000 	/System/Library/Frameworks/ImageIO.framework/Versions/A/Resources/libGIF.dylib
0x000000000568b000 	/System/Library/Frameworks/ImageIO.framework/Versions/A/Resources/libJP2.dylib
0x000000000568b000 	/System/Library/Frameworks/ImageIO.framework/Versions/A/Resources/libRadiance.dylib
0x000000000568b000 	/System/Library/Frameworks/CoreVideo.framework/Versions/A/CoreVideo
0x000000000568b000 	/System/Library/Frameworks/OpenGL.framework/Versions/A/Libraries/libGLU.dylib
0x000000000568b000 	/System/Library/Frameworks/OpenGL.framework/Versions/A/Libraries/libGFXShared.dylib
0x000000000568b000 	/System/Library/Frameworks/OpenGL.framework/Versions/A/Libraries/libGL.dylib
0x000000000568b000 	/System/Library/Frameworks/OpenGL.framework/Versions/A/Libraries/libGLImage.dylib
0x000000000568b000 	/System/Library/Frameworks/OpenGL.framework/Versions/A/Libraries/libCVMSPluginSupport.dylib
0x000000000568b000 	/System/Library/Frameworks/OpenGL.framework/Versions/A/Libraries/libCoreVMClient.dylib
0x000000000568b000 	/usr/lib/libcups.2.dylib
0x000000000568b000 	/System/Library/Frameworks/Kerberos.framework/Versions/A/Kerberos
0x000000000568b000 	/System/Library/Frameworks/GSS.framework/Versions/A/GSS
0x000000000568b000 	/usr/lib/libresolv.9.dylib
0x000000000568b000 	/usr/lib/libiconv.2.dylib
0x000000000568b000 	/System/Library/PrivateFrameworks/Heimdal.framework/Versions/A/Heimdal
0x000000000568b000 	/usr/lib/libheimdal-asn1.dylib
0x000000000568b000 	/System/Library/Frameworks/OpenDirectory.framework/Versions/A/OpenDirectory
0x000000000568b000 	/System/Library/PrivateFrameworks/CommonAuth.framework/Versions/A/CommonAuth
0x000000000568b000 	/System/Library/Frameworks/OpenDirectory.framework/Versions/A/Frameworks/CFOpenDirectory.framework/Versions/A/CFOpenDirectory
0x000000000568b000 	/System/Library/Frameworks/SecurityFoundation.framework/Versions/A/SecurityFoundation
0x000000000568b000 	/System/Library/PrivateFrameworks/LanguageModeling.framework/Versions/A/LanguageModeling
0x000000000568b000 	/usr/lib/libmarisa.dylib
0x000000000568b000 	/usr/lib/libChineseTokenizer.dylib
0x000000000568b000 	/usr/lib/libcmph.dylib
0x000000000568b000 	/usr/lib/libcompression.dylib
0x000000000568b000 	/System/Library/Frameworks/ServiceManagement.framework/Versions/A/ServiceManagement
0x000000000568b000 	/usr/lib/libxslt.1.dylib
0x000000000568b000 	/System/Library/Frameworks/Carbon.framework/Versions/A/Frameworks/Ink.framework/Versions/A/Ink
0x000000000568b000 	/usr/lib/libFosl_dynamic.dylib
0x000000000568b000 	/System/Library/PrivateFrameworks/FaceCore.framework/Versions/A/FaceCore
0x000000000568b000 	/System/Library/Frameworks/OpenCL.framework/Versions/A/OpenCL
0x000000000568b000 	/System/Library/PrivateFrameworks/CrashReporterSupport.framework/Versions/A/CrashReporterSupport
0x000000000568b000 	/System/Library/PrivateFrameworks/IconServices.framework/Versions/A/IconServices
0x000000000568b000 	/System/Library/PrivateFrameworks/Apple80211.framework/Versions/A/Apple80211
0x000000000568b000 	/System/Library/Frameworks/CoreWLAN.framework/Versions/A/CoreWLAN
0x000000000568b000 	/System/Library/Frameworks/IOBluetooth.framework/Versions/A/IOBluetooth
0x000000000568b000 	/System/Library/PrivateFrameworks/CoreWiFi.framework/Versions/A/CoreWiFi
0x000000000568b000 	/System/Library/Frameworks/CoreBluetooth.framework/Versions/A/CoreBluetooth
0x000000000568b000 	/System/Library/PrivateFrameworks/ChunkingLibrary.framework/Versions/A/ChunkingLibrary
0x000000000568b000 	/System/Library/PrivateFrameworks/DebugSymbols.framework/Versions/A/DebugSymbols
0x000000000568b000 	/System/Library/PrivateFrameworks/CoreSymbolication.framework/Versions/A/CoreSymbolication
0x000000000568b000 	/System/Library/PrivateFrameworks/Symbolication.framework/Versions/A/Symbolication
0x000000000568b000 	/System/Library/PrivateFrameworks/SpeechRecognitionCore.framework/Versions/A/SpeechRecognitionCore
0x000000010c000000 	/Library/Java/JavaVirtualMachines/jdk1.8.0_65.jdk/Contents/Home/jre/lib/server/libjvm.dylib
0x000000000568b000 	/usr/lib/libstdc++.6.dylib
0x000000010b6eb000 	/Library/Java/JavaVirtualMachines/jdk1.8.0_65.jdk/Contents/Home/jre/lib/libverify.dylib
0x000000010b6f9000 	/Library/Java/JavaVirtualMachines/jdk1.8.0_65.jdk/Contents/Home/jre/lib/libjava.dylib
0x000000010b738000 	/Library/Java/JavaVirtualMachines/jdk1.8.0_65.jdk/Contents/Home/jre/lib/libzip.dylib
0x0000000122840000 	/System/Library/Frameworks/JavaVM.framework/Frameworks/JavaRuntimeSupport.framework/JavaRuntimeSupport
0x000000012285b000 	/System/Library/Frameworks/JavaVM.framework/Versions/A/Frameworks/JavaNativeFoundation.framework/Versions/A/JavaNativeFoundation
0x000000010b7ed000 	/System/Library/Frameworks/JavaVM.framework/Versions/A/JavaVM
0x000000000568b000 	/System/Library/Frameworks/Carbon.framework/Versions/A/Carbon
0x0000000122870000 	/System/Library/PrivateFrameworks/JavaLaunching.framework/Versions/A/JavaLaunching
0x000000000568b000 	/System/Library/Frameworks/Carbon.framework/Versions/A/Frameworks/CommonPanels.framework/Versions/A/CommonPanels
0x000000000568b000 	/System/Library/Frameworks/Carbon.framework/Versions/A/Frameworks/Help.framework/Versions/A/Help
0x000000000568b000 	/System/Library/Frameworks/Carbon.framework/Versions/A/Frameworks/ImageCapture.framework/Versions/A/ImageCapture
0x000000000568b000 	/System/Library/Frameworks/Carbon.framework/Versions/A/Frameworks/OpenScripting.framework/Versions/A/OpenScripting
0x000000000568b000 	/System/Library/Frameworks/Carbon.framework/Versions/A/Frameworks/Print.framework/Versions/A/Print
0x000000000568b000 	/System/Library/Frameworks/Carbon.framework/Versions/A/Frameworks/SecurityHI.framework/Versions/A/SecurityHI
0x000000012418d000 	/Library/Java/JavaVirtualMachines/jdk1.8.0_65.jdk/Contents/Home/jre/lib/libawt.dylib
0x0000000124235000 	/Library/Java/JavaVirtualMachines/jdk1.8.0_65.jdk/Contents/Home/jre/lib/./libmlib_image.dylib
0x0000000124301000 	/Library/Java/JavaVirtualMachines/jdk1.8.0_65.jdk/Contents/Home/jre/lib/libawt_lwawt.dylib
0x00000001243b6000 	/Library/Java/JavaVirtualMachines/jdk1.8.0_65.jdk/Contents/Home/jre/lib/./libosxapp.dylib
0x000000000568b000 	/System/Library/Frameworks/ExceptionHandling.framework/Versions/A/ExceptionHandling
0x000000000568b000 	/System/Library/PrivateFrameworks/CoreServicesInternal.framework/Versions/A/CoreServicesInternal
0x000000000568b000 	/System/Library/Frameworks/CoreGraphics.framework/Versions/A/Resources/libRIP.A.dylib
0x000000000568b000 	/System/Library/Frameworks/Accelerate.framework/Versions/A/Frameworks/vImage.framework/Versions/A/Libraries/libCGInterfaces.dylib
0x000000000568b000 	/System/Library/Frameworks/CoreGraphics.framework/Versions/A/Resources/libCGXType.A.dylib
0x000000000568b000 	/System/Library/Frameworks/OpenCL.framework/Versions/A/Libraries/libcldcpuengine.dylib
0x000000000568b000 	/System/Library/PrivateFrameworks/DiskImages.framework/Versions/A/DiskImages
0x000000000568b000 	/System/Library/Frameworks/DiscRecording.framework/Versions/A/DiscRecording
0x000000000568b000 	/usr/lib/libcsfde.dylib
0x000000000568b000 	/usr/lib/libcurl.4.dylib
0x000000000568b000 	/System/Library/PrivateFrameworks/MediaKit.framework/Versions/A/MediaKit
0x000000000568b000 	/System/Library/PrivateFrameworks/ProtectedCloudStorage.framework/Versions/A/ProtectedCloudStorage
0x000000000568b000 	/usr/lib/libCoreStorage.dylib
0x000000000568b000 	/System/Library/PrivateFrameworks/EFILogin.framework/Versions/A/EFILogin
0x000000000568b000 	/usr/lib/libutil.dylib
0x000000000568b000 	/System/Library/PrivateFrameworks/FindMyDevice.framework/Versions/A/FindMyDevice
0x000000000568b000 	/System/Library/Frameworks/LDAP.framework/Versions/A/LDAP
0x000000000568b000 	/usr/lib/libsasl2.2.dylib
0x000000000568b000 	/System/Library/PrivateFrameworks/CoreDaemon.framework/Versions/B/CoreDaemon
0x000000000568b000 	/usr/lib/libcrypto.0.9.8.dylib
0x000000000568b000 	/System/Library/PrivateFrameworks/AppleSRP.framework/Versions/A/AppleSRP
0x000000000568b000 	/System/Library/PrivateFrameworks/TrustEvaluationAgent.framework/Versions/A/TrustEvaluationAgent
0x0000000125b99000 	cl_kernels
0x000000000568b000 	/System/Library/Frameworks/OpenCL.framework/Versions/A/Libraries/ImageFormats/unorm8_bgra.dylib
0x000000000568b000 	/System/Library/Frameworks/OpenCL.framework/Versions/A/Libraries/ImageFormats/unorm8_rgba.dylib
0x000000000568b000 	/System/Library/PrivateFrameworks/FamilyControls.framework/Versions/A/FamilyControls
0x000000000568b000 	/System/Library/PrivateFrameworks/CommerceKit.framework/Versions/A/Frameworks/CommerceCore.framework/Versions/A/CommerceCore
0x000000000568b000 	/System/Library/PrivateFrameworks/SystemAdministration.framework/Versions/A/SystemAdministration
0x000000000568b000 	/System/Library/PrivateFrameworks/AppContainer.framework/Versions/A/AppContainer
0x000000000568b000 	/System/Library/PrivateFrameworks/SecCodeWrapper.framework/Versions/A/SecCodeWrapper
0x000000000568b000 	/System/Library/Frameworks/DirectoryService.framework/Versions/A/DirectoryService
0x000000000568b000 	/System/Library/PrivateFrameworks/LoginUIKit.framework/Versions/A/Frameworks/LoginUICore.framework/Versions/A/LoginUICore
0x000000000568b000 	/usr/lib/libodfde.dylib
0x000000000568b000 	/System/Library/Frameworks/OpenGL.framework/Versions/A/Resources/GLEngine.bundle/GLEngine
0x000000000568b000 	/System/Library/Frameworks/OpenGL.framework/Versions/A/Libraries/libGLProgrammability.dylib
0x0000000126c29000 	/System/Library/Extensions/AppleIntelHD5000GraphicsGLDriver.bundle/Contents/MacOS/AppleIntelHD5000GraphicsGLDriver
0x000000000568b000 	/System/Library/PrivateFrameworks/GPUSupport.framework/Versions/A/Libraries/libGPUSupportMercury.dylib
0x000000000568b000 	/System/Library/Frameworks/OpenGL.framework/Versions/A/Resources/GLRendererFloat.bundle/GLRendererFloat
0x0000000127c25000 	/Library/Java/JavaVirtualMachines/jdk1.8.0_65.jdk/Contents/Home/jre/lib/libfontmanager.dylib
0x000000012907f000 	/Library/Java/JavaVirtualMachines/jdk1.8.0_65.jdk/Contents/Home/jre/lib/libosxui.dylib
0x0000000129ebb000 	/Library/Java/JavaVirtualMachines/jdk1.8.0_65.jdk/Contents/Home/jre/lib/libnet.dylib
0x0000000129c09000 	/Library/Java/JavaVirtualMachines/jdk1.8.0_65.jdk/Contents/Home/jre/lib/libnio.dylib
0x000000000568b000 	/System/Library/Frameworks/ApplicationServices.framework/Versions/A/Frameworks/ATS.framework/Versions/A/Resources/libTrueTypeScaler.dylib
0x000000017a940000 	/System/Library/Extensions/AppleIntelHD5000GraphicsMTLDriver.bundle/Contents/MacOS/AppleIntelHD5000GraphicsMTLDriver
0x0000000125142000 	/private/var/folders/94/qhk8wx9560913pcr_k2txvfh0000gn/T/jogamp_0000/file_cache/jln7156784193195507429/jln2970564890601382451/libgluegen-rt.jnilib
0x0000000125147000 	/private/var/folders/94/qhk8wx9560913pcr_k2txvfh0000gn/T/jogamp_0000/file_cache/jln7156784193195507429/jln2970564890601382451/libnativewindow_awt.jnilib
0x000000012514a000 	/Library/Java/JavaVirtualMachines/jdk1.8.0_65.jdk/Contents/Home/jre/lib/libjawt.dylib
0x000000012514d000 	/private/var/folders/94/qhk8wx9560913pcr_k2txvfh0000gn/T/jogamp_0000/file_cache/jln7156784193195507429/jln2970564890601382451/libnativewindow_macosx.jnilib
0x000000017c320000 	/private/var/folders/94/qhk8wx9560913pcr_k2txvfh0000gn/T/jogamp_0000/file_cache/jln7156784193195507429/jln2970564890601382451/libjogl_desktop.jnilib
0x000000017e8b5000 	/Library/Java/JavaVirtualMachines/jdk1.8.0_65.jdk/Contents/Home/jre/lib/libt2k.dylib

VM Arguments:
jvm_args: -Djava.security.policy=java.policy.applet -Dfile.encoding=UTF-8 
java_command: sun.applet.AppletViewer module3.EarthquakeCityMap1449854319616.html
java_class_path (initial): /Users/karenblakemore/Java/workspace/UCSDUnfoldingMaps/build:/Users/karenblakemore/Java/workspace/UCSDUnfoldingMaps/lib/core.jar:/Users/karenblakemore/Java/workspace/UCSDUnfoldingMaps/lib/gluegen-rt.jar:/Users/karenblakemore/Java/workspace/UCSDUnfoldingMaps/lib/jogl-all.jar:/Users/karenblakemore/Java/workspace/UCSDUnfoldingMaps/lib/log4j-1.2.15.jar:/Users/karenblakemore/Java/workspace/UCSDUnfoldingMaps/lib/sqlite-jdbc-3.7.2.jar:/Users/karenblakemore/Java/workspace/UCSDUnfoldingMaps/lib/json4processing.jar:/Users/karenblakemore/Java/workspace/UCSDUnfoldingMaps/lib/libTUIO.jar:/Users/karenblakemore/Java/workspace/UCSDUnfoldingMaps/lib/unfolding.0.9.7-uscd.jar
Launcher Type: SUN_STANDARD

Environment Variables:
PATH=/usr/bin:/bin:/usr/sbin:/sbin
SHELL=/bin/bash

Signal Handlers:
SIGSEGV: [libjvm.dylib+0x5a6d31], sa_mask[0]=11111111011111110111111111111111, sa_flags=SA_ONSTACK|SA_RESTART|SA_SIGINFO
SIGBUS: [libjvm.dylib+0x5a6d31], sa_mask[0]=11111111011111110111111111111111, sa_flags=SA_RESTART|SA_SIGINFO
SIGFPE: [libjvm.dylib+0x480a40], sa_mask[0]=11111111011111110111111111111111, sa_flags=SA_RESTART|SA_SIGINFO
SIGPIPE: [libjvm.dylib+0x480a40], sa_mask[0]=11111111011111110111111111111111, sa_flags=SA_RESTART|SA_SIGINFO
SIGXFSZ: [libjvm.dylib+0x480a40], sa_mask[0]=11111111011111110111111111111111, sa_flags=SA_RESTART|SA_SIGINFO
SIGILL: [libjvm.dylib+0x480a40], sa_mask[0]=11111111011111110111111111111111, sa_flags=SA_RESTART|SA_SIGINFO
SIGUSR1: SIG_DFL, sa_mask[0]=00000000000000000000000000000000, sa_flags=none
SIGUSR2: [libjvm.dylib+0x48055e], sa_mask[0]=00100000000000000000000000000000, sa_flags=SA_RESTART|SA_SIGINFO
SIGHUP: [libjvm.dylib+0x47eb35], sa_mask[0]=11111111011111110111111111111111, sa_flags=SA_RESTART|SA_SIGINFO
SIGINT: [libjvm.dylib+0x47eb35], sa_mask[0]=11111111011111110111111111111111, sa_flags=SA_RESTART|SA_SIGINFO
SIGTERM: [libjvm.dylib+0x47eb35], sa_mask[0]=11111111011111110111111111111111, sa_flags=SA_RESTART|SA_SIGINFO
SIGQUIT: [libjvm.dylib+0x47eb35], sa_mask[0]=11111111011111110111111111111111, sa_flags=SA_RESTART|SA_SIGINFO


---------------  S Y S T E M  ---------------

OS:Bsduname:Darwin 15.0.0 Darwin Kernel Version 15.0.0: Sat Sep 19 15:53:46 PDT 2015; root:xnu-3247.10.11~1/RELEASE_X86_64 x86_64
rlimit: STACK 8192k, CORE 0k, NPROC 709, NOFILE 10240, AS infinity
load average:2.33 2.11 1.94

CPU:total 4 (2 cores per cpu, 2 threads per core) family 6 model 69 stepping 1, cmov, cx8, fxsr, mmx, sse, sse2, sse3, ssse3, sse4.1, sse4.2, popcnt, avx, avx2, aes, clmul, erms, lzcnt, ht, tsc, tscinvbit, bmi1, bmi2

Memory: 4k page, physical 8388608k(1607348k free)

/proc/meminfo:


vm_info: Java HotSpot(TM) 64-Bit Server VM (25.65-b01) for bsd-amd64 JRE (1.8.0_65-b17), built on Oct  6 2015 15:36:46 by "java_re" with gcc 4.2.1 (Based on Apple Inc. build 5658) (LLVM build 2336.11.00)

time: Fri Dec 11 10:19:49 2015
elapsed time: 69 seconds (0d 0h 1m 9s)

