#
# A fatal error has been detected by the Java Runtime Environment:
#
#  SIGSEGV (0xb) at pc=0x00007fff8a26dd5d, pid=5527, tid=2571
#
# JRE version: Java(TM) SE Runtime Environment (8.0_65-b17) (build 1.8.0_65-b17)
# Java VM: Java HotSpot(TM) 64-Bit Server VM (25.65-b01 mixed mode bsd-amd64 compressed oops)
# Problematic frame:
# C  [libobjc.A.dylib+0x6d5d]  objc_msgSend+0x1d
#
# Failed to write core dump. Core dumps have been disabled. To enable core dumping, try "ulimit -c unlimited" before starting Java again
#
# If you would like to submit a bug report, please visit:
#   http://bugreport.java.com/bugreport/crash.jsp
# The crash happened outside the Java Virtual Machine in native code.
# See problematic frame for where to report the bug.
#

---------------  T H R E A D  ---------------

Current thread (0x00007fb94c914000):  JavaThread "AWT-AppKit" daemon [_thread_in_native, id=2571, stack(0x00007fff52e4a000,0x00007fff5364a000)]

siginfo: si_signo: 11 (SIGSEGV), si_code: 1 (SEGV_MAPERR), si_addr: 0x0000000000000018

Registers:
RAX=0x00007fb94dfb05f0, RBX=0x000000017b9ee450, RCX=0x00000001262ed580, RDX=0x00000001262ed2e0
RSP=0x00007fff53645358, RBP=0x00007fff53645410, RSI=0x00007fff8d53bd0e, RDI=0x00007fb950295bc0
R8 =0x0000000000000000, R9 =0x0000000000000810, R10=0x00007fff8d53bd0e, R11=0x0000000000000000
R12=0x0000000000000000, R13=0x000000017d640c38, R14=0x000000017b9ee440, R15=0x00007fb94c914000
RIP=0x00007fff8a26dd5d, EFLAGS=0x0000000000010246, ERR=0x0000000000000004
  TRAPNO=0x000000000000000e

Top of Stack: (sp=0x00007fff53645358)
0x00007fff53645358:   000000017b9ec157 00007fff536453b0
0x00007fff53645368:   0000000000000003 00007fff53645390
0x00007fff53645378:   000000010d3f19a6 000000017d640c38
0x00007fff53645388:   000000017d640c38 00007fb94dfb05f0
0x00007fff53645398:   000000017b9ee6a0 000000017b9ee710
0x00007fff536453a8:   00007fff786b0740 00007fff7673e4c0
0x00007fff536453b8:   000000017b9ee450 000000017b9ee690
0x00007fff536453c8:   00007fb94dfb05f0 00007fb950295bc0
0x00007fff536453d8:   00007fb94dfb03d0 00007fb94dfb05f0
0x00007fff536453e8:   00007fb950295bc0 00007fff53645498
0x00007fff536453f8:   00007fb94c9141f8 000000017d640c38
0x00007fff53645408:   00007fff536454c0 00007fff53645488
0x00007fff53645418:   000000010e19e954 000000017d640c38
0x00007fff53645428:   00007fff536454c0 00007fff53645488
0x00007fff53645438:   000000010e19e6e7 000000010e19e6a2
0x00007fff53645448:   00007fff53645448 000000017d640c38
0x00007fff53645458:   00007fff536454c0 000000017d664028
0x00007fff53645468:   0000000000000000 000000017d640c38
0x00007fff53645478:   0000000000000000 00007fff536454a8
0x00007fff53645488:   00007fff53645508 000000010e190c4d
0x00007fff53645498:   0000000740a570f8 000000010e198578
0x00007fff536454a8:   00007fb94dfb05f0 00007fff53645508
0x00007fff536454b8:   00007fb950295bc0 000000010e199d82
0x00007fff536454c8:   00007fff536454c8 000000017d640e02
0x00007fff536454d8:   00007fff53645530 000000017d664028
0x00007fff536454e8:   0000000000000000 000000017d640e10
0x00007fff536454f8:   00007fff536454a8 00007fff53645518
0x00007fff53645508:   00007fff53645578 000000010e190c4d
0x00007fff53645518:   00007fb94dfb05f0 00000007985012a0
0x00007fff53645528:   00007fb950295bc0 00000007985012a0
0x00007fff53645538:   00007fff53645538 0000000184e43c36
0x00007fff53645548:   00007fff53645588 0000000184e43cf0 

Instructions: (pc=0x00007fff8a26dd5d)
0x00007fff8a26dd3d:   44 00 00 48 85 ff 2e 74 62 40 f6 c7 01 2e 75 66
0x00007fff8a26dd4d:   49 bb f8 ff ff ff ff 7f 00 00 4c 23 1f 49 89 f2
0x00007fff8a26dd5d:   45 23 53 18 49 c1 e2 04 4d 03 53 10 49 3b 32 75
0x00007fff8a26dd6d:   04 41 ff 62 08 49 83 3a 01 76 0d 49 83 c2 10 49 

Register to memory mapping:

RAX=0x00007fb94dfb05f0 is an unknown value
RBX=0x000000017b9ee450: Java_jogamp_nativewindow_macosx_OSXUtil_GetScreenRefreshRate0+0x1cf0 in /private/var/folders/94/qhk8wx9560913pcr_k2txvfh0000gn/T/jogamp_0000/file_cache/jln4958566211657965375/jln7990255513926091172/libnativewindow_macosx.jnilib at 0x000000017b9e7000
RCX=0x00000001262ed580 is an unknown value
RDX=0x00000001262ed2e0 is an unknown value
RSP=0x00007fff53645358 is pointing into the stack for thread: 0x00007fb94c914000
RBP=0x00007fff53645410 is pointing into the stack for thread: 0x00007fb94c914000
RSI=0x00007fff8d53bd0e is an unknown value
RDI=0x00007fb950295bc0 is an unknown value
R8 =0x0000000000000000 is an unknown value
R9 =0x0000000000000810 is an unknown value
R10=0x00007fff8d53bd0e is an unknown value
R11=0x0000000000000000 is an unknown value
R12=0x0000000000000000 is an unknown value
R13={method} {0x000000017d640c38} 'UnsetJAWTRootSurfaceLayer0' '(JJ)V' in 'jogamp/nativewindow/jawt/macosx/MacOSXJAWTWindow'
R14=0x000000017b9ee440: Java_jogamp_nativewindow_macosx_OSXUtil_GetScreenRefreshRate0+0x1ce0 in /private/var/folders/94/qhk8wx9560913pcr_k2txvfh0000gn/T/jogamp_0000/file_cache/jln4958566211657965375/jln7990255513926091172/libnativewindow_macosx.jnilib at 0x000000017b9e7000
R15=0x00007fb94c914000 is a thread


Stack: [0x00007fff52e4a000,0x00007fff5364a000],  sp=0x00007fff53645358,  free space=8172k
Native frames: (J=compiled Java code, j=interpreted, Vv=VM code, C=native code)
C  [libobjc.A.dylib+0x6d5d]  objc_msgSend+0x1d
j  jogamp.nativewindow.jawt.macosx.MacOSXJAWTWindow.UnsetJAWTRootSurfaceLayer0(JJ)V+0
j  jogamp.nativewindow.jawt.macosx.MacOSXJAWTWindow.access$200(JJ)V+2
j  jogamp.nativewindow.jawt.macosx.MacOSXJAWTWindow$1.run()V+38
J 2037 C1 com.jogamp.common.util.RunnableTask.run()V (345 bytes) @ 0x000000010e839454 [0x000000010e8392c0+0x194]
v  ~StubRoutines::call_stub
V  [libjvm.dylib+0x2eab02]  JavaCalls::call_helper(JavaValue*, methodHandle*, JavaCallArguments*, Thread*)+0x6ae
V  [libjvm.dylib+0x321bab]  jni_invoke_nonstatic(JNIEnv_*, JavaValue*, _jobject*, JNICallType, _jmethodID*, JNI_ArgumentPusher*, Thread*)+0x2ec
V  [libjvm.dylib+0x31437f]  jni_CallVoidMethod+0x16b
C  [libnativewindow_macosx.jnilib+0x5326]  Java_jogamp_nativewindow_jawt_macosx_MacOSXJAWTWindow_UnsetJAWTRootSurfaceLayer0+0x2b6
C  [Foundation+0x7741e]  __NSThreadPerformPerform+0x117
C  [CoreFoundation+0xaa8b1]  __CFRUNLOOP_IS_CALLING_OUT_TO_A_SOURCE0_PERFORM_FUNCTION__+0x11
C  [CoreFoundation+0x8a027]  __CFRunLoopDoSources0+0x1a7
C  [CoreFoundation+0x895cf]  __CFRunLoopRun+0x39f
C  [CoreFoundation+0x88fc8]  CFRunLoopRunSpecific+0x128
C  [HIToolbox+0x30d55]  RunCurrentEventLoopInMode+0xeb
C  [HIToolbox+0x30a97]  ReceiveNextEventCommon+0xb8
C  [HIToolbox+0x309cf]  _BlockUntilNextEventMatchingListInModeWithFilter+0x47
C  [AppKit+0x49d96]  _DPSNextEvent+0x42b
C  [AppKit+0x491c5]  -[NSApplication _nextEventMatchingEventMask:untilDate:inMode:dequeue:]+0x1c6
C  [libosxapp.dylib+0x23aa]  -[NSApplicationAWT nextEventMatchingMask:untilDate:inMode:dequeue:]+0x7c
C  [AppKit+0x3dd28]  -[NSApplication run]+0x2aa
C  [libosxapp.dylib+0x214d]  +[NSApplicationAWT runAWTLoopWithApp:]+0x9c
C  [libawt_lwawt.dylib+0x44517]  -[AWTStarter starter:]+0x389
C  [Foundation+0x7741e]  __NSThreadPerformPerform+0x117
C  [CoreFoundation+0xaa8b1]  __CFRUNLOOP_IS_CALLING_OUT_TO_A_SOURCE0_PERFORM_FUNCTION__+0x11
C  [CoreFoundation+0x8a0ac]  __CFRunLoopDoSources0+0x22c
C  [CoreFoundation+0x895cf]  __CFRunLoopRun+0x39f
C  [CoreFoundation+0x88fc8]  CFRunLoopRunSpecific+0x128
C  [java+0x6463]  CreateExecutionEnvironment+0x367
C  [java+0x21ac]  JLI_Launch+0x7a0
C  [java+0x84c0]  main+0x65
C  [java+0x1a04]  start+0x34
C  0x0000000000000007

Java frames: (J=compiled Java code, j=interpreted, Vv=VM code)
j  jogamp.nativewindow.jawt.macosx.MacOSXJAWTWindow.UnsetJAWTRootSurfaceLayer0(JJ)V+0
j  jogamp.nativewindow.jawt.macosx.MacOSXJAWTWindow.access$200(JJ)V+2
j  jogamp.nativewindow.jawt.macosx.MacOSXJAWTWindow$1.run()V+38
J 2037 C1 com.jogamp.common.util.RunnableTask.run()V (345 bytes) @ 0x000000010e839454 [0x000000010e8392c0+0x194]
v  ~StubRoutines::call_stub

---------------  P R O C E S S  ---------------

Java Threads: ( => current thread )
  0x00007fb94c071800 JavaThread "Thread-60" [_thread_blocked, id=66371, stack(0x0000700000932000,0x0000700000a32000)]
  0x00007fb94c4e2000 JavaThread "Image Fetcher 1" daemon [_thread_blocked, id=66827, stack(0x0000700001f80000,0x0000700002080000)]
  0x00007fb94c85e000 JavaThread "Image Fetcher 0" daemon [_thread_blocked, id=68047, stack(0x0000700001e7d000,0x0000700001f7d000)]
  0x00007fb94c85c800 JavaThread "Keep-Alive-Timer" daemon [_thread_blocked, id=5163, stack(0x0000700001d7a000,0x0000700001e7a000)]
  0x00007fb94c002800 JavaThread "AWT-EventQueue-1" [_thread_in_native, id=59671, stack(0x00007000018eb000,0x00007000019eb000)]
  0x00007fb94d0f1800 JavaThread "DestroyJavaVM" [_thread_blocked, id=5891, stack(0x000070000011a000,0x000070000021a000)]
  0x00007fb94c144000 JavaThread "AWT-EventQueue-0" [_thread_blocked, id=56579, stack(0x00007000016e5000,0x00007000017e5000)]
  0x00007fb94d144000 JavaThread "Java2D Disposer" daemon [_thread_blocked, id=53251, stack(0x000070000145c000,0x000070000155c000)]
  0x00007fb94d107000 JavaThread "Java2D Queue Flusher" daemon [_thread_blocked, id=50183, stack(0x0000700001359000,0x0000700001459000)]
  0x00007fb94d0d3800 JavaThread "AWT-Shutdown" [_thread_blocked, id=29971, stack(0x00007000011d3000,0x00007000012d3000)]
=>0x00007fb94c914000 JavaThread "AWT-AppKit" daemon [_thread_in_native, id=2571, stack(0x00007fff52e4a000,0x00007fff5364a000)]
  0x00007fb94c02b800 JavaThread "Service Thread" daemon [_thread_blocked, id=18691, stack(0x0000700000e44000,0x0000700000f44000)]
  0x00007fb94c82c800 JavaThread "C1 CompilerThread2" daemon [_thread_blocked, id=18179, stack(0x0000700000d41000,0x0000700000e41000)]
  0x00007fb94c82c000 JavaThread "C2 CompilerThread1" daemon [_thread_blocked, id=17667, stack(0x0000700000c3e000,0x0000700000d3e000)]
  0x00007fb94c00c000 JavaThread "C2 CompilerThread0" daemon [_thread_blocked, id=17155, stack(0x0000700000b3b000,0x0000700000c3b000)]
  0x00007fb94c82a000 JavaThread "Signal Dispatcher" daemon [_thread_blocked, id=13839, stack(0x0000700000a38000,0x0000700000b38000)]
  0x00007fb94c000000 JavaThread "Finalizer" daemon [_thread_blocked, id=12291, stack(0x000070000082f000,0x000070000092f000)]
  0x00007fb94c801000 JavaThread "Reference Handler" daemon [_thread_blocked, id=11779, stack(0x000070000072c000,0x000070000082c000)]

Other Threads:
  0x00007fb94d01a000 VMThread [stack: 0x0000700000629000,0x0000700000729000] [id=11267]
  0x00007fb94b832000 WatcherThread [stack: 0x0000700000f47000,0x0000700001047000] [id=19203]

VM state:not at safepoint (normal execution)

VM Mutex/Monitor currently owned by a thread: None

Heap:
 PSYoungGen      total 45056K, used 21884K [0x0000000795580000, 0x0000000799100000, 0x00000007c0000000)
  eden space 32256K, 43% used [0x0000000795580000,0x0000000796310db0,0x0000000797500000)
  from space 12800K, 62% used [0x0000000798480000,0x0000000798c4e538,0x0000000799100000)
  to   space 14336K, 0% used [0x0000000797500000,0x0000000797500000,0x0000000798300000)
 ParOldGen       total 87552K, used 20441K [0x0000000740000000, 0x0000000745580000, 0x0000000795580000)
  object space 87552K, 23% used [0x0000000740000000,0x00000007413f64d0,0x0000000745580000)
 Metaspace       used 20979K, capacity 21131K, committed 21296K, reserved 1069056K
  class space    used 2030K, capacity 2110K, committed 2176K, reserved 1048576K

Card table byte_map: [0x000000011d549000,0x000000011d94a000] byte_map_base: 0x0000000119b49000

Marking Bits: (ParMarkBitMap*) 0x000000010dadee20
 Begin Bits: [0x000000011dbf5000, 0x000000011fbf5000)
 End Bits:   [0x000000011fbf5000, 0x0000000121bf5000)

Polling page: 0x000000010c879000

CodeCache: size=245760Kb used=8387Kb max_used=8438Kb free=237372Kb
 bounds [0x000000010e189000, 0x000000010e9f9000, 0x000000011d189000]
 total_blobs=3257 nmethods=2369 adapters=801
 compilation: enabled

Compilation events (10 events):
Event: 24.105 Thread 0x00007fb94c00c000 2727       4       sun.java2d.SunGraphics2D::invalidatePipe (41 bytes)
Event: 24.107 Thread 0x00007fb94c00c000 nmethod 2727 0x000000010e552190 code [0x000000010e5522e0, 0x000000010e552378]
Event: 24.107 Thread 0x00007fb94c82c800 2728   !   3       java.awt.AWTEvent::dispatched (47 bytes)
Event: 24.108 Thread 0x00007fb94c82c800 nmethod 2728 0x000000010e5ed550 code [0x000000010e5ed740, 0x000000010e5ee178]
Event: 24.136 Thread 0x00007fb94c82c000 2729       4       sun.awt.AWTAutoShutdown::isReadyToShutdown (37 bytes)
Event: 24.137 Thread 0x00007fb94c82c000 nmethod 2729 0x000000010e7a6550 code [0x000000010e7a66a0, 0x000000010e7a6758]
Event: 24.137 Thread 0x00007fb94c00c000 2730  s!   4       sun.misc.URLClassPath::getLoader (197 bytes)
Event: 24.138 Thread 0x00007fb94c82c000 2731  s    4       sun.misc.URLClassPath::getNextLoader (88 bytes)
Event: 24.144 Thread 0x00007fb94c00c000 nmethod 2730 0x000000010e76e090 code [0x000000010e76e200, 0x000000010e76e9d8]
Event: 24.144 Thread 0x00007fb94c82c000 nmethod 2731 0x000000010e3c07d0 code [0x000000010e3c0940, 0x000000010e3c10b8]

GC Heap History (10 events):
Event: 4.644 GC heap before
{Heap before GC invocations=2 (full 0):
 PSYoungGen      total 38400K, used 38154K [0x0000000795580000, 0x0000000798000000, 0x00000007c0000000)
  eden space 33280K, 99% used [0x0000000795580000,0x00000007975f8738,0x0000000797600000)
  from space 5120K, 95% used [0x0000000797600000,0x0000000797aca408,0x0000000797b00000)
  to   space 5120K, 0% used [0x0000000797b00000,0x0000000797b00000,0x0000000798000000)
 ParOldGen       total 87552K, used 272K [0x0000000740000000, 0x0000000745580000, 0x0000000795580000)
  object space 87552K, 0% used [0x0000000740000000,0x0000000740044010,0x0000000745580000)
 Metaspace       used 20049K, capacity 20289K, committed 20608K, reserved 1067008K
  class space    used 2021K, capacity 2109K, committed 2176K, reserved 1048576K
Event: 4.664 GC heap after
Heap after GC invocations=2 (full 0):
 PSYoungGen      total 38400K, used 5115K [0x0000000795580000, 0x0000000798000000, 0x00000007c0000000)
  eden space 33280K, 0% used [0x0000000795580000,0x0000000795580000,0x0000000797600000)
  from space 5120K, 99% used [0x0000000797b00000,0x0000000797ffee48,0x0000000798000000)
  to   space 5120K, 0% used [0x0000000797600000,0x0000000797600000,0x0000000797b00000)
 ParOldGen       total 87552K, used 10398K [0x0000000740000000, 0x0000000745580000, 0x0000000795580000)
  object space 87552K, 11% used [0x0000000740000000,0x0000000740a27bd8,0x0000000745580000)
 Metaspace       used 20049K, capacity 20289K, committed 20608K, reserved 1067008K
  class space    used 2021K, capacity 2109K, committed 2176K, reserved 1048576K
}
Event: 9.832 GC heap before
{Heap before GC invocations=3 (full 0):
 PSYoungGen      total 38400K, used 38395K [0x0000000795580000, 0x0000000798000000, 0x00000007c0000000)
  eden space 33280K, 100% used [0x0000000795580000,0x0000000797600000,0x0000000797600000)
  from space 5120K, 99% used [0x0000000797b00000,0x0000000797ffee48,0x0000000798000000)
  to   space 5120K, 0% used [0x0000000797600000,0x0000000797600000,0x0000000797b00000)
 ParOldGen       total 87552K, used 10401K [0x0000000740000000, 0x0000000745580000, 0x0000000795580000)
  object space 87552K, 11% used [0x0000000740000000,0x0000000740a28488,0x0000000745580000)
 Metaspace       used 20605K, capacity 20811K, committed 21120K, reserved 1069056K
  class space    used 2021K, capacity 2110K, committed 2176K, reserved 1048576K
Event: 9.841 GC heap after
Heap after GC invocations=3 (full 0):
 PSYoungGen      total 38400K, used 5115K [0x0000000795580000, 0x0000000798000000, 0x00000007c0000000)
  eden space 33280K, 0% used [0x0000000795580000,0x0000000795580000,0x0000000797600000)
  from space 5120K, 99% used [0x0000000797600000,0x0000000797afee78,0x0000000797b00000)
  to   space 5120K, 0% used [0x0000000797b00000,0x0000000797b00000,0x0000000798000000)
 ParOldGen       total 87552K, used 12510K [0x0000000740000000, 0x0000000745580000, 0x0000000795580000)
  object space 87552K, 14% used [0x0000000740000000,0x0000000740c378f0,0x0000000745580000)
 Metaspace       used 20605K, capacity 20811K, committed 21120K, reserved 1069056K
  class space    used 2021K, capacity 2110K, committed 2176K, reserved 1048576K
}
Event: 15.938 GC heap before
{Heap before GC invocations=4 (full 0):
 PSYoungGen      total 38400K, used 38355K [0x0000000795580000, 0x0000000798000000, 0x00000007c0000000)
  eden space 33280K, 99% used [0x0000000795580000,0x00000007975f6068,0x0000000797600000)
  from space 5120K, 99% used [0x0000000797600000,0x0000000797afee78,0x0000000797b00000)
  to   space 5120K, 0% used [0x0000000797b00000,0x0000000797b00000,0x0000000798000000)
 ParOldGen       total 87552K, used 12510K [0x0000000740000000, 0x0000000745580000, 0x0000000795580000)
  object space 87552K, 14% used [0x0000000740000000,0x0000000740c378f0,0x0000000745580000)
 Metaspace       used 20767K, capacity 21003K, committed 21120K, reserved 1069056K
  class space    used 2022K, capacity 2110K, committed 2176K, reserved 1048576K
Event: 15.947 GC heap after
Heap after GC invocations=4 (full 0):
 PSYoungGen      total 38400K, used 5104K [0x0000000795580000, 0x0000000798000000, 0x00000007c0000000)
  eden space 33280K, 0% used [0x0000000795580000,0x0000000795580000,0x0000000797600000)
  from space 5120K, 99% used [0x0000000797b00000,0x0000000797ffc150,0x0000000798000000)
  to   space 5120K, 0% used [0x0000000797600000,0x0000000797600000,0x0000000797b00000)
 ParOldGen       total 87552K, used 15000K [0x0000000740000000, 0x0000000745580000, 0x0000000795580000)
  object space 87552K, 17% used [0x0000000740000000,0x0000000740ea6380,0x0000000745580000)
 Metaspace       used 20767K, capacity 21003K, committed 21120K, reserved 1069056K
  class space    used 2022K, capacity 2110K, committed 2176K, reserved 1048576K
}
Event: 17.701 GC heap before
{Heap before GC invocations=5 (full 0):
 PSYoungGen      total 38400K, used 38384K [0x0000000795580000, 0x0000000798000000, 0x00000007c0000000)
  eden space 33280K, 100% used [0x0000000795580000,0x0000000797600000,0x0000000797600000)
  from space 5120K, 99% used [0x0000000797b00000,0x0000000797ffc150,0x0000000798000000)
  to   space 5120K, 0% used [0x0000000797600000,0x0000000797600000,0x0000000797b00000)
 ParOldGen       total 87552K, used 15000K [0x0000000740000000, 0x0000000745580000, 0x0000000795580000)
  object space 87552K, 17% used [0x0000000740000000,0x0000000740ea6380,0x0000000745580000)
 Metaspace       used 20805K, capacity 21003K, committed 21120K, reserved 1069056K
  class space    used 2022K, capacity 2110K, committed 2176K, reserved 1048576K
Event: 17.710 GC heap after
Heap after GC invocations=5 (full 0):
 PSYoungGen      total 37888K, used 5097K [0x0000000795580000, 0x0000000799380000, 0x00000007c0000000)
  eden space 32768K, 0% used [0x0000000795580000,0x0000000795580000,0x0000000797580000)
  from space 5120K, 99% used [0x0000000797600000,0x0000000797afa498,0x0000000797b00000)
  to   space 15360K, 0% used [0x0000000798480000,0x0000000798480000,0x0000000799380000)
 ParOldGen       total 87552K, used 20433K [0x0000000740000000, 0x0000000745580000, 0x0000000795580000)
  object space 87552K, 23% used [0x0000000740000000,0x00000007413f44d0,0x0000000745580000)
 Metaspace       used 20805K, capacity 21003K, committed 21120K, reserved 1069056K
  class space    used 2022K, capacity 2110K, committed 2176K, reserved 1048576K
}
Event: 21.670 GC heap before
{Heap before GC invocations=6 (full 0):
 PSYoungGen      total 37888K, used 37865K [0x0000000795580000, 0x0000000799380000, 0x00000007c0000000)
  eden space 32768K, 100% used [0x0000000795580000,0x0000000797580000,0x0000000797580000)
  from space 5120K, 99% used [0x0000000797600000,0x0000000797afa498,0x0000000797b00000)
  to   space 15360K, 0% used [0x0000000798480000,0x0000000798480000,0x0000000799380000)
 ParOldGen       total 87552K, used 20433K [0x0000000740000000, 0x0000000745580000, 0x0000000795580000)
  object space 87552K, 23% used [0x0000000740000000,0x00000007413f44d0,0x0000000745580000)
 Metaspace       used 20916K, capacity 21131K, committed 21296K, reserved 1069056K
  class space    used 2022K, capacity 2110K, committed 2176K, reserved 1048576K
Event: 21.678 GC heap after
Heap after GC invocations=6 (full 0):
 PSYoungGen      total 45056K, used 7993K [0x0000000795580000, 0x0000000799100000, 0x00000007c0000000)
  eden space 32256K, 0% used [0x0000000795580000,0x0000000795580000,0x0000000797500000)
  from space 12800K, 62% used [0x0000000798480000,0x0000000798c4e538,0x0000000799100000)
  to   space 14336K, 0% used [0x0000000797500000,0x0000000797500000,0x0000000798300000)
 ParOldGen       total 87552K, used 20441K [0x0000000740000000, 0x0000000745580000, 0x0000000795580000)
  object space 87552K, 23% used [0x0000000740000000,0x00000007413f64d0,0x0000000745580000)
 Metaspace       used 20916K, capacity 21131K, committed 21296K, reserved 1069056K
  class space    used 2022K, capacity 2110K, committed 2176K, reserved 1048576K
}

Deoptimization events (10 events):
Event: 15.800 Thread 0x00007fb94c002800 Uncommon trap: reason=unstable_if action=reinterpret pc=0x000000010e82858c method=java.util.Vector.indexOf(Ljava/lang/Object;I)I @ 41
Event: 15.800 Thread 0x00007fb94c002800 Uncommon trap: reason=unstable_if action=reinterpret pc=0x000000010e8e5328 method=de.fhpotsdam.unfolding.mapdisplay.AbstractMapDisplay$ZoomComparator.compare(Lde/fhpotsdam/unfolding/core/Coordinate;Lde/fhpotsdam/unfolding/core/Coordinate;)I @ 9
Event: 15.801 Thread 0x00007fb94c002800 Uncommon trap: reason=unstable_if action=reinterpret pc=0x000000010e7d6744 method=de.fhpotsdam.unfolding.core.Coordinate.equals(Ljava/lang/Object;)Z @ 38
Event: 15.870 Thread 0x00007fb94c002800 Uncommon trap: reason=null_check action=make_not_entrant pc=0x000000010e8d9e28 method=processing.opengl.PGraphicsOpenGL.initCache(Lprocessing/core/PImage;)Ljava/lang/Object; @ 14
Event: 15.873 Thread 0x00007fb94c002800 Uncommon trap: reason=null_check action=make_not_entrant pc=0x000000010e886c28 method=processing.opengl.PGraphicsOpenGL.initCache(Lprocessing/core/PImage;)Ljava/lang/Object; @ 14
Event: 17.733 Thread 0x00007fb94c002800 Uncommon trap: reason=unstable_if action=reinterpret pc=0x000000010e6315a4 method=processing.core.PApplet.constrain(III)I @ 11
Event: 24.103 Thread 0x00007fb94c002800 Uncommon trap: reason=unstable_if action=reinterpret pc=0x000000010e6985e8 method=com.jogamp.common.util.VersionNumber.compareTo(Lcom/jogamp/common/util/VersionNumber;)I @ 21
Event: 24.106 Thread 0x00007fb94c144000 Uncommon trap: reason=unstable_if action=reinterpret pc=0x000000010e878bcc method=java.awt.font.FontRenderContext.equals(Ljava/awt/font/FontRenderContext;)Z @ 2
Event: 24.135 Thread 0x00007fb94d164800 Uncommon trap: reason=unstable_if action=reinterpret pc=0x000000010e6009c0 method=java.util.HashMap.putVal(ILjava/lang/Object;Ljava/lang/Object;ZZ)Ljava/lang/Object; @ 81
Event: 24.148 Thread 0x00007fb94c144000 Uncommon trap: reason=unstable_if action=reinterpret pc=0x000000010e8613b8 method=java.awt.font.FontRenderContext.equals(Ljava/awt/font/FontRenderContext;)Z @ 2

Internal exceptions (10 events):
Event: 0.209 Thread 0x00007fb94c002800 Exception <a 'java/lang/NoSuchFieldError': method resolution failed> (0x000000079582ae20) thrown at [/Users/java_re/workspace/8-2-build-macosx-x86_64/jdk8u65/4987/hotspot/src/share/vm/prims/methodHandles.cpp, line 1146]
Event: 0.211 Thread 0x00007fb94c002800 Exception <a 'java/lang/NoSuchFieldError': method resolution failed> (0x00000007958385f0) thrown at [/Users/java_re/workspace/8-2-build-macosx-x86_64/jdk8u65/4987/hotspot/src/share/vm/prims/methodHandles.cpp, line 1146]
Event: 0.415 Thread 0x00007fb94c002800 Exception <a 'java/io/FileNotFoundException'> (0x00000007958b4420) thrown at [/Users/java_re/workspace/8-2-build-macosx-x86_64/jdk8u65/4987/hotspot/src/share/vm/prims/jni.cpp, line 709]
Event: 0.416 Thread 0x00007fb94c002800 Exception <a 'java/io/FileNotFoundException'> (0x00000007958b4fa8) thrown at [/Users/java_re/workspace/8-2-build-macosx-x86_64/jdk8u65/4987/hotspot/src/share/vm/prims/jni.cpp, line 709]
Event: 0.555 Thread 0x00007fb94c002800 Exception <a 'java/io/FileNotFoundException'> (0x00000007959f0ef8) thrown at [/Users/java_re/workspace/8-2-build-macosx-x86_64/jdk8u65/4987/hotspot/src/share/vm/prims/jni.cpp, line 709]
Event: 2.404 Thread 0x00007fb94c210800 Exception <a 'java/lang/UnsatisfiedLinkError': com.jogamp.common.util.JarUtil.fixNativeLibAttribs(Ljava/lang/String;)Z> (0x0000000796b355a8) thrown at [/Users/java_re/workspace/8-2-build-macosx-x86_64/jdk8u65/4987/hotspot/src/share/vm/prims/nativeLookup.c
Event: 2.774 Thread 0x00007fb94c000000 Exception <a 'java/lang/NullPointerException'> (0x00000007956a4618) thrown at [/Users/java_re/workspace/8-2-build-macosx-x86_64/jdk8u65/4987/hotspot/src/share/vm/interpreter/linkResolver.cpp, line 1178]
Event: 3.425 Thread 0x00007fb94c002800 Exception <a 'java/io/FileNotFoundException'> (0x0000000795edc060) thrown at [/Users/java_re/workspace/8-2-build-macosx-x86_64/jdk8u65/4987/hotspot/src/share/vm/prims/jni.cpp, line 709]
Event: 3.425 Thread 0x00007fb94c002800 Exception <a 'java/io/FileNotFoundException'> (0x0000000795ee23f0) thrown at [/Users/java_re/workspace/8-2-build-macosx-x86_64/jdk8u65/4987/hotspot/src/share/vm/prims/jni.cpp, line 709]
Event: 3.426 Thread 0x00007fb94c002800 Implicit null exception at 0x000000010e3290b5 to 0x000000010e329419

Events (10 events):
Event: 24.148 loading class java/awt/event/AWTEventListenerProxy
Event: 24.148 loading class java/awt/event/AWTEventListenerProxy done
Event: 24.148 loading class java/awt/Toolkit$ToolkitEventMulticaster
Event: 24.148 loading class java/awt/Toolkit$ToolkitEventMulticaster done
Event: 24.148 Thread 0x00007fb94c144000 Uncommon trap: trap_request=0xffffff65 fr.pc=0x000000010e8613b8
Event: 24.148 Thread 0x00007fb94c144000 DEOPT PACKING pc=0x000000010e8613b8 sp=0x00007000017e24c0
Event: 24.148 Thread 0x00007fb94c144000 DEOPT UNPACKING pc=0x000000010e18e229 sp=0x00007000017e2490 mode 2
Event: 24.149 Thread 0x00007fb94d164800 Thread exited: 0x00007fb94d164800
Event: 24.149 loading class java/awt/Window$1DisposeAction
Event: 24.149 loading class java/awt/Window$1DisposeAction done


Dynamic libraries:
0x000000000568b000 	/System/Library/Frameworks/Cocoa.framework/Versions/A/Cocoa
0x000000000568b000 	/System/Library/Frameworks/Security.framework/Versions/A/Security
0x000000000568b000 	/System/Library/Frameworks/ApplicationServices.framework/Versions/A/ApplicationServices
0x000000000568b000 	/usr/lib/libz.1.dylib
0x000000000568b000 	/usr/lib/libSystem.B.dylib
0x000000000568b000 	/usr/lib/libobjc.A.dylib
0x000000000568b000 	/System/Library/Frameworks/CoreFoundation.framework/Versions/A/CoreFoundation
0x000000000568b000 	/System/Library/Frameworks/Foundation.framework/Versions/C/Foundation
0x000000000568b000 	/System/Library/Frameworks/AppKit.framework/Versions/C/AppKit
0x000000000568b000 	/System/Library/Frameworks/CoreData.framework/Versions/A/CoreData
0x000000000568b000 	/System/Library/PrivateFrameworks/RemoteViewServices.framework/Versions/A/RemoteViewServices
0x000000000568b000 	/System/Library/PrivateFrameworks/UIFoundation.framework/Versions/A/UIFoundation
0x000000000568b000 	/usr/lib/libScreenReader.dylib
0x000000000568b000 	/System/Library/Frameworks/Accelerate.framework/Versions/A/Accelerate
0x000000000568b000 	/System/Library/Frameworks/IOSurface.framework/Versions/A/IOSurface
0x000000000568b000 	/System/Library/Frameworks/AudioToolbox.framework/Versions/A/AudioToolbox
0x000000000568b000 	/System/Library/Frameworks/AudioUnit.framework/Versions/A/AudioUnit
0x000000000568b000 	/System/Library/PrivateFrameworks/DataDetectorsCore.framework/Versions/A/DataDetectorsCore
0x000000000568b000 	/System/Library/PrivateFrameworks/DesktopServicesPriv.framework/Versions/A/DesktopServicesPriv
0x000000000568b000 	/System/Library/Frameworks/Carbon.framework/Versions/A/Frameworks/HIToolbox.framework/Versions/A/HIToolbox
0x000000000568b000 	/System/Library/Frameworks/QuartzCore.framework/Versions/A/QuartzCore
0x000000000568b000 	/System/Library/Frameworks/Carbon.framework/Versions/A/Frameworks/SpeechRecognition.framework/Versions/A/SpeechRecognition
0x000000000568b000 	/usr/lib/libauto.dylib
0x000000000568b000 	/usr/lib/libicucore.A.dylib
0x000000000568b000 	/usr/lib/libxml2.2.dylib
0x000000000568b000 	/System/Library/PrivateFrameworks/CoreUI.framework/Versions/A/CoreUI
0x000000000568b000 	/System/Library/Frameworks/CoreAudio.framework/Versions/A/CoreAudio
0x000000000568b000 	/System/Library/Frameworks/DiskArbitration.framework/Versions/A/DiskArbitration
0x000000000568b000 	/usr/lib/liblangid.dylib
0x000000000568b000 	/System/Library/PrivateFrameworks/MultitouchSupport.framework/Versions/A/MultitouchSupport
0x000000000568b000 	/System/Library/Frameworks/IOKit.framework/Versions/A/IOKit
0x000000000568b000 	/usr/lib/libDiagnosticMessagesClient.dylib
0x000000000568b000 	/System/Library/Frameworks/CoreServices.framework/Versions/A/CoreServices
0x000000000568b000 	/System/Library/PrivateFrameworks/PerformanceAnalysis.framework/Versions/A/PerformanceAnalysis
0x000000000568b000 	/System/Library/PrivateFrameworks/GenerationalStorage.framework/Versions/A/GenerationalStorage
0x000000000568b000 	/System/Library/Frameworks/OpenGL.framework/Versions/A/OpenGL
0x000000000568b000 	/System/Library/PrivateFrameworks/Sharing.framework/Versions/A/Sharing
0x000000000568b000 	/System/Library/Frameworks/CoreGraphics.framework/Versions/A/CoreGraphics
0x000000000568b000 	/System/Library/Frameworks/CoreImage.framework/Versions/A/CoreImage
0x000000000568b000 	/System/Library/Frameworks/CoreText.framework/Versions/A/CoreText
0x000000000568b000 	/System/Library/Frameworks/ImageIO.framework/Versions/A/ImageIO
0x000000000568b000 	/System/Library/PrivateFrameworks/Backup.framework/Versions/A/Backup
0x000000000568b000 	/usr/lib/libextension.dylib
0x000000000568b000 	/usr/lib/libarchive.2.dylib
0x000000000568b000 	/System/Library/Frameworks/CFNetwork.framework/Versions/A/CFNetwork
0x000000000568b000 	/System/Library/Frameworks/SystemConfiguration.framework/Versions/A/SystemConfiguration
0x000000000568b000 	/usr/lib/libCRFSuite.dylib
0x000000000568b000 	/usr/lib/libc++.1.dylib
0x000000000568b000 	/usr/lib/libc++abi.dylib
0x000000000568b000 	/usr/lib/system/libcache.dylib
0x000000000568b000 	/usr/lib/system/libcommonCrypto.dylib
0x000000000568b000 	/usr/lib/system/libcompiler_rt.dylib
0x000000000568b000 	/usr/lib/system/libcopyfile.dylib
0x000000000568b000 	/usr/lib/system/libcorecrypto.dylib
0x000000000568b000 	/usr/lib/system/libdispatch.dylib
0x000000000568b000 	/usr/lib/system/libdyld.dylib
0x000000000568b000 	/usr/lib/system/libkeymgr.dylib
0x000000000568b000 	/usr/lib/system/liblaunch.dylib
0x000000000568b000 	/usr/lib/system/libmacho.dylib
0x000000000568b000 	/usr/lib/system/libquarantine.dylib
0x000000000568b000 	/usr/lib/system/libremovefile.dylib
0x000000000568b000 	/usr/lib/system/libsystem_asl.dylib
0x000000000568b000 	/usr/lib/system/libsystem_blocks.dylib
0x000000000568b000 	/usr/lib/system/libsystem_c.dylib
0x000000000568b000 	/usr/lib/system/libsystem_configuration.dylib
0x000000000568b000 	/usr/lib/system/libsystem_coreservices.dylib
0x000000000568b000 	/usr/lib/system/libsystem_coretls.dylib
0x000000000568b000 	/usr/lib/system/libsystem_dnssd.dylib
0x000000000568b000 	/usr/lib/system/libsystem_info.dylib
0x000000000568b000 	/usr/lib/system/libsystem_kernel.dylib
0x000000000568b000 	/usr/lib/system/libsystem_m.dylib
0x000000000568b000 	/usr/lib/system/libsystem_malloc.dylib
0x000000000568b000 	/usr/lib/system/libsystem_network.dylib
0x000000000568b000 	/usr/lib/system/libsystem_networkextension.dylib
0x000000000568b000 	/usr/lib/system/libsystem_notify.dylib
0x000000000568b000 	/usr/lib/system/libsystem_platform.dylib
0x000000000568b000 	/usr/lib/system/libsystem_pthread.dylib
0x000000000568b000 	/usr/lib/system/libsystem_sandbox.dylib
0x000000000568b000 	/usr/lib/system/libsystem_secinit.dylib
0x000000000568b000 	/usr/lib/system/libsystem_trace.dylib
0x000000000568b000 	/usr/lib/system/libunc.dylib
0x000000000568b000 	/usr/lib/system/libunwind.dylib
0x000000000568b000 	/usr/lib/system/libxpc.dylib
0x000000000568b000 	/usr/lib/libenergytrace.dylib
0x000000000568b000 	/usr/lib/libbsm.0.dylib
0x000000000568b000 	/usr/lib/system/libkxld.dylib
0x000000000568b000 	/usr/lib/libxar.1.dylib
0x000000000568b000 	/usr/lib/libsqlite3.dylib
0x000000000568b000 	/usr/lib/libpam.2.dylib
0x000000000568b000 	/usr/lib/libOpenScriptingUtil.dylib
0x000000000568b000 	/usr/lib/libbz2.1.0.dylib
0x000000000568b000 	/usr/lib/liblzma.5.dylib
0x000000000568b000 	/System/Library/Frameworks/CoreServices.framework/Versions/A/Frameworks/FSEvents.framework/Versions/A/FSEvents
0x000000000568b000 	/System/Library/Frameworks/CoreServices.framework/Versions/A/Frameworks/CarbonCore.framework/Versions/A/CarbonCore
0x000000000568b000 	/System/Library/Frameworks/CoreServices.framework/Versions/A/Frameworks/Metadata.framework/Versions/A/Metadata
0x000000000568b000 	/System/Library/Frameworks/CoreServices.framework/Versions/A/Frameworks/OSServices.framework/Versions/A/OSServices
0x000000000568b000 	/System/Library/Frameworks/CoreServices.framework/Versions/A/Frameworks/SearchKit.framework/Versions/A/SearchKit
0x000000000568b000 	/System/Library/Frameworks/CoreServices.framework/Versions/A/Frameworks/AE.framework/Versions/A/AE
0x000000000568b000 	/System/Library/Frameworks/CoreServices.framework/Versions/A/Frameworks/LaunchServices.framework/Versions/A/LaunchServices
0x000000000568b000 	/System/Library/Frameworks/CoreServices.framework/Versions/A/Frameworks/DictionaryServices.framework/Versions/A/DictionaryServices
0x000000000568b000 	/System/Library/Frameworks/CoreServices.framework/Versions/A/Frameworks/SharedFileList.framework/Versions/A/SharedFileList
0x000000000568b000 	/System/Library/Frameworks/NetFS.framework/Versions/A/NetFS
0x000000000568b000 	/System/Library/PrivateFrameworks/NetAuth.framework/Versions/A/NetAuth
0x000000000568b000 	/System/Library/PrivateFrameworks/login.framework/Versions/A/Frameworks/loginsupport.framework/Versions/A/loginsupport
0x000000000568b000 	/System/Library/PrivateFrameworks/TCC.framework/Versions/A/TCC
0x000000000568b000 	/usr/lib/libmecabra.dylib
0x000000000568b000 	/System/Library/Frameworks/ApplicationServices.framework/Versions/A/Frameworks/ATS.framework/Versions/A/ATS
0x000000000568b000 	/System/Library/Frameworks/ApplicationServices.framework/Versions/A/Frameworks/ColorSync.framework/Versions/A/ColorSync
0x000000000568b000 	/System/Library/Frameworks/ApplicationServices.framework/Versions/A/Frameworks/HIServices.framework/Versions/A/HIServices
0x000000000568b000 	/System/Library/Frameworks/ApplicationServices.framework/Versions/A/Frameworks/LangAnalysis.framework/Versions/A/LangAnalysis
0x000000000568b000 	/System/Library/Frameworks/ApplicationServices.framework/Versions/A/Frameworks/PrintCore.framework/Versions/A/PrintCore
0x000000000568b000 	/System/Library/Frameworks/ApplicationServices.framework/Versions/A/Frameworks/QD.framework/Versions/A/QD
0x000000000568b000 	/System/Library/Frameworks/ApplicationServices.framework/Versions/A/Frameworks/SpeechSynthesis.framework/Versions/A/SpeechSynthesis
0x000000000568b000 	/System/Library/Frameworks/Metal.framework/Versions/A/Metal
0x000000000568b000 	/System/Library/Frameworks/Accelerate.framework/Versions/A/Frameworks/vImage.framework/Versions/A/vImage
0x000000000568b000 	/System/Library/Frameworks/Accelerate.framework/Versions/A/Frameworks/vecLib.framework/Versions/A/vecLib
0x000000000568b000 	/System/Library/Frameworks/Accelerate.framework/Versions/A/Frameworks/vecLib.framework/Versions/A/libvDSP.dylib
0x000000000568b000 	/System/Library/Frameworks/Accelerate.framework/Versions/A/Frameworks/vecLib.framework/Versions/A/libvMisc.dylib
0x000000000568b000 	/System/Library/Frameworks/Accelerate.framework/Versions/A/Frameworks/vecLib.framework/Versions/A/libLAPACK.dylib
0x000000000568b000 	/System/Library/Frameworks/Accelerate.framework/Versions/A/Frameworks/vecLib.framework/Versions/A/libBLAS.dylib
0x000000000568b000 	/System/Library/Frameworks/Accelerate.framework/Versions/A/Frameworks/vecLib.framework/Versions/A/libLinearAlgebra.dylib
0x000000000568b000 	/System/Library/Frameworks/Accelerate.framework/Versions/A/Frameworks/vecLib.framework/Versions/A/libSparseBLAS.dylib
0x000000000568b000 	/System/Library/PrivateFrameworks/GPUCompiler.framework/libmetal_timestamp.dylib
0x000000000568b000 	/System/Library/Frameworks/OpenGL.framework/Versions/A/Libraries/libCoreFSCache.dylib
0x000000000568b000 	/System/Library/PrivateFrameworks/IOAccelerator.framework/Versions/A/IOAccelerator
0x000000000568b000 	/System/Library/Frameworks/ApplicationServices.framework/Versions/A/Frameworks/ATS.framework/Versions/A/Resources/libFontParser.dylib
0x000000000568b000 	/System/Library/Frameworks/ApplicationServices.framework/Versions/A/Frameworks/ATS.framework/Versions/A/Resources/libFontRegistry.dylib
0x000000000568b000 	/System/Library/PrivateFrameworks/AppleVPA.framework/Versions/A/AppleVPA
0x000000000568b000 	/System/Library/PrivateFrameworks/AppleJPEG.framework/Versions/A/AppleJPEG
0x000000000568b000 	/System/Library/Frameworks/ImageIO.framework/Versions/A/Resources/libJPEG.dylib
0x000000000568b000 	/System/Library/Frameworks/ImageIO.framework/Versions/A/Resources/libTIFF.dylib
0x000000000568b000 	/System/Library/Frameworks/ImageIO.framework/Versions/A/Resources/libPng.dylib
0x000000000568b000 	/System/Library/Frameworks/ImageIO.framework/Versions/A/Resources/libGIF.dylib
0x000000000568b000 	/System/Library/Frameworks/ImageIO.framework/Versions/A/Resources/libJP2.dylib
0x000000000568b000 	/System/Library/Frameworks/ImageIO.framework/Versions/A/Resources/libRadiance.dylib
0x000000000568b000 	/System/Library/Frameworks/CoreVideo.framework/Versions/A/CoreVideo
0x000000000568b000 	/System/Library/Frameworks/OpenGL.framework/Versions/A/Libraries/libGLU.dylib
0x000000000568b000 	/System/Library/Frameworks/OpenGL.framework/Versions/A/Libraries/libGFXShared.dylib
0x000000000568b000 	/System/Library/Frameworks/OpenGL.framework/Versions/A/Libraries/libGL.dylib
0x000000000568b000 	/System/Library/Frameworks/OpenGL.framework/Versions/A/Libraries/libGLImage.dylib
0x000000000568b000 	/System/Library/Frameworks/OpenGL.framework/Versions/A/Libraries/libCVMSPluginSupport.dylib
0x000000000568b000 	/System/Library/Frameworks/OpenGL.framework/Versions/A/Libraries/libCoreVMClient.dylib
0x000000000568b000 	/usr/lib/libcups.2.dylib
0x000000000568b000 	/System/Library/Frameworks/Kerberos.framework/Versions/A/Kerberos
0x000000000568b000 	/System/Library/Frameworks/GSS.framework/Versions/A/GSS
0x000000000568b000 	/usr/lib/libresolv.9.dylib
0x000000000568b000 	/usr/lib/libiconv.2.dylib
0x000000000568b000 	/System/Library/PrivateFrameworks/Heimdal.framework/Versions/A/Heimdal
0x000000000568b000 	/usr/lib/libheimdal-asn1.dylib
0x000000000568b000 	/System/Library/Frameworks/OpenDirectory.framework/Versions/A/OpenDirectory
0x000000000568b000 	/System/Library/PrivateFrameworks/CommonAuth.framework/Versions/A/CommonAuth
0x000000000568b000 	/System/Library/Frameworks/OpenDirectory.framework/Versions/A/Frameworks/CFOpenDirectory.framework/Versions/A/CFOpenDirectory
0x000000000568b000 	/System/Library/Frameworks/SecurityFoundation.framework/Versions/A/SecurityFoundation
0x000000000568b000 	/System/Library/PrivateFrameworks/LanguageModeling.framework/Versions/A/LanguageModeling
0x000000000568b000 	/usr/lib/libmarisa.dylib
0x000000000568b000 	/usr/lib/libChineseTokenizer.dylib
0x000000000568b000 	/usr/lib/libcmph.dylib
0x000000000568b000 	/usr/lib/libcompression.dylib
0x000000000568b000 	/System/Library/Frameworks/ServiceManagement.framework/Versions/A/ServiceManagement
0x000000000568b000 	/usr/lib/libxslt.1.dylib
0x000000000568b000 	/System/Library/Frameworks/Carbon.framework/Versions/A/Frameworks/Ink.framework/Versions/A/Ink
0x000000000568b000 	/usr/lib/libFosl_dynamic.dylib
0x000000000568b000 	/System/Library/PrivateFrameworks/FaceCore.framework/Versions/A/FaceCore
0x000000000568b000 	/System/Library/Frameworks/OpenCL.framework/Versions/A/OpenCL
0x000000000568b000 	/System/Library/PrivateFrameworks/CrashReporterSupport.framework/Versions/A/CrashReporterSupport
0x000000000568b000 	/System/Library/PrivateFrameworks/IconServices.framework/Versions/A/IconServices
0x000000000568b000 	/System/Library/PrivateFrameworks/Apple80211.framework/Versions/A/Apple80211
0x000000000568b000 	/System/Library/Frameworks/CoreWLAN.framework/Versions/A/CoreWLAN
0x000000000568b000 	/System/Library/Frameworks/IOBluetooth.framework/Versions/A/IOBluetooth
0x000000000568b000 	/System/Library/PrivateFrameworks/CoreWiFi.framework/Versions/A/CoreWiFi
0x000000000568b000 	/System/Library/Frameworks/CoreBluetooth.framework/Versions/A/CoreBluetooth
0x000000000568b000 	/System/Library/PrivateFrameworks/ChunkingLibrary.framework/Versions/A/ChunkingLibrary
0x000000000568b000 	/System/Library/PrivateFrameworks/DebugSymbols.framework/Versions/A/DebugSymbols
0x000000000568b000 	/System/Library/PrivateFrameworks/CoreSymbolication.framework/Versions/A/CoreSymbolication
0x000000000568b000 	/System/Library/PrivateFrameworks/Symbolication.framework/Versions/A/Symbolication
0x000000000568b000 	/System/Library/PrivateFrameworks/SpeechRecognitionCore.framework/Versions/A/SpeechRecognitionCore
0x000000010d200000 	/Library/Java/JavaVirtualMachines/jdk1.8.0_65.jdk/Contents/Home/jre/lib/server/libjvm.dylib
0x000000000568b000 	/usr/lib/libstdc++.6.dylib
0x000000010c836000 	/Library/Java/JavaVirtualMachines/jdk1.8.0_65.jdk/Contents/Home/jre/lib/libverify.dylib
0x000000010c844000 	/Library/Java/JavaVirtualMachines/jdk1.8.0_65.jdk/Contents/Home/jre/lib/libjava.dylib
0x000000010c883000 	/Library/Java/JavaVirtualMachines/jdk1.8.0_65.jdk/Contents/Home/jre/lib/libzip.dylib
0x0000000123979000 	/System/Library/Frameworks/JavaVM.framework/Frameworks/JavaRuntimeSupport.framework/JavaRuntimeSupport
0x0000000123994000 	/System/Library/Frameworks/JavaVM.framework/Versions/A/Frameworks/JavaNativeFoundation.framework/Versions/A/JavaNativeFoundation
0x00000001239a9000 	/System/Library/Frameworks/JavaVM.framework/Versions/A/JavaVM
0x000000000568b000 	/System/Library/Frameworks/Carbon.framework/Versions/A/Carbon
0x00000001239b6000 	/System/Library/PrivateFrameworks/JavaLaunching.framework/Versions/A/JavaLaunching
0x000000000568b000 	/System/Library/Frameworks/Carbon.framework/Versions/A/Frameworks/CommonPanels.framework/Versions/A/CommonPanels
0x000000000568b000 	/System/Library/Frameworks/Carbon.framework/Versions/A/Frameworks/Help.framework/Versions/A/Help
0x000000000568b000 	/System/Library/Frameworks/Carbon.framework/Versions/A/Frameworks/ImageCapture.framework/Versions/A/ImageCapture
0x000000000568b000 	/System/Library/Frameworks/Carbon.framework/Versions/A/Frameworks/OpenScripting.framework/Versions/A/OpenScripting
0x000000000568b000 	/System/Library/Frameworks/Carbon.framework/Versions/A/Frameworks/Print.framework/Versions/A/Print
0x000000000568b000 	/System/Library/Frameworks/Carbon.framework/Versions/A/Frameworks/SecurityHI.framework/Versions/A/SecurityHI
0x00000001252d9000 	/Library/Java/JavaVirtualMachines/jdk1.8.0_65.jdk/Contents/Home/jre/lib/libawt.dylib
0x0000000125381000 	/Library/Java/JavaVirtualMachines/jdk1.8.0_65.jdk/Contents/Home/jre/lib/./libmlib_image.dylib
0x000000012544d000 	/Library/Java/JavaVirtualMachines/jdk1.8.0_65.jdk/Contents/Home/jre/lib/libawt_lwawt.dylib
0x0000000125502000 	/Library/Java/JavaVirtualMachines/jdk1.8.0_65.jdk/Contents/Home/jre/lib/./libosxapp.dylib
0x000000000568b000 	/System/Library/Frameworks/ExceptionHandling.framework/Versions/A/ExceptionHandling
0x000000000568b000 	/System/Library/PrivateFrameworks/CoreServicesInternal.framework/Versions/A/CoreServicesInternal
0x000000000568b000 	/System/Library/Frameworks/CoreGraphics.framework/Versions/A/Resources/libRIP.A.dylib
0x000000000568b000 	/System/Library/Frameworks/Accelerate.framework/Versions/A/Frameworks/vImage.framework/Versions/A/Libraries/libCGInterfaces.dylib
0x000000000568b000 	/System/Library/Frameworks/CoreGraphics.framework/Versions/A/Resources/libCGXType.A.dylib
0x000000000568b000 	/System/Library/Frameworks/OpenCL.framework/Versions/A/Libraries/libcldcpuengine.dylib
0x000000000568b000 	/System/Library/PrivateFrameworks/DiskImages.framework/Versions/A/DiskImages
0x000000000568b000 	/System/Library/Frameworks/DiscRecording.framework/Versions/A/DiscRecording
0x000000000568b000 	/usr/lib/libcsfde.dylib
0x000000000568b000 	/usr/lib/libcurl.4.dylib
0x000000000568b000 	/System/Library/PrivateFrameworks/MediaKit.framework/Versions/A/MediaKit
0x000000000568b000 	/System/Library/PrivateFrameworks/ProtectedCloudStorage.framework/Versions/A/ProtectedCloudStorage
0x000000000568b000 	/usr/lib/libCoreStorage.dylib
0x000000000568b000 	/System/Library/PrivateFrameworks/EFILogin.framework/Versions/A/EFILogin
0x000000000568b000 	/usr/lib/libutil.dylib
0x000000000568b000 	/System/Library/PrivateFrameworks/FindMyDevice.framework/Versions/A/FindMyDevice
0x000000000568b000 	/System/Library/Frameworks/LDAP.framework/Versions/A/LDAP
0x000000000568b000 	/usr/lib/libsasl2.2.dylib
0x000000000568b000 	/System/Library/PrivateFrameworks/CoreDaemon.framework/Versions/B/CoreDaemon
0x000000000568b000 	/usr/lib/libcrypto.0.9.8.dylib
0x000000000568b000 	/System/Library/PrivateFrameworks/AppleSRP.framework/Versions/A/AppleSRP
0x000000000568b000 	/System/Library/PrivateFrameworks/TrustEvaluationAgent.framework/Versions/A/TrustEvaluationAgent
0x0000000125eca000 	cl_kernels
0x000000000568b000 	/System/Library/Frameworks/OpenCL.framework/Versions/A/Libraries/ImageFormats/unorm8_bgra.dylib
0x000000000568b000 	/System/Library/Frameworks/OpenCL.framework/Versions/A/Libraries/ImageFormats/unorm8_rgba.dylib
0x000000000568b000 	/System/Library/PrivateFrameworks/FamilyControls.framework/Versions/A/FamilyControls
0x000000000568b000 	/System/Library/PrivateFrameworks/CommerceKit.framework/Versions/A/Frameworks/CommerceCore.framework/Versions/A/CommerceCore
0x000000000568b000 	/System/Library/PrivateFrameworks/SystemAdministration.framework/Versions/A/SystemAdministration
0x000000000568b000 	/System/Library/PrivateFrameworks/AppContainer.framework/Versions/A/AppContainer
0x000000000568b000 	/System/Library/PrivateFrameworks/SecCodeWrapper.framework/Versions/A/SecCodeWrapper
0x000000000568b000 	/System/Library/Frameworks/DirectoryService.framework/Versions/A/DirectoryService
0x000000000568b000 	/System/Library/PrivateFrameworks/LoginUIKit.framework/Versions/A/Frameworks/LoginUICore.framework/Versions/A/LoginUICore
0x000000000568b000 	/usr/lib/libodfde.dylib
0x000000000568b000 	/System/Library/Frameworks/OpenGL.framework/Versions/A/Resources/GLEngine.bundle/GLEngine
0x000000000568b000 	/System/Library/Frameworks/OpenGL.framework/Versions/A/Libraries/libGLProgrammability.dylib
0x0000000127d6a000 	/System/Library/Extensions/AppleIntelHD5000GraphicsGLDriver.bundle/Contents/MacOS/AppleIntelHD5000GraphicsGLDriver
0x000000000568b000 	/System/Library/PrivateFrameworks/GPUSupport.framework/Versions/A/Libraries/libGPUSupportMercury.dylib
0x000000000568b000 	/System/Library/Frameworks/OpenGL.framework/Versions/A/Resources/GLRendererFloat.bundle/GLRendererFloat
0x0000000128d70000 	/Library/Java/JavaVirtualMachines/jdk1.8.0_65.jdk/Contents/Home/jre/lib/libfontmanager.dylib
0x000000012a1ca000 	/Library/Java/JavaVirtualMachines/jdk1.8.0_65.jdk/Contents/Home/jre/lib/libosxui.dylib
0x000000012b006000 	/Library/Java/JavaVirtualMachines/jdk1.8.0_65.jdk/Contents/Home/jre/lib/libnet.dylib
0x000000012ad54000 	/Library/Java/JavaVirtualMachines/jdk1.8.0_65.jdk/Contents/Home/jre/lib/libnio.dylib
0x000000000568b000 	/System/Library/Frameworks/ApplicationServices.framework/Versions/A/Frameworks/ATS.framework/Versions/A/Resources/libTrueTypeScaler.dylib
0x000000017ba8b000 	/System/Library/Extensions/AppleIntelHD5000GraphicsMTLDriver.bundle/Contents/MacOS/AppleIntelHD5000GraphicsMTLDriver
0x00000001262f3000 	/private/var/folders/94/qhk8wx9560913pcr_k2txvfh0000gn/T/jogamp_0000/file_cache/jln4958566211657965375/jln7990255513926091172/libgluegen-rt.jnilib
0x00000001262f8000 	/private/var/folders/94/qhk8wx9560913pcr_k2txvfh0000gn/T/jogamp_0000/file_cache/jln4958566211657965375/jln7990255513926091172/libnativewindow_awt.jnilib
0x000000012ae53000 	/Library/Java/JavaVirtualMachines/jdk1.8.0_65.jdk/Contents/Home/jre/lib/libjawt.dylib
0x000000017b9e7000 	/private/var/folders/94/qhk8wx9560913pcr_k2txvfh0000gn/T/jogamp_0000/file_cache/jln4958566211657965375/jln7990255513926091172/libnativewindow_macosx.jnilib
0x000000017d4fc000 	/private/var/folders/94/qhk8wx9560913pcr_k2txvfh0000gn/T/jogamp_0000/file_cache/jln4958566211657965375/jln7990255513926091172/libjogl_desktop.jnilib
0x00000001838bc000 	/Library/Java/JavaVirtualMachines/jdk1.8.0_65.jdk/Contents/Home/jre/lib/libt2k.dylib

VM Arguments:
jvm_args: -Djava.security.policy=java.policy.applet -Dfile.encoding=UTF-8 
java_command: sun.applet.AppletViewer module3.EarthquakeCityMap1449854382456.html
java_class_path (initial): /Users/karenblakemore/Java/workspace/UCSDUnfoldingMaps/build:/Users/karenblakemore/Java/workspace/UCSDUnfoldingMaps/lib/core.jar:/Users/karenblakemore/Java/workspace/UCSDUnfoldingMaps/lib/gluegen-rt.jar:/Users/karenblakemore/Java/workspace/UCSDUnfoldingMaps/lib/jogl-all.jar:/Users/karenblakemore/Java/workspace/UCSDUnfoldingMaps/lib/log4j-1.2.15.jar:/Users/karenblakemore/Java/workspace/UCSDUnfoldingMaps/lib/sqlite-jdbc-3.7.2.jar:/Users/karenblakemore/Java/workspace/UCSDUnfoldingMaps/lib/json4processing.jar:/Users/karenblakemore/Java/workspace/UCSDUnfoldingMaps/lib/libTUIO.jar:/Users/karenblakemore/Java/workspace/UCSDUnfoldingMaps/lib/unfolding.0.9.7-uscd.jar
Launcher Type: SUN_STANDARD

Environment Variables:
PATH=/usr/bin:/bin:/usr/sbin:/sbin
SHELL=/bin/bash

Signal Handlers:
SIGSEGV: [libjvm.dylib+0x5a6d31], sa_mask[0]=11111111011111110111111111111111, sa_flags=SA_ONSTACK|SA_RESTART|SA_SIGINFO
SIGBUS: [libjvm.dylib+0x5a6d31], sa_mask[0]=11111111011111110111111111111111, sa_flags=SA_RESTART|SA_SIGINFO
SIGFPE: [libjvm.dylib+0x480a40], sa_mask[0]=11111111011111110111111111111111, sa_flags=SA_RESTART|SA_SIGINFO
SIGPIPE: [libjvm.dylib+0x480a40], sa_mask[0]=11111111011111110111111111111111, sa_flags=SA_RESTART|SA_SIGINFO
SIGXFSZ: [libjvm.dylib+0x480a40], sa_mask[0]=11111111011111110111111111111111, sa_flags=SA_RESTART|SA_SIGINFO
SIGILL: [libjvm.dylib+0x480a40], sa_mask[0]=11111111011111110111111111111111, sa_flags=SA_RESTART|SA_SIGINFO
SIGUSR1: SIG_DFL, sa_mask[0]=00000000000000000000000000000000, sa_flags=none
SIGUSR2: [libjvm.dylib+0x48055e], sa_mask[0]=00100000000000000000000000000000, sa_flags=SA_RESTART|SA_SIGINFO
SIGHUP: [libjvm.dylib+0x47eb35], sa_mask[0]=11111111011111110111111111111111, sa_flags=SA_RESTART|SA_SIGINFO
SIGINT: [libjvm.dylib+0x47eb35], sa_mask[0]=11111111011111110111111111111111, sa_flags=SA_RESTART|SA_SIGINFO
SIGTERM: [libjvm.dylib+0x47eb35], sa_mask[0]=11111111011111110111111111111111, sa_flags=SA_RESTART|SA_SIGINFO
SIGQUIT: [libjvm.dylib+0x47eb35], sa_mask[0]=11111111011111110111111111111111, sa_flags=SA_RESTART|SA_SIGINFO


---------------  S Y S T E M  ---------------

OS:Bsduname:Darwin 15.0.0 Darwin Kernel Version 15.0.0: Sat Sep 19 15:53:46 PDT 2015; root:xnu-3247.10.11~1/RELEASE_X86_64 x86_64
rlimit: STACK 8192k, CORE 0k, NPROC 709, NOFILE 10240, AS infinity
load average:2.34 2.12 1.95

CPU:total 4 (2 cores per cpu, 2 threads per core) family 6 model 69 stepping 1, cmov, cx8, fxsr, mmx, sse, sse2, sse3, ssse3, sse4.1, sse4.2, popcnt, avx, avx2, aes, clmul, erms, lzcnt, ht, tsc, tscinvbit, bmi1, bmi2

Memory: 4k page, physical 8388608k(1880612k free)

/proc/meminfo:


vm_info: Java HotSpot(TM) 64-Bit Server VM (25.65-b01) for bsd-amd64 JRE (1.8.0_65-b17), built on Oct  6 2015 15:36:46 by "java_re" with gcc 4.2.1 (Based on Apple Inc. build 5658) (LLVM build 2336.11.00)

time: Fri Dec 11 10:20:06 2015
elapsed time: 24 seconds (0d 0h 0m 24s)

