#
# A fatal error has been detected by the Java Runtime Environment:
#
#  SIGSEGV (0xb) at pc=0x00007fff8a26dd5d, pid=5508, tid=2571
#
# JRE version: Java(TM) SE Runtime Environment (8.0_65-b17) (build 1.8.0_65-b17)
# Java VM: Java HotSpot(TM) 64-Bit Server VM (25.65-b01 mixed mode bsd-amd64 compressed oops)
# Problematic frame:
# C  [libobjc.A.dylib+0x6d5d]  objc_msgSend+0x1d
#
# Failed to write core dump. Core dumps have been disabled. To enable core dumping, try "ulimit -c unlimited" before starting Java again
#
# If you would like to submit a bug report, please visit:
#   http://bugreport.java.com/bugreport/crash.jsp
# The crash happened outside the Java Virtual Machine in native code.
# See problematic frame for where to report the bug.
#

---------------  T H R E A D  ---------------

Current thread (0x00007fbf2d00a800):  JavaThread "AWT-AppKit" daemon [_thread_in_native, id=2571, stack(0x00007fff582f2000,0x00007fff58af2000)]

siginfo: si_signo: 11 (SIGSEGV), si_code: 1 (SEGV_MAPERR), si_addr: 0x000007fbf2f96758

Registers:
RAX=0x00007fbf2fb5d2d0, RBX=0x0000000120df6450, RCX=0x0000000120e1a180, RDX=0x0000000120e1a340
RSP=0x00007fff58aed358, RBP=0x00007fff58aed410, RSI=0x00007fff8d53bd0e, RDI=0x00007fbf2f938390
R8 =0x0000000000000000, R9 =0x0000000000000810, R10=0x00007fff8d53bd0e, R11=0x000007fbf2f96740
R12=0x0000000000000000, R13=0x0000000178107d10, R14=0x0000000120df6440, R15=0x00007fbf2d00a800
RIP=0x00007fff8a26dd5d, EFLAGS=0x0000000000010202, ERR=0x0000000000000004
  TRAPNO=0x000000000000000e

Top of Stack: (sp=0x00007fff58aed358)
0x00007fff58aed358:   0000000120df4157 00007fff58aed3b0
0x00007fff58aed368:   0000000000000003 00007fff58aed390
0x00007fff58aed378:   0000000107df19a6 0000000178107d10
0x00007fff58aed388:   0000000178107d10 00007fbf2fb5d2d0
0x00007fff58aed398:   0000000120df66a0 0000000120df6710
0x00007fff58aed3a8:   00007fff786b0740 00007fff7673e4c0
0x00007fff58aed3b8:   0000000120df6450 0000000120df6690
0x00007fff58aed3c8:   00007fbf2fb5d2d0 00007fbf2f938390
0x00007fff58aed3d8:   00007fbf2e682520 00007fbf2fb5d2d0
0x00007fff58aed3e8:   00007fbf2f938390 00007fff58aed498
0x00007fff58aed3f8:   00007fbf2d00a9f8 0000000178107d10
0x00007fff58aed408:   00007fff58aed4c0 00007fff58aed488
0x00007fff58aed418:   0000000108b9e954 0000000178107d10
0x00007fff58aed428:   00007fff58aed4c0 00007fff58aed488
0x00007fff58aed438:   0000000108b9e6e7 0000000108b9e6a2
0x00007fff58aed448:   00007fff58aed448 0000000178107d10
0x00007fff58aed458:   00007fff58aed4c0 000000017812b028
0x00007fff58aed468:   0000000000000000 0000000178107d10
0x00007fff58aed478:   0000000000000000 00007fff58aed4a8
0x00007fff58aed488:   00007fff58aed508 0000000108b90c4d
0x00007fff58aed498:   0000000740d78928 0000000108b98578
0x00007fff58aed4a8:   00007fbf2fb5d2d0 00007fff58aed508
0x00007fff58aed4b8:   00007fbf2f938390 0000000108b99d82
0x00007fff58aed4c8:   00007fff58aed4c8 0000000178107eda
0x00007fff58aed4d8:   00007fff58aed530 000000017812b028
0x00007fff58aed4e8:   0000000000000000 0000000178107ee8
0x00007fff58aed4f8:   00007fff58aed4a8 00007fff58aed518
0x00007fff58aed508:   00007fff58aed578 0000000108b90c4d
0x00007fff58aed518:   00007fbf2fb5d2d0 0000000740c09370
0x00007fff58aed528:   00007fbf2f938390 0000000740c09370
0x00007fff58aed538:   00007fff58aed538 000000017f60e5c6
0x00007fff58aed548:   00007fff58aed588 000000017f60e680 

Instructions: (pc=0x00007fff8a26dd5d)
0x00007fff8a26dd3d:   44 00 00 48 85 ff 2e 74 62 40 f6 c7 01 2e 75 66
0x00007fff8a26dd4d:   49 bb f8 ff ff ff ff 7f 00 00 4c 23 1f 49 89 f2
0x00007fff8a26dd5d:   45 23 53 18 49 c1 e2 04 4d 03 53 10 49 3b 32 75
0x00007fff8a26dd6d:   04 41 ff 62 08 49 83 3a 01 76 0d 49 83 c2 10 49 

Register to memory mapping:

RAX=0x00007fbf2fb5d2d0 is an unknown value
RBX=0x0000000120df6450: Java_jogamp_nativewindow_macosx_OSXUtil_GetScreenRefreshRate0+0x1cf0 in /private/var/folders/94/qhk8wx9560913pcr_k2txvfh0000gn/T/jogamp_0000/file_cache/jln7612135006568808503/jln4770511501541080215/libnativewindow_macosx.jnilib at 0x0000000120def000
RCX=0x0000000120e1a180 is an unknown value
RDX=0x0000000120e1a340 is an unknown value
RSP=0x00007fff58aed358 is pointing into the stack for thread: 0x00007fbf2d00a800
RBP=0x00007fff58aed410 is pointing into the stack for thread: 0x00007fbf2d00a800
RSI=0x00007fff8d53bd0e is an unknown value
RDI=0x00007fbf2f938390 is an unknown value
R8 =0x0000000000000000 is an unknown value
R9 =0x0000000000000810 is an unknown value
R10=0x00007fff8d53bd0e is an unknown value
R11=0x000007fbf2f96740 is an unknown value
R12=0x0000000000000000 is an unknown value
R13={method} {0x0000000178107d10} 'UnsetJAWTRootSurfaceLayer0' '(JJ)V' in 'jogamp/nativewindow/jawt/macosx/MacOSXJAWTWindow'
R14=0x0000000120df6440: Java_jogamp_nativewindow_macosx_OSXUtil_GetScreenRefreshRate0+0x1ce0 in /private/var/folders/94/qhk8wx9560913pcr_k2txvfh0000gn/T/jogamp_0000/file_cache/jln7612135006568808503/jln4770511501541080215/libnativewindow_macosx.jnilib at 0x0000000120def000
R15=0x00007fbf2d00a800 is a thread


Stack: [0x00007fff582f2000,0x00007fff58af2000],  sp=0x00007fff58aed358,  free space=8172k
Native frames: (J=compiled Java code, j=interpreted, Vv=VM code, C=native code)
C  [libobjc.A.dylib+0x6d5d]  objc_msgSend+0x1d
j  jogamp.nativewindow.jawt.macosx.MacOSXJAWTWindow.UnsetJAWTRootSurfaceLayer0(JJ)V+0
j  jogamp.nativewindow.jawt.macosx.MacOSXJAWTWindow.access$200(JJ)V+2
j  jogamp.nativewindow.jawt.macosx.MacOSXJAWTWindow$1.run()V+38
J 2107 C1 com.jogamp.common.util.RunnableTask.run()V (345 bytes) @ 0x00000001092e4d94 [0x00000001092e4c00+0x194]
v  ~StubRoutines::call_stub
V  [libjvm.dylib+0x2eab02]  JavaCalls::call_helper(JavaValue*, methodHandle*, JavaCallArguments*, Thread*)+0x6ae
V  [libjvm.dylib+0x321bab]  jni_invoke_nonstatic(JNIEnv_*, JavaValue*, _jobject*, JNICallType, _jmethodID*, JNI_ArgumentPusher*, Thread*)+0x2ec
V  [libjvm.dylib+0x31437f]  jni_CallVoidMethod+0x16b
C  [libnativewindow_macosx.jnilib+0x5326]  Java_jogamp_nativewindow_jawt_macosx_MacOSXJAWTWindow_UnsetJAWTRootSurfaceLayer0+0x2b6
C  [Foundation+0x7741e]  __NSThreadPerformPerform+0x117
C  [CoreFoundation+0xaa8b1]  __CFRUNLOOP_IS_CALLING_OUT_TO_A_SOURCE0_PERFORM_FUNCTION__+0x11
C  [CoreFoundation+0x8a027]  __CFRunLoopDoSources0+0x1a7
C  [CoreFoundation+0x895cf]  __CFRunLoopRun+0x39f
C  [CoreFoundation+0x88fc8]  CFRunLoopRunSpecific+0x128
C  [HIToolbox+0x30d55]  RunCurrentEventLoopInMode+0xeb
C  [HIToolbox+0x30a97]  ReceiveNextEventCommon+0xb8
C  [HIToolbox+0x309cf]  _BlockUntilNextEventMatchingListInModeWithFilter+0x47
C  [AppKit+0x49d96]  _DPSNextEvent+0x42b
C  [AppKit+0x491c5]  -[NSApplication _nextEventMatchingEventMask:untilDate:inMode:dequeue:]+0x1c6
C  [libosxapp.dylib+0x23aa]  -[NSApplicationAWT nextEventMatchingMask:untilDate:inMode:dequeue:]+0x7c
C  [AppKit+0x3dd28]  -[NSApplication run]+0x2aa
C  [libosxapp.dylib+0x214d]  +[NSApplicationAWT runAWTLoopWithApp:]+0x9c
C  [libawt_lwawt.dylib+0x44517]  -[AWTStarter starter:]+0x389
C  [Foundation+0x7741e]  __NSThreadPerformPerform+0x117
C  [CoreFoundation+0xaa8b1]  __CFRUNLOOP_IS_CALLING_OUT_TO_A_SOURCE0_PERFORM_FUNCTION__+0x11
C  [CoreFoundation+0x8a0ac]  __CFRunLoopDoSources0+0x22c
C  [CoreFoundation+0x895cf]  __CFRunLoopRun+0x39f
C  [CoreFoundation+0x88fc8]  CFRunLoopRunSpecific+0x128
C  [java+0x6463]  CreateExecutionEnvironment+0x367
C  [java+0x21ac]  JLI_Launch+0x7a0
C  [java+0x84c0]  main+0x65
C  [java+0x1a04]  start+0x34
C  0x0000000000000007

Java frames: (J=compiled Java code, j=interpreted, Vv=VM code)
j  jogamp.nativewindow.jawt.macosx.MacOSXJAWTWindow.UnsetJAWTRootSurfaceLayer0(JJ)V+0
j  jogamp.nativewindow.jawt.macosx.MacOSXJAWTWindow.access$200(JJ)V+2
j  jogamp.nativewindow.jawt.macosx.MacOSXJAWTWindow$1.run()V+38
J 2107 C1 com.jogamp.common.util.RunnableTask.run()V (345 bytes) @ 0x00000001092e4d94 [0x00000001092e4c00+0x194]
v  ~StubRoutines::call_stub

---------------  P R O C E S S  ---------------

Java Threads: ( => current thread )
  0x00007fbf2d1d7000 JavaThread "Thread-19" [_thread_blocked, id=34055, stack(0x0000700001a71000,0x0000700001b71000)]
  0x00007fbf2d159000 JavaThread "AWT-EventQueue-1" [_thread_in_native, id=59179, stack(0x0000700001868000,0x0000700001968000)]
  0x00007fbf2c80b000 JavaThread "DestroyJavaVM" [_thread_blocked, id=5891, stack(0x000070000011a000,0x000070000021a000)]
  0x00007fbf2d0d6000 JavaThread "AWT-EventQueue-0" [_thread_blocked, id=56323, stack(0x0000700001662000,0x0000700001762000)]
  0x00007fbf2c177000 JavaThread "Java2D Disposer" daemon [_thread_blocked, id=52995, stack(0x00007000013d9000,0x00007000014d9000)]
  0x00007fbf2c118800 JavaThread "Java2D Queue Flusher" daemon [_thread_blocked, id=50183, stack(0x00007000012d6000,0x00007000013d6000)]
  0x00007fbf2d978800 JavaThread "AWT-Shutdown" [_thread_blocked, id=29459, stack(0x0000700001150000,0x0000700001250000)]
=>0x00007fbf2d00a800 JavaThread "AWT-AppKit" daemon [_thread_in_native, id=2571, stack(0x00007fff582f2000,0x00007fff58af2000)]
  0x00007fbf2d009000 JavaThread "Service Thread" daemon [_thread_blocked, id=18947, stack(0x0000700000ec7000,0x0000700000fc7000)]
  0x00007fbf2c88c800 JavaThread "C1 CompilerThread2" daemon [_thread_blocked, id=18435, stack(0x0000700000dc4000,0x0000700000ec4000)]
  0x00007fbf2d835800 JavaThread "C2 CompilerThread1" daemon [_thread_blocked, id=17923, stack(0x0000700000cc1000,0x0000700000dc1000)]
  0x00007fbf2c840000 JavaThread "C2 CompilerThread0" daemon [_thread_blocked, id=17411, stack(0x0000700000bbe000,0x0000700000cbe000)]
  0x00007fbf2d80d000 JavaThread "Signal Dispatcher" daemon [_thread_blocked, id=16659, stack(0x0000700000abb000,0x0000700000bbb000)]
  0x00007fbf2d82a000 JavaThread "Finalizer" daemon [_thread_blocked, id=12291, stack(0x000070000082f000,0x000070000092f000)]
  0x00007fbf2d800000 JavaThread "Reference Handler" daemon [_thread_blocked, id=11779, stack(0x000070000072c000,0x000070000082c000)]

Other Threads:
  0x00007fbf2c839800 VMThread [stack: 0x0000700000629000,0x0000700000729000] [id=11267]
  0x00007fbf2c840800 WatcherThread [stack: 0x0000700000fca000,0x00007000010ca000] [id=19459]

VM state:not at safepoint (normal execution)

VM Mutex/Monitor currently owned by a thread: None

Heap:
 PSYoungGen      total 45568K, used 4020K [0x0000000795580000, 0x0000000799100000, 0x00000007c0000000)
  eden space 31232K, 12% used [0x0000000795580000,0x000000079594d0c8,0x0000000797400000)
  from space 14336K, 0% used [0x0000000798280000,0x00000007982a0000,0x0000000799080000)
  to   space 14848K, 0% used [0x0000000797400000,0x0000000797400000,0x0000000798280000)
 ParOldGen       total 87552K, used 17225K [0x0000000740000000, 0x0000000745580000, 0x0000000795580000)
  object space 87552K, 19% used [0x0000000740000000,0x00000007410d2678,0x0000000745580000)
 Metaspace       used 20805K, capacity 20987K, committed 21120K, reserved 1069056K
  class space    used 2028K, capacity 2110K, committed 2176K, reserved 1048576K

Card table byte_map: [0x0000000117f49000,0x000000011834a000] byte_map_base: 0x0000000114549000

Marking Bits: (ParMarkBitMap*) 0x00000001084dee20
 Begin Bits: [0x00000001185f5000, 0x000000011a5f5000)
 End Bits:   [0x000000011a5f5000, 0x000000011c5f5000)

Polling page: 0x00000001073d1000

CodeCache: size=245760Kb used=9292Kb max_used=9321Kb free=236467Kb
 bounds [0x0000000108b89000, 0x00000001094b9000, 0x0000000117b89000]
 total_blobs=3448 nmethods=2560 adapters=801
 compilation: enabled

Compilation events (10 events):
Event: 49.580 Thread 0x00007fbf2c88c800 2588       3       java.awt.KeyboardFocusManager::checkKFMSecurity (11 bytes)
Event: 49.581 Thread 0x00007fbf2c88c800 nmethod 2588 0x00000001094ac150 code [0x00000001094ac340, 0x00000001094aca78]
Event: 49.610 Thread 0x00007fbf2c88c800 2589       3       java.util.HashMap::putVal (300 bytes)
Event: 49.612 Thread 0x00007fbf2c88c800 nmethod 2589 0x00000001094aa550 code [0x00000001094aa7c0, 0x00000001094aba78]
Event: 49.619 Thread 0x00007fbf2d835800 2590  s!   4       sun.misc.URLClassPath::getLoader (197 bytes)
Event: 49.620 Thread 0x00007fbf2c840000 2591  s    4       sun.misc.URLClassPath::getNextLoader (88 bytes)
Event: 49.624 Thread 0x00007fbf2c88c800 2592       1       sun.java2d.SurfaceData::isValid (5 bytes)
Event: 49.624 Thread 0x00007fbf2c88c800 nmethod 2592 0x00000001094a8e90 code [0x00000001094a8fe0, 0x00000001094a90f0]
Event: 49.626 Thread 0x00007fbf2d835800 nmethod 2590 0x0000000108d06750 code [0x0000000108d068c0, 0x0000000108d07098]
Event: 49.627 Thread 0x00007fbf2c840000 nmethod 2591 0x00000001094a9750 code [0x00000001094a98c0, 0x00000001094aa038]

GC Heap History (10 events):
Event: 16.462 GC heap before
{Heap before GC invocations=4 (full 0):
 PSYoungGen      total 38400K, used 38384K [0x0000000795580000, 0x0000000798000000, 0x00000007c0000000)
  eden space 33280K, 100% used [0x0000000795580000,0x0000000797600000,0x0000000797600000)
  from space 5120K, 99% used [0x0000000797600000,0x0000000797afc1d0,0x0000000797b00000)
  to   space 5120K, 0% used [0x0000000797b00000,0x0000000797b00000,0x0000000798000000)
 ParOldGen       total 87552K, used 12230K [0x0000000740000000, 0x0000000745580000, 0x0000000795580000)
  object space 87552K, 13% used [0x0000000740000000,0x0000000740bf19c8,0x0000000745580000)
 Metaspace       used 20759K, capacity 20987K, committed 21120K, reserved 1069056K
  class space    used 2020K, capacity 2110K, committed 2176K, reserved 1048576K
Event: 16.469 GC heap after
Heap after GC invocations=4 (full 0):
 PSYoungGen      total 38400K, used 5024K [0x0000000795580000, 0x0000000798000000, 0x00000007c0000000)
  eden space 33280K, 0% used [0x0000000795580000,0x0000000795580000,0x0000000797600000)
  from space 5120K, 98% used [0x0000000797b00000,0x0000000797fe81a0,0x0000000798000000)
  to   space 5120K, 0% used [0x0000000797600000,0x0000000797600000,0x0000000797b00000)
 ParOldGen       total 87552K, used 12238K [0x0000000740000000, 0x0000000745580000, 0x0000000795580000)
  object space 87552K, 13% used [0x0000000740000000,0x0000000740bf39c8,0x0000000745580000)
 Metaspace       used 20759K, capacity 20987K, committed 21120K, reserved 1069056K
  class space    used 2020K, capacity 2110K, committed 2176K, reserved 1048576K
}
Event: 24.753 GC heap before
{Heap before GC invocations=5 (full 0):
 PSYoungGen      total 38400K, used 38304K [0x0000000795580000, 0x0000000798000000, 0x00000007c0000000)
  eden space 33280K, 100% used [0x0000000795580000,0x0000000797600000,0x0000000797600000)
  from space 5120K, 98% used [0x0000000797b00000,0x0000000797fe81a0,0x0000000798000000)
  to   space 5120K, 0% used [0x0000000797600000,0x0000000797600000,0x0000000797b00000)
 ParOldGen       total 87552K, used 12238K [0x0000000740000000, 0x0000000745580000, 0x0000000795580000)
  object space 87552K, 13% used [0x0000000740000000,0x0000000740bf39c8,0x0000000745580000)
 Metaspace       used 20760K, capacity 20987K, committed 21120K, reserved 1069056K
  class space    used 2020K, capacity 2110K, committed 2176K, reserved 1048576K
Event: 24.760 GC heap after
Heap after GC invocations=5 (full 0):
 PSYoungGen      total 37888K, used 5040K [0x0000000795580000, 0x0000000799280000, 0x00000007c0000000)
  eden space 32768K, 0% used [0x0000000795580000,0x0000000795580000,0x0000000797580000)
  from space 5120K, 98% used [0x0000000797600000,0x0000000797aec190,0x0000000797b00000)
  to   space 14848K, 0% used [0x0000000798400000,0x0000000798400000,0x0000000799280000)
 ParOldGen       total 87552K, used 12238K [0x0000000740000000, 0x0000000745580000, 0x0000000795580000)
  object space 87552K, 13% used [0x0000000740000000,0x0000000740bf39c8,0x0000000745580000)
 Metaspace       used 20760K, capacity 20987K, committed 21120K, reserved 1069056K
  class space    used 2020K, capacity 2110K, committed 2176K, reserved 1048576K
}
Event: 32.972 GC heap before
{Heap before GC invocations=6 (full 0):
 PSYoungGen      total 37888K, used 37808K [0x0000000795580000, 0x0000000799280000, 0x00000007c0000000)
  eden space 32768K, 100% used [0x0000000795580000,0x0000000797580000,0x0000000797580000)
  from space 5120K, 98% used [0x0000000797600000,0x0000000797aec190,0x0000000797b00000)
  to   space 14848K, 0% used [0x0000000798400000,0x0000000798400000,0x0000000799280000)
 ParOldGen       total 87552K, used 12238K [0x0000000740000000, 0x0000000745580000, 0x0000000795580000)
  object space 87552K, 13% used [0x0000000740000000,0x0000000740bf39c8,0x0000000745580000)
 Metaspace       used 20761K, capacity 20987K, committed 21120K, reserved 1069056K
  class space    used 2020K, capacity 2110K, committed 2176K, reserved 1048576K
Event: 32.980 GC heap after
Heap after GC invocations=6 (full 0):
 PSYoungGen      total 45568K, used 5056K [0x0000000795580000, 0x0000000799100000, 0x00000007c0000000)
  eden space 32256K, 0% used [0x0000000795580000,0x0000000795580000,0x0000000797500000)
  from space 13312K, 37% used [0x0000000798400000,0x00000007988f01a0,0x0000000799100000)
  to   space 14336K, 0% used [0x0000000797500000,0x0000000797500000,0x0000000798300000)
 ParOldGen       total 87552K, used 12238K [0x0000000740000000, 0x0000000745580000, 0x0000000795580000)
  object space 87552K, 13% used [0x0000000740000000,0x0000000740bf39c8,0x0000000745580000)
 Metaspace       used 20761K, capacity 20987K, committed 21120K, reserved 1069056K
  class space    used 2020K, capacity 2110K, committed 2176K, reserved 1048576K
}
Event: 41.057 GC heap before
{Heap before GC invocations=7 (full 0):
 PSYoungGen      total 45568K, used 37312K [0x0000000795580000, 0x0000000799100000, 0x00000007c0000000)
  eden space 32256K, 100% used [0x0000000795580000,0x0000000797500000,0x0000000797500000)
  from space 13312K, 37% used [0x0000000798400000,0x00000007988f01a0,0x0000000799100000)
  to   space 14336K, 0% used [0x0000000797500000,0x0000000797500000,0x0000000798300000)
 ParOldGen       total 87552K, used 12238K [0x0000000740000000, 0x0000000745580000, 0x0000000795580000)
  object space 87552K, 13% used [0x0000000740000000,0x0000000740bf39c8,0x0000000745580000)
 Metaspace       used 20761K, capacity 20987K, committed 21120K, reserved 1069056K
  class space    used 2020K, capacity 2110K, committed 2176K, reserved 1048576K
Event: 41.066 GC heap after
Heap after GC invocations=7 (full 0):
 PSYoungGen      total 33792K, used 1792K [0x0000000795580000, 0x0000000799080000, 0x00000007c0000000)
  eden space 31744K, 0% used [0x0000000795580000,0x0000000795580000,0x0000000797480000)
  from space 2048K, 87% used [0x0000000797500000,0x00000007976c0080,0x0000000797700000)
  to   space 14336K, 0% used [0x0000000798280000,0x0000000798280000,0x0000000799080000)
 ParOldGen       total 87552K, used 15569K [0x0000000740000000, 0x0000000745580000, 0x0000000795580000)
  object space 87552K, 17% used [0x0000000740000000,0x0000000740f34608,0x0000000745580000)
 Metaspace       used 20761K, capacity 20987K, committed 21120K, reserved 1069056K
  class space    used 2020K, capacity 2110K, committed 2176K, reserved 1048576K
}
Event: 48.979 GC heap before
{Heap before GC invocations=8 (full 0):
 PSYoungGen      total 33792K, used 33536K [0x0000000795580000, 0x0000000799080000, 0x00000007c0000000)
  eden space 31744K, 100% used [0x0000000795580000,0x0000000797480000,0x0000000797480000)
  from space 2048K, 87% used [0x0000000797500000,0x00000007976c0080,0x0000000797700000)
  to   space 14336K, 0% used [0x0000000798280000,0x0000000798280000,0x0000000799080000)
 ParOldGen       total 87552K, used 15569K [0x0000000740000000, 0x0000000745580000, 0x0000000795580000)
  object space 87552K, 17% used [0x0000000740000000,0x0000000740f34608,0x0000000745580000)
 Metaspace       used 20770K, capacity 20987K, committed 21120K, reserved 1069056K
  class space    used 2020K, capacity 2110K, committed 2176K, reserved 1048576K
Event: 48.981 GC heap after
Heap after GC invocations=8 (full 0):
 PSYoungGen      total 45568K, used 128K [0x0000000795580000, 0x0000000799100000, 0x00000007c0000000)
  eden space 31232K, 0% used [0x0000000795580000,0x0000000795580000,0x0000000797400000)
  from space 14336K, 0% used [0x0000000798280000,0x00000007982a0000,0x0000000799080000)
  to   space 14848K, 0% used [0x0000000797400000,0x0000000797400000,0x0000000798280000)
 ParOldGen       total 87552K, used 17225K [0x0000000740000000, 0x0000000745580000, 0x0000000795580000)
  object space 87552K, 19% used [0x0000000740000000,0x00000007410d2678,0x0000000745580000)
 Metaspace       used 20770K, capacity 20987K, committed 21120K, reserved 1069056K
  class space    used 2020K, capacity 2110K, committed 2176K, reserved 1048576K
}

Deoptimization events (10 events):
Event: 49.579 Thread 0x00007fbf2d0d6000 Uncommon trap: reason=unstable_if action=reinterpret pc=0x0000000109465b38 method=java.awt.EventQueue.getPriority(Ljava/awt/AWTEvent;)I @ 71
Event: 49.579 Thread 0x00007fbf2d0d6000 Uncommon trap: reason=unstable_if action=reinterpret pc=0x0000000109478dec method=sun.java2d.SunGraphics2D.validateCompClip()V @ 9
Event: 49.580 Thread 0x00007fbf2d159000 Uncommon trap: reason=unstable_if action=reinterpret pc=0x0000000109460388 method=java.awt.EventQueue.uncacheEQItem(Lsun/awt/EventQueueItem;)V @ 23
Event: 49.581 Thread 0x00007fbf2d0d6000 Uncommon trap: reason=unstable_if action=reinterpret pc=0x0000000109497144 method=sun.java2d.pipe.Region.intersectsQuickCheck(Lsun/java2d/pipe/Region;)Z @ 41
Event: 49.582 Thread 0x00007fbf2d0d6000 Uncommon trap: reason=unstable_if action=reinterpret pc=0x0000000109309338 method=java.awt.font.FontRenderContext.equals(Ljava/awt/font/FontRenderContext;)Z @ 2
Event: 49.610 Thread 0x00007fbf2d9bf000 Uncommon trap: reason=unstable_if action=reinterpret pc=0x000000010906b320 method=java.util.HashMap.putVal(ILjava/lang/Object;Ljava/lang/Object;ZZ)Ljava/lang/Object; @ 81
Event: 49.610 Thread 0x00007fbf2d9bf000 Uncommon trap: reason=unstable_if action=reinterpret pc=0x00000001090019f0 method=java.util.HashMap.putVal(ILjava/lang/Object;Ljava/lang/Object;ZZ)Ljava/lang/Object; @ 81
Event: 49.622 Thread 0x00007fbf2d159000 Uncommon trap: reason=unstable_if action=reinterpret pc=0x00000001094608d8 method=java.util.LinkedList$ListItr.<init>(Ljava/util/LinkedList;I)V @ 26
Event: 49.622 Thread 0x00007fbf2d159000 Uncommon trap: reason=unstable_if action=reinterpret pc=0x000000010940b9e8 method=java.security.AccessControlContext.optimize()Ljava/security/AccessControlContext; @ 233
Event: 49.624 Thread 0x00007fbf2d1d7000 Uncommon trap: reason=predicate action=maybe_recompile pc=0x00000001092b44d4 method=java.util.Vector.indexOf(Ljava/lang/Object;I)I @ 44

Internal exceptions (10 events):
Event: 0.230 Thread 0x00007fbf2c80b000 Exception <a 'java/lang/NoSuchFieldError': method resolution failed> (0x000000079582ae20) thrown at [/Users/java_re/workspace/8-2-build-macosx-x86_64/jdk8u65/4987/hotspot/src/share/vm/prims/methodHandles.cpp, line 1146]
Event: 0.232 Thread 0x00007fbf2c80b000 Exception <a 'java/lang/NoSuchFieldError': method resolution failed> (0x00000007958385f0) thrown at [/Users/java_re/workspace/8-2-build-macosx-x86_64/jdk8u65/4987/hotspot/src/share/vm/prims/methodHandles.cpp, line 1146]
Event: 0.407 Thread 0x00007fbf2c80b000 Exception <a 'java/io/FileNotFoundException'> (0x00000007958b4420) thrown at [/Users/java_re/workspace/8-2-build-macosx-x86_64/jdk8u65/4987/hotspot/src/share/vm/prims/jni.cpp, line 709]
Event: 0.407 Thread 0x00007fbf2c80b000 Exception <a 'java/io/FileNotFoundException'> (0x00000007958b4fa8) thrown at [/Users/java_re/workspace/8-2-build-macosx-x86_64/jdk8u65/4987/hotspot/src/share/vm/prims/jni.cpp, line 709]
Event: 0.516 Thread 0x00007fbf2c80b000 Exception <a 'java/io/FileNotFoundException'> (0x00000007959f0ef8) thrown at [/Users/java_re/workspace/8-2-build-macosx-x86_64/jdk8u65/4987/hotspot/src/share/vm/prims/jni.cpp, line 709]
Event: 2.202 Thread 0x00007fbf2d154800 Exception <a 'java/lang/UnsatisfiedLinkError': com.jogamp.common.util.JarUtil.fixNativeLibAttribs(Ljava/lang/String;)Z> (0x0000000796b22220) thrown at [/Users/java_re/workspace/8-2-build-macosx-x86_64/jdk8u65/4987/hotspot/src/share/vm/prims/nativeLookup.c
Event: 2.543 Thread 0x00007fbf2d82a000 Exception <a 'java/lang/NullPointerException'> (0x00000007956a48a8) thrown at [/Users/java_re/workspace/8-2-build-macosx-x86_64/jdk8u65/4987/hotspot/src/share/vm/interpreter/linkResolver.cpp, line 1178]
Event: 3.134 Thread 0x00007fbf2d159000 Exception <a 'java/io/FileNotFoundException'> (0x0000000795ef0ac8) thrown at [/Users/java_re/workspace/8-2-build-macosx-x86_64/jdk8u65/4987/hotspot/src/share/vm/prims/jni.cpp, line 709]
Event: 3.134 Thread 0x00007fbf2d159000 Exception <a 'java/io/FileNotFoundException'> (0x0000000795ef6e58) thrown at [/Users/java_re/workspace/8-2-build-macosx-x86_64/jdk8u65/4987/hotspot/src/share/vm/prims/jni.cpp, line 709]
Event: 3.134 Thread 0x00007fbf2d159000 Implicit null exception at 0x0000000108d26fb5 to 0x0000000108d27319

Events (10 events):
Event: 49.623 loading class java/awt/Toolkit$ToolkitEventMulticaster
Event: 49.623 loading class java/awt/Toolkit$ToolkitEventMulticaster done
Event: 49.624 Thread 0x00007fbf2d9bf000 Thread exited: 0x00007fbf2d9bf000
Event: 49.624 Thread 0x00007fbf2d1d7000 Uncommon trap: trap_request=0xffffff86 fr.pc=0x00000001092b44d4
Event: 49.624 Thread 0x00007fbf2d1d7000 DEOPT PACKING pc=0x00000001092b44d4 sp=0x0000700001b70780
Event: 49.624 Thread 0x00007fbf2d1d7000 DEOPT UNPACKING pc=0x0000000108b8e229 sp=0x0000700001b70748 mode 2
Event: 49.624 loading class java/awt/Window$1DisposeAction
Event: 49.625 Thread 0x00007fbf2c88c800 flushing nmethod 0x0000000108d4e390
Event: 49.625 loading class java/awt/Window$1DisposeAction done
Event: 49.625 Thread 0x00007fbf2c88c800 flushing nmethod 0x0000000108d5af10


Dynamic libraries:
0x000000000568b000 	/System/Library/Frameworks/Cocoa.framework/Versions/A/Cocoa
0x000000000568b000 	/System/Library/Frameworks/Security.framework/Versions/A/Security
0x000000000568b000 	/System/Library/Frameworks/ApplicationServices.framework/Versions/A/ApplicationServices
0x000000000568b000 	/usr/lib/libz.1.dylib
0x000000000568b000 	/usr/lib/libSystem.B.dylib
0x000000000568b000 	/usr/lib/libobjc.A.dylib
0x000000000568b000 	/System/Library/Frameworks/CoreFoundation.framework/Versions/A/CoreFoundation
0x000000000568b000 	/System/Library/Frameworks/Foundation.framework/Versions/C/Foundation
0x000000000568b000 	/System/Library/Frameworks/AppKit.framework/Versions/C/AppKit
0x000000000568b000 	/System/Library/Frameworks/CoreData.framework/Versions/A/CoreData
0x000000000568b000 	/System/Library/PrivateFrameworks/RemoteViewServices.framework/Versions/A/RemoteViewServices
0x000000000568b000 	/System/Library/PrivateFrameworks/UIFoundation.framework/Versions/A/UIFoundation
0x000000000568b000 	/usr/lib/libScreenReader.dylib
0x000000000568b000 	/System/Library/Frameworks/Accelerate.framework/Versions/A/Accelerate
0x000000000568b000 	/System/Library/Frameworks/IOSurface.framework/Versions/A/IOSurface
0x000000000568b000 	/System/Library/Frameworks/AudioToolbox.framework/Versions/A/AudioToolbox
0x000000000568b000 	/System/Library/Frameworks/AudioUnit.framework/Versions/A/AudioUnit
0x000000000568b000 	/System/Library/PrivateFrameworks/DataDetectorsCore.framework/Versions/A/DataDetectorsCore
0x000000000568b000 	/System/Library/PrivateFrameworks/DesktopServicesPriv.framework/Versions/A/DesktopServicesPriv
0x000000000568b000 	/System/Library/Frameworks/Carbon.framework/Versions/A/Frameworks/HIToolbox.framework/Versions/A/HIToolbox
0x000000000568b000 	/System/Library/Frameworks/QuartzCore.framework/Versions/A/QuartzCore
0x000000000568b000 	/System/Library/Frameworks/Carbon.framework/Versions/A/Frameworks/SpeechRecognition.framework/Versions/A/SpeechRecognition
0x000000000568b000 	/usr/lib/libauto.dylib
0x000000000568b000 	/usr/lib/libicucore.A.dylib
0x000000000568b000 	/usr/lib/libxml2.2.dylib
0x000000000568b000 	/System/Library/PrivateFrameworks/CoreUI.framework/Versions/A/CoreUI
0x000000000568b000 	/System/Library/Frameworks/CoreAudio.framework/Versions/A/CoreAudio
0x000000000568b000 	/System/Library/Frameworks/DiskArbitration.framework/Versions/A/DiskArbitration
0x000000000568b000 	/usr/lib/liblangid.dylib
0x000000000568b000 	/System/Library/PrivateFrameworks/MultitouchSupport.framework/Versions/A/MultitouchSupport
0x000000000568b000 	/System/Library/Frameworks/IOKit.framework/Versions/A/IOKit
0x000000000568b000 	/usr/lib/libDiagnosticMessagesClient.dylib
0x000000000568b000 	/System/Library/Frameworks/CoreServices.framework/Versions/A/CoreServices
0x000000000568b000 	/System/Library/PrivateFrameworks/PerformanceAnalysis.framework/Versions/A/PerformanceAnalysis
0x000000000568b000 	/System/Library/PrivateFrameworks/GenerationalStorage.framework/Versions/A/GenerationalStorage
0x000000000568b000 	/System/Library/Frameworks/OpenGL.framework/Versions/A/OpenGL
0x000000000568b000 	/System/Library/PrivateFrameworks/Sharing.framework/Versions/A/Sharing
0x000000000568b000 	/System/Library/Frameworks/CoreGraphics.framework/Versions/A/CoreGraphics
0x000000000568b000 	/System/Library/Frameworks/CoreImage.framework/Versions/A/CoreImage
0x000000000568b000 	/System/Library/Frameworks/CoreText.framework/Versions/A/CoreText
0x000000000568b000 	/System/Library/Frameworks/ImageIO.framework/Versions/A/ImageIO
0x000000000568b000 	/System/Library/PrivateFrameworks/Backup.framework/Versions/A/Backup
0x000000000568b000 	/usr/lib/libextension.dylib
0x000000000568b000 	/usr/lib/libarchive.2.dylib
0x000000000568b000 	/System/Library/Frameworks/CFNetwork.framework/Versions/A/CFNetwork
0x000000000568b000 	/System/Library/Frameworks/SystemConfiguration.framework/Versions/A/SystemConfiguration
0x000000000568b000 	/usr/lib/libCRFSuite.dylib
0x000000000568b000 	/usr/lib/libc++.1.dylib
0x000000000568b000 	/usr/lib/libc++abi.dylib
0x000000000568b000 	/usr/lib/system/libcache.dylib
0x000000000568b000 	/usr/lib/system/libcommonCrypto.dylib
0x000000000568b000 	/usr/lib/system/libcompiler_rt.dylib
0x000000000568b000 	/usr/lib/system/libcopyfile.dylib
0x000000000568b000 	/usr/lib/system/libcorecrypto.dylib
0x000000000568b000 	/usr/lib/system/libdispatch.dylib
0x000000000568b000 	/usr/lib/system/libdyld.dylib
0x000000000568b000 	/usr/lib/system/libkeymgr.dylib
0x000000000568b000 	/usr/lib/system/liblaunch.dylib
0x000000000568b000 	/usr/lib/system/libmacho.dylib
0x000000000568b000 	/usr/lib/system/libquarantine.dylib
0x000000000568b000 	/usr/lib/system/libremovefile.dylib
0x000000000568b000 	/usr/lib/system/libsystem_asl.dylib
0x000000000568b000 	/usr/lib/system/libsystem_blocks.dylib
0x000000000568b000 	/usr/lib/system/libsystem_c.dylib
0x000000000568b000 	/usr/lib/system/libsystem_configuration.dylib
0x000000000568b000 	/usr/lib/system/libsystem_coreservices.dylib
0x000000000568b000 	/usr/lib/system/libsystem_coretls.dylib
0x000000000568b000 	/usr/lib/system/libsystem_dnssd.dylib
0x000000000568b000 	/usr/lib/system/libsystem_info.dylib
0x000000000568b000 	/usr/lib/system/libsystem_kernel.dylib
0x000000000568b000 	/usr/lib/system/libsystem_m.dylib
0x000000000568b000 	/usr/lib/system/libsystem_malloc.dylib
0x000000000568b000 	/usr/lib/system/libsystem_network.dylib
0x000000000568b000 	/usr/lib/system/libsystem_networkextension.dylib
0x000000000568b000 	/usr/lib/system/libsystem_notify.dylib
0x000000000568b000 	/usr/lib/system/libsystem_platform.dylib
0x000000000568b000 	/usr/lib/system/libsystem_pthread.dylib
0x000000000568b000 	/usr/lib/system/libsystem_sandbox.dylib
0x000000000568b000 	/usr/lib/system/libsystem_secinit.dylib
0x000000000568b000 	/usr/lib/system/libsystem_trace.dylib
0x000000000568b000 	/usr/lib/system/libunc.dylib
0x000000000568b000 	/usr/lib/system/libunwind.dylib
0x000000000568b000 	/usr/lib/system/libxpc.dylib
0x000000000568b000 	/usr/lib/libenergytrace.dylib
0x000000000568b000 	/usr/lib/libbsm.0.dylib
0x000000000568b000 	/usr/lib/system/libkxld.dylib
0x000000000568b000 	/usr/lib/libxar.1.dylib
0x000000000568b000 	/usr/lib/libsqlite3.dylib
0x000000000568b000 	/usr/lib/libpam.2.dylib
0x000000000568b000 	/usr/lib/libOpenScriptingUtil.dylib
0x000000000568b000 	/usr/lib/libbz2.1.0.dylib
0x000000000568b000 	/usr/lib/liblzma.5.dylib
0x000000000568b000 	/System/Library/Frameworks/CoreServices.framework/Versions/A/Frameworks/FSEvents.framework/Versions/A/FSEvents
0x000000000568b000 	/System/Library/Frameworks/CoreServices.framework/Versions/A/Frameworks/CarbonCore.framework/Versions/A/CarbonCore
0x000000000568b000 	/System/Library/Frameworks/CoreServices.framework/Versions/A/Frameworks/Metadata.framework/Versions/A/Metadata
0x000000000568b000 	/System/Library/Frameworks/CoreServices.framework/Versions/A/Frameworks/OSServices.framework/Versions/A/OSServices
0x000000000568b000 	/System/Library/Frameworks/CoreServices.framework/Versions/A/Frameworks/SearchKit.framework/Versions/A/SearchKit
0x000000000568b000 	/System/Library/Frameworks/CoreServices.framework/Versions/A/Frameworks/AE.framework/Versions/A/AE
0x000000000568b000 	/System/Library/Frameworks/CoreServices.framework/Versions/A/Frameworks/LaunchServices.framework/Versions/A/LaunchServices
0x000000000568b000 	/System/Library/Frameworks/CoreServices.framework/Versions/A/Frameworks/DictionaryServices.framework/Versions/A/DictionaryServices
0x000000000568b000 	/System/Library/Frameworks/CoreServices.framework/Versions/A/Frameworks/SharedFileList.framework/Versions/A/SharedFileList
0x000000000568b000 	/System/Library/Frameworks/NetFS.framework/Versions/A/NetFS
0x000000000568b000 	/System/Library/PrivateFrameworks/NetAuth.framework/Versions/A/NetAuth
0x000000000568b000 	/System/Library/PrivateFrameworks/login.framework/Versions/A/Frameworks/loginsupport.framework/Versions/A/loginsupport
0x000000000568b000 	/System/Library/PrivateFrameworks/TCC.framework/Versions/A/TCC
0x000000000568b000 	/usr/lib/libmecabra.dylib
0x000000000568b000 	/System/Library/Frameworks/ApplicationServices.framework/Versions/A/Frameworks/ATS.framework/Versions/A/ATS
0x000000000568b000 	/System/Library/Frameworks/ApplicationServices.framework/Versions/A/Frameworks/ColorSync.framework/Versions/A/ColorSync
0x000000000568b000 	/System/Library/Frameworks/ApplicationServices.framework/Versions/A/Frameworks/HIServices.framework/Versions/A/HIServices
0x000000000568b000 	/System/Library/Frameworks/ApplicationServices.framework/Versions/A/Frameworks/LangAnalysis.framework/Versions/A/LangAnalysis
0x000000000568b000 	/System/Library/Frameworks/ApplicationServices.framework/Versions/A/Frameworks/PrintCore.framework/Versions/A/PrintCore
0x000000000568b000 	/System/Library/Frameworks/ApplicationServices.framework/Versions/A/Frameworks/QD.framework/Versions/A/QD
0x000000000568b000 	/System/Library/Frameworks/ApplicationServices.framework/Versions/A/Frameworks/SpeechSynthesis.framework/Versions/A/SpeechSynthesis
0x000000000568b000 	/System/Library/Frameworks/Metal.framework/Versions/A/Metal
0x000000000568b000 	/System/Library/Frameworks/Accelerate.framework/Versions/A/Frameworks/vImage.framework/Versions/A/vImage
0x000000000568b000 	/System/Library/Frameworks/Accelerate.framework/Versions/A/Frameworks/vecLib.framework/Versions/A/vecLib
0x000000000568b000 	/System/Library/Frameworks/Accelerate.framework/Versions/A/Frameworks/vecLib.framework/Versions/A/libvDSP.dylib
0x000000000568b000 	/System/Library/Frameworks/Accelerate.framework/Versions/A/Frameworks/vecLib.framework/Versions/A/libvMisc.dylib
0x000000000568b000 	/System/Library/Frameworks/Accelerate.framework/Versions/A/Frameworks/vecLib.framework/Versions/A/libLAPACK.dylib
0x000000000568b000 	/System/Library/Frameworks/Accelerate.framework/Versions/A/Frameworks/vecLib.framework/Versions/A/libBLAS.dylib
0x000000000568b000 	/System/Library/Frameworks/Accelerate.framework/Versions/A/Frameworks/vecLib.framework/Versions/A/libLinearAlgebra.dylib
0x000000000568b000 	/System/Library/Frameworks/Accelerate.framework/Versions/A/Frameworks/vecLib.framework/Versions/A/libSparseBLAS.dylib
0x000000000568b000 	/System/Library/PrivateFrameworks/GPUCompiler.framework/libmetal_timestamp.dylib
0x000000000568b000 	/System/Library/Frameworks/OpenGL.framework/Versions/A/Libraries/libCoreFSCache.dylib
0x000000000568b000 	/System/Library/PrivateFrameworks/IOAccelerator.framework/Versions/A/IOAccelerator
0x000000000568b000 	/System/Library/Frameworks/ApplicationServices.framework/Versions/A/Frameworks/ATS.framework/Versions/A/Resources/libFontParser.dylib
0x000000000568b000 	/System/Library/Frameworks/ApplicationServices.framework/Versions/A/Frameworks/ATS.framework/Versions/A/Resources/libFontRegistry.dylib
0x000000000568b000 	/System/Library/PrivateFrameworks/AppleVPA.framework/Versions/A/AppleVPA
0x000000000568b000 	/System/Library/PrivateFrameworks/AppleJPEG.framework/Versions/A/AppleJPEG
0x000000000568b000 	/System/Library/Frameworks/ImageIO.framework/Versions/A/Resources/libJPEG.dylib
0x000000000568b000 	/System/Library/Frameworks/ImageIO.framework/Versions/A/Resources/libTIFF.dylib
0x000000000568b000 	/System/Library/Frameworks/ImageIO.framework/Versions/A/Resources/libPng.dylib
0x000000000568b000 	/System/Library/Frameworks/ImageIO.framework/Versions/A/Resources/libGIF.dylib
0x000000000568b000 	/System/Library/Frameworks/ImageIO.framework/Versions/A/Resources/libJP2.dylib
0x000000000568b000 	/System/Library/Frameworks/ImageIO.framework/Versions/A/Resources/libRadiance.dylib
0x000000000568b000 	/System/Library/Frameworks/CoreVideo.framework/Versions/A/CoreVideo
0x000000000568b000 	/System/Library/Frameworks/OpenGL.framework/Versions/A/Libraries/libGLU.dylib
0x000000000568b000 	/System/Library/Frameworks/OpenGL.framework/Versions/A/Libraries/libGFXShared.dylib
0x000000000568b000 	/System/Library/Frameworks/OpenGL.framework/Versions/A/Libraries/libGL.dylib
0x000000000568b000 	/System/Library/Frameworks/OpenGL.framework/Versions/A/Libraries/libGLImage.dylib
0x000000000568b000 	/System/Library/Frameworks/OpenGL.framework/Versions/A/Libraries/libCVMSPluginSupport.dylib
0x000000000568b000 	/System/Library/Frameworks/OpenGL.framework/Versions/A/Libraries/libCoreVMClient.dylib
0x000000000568b000 	/usr/lib/libcups.2.dylib
0x000000000568b000 	/System/Library/Frameworks/Kerberos.framework/Versions/A/Kerberos
0x000000000568b000 	/System/Library/Frameworks/GSS.framework/Versions/A/GSS
0x000000000568b000 	/usr/lib/libresolv.9.dylib
0x000000000568b000 	/usr/lib/libiconv.2.dylib
0x000000000568b000 	/System/Library/PrivateFrameworks/Heimdal.framework/Versions/A/Heimdal
0x000000000568b000 	/usr/lib/libheimdal-asn1.dylib
0x000000000568b000 	/System/Library/Frameworks/OpenDirectory.framework/Versions/A/OpenDirectory
0x000000000568b000 	/System/Library/PrivateFrameworks/CommonAuth.framework/Versions/A/CommonAuth
0x000000000568b000 	/System/Library/Frameworks/OpenDirectory.framework/Versions/A/Frameworks/CFOpenDirectory.framework/Versions/A/CFOpenDirectory
0x000000000568b000 	/System/Library/Frameworks/SecurityFoundation.framework/Versions/A/SecurityFoundation
0x000000000568b000 	/System/Library/PrivateFrameworks/LanguageModeling.framework/Versions/A/LanguageModeling
0x000000000568b000 	/usr/lib/libmarisa.dylib
0x000000000568b000 	/usr/lib/libChineseTokenizer.dylib
0x000000000568b000 	/usr/lib/libcmph.dylib
0x000000000568b000 	/usr/lib/libcompression.dylib
0x000000000568b000 	/System/Library/Frameworks/ServiceManagement.framework/Versions/A/ServiceManagement
0x000000000568b000 	/usr/lib/libxslt.1.dylib
0x000000000568b000 	/System/Library/Frameworks/Carbon.framework/Versions/A/Frameworks/Ink.framework/Versions/A/Ink
0x000000000568b000 	/usr/lib/libFosl_dynamic.dylib
0x000000000568b000 	/System/Library/PrivateFrameworks/FaceCore.framework/Versions/A/FaceCore
0x000000000568b000 	/System/Library/Frameworks/OpenCL.framework/Versions/A/OpenCL
0x000000000568b000 	/System/Library/PrivateFrameworks/CrashReporterSupport.framework/Versions/A/CrashReporterSupport
0x000000000568b000 	/System/Library/PrivateFrameworks/IconServices.framework/Versions/A/IconServices
0x000000000568b000 	/System/Library/PrivateFrameworks/Apple80211.framework/Versions/A/Apple80211
0x000000000568b000 	/System/Library/Frameworks/CoreWLAN.framework/Versions/A/CoreWLAN
0x000000000568b000 	/System/Library/Frameworks/IOBluetooth.framework/Versions/A/IOBluetooth
0x000000000568b000 	/System/Library/PrivateFrameworks/CoreWiFi.framework/Versions/A/CoreWiFi
0x000000000568b000 	/System/Library/Frameworks/CoreBluetooth.framework/Versions/A/CoreBluetooth
0x000000000568b000 	/System/Library/PrivateFrameworks/ChunkingLibrary.framework/Versions/A/ChunkingLibrary
0x000000000568b000 	/System/Library/PrivateFrameworks/DebugSymbols.framework/Versions/A/DebugSymbols
0x000000000568b000 	/System/Library/PrivateFrameworks/CoreSymbolication.framework/Versions/A/CoreSymbolication
0x000000000568b000 	/System/Library/PrivateFrameworks/Symbolication.framework/Versions/A/Symbolication
0x000000000568b000 	/System/Library/PrivateFrameworks/SpeechRecognitionCore.framework/Versions/A/SpeechRecognitionCore
0x0000000107c00000 	/Library/Java/JavaVirtualMachines/jdk1.8.0_65.jdk/Contents/Home/jre/lib/server/libjvm.dylib
0x000000000568b000 	/usr/lib/libstdc++.6.dylib
0x000000010738e000 	/Library/Java/JavaVirtualMachines/jdk1.8.0_65.jdk/Contents/Home/jre/lib/libverify.dylib
0x000000010739c000 	/Library/Java/JavaVirtualMachines/jdk1.8.0_65.jdk/Contents/Home/jre/lib/libjava.dylib
0x00000001073db000 	/Library/Java/JavaVirtualMachines/jdk1.8.0_65.jdk/Contents/Home/jre/lib/libzip.dylib
0x00000001073e5000 	/System/Library/Frameworks/JavaVM.framework/Frameworks/JavaRuntimeSupport.framework/JavaRuntimeSupport
0x000000011e4eb000 	/System/Library/Frameworks/JavaVM.framework/Versions/A/Frameworks/JavaNativeFoundation.framework/Versions/A/JavaNativeFoundation
0x000000011e500000 	/System/Library/Frameworks/JavaVM.framework/Versions/A/JavaVM
0x000000000568b000 	/System/Library/Frameworks/Carbon.framework/Versions/A/Carbon
0x000000011e50d000 	/System/Library/PrivateFrameworks/JavaLaunching.framework/Versions/A/JavaLaunching
0x000000000568b000 	/System/Library/Frameworks/Carbon.framework/Versions/A/Frameworks/CommonPanels.framework/Versions/A/CommonPanels
0x000000000568b000 	/System/Library/Frameworks/Carbon.framework/Versions/A/Frameworks/Help.framework/Versions/A/Help
0x000000000568b000 	/System/Library/Frameworks/Carbon.framework/Versions/A/Frameworks/ImageCapture.framework/Versions/A/ImageCapture
0x000000000568b000 	/System/Library/Frameworks/Carbon.framework/Versions/A/Frameworks/OpenScripting.framework/Versions/A/OpenScripting
0x000000000568b000 	/System/Library/Frameworks/Carbon.framework/Versions/A/Frameworks/Print.framework/Versions/A/Print
0x000000000568b000 	/System/Library/Frameworks/Carbon.framework/Versions/A/Frameworks/SecurityHI.framework/Versions/A/SecurityHI
0x000000011fe30000 	/Library/Java/JavaVirtualMachines/jdk1.8.0_65.jdk/Contents/Home/jre/lib/libawt.dylib
0x000000011fed8000 	/Library/Java/JavaVirtualMachines/jdk1.8.0_65.jdk/Contents/Home/jre/lib/./libmlib_image.dylib
0x000000011ffa4000 	/Library/Java/JavaVirtualMachines/jdk1.8.0_65.jdk/Contents/Home/jre/lib/libawt_lwawt.dylib
0x0000000120059000 	/Library/Java/JavaVirtualMachines/jdk1.8.0_65.jdk/Contents/Home/jre/lib/./libosxapp.dylib
0x000000000568b000 	/System/Library/Frameworks/ExceptionHandling.framework/Versions/A/ExceptionHandling
0x000000000568b000 	/System/Library/PrivateFrameworks/CoreServicesInternal.framework/Versions/A/CoreServicesInternal
0x000000000568b000 	/System/Library/Frameworks/CoreGraphics.framework/Versions/A/Resources/libRIP.A.dylib
0x000000000568b000 	/System/Library/Frameworks/Accelerate.framework/Versions/A/Frameworks/vImage.framework/Versions/A/Libraries/libCGInterfaces.dylib
0x000000000568b000 	/System/Library/Frameworks/CoreGraphics.framework/Versions/A/Resources/libCGXType.A.dylib
0x000000000568b000 	/System/Library/Frameworks/OpenCL.framework/Versions/A/Libraries/libcldcpuengine.dylib
0x000000000568b000 	/System/Library/PrivateFrameworks/DiskImages.framework/Versions/A/DiskImages
0x000000000568b000 	/System/Library/Frameworks/DiscRecording.framework/Versions/A/DiscRecording
0x000000000568b000 	/usr/lib/libcsfde.dylib
0x000000000568b000 	/usr/lib/libcurl.4.dylib
0x000000000568b000 	/System/Library/PrivateFrameworks/MediaKit.framework/Versions/A/MediaKit
0x000000000568b000 	/System/Library/PrivateFrameworks/ProtectedCloudStorage.framework/Versions/A/ProtectedCloudStorage
0x000000000568b000 	/usr/lib/libCoreStorage.dylib
0x000000000568b000 	/System/Library/PrivateFrameworks/EFILogin.framework/Versions/A/EFILogin
0x000000000568b000 	/usr/lib/libutil.dylib
0x000000000568b000 	/System/Library/PrivateFrameworks/FindMyDevice.framework/Versions/A/FindMyDevice
0x000000000568b000 	/System/Library/Frameworks/LDAP.framework/Versions/A/LDAP
0x000000000568b000 	/usr/lib/libsasl2.2.dylib
0x000000000568b000 	/System/Library/PrivateFrameworks/CoreDaemon.framework/Versions/B/CoreDaemon
0x000000000568b000 	/usr/lib/libcrypto.0.9.8.dylib
0x000000000568b000 	/System/Library/PrivateFrameworks/AppleSRP.framework/Versions/A/AppleSRP
0x000000000568b000 	/System/Library/PrivateFrameworks/TrustEvaluationAgent.framework/Versions/A/TrustEvaluationAgent
0x000000012183c000 	cl_kernels
0x000000000568b000 	/System/Library/Frameworks/OpenCL.framework/Versions/A/Libraries/ImageFormats/unorm8_bgra.dylib
0x000000000568b000 	/System/Library/Frameworks/OpenCL.framework/Versions/A/Libraries/ImageFormats/unorm8_rgba.dylib
0x000000000568b000 	/System/Library/PrivateFrameworks/FamilyControls.framework/Versions/A/FamilyControls
0x000000000568b000 	/System/Library/PrivateFrameworks/CommerceKit.framework/Versions/A/Frameworks/CommerceCore.framework/Versions/A/CommerceCore
0x000000000568b000 	/System/Library/PrivateFrameworks/SystemAdministration.framework/Versions/A/SystemAdministration
0x000000000568b000 	/System/Library/PrivateFrameworks/AppContainer.framework/Versions/A/AppContainer
0x000000000568b000 	/System/Library/PrivateFrameworks/SecCodeWrapper.framework/Versions/A/SecCodeWrapper
0x000000000568b000 	/System/Library/Frameworks/DirectoryService.framework/Versions/A/DirectoryService
0x000000000568b000 	/System/Library/PrivateFrameworks/LoginUIKit.framework/Versions/A/Frameworks/LoginUICore.framework/Versions/A/LoginUICore
0x000000000568b000 	/usr/lib/libodfde.dylib
0x000000000568b000 	/System/Library/Frameworks/OpenGL.framework/Versions/A/Resources/GLEngine.bundle/GLEngine
0x000000000568b000 	/System/Library/Frameworks/OpenGL.framework/Versions/A/Libraries/libGLProgrammability.dylib
0x00000001228cc000 	/System/Library/Extensions/AppleIntelHD5000GraphicsGLDriver.bundle/Contents/MacOS/AppleIntelHD5000GraphicsGLDriver
0x000000000568b000 	/System/Library/PrivateFrameworks/GPUSupport.framework/Versions/A/Libraries/libGPUSupportMercury.dylib
0x000000000568b000 	/System/Library/Frameworks/OpenGL.framework/Versions/A/Resources/GLRendererFloat.bundle/GLRendererFloat
0x00000001238c8000 	/Library/Java/JavaVirtualMachines/jdk1.8.0_65.jdk/Contents/Home/jre/lib/libfontmanager.dylib
0x0000000124d22000 	/Library/Java/JavaVirtualMachines/jdk1.8.0_65.jdk/Contents/Home/jre/lib/libosxui.dylib
0x0000000125b5c000 	/Library/Java/JavaVirtualMachines/jdk1.8.0_65.jdk/Contents/Home/jre/lib/libnet.dylib
0x000000012590c000 	/Library/Java/JavaVirtualMachines/jdk1.8.0_65.jdk/Contents/Home/jre/lib/libnio.dylib
0x000000000568b000 	/System/Library/Frameworks/ApplicationServices.framework/Versions/A/Frameworks/ATS.framework/Versions/A/Resources/libTrueTypeScaler.dylib
0x00000001765e3000 	/System/Library/Extensions/AppleIntelHD5000GraphicsMTLDriver.bundle/Contents/MacOS/AppleIntelHD5000GraphicsMTLDriver
0x0000000120de4000 	/private/var/folders/94/qhk8wx9560913pcr_k2txvfh0000gn/T/jogamp_0000/file_cache/jln7612135006568808503/jln4770511501541080215/libgluegen-rt.jnilib
0x0000000120de9000 	/private/var/folders/94/qhk8wx9560913pcr_k2txvfh0000gn/T/jogamp_0000/file_cache/jln7612135006568808503/jln4770511501541080215/libnativewindow_awt.jnilib
0x0000000120dec000 	/Library/Java/JavaVirtualMachines/jdk1.8.0_65.jdk/Contents/Home/jre/lib/libjawt.dylib
0x0000000120def000 	/private/var/folders/94/qhk8wx9560913pcr_k2txvfh0000gn/T/jogamp_0000/file_cache/jln7612135006568808503/jln4770511501541080215/libnativewindow_macosx.jnilib
0x0000000177fc3000 	/private/var/folders/94/qhk8wx9560913pcr_k2txvfh0000gn/T/jogamp_0000/file_cache/jln7612135006568808503/jln4770511501541080215/libjogl_desktop.jnilib
0x000000017a9c1000 	/Library/Java/JavaVirtualMachines/jdk1.8.0_65.jdk/Contents/Home/jre/lib/libt2k.dylib

VM Arguments:
jvm_args: -Djava.security.policy=java.policy.applet -Dfile.encoding=UTF-8 
java_command: sun.applet.AppletViewer module3.EarthquakeCityMap1449853899733.html
java_class_path (initial): /Users/karenblakemore/Java/workspace/UCSDUnfoldingMaps/build:/Users/karenblakemore/Java/workspace/UCSDUnfoldingMaps/lib/core.jar:/Users/karenblakemore/Java/workspace/UCSDUnfoldingMaps/lib/gluegen-rt.jar:/Users/karenblakemore/Java/workspace/UCSDUnfoldingMaps/lib/jogl-all.jar:/Users/karenblakemore/Java/workspace/UCSDUnfoldingMaps/lib/log4j-1.2.15.jar:/Users/karenblakemore/Java/workspace/UCSDUnfoldingMaps/lib/sqlite-jdbc-3.7.2.jar:/Users/karenblakemore/Java/workspace/UCSDUnfoldingMaps/lib/json4processing.jar:/Users/karenblakemore/Java/workspace/UCSDUnfoldingMaps/lib/libTUIO.jar:/Users/karenblakemore/Java/workspace/UCSDUnfoldingMaps/lib/unfolding.0.9.7-uscd.jar
Launcher Type: SUN_STANDARD

Environment Variables:
PATH=/usr/bin:/bin:/usr/sbin:/sbin
SHELL=/bin/bash

Signal Handlers:
SIGSEGV: [libjvm.dylib+0x5a6d31], sa_mask[0]=11111111011111110111111111111111, sa_flags=SA_ONSTACK|SA_RESTART|SA_SIGINFO
SIGBUS: [libjvm.dylib+0x5a6d31], sa_mask[0]=11111111011111110111111111111111, sa_flags=SA_RESTART|SA_SIGINFO
SIGFPE: [libjvm.dylib+0x480a40], sa_mask[0]=11111111011111110111111111111111, sa_flags=SA_RESTART|SA_SIGINFO
SIGPIPE: [libjvm.dylib+0x480a40], sa_mask[0]=11111111011111110111111111111111, sa_flags=SA_RESTART|SA_SIGINFO
SIGXFSZ: [libjvm.dylib+0x480a40], sa_mask[0]=11111111011111110111111111111111, sa_flags=SA_RESTART|SA_SIGINFO
SIGILL: [libjvm.dylib+0x480a40], sa_mask[0]=11111111011111110111111111111111, sa_flags=SA_RESTART|SA_SIGINFO
SIGUSR1: SIG_DFL, sa_mask[0]=00000000000000000000000000000000, sa_flags=none
SIGUSR2: [libjvm.dylib+0x48055e], sa_mask[0]=00100000000000000000000000000000, sa_flags=SA_RESTART|SA_SIGINFO
SIGHUP: [libjvm.dylib+0x47eb35], sa_mask[0]=11111111011111110111111111111111, sa_flags=SA_RESTART|SA_SIGINFO
SIGINT: [libjvm.dylib+0x47eb35], sa_mask[0]=11111111011111110111111111111111, sa_flags=SA_RESTART|SA_SIGINFO
SIGTERM: [libjvm.dylib+0x47eb35], sa_mask[0]=11111111011111110111111111111111, sa_flags=SA_RESTART|SA_SIGINFO
SIGQUIT: [libjvm.dylib+0x47eb35], sa_mask[0]=11111111011111110111111111111111, sa_flags=SA_RESTART|SA_SIGINFO


---------------  S Y S T E M  ---------------

OS:Bsduname:Darwin 15.0.0 Darwin Kernel Version 15.0.0: Sat Sep 19 15:53:46 PDT 2015; root:xnu-3247.10.11~1/RELEASE_X86_64 x86_64
rlimit: STACK 8192k, CORE 0k, NPROC 709, NOFILE 10240, AS infinity
load average:2.00 1.90 1.81

CPU:total 4 (2 cores per cpu, 2 threads per core) family 6 model 69 stepping 1, cmov, cx8, fxsr, mmx, sse, sse2, sse3, ssse3, sse4.1, sse4.2, popcnt, avx, avx2, aes, clmul, erms, lzcnt, ht, tsc, tscinvbit, bmi1, bmi2

Memory: 4k page, physical 8388608k(1870188k free)

/proc/meminfo:


vm_info: Java HotSpot(TM) 64-Bit Server VM (25.65-b01) for bsd-amd64 JRE (1.8.0_65-b17), built on Oct  6 2015 15:36:46 by "java_re" with gcc 4.2.1 (Based on Apple Inc. build 5658) (LLVM build 2336.11.00)

time: Fri Dec 11 10:12:29 2015
elapsed time: 49 seconds (0d 0h 0m 49s)

