#
# A fatal error has been detected by the Java Runtime Environment:
#
#  SIGSEGV (0xb) at pc=0x00007fff886fdbdb, pid=39487, tid=2571
#
# JRE version: Java(TM) SE Runtime Environment (8.0_65-b17) (build 1.8.0_65-b17)
# Java VM: Java HotSpot(TM) 64-Bit Server VM (25.65-b01 mixed mode bsd-amd64 compressed oops)
# Problematic frame:
# C  [libobjc.A.dylib+0x4bdb]  _ZL12realizeClassP10objc_class+0x29
#
# Failed to write core dump. Core dumps have been disabled. To enable core dumping, try "ulimit -c unlimited" before starting Java again
#
# If you would like to submit a bug report, please visit:
#   http://bugreport.java.com/bugreport/crash.jsp
# The crash happened outside the Java Virtual Machine in native code.
# See problematic frame for where to report the bug.
#

---------------  T H R E A D  ---------------

Current thread (0x00007fb0341c3800):  JavaThread "AWT-AppKit" daemon [_thread_in_native, id=2571, stack(0x00007fff5a01d000,0x00007fff5a81d000)]

siginfo: si_signo: 11 (SIGSEGV), si_code: 1 (SEGV_MAPERR), si_addr: 0x00000000000007e8

Registers:
RAX=0x0000000000000000, RBX=0x00007fff76c6cc58, RCX=0x0000000000000000, RDX=0x00007fff76c6cc58
RSP=0x00007fff5a818210, RBP=0x00007fff5a818290, RSI=0x00000000b6cecc08, RDI=0x00000000000007c8
R8 =0x0000000080000000, R9 =0x0000000000000001, R10=0x00007fff95274c51, R11=0x00007fff76b81750
R12=0x0000000000000000, R13=0x00000000000007c8, R14=0x00007fff76c6cc30, R15=0x00007ffffffffff8
RIP=0x00007fff886fdbdb, EFLAGS=0x0000000000010202, ERR=0x0000000000000004
  TRAPNO=0x000000000000000e

Top of Stack: (sp=0x00007fff5a818210)
0x00007fff5a818210:   00007fff5a8184a7 000000060648714b
0x00007fff5a818220:   000000010000000b 0000000174e8a070
0x00007fff5a818230:   00000001068c7730 0000005000000000
0x00007fff5a818240:   0000000000000050 0000000000000000
0x00007fff5a818250:   0000000000000000 00007fb033c21d00
0x00007fff5a818260:   0000000000000050 00007fff76c6cc58
0x00007fff5a818270:   0000000000000000 00007fff76b81750
0x00007fff5a818280:   00007fff76c6cc30 00007ffffffffff8
0x00007fff5a818290:   00007fff5a818320 00007fff886fdcba
0x00007fff5a8182a0:   00007fff7460e2dc 00007fff7460e2e0
0x00007fff5a8182b0:   000000005a8182c0 00007fff94eb70b9
0x00007fff5a8182c0:   00007fff7460e2dc 00007fff7460e2e0
0x00007fff5a8182d0:   00007fff7460e2d8 00007fff7460e2c0
0x00007fff5a8182e0:   00007fff8b9cdd0e 000000017924cc60
0x00007fff5a8182f0:   0000000000000001 00007fff76b81750
0x00007fff5a818300:   00007fff8b9cdd0e 000000017924cc60
0x00007fff5a818310:   0000000000000001 00007ffffffffff8
0x00007fff5a818320:   00007fff5a818380 00007fff88700bff
0x00007fff5a818330:   0000000000000003 000000017924cc60
0x00007fff5a818340:   00007fff5a818590 00007fb0366aa150
0x00007fff5a818350:   000000015a818370 0000000174e8c450
0x00007fff5a818360:   0000000000000000 000000017924cc60
0x00007fff5a818370:   0000000174e8c440 00007fb0341c3800
0x00007fff5a818380:   00007fff5a818450 00007fff886ffe11
0x00007fff5a818390:   0000000000000810 0000000000000000
0x00007fff5a8183a0:   000000011f4a3bc0 000000011f4a3260
0x00007fff5a8183b0:   00007fff8b9cdd0e 00007fb0366aa150
0x00007fff5a8183c0:   00007fb0366ac370 00007fff5a81844f
0x00007fff5a8183d0:   0000000000000000 0000000000000000
0x00007fff5a8183e0:   ffffffffffffffff 0000000000ffffff
0x00007fff5a8183f0:   0000000000000000 0000000000000000
0x00007fff5a818400:   6f63616d5f747761 534f63614d5f7873 

Instructions: (pc=0x00007fff886fdbdb)
0x00007fff886fdbbb:   55 41 54 53 48 83 ec 58 49 89 fd 31 c0 4d 85 ed
0x00007fff886fdbcb:   0f 84 68 07 00 00 49 bf f8 ff ff ff ff 7f 00 00
0x00007fff886fdbdb:   4d 8b 75 20 4c 89 f3 4c 21 fb 8b 3b 85 ff 78 3d
0x00007fff886fdbeb:   f7 c7 00 00 00 40 75 3d bf 40 00 00 00 be 01 00 

Register to memory mapping:

RAX=0x0000000000000000 is an unknown value
RBX=0x00007fff76c6cc58: __CFConstantStringClassReference+0 in /System/Library/Frameworks/CoreFoundation.framework/Versions/A/CoreFoundation at 0x00007fff94e0b000
RCX=0x0000000000000000 is an unknown value
RDX=0x00007fff76c6cc58: __CFConstantStringClassReference+0 in /System/Library/Frameworks/CoreFoundation.framework/Versions/A/CoreFoundation at 0x00007fff94e0b000
RSP=0x00007fff5a818210 is pointing into the stack for thread: 0x00007fb0341c3800
RBP=0x00007fff5a818290 is pointing into the stack for thread: 0x00007fb0341c3800
RSI=0x00000000b6cecc08 is an unknown value
RDI=0x00000000000007c8 is an unknown value
R8 =0x0000000080000000 is an unknown value
R9 =0x0000000000000001 is an unknown value
R10=0x00007fff95274c51: GCC_except_table72+0xc5 in /System/Library/Frameworks/CoreFoundation.framework/Versions/A/CoreFoundation at 0x00007fff94e0b000
R11=0x00007fff76b81750: __block_literal_global67+0x48c0 in /System/Library/Frameworks/CoreFoundation.framework/Versions/A/CoreFoundation at 0x00007fff94e0b000
R12=0x0000000000000000 is an unknown value
R13=0x00000000000007c8 is an unknown value
R14=0x00007fff76c6cc30: OBJC_CLASS_$___NSCFString+0 in /System/Library/Frameworks/CoreFoundation.framework/Versions/A/CoreFoundation at 0x00007fff94e0b000
R15=0x00007ffffffffff8 is an unknown value


Stack: [0x00007fff5a01d000,0x00007fff5a81d000],  sp=0x00007fff5a818210,  free space=8172k
Native frames: (J=compiled Java code, j=interpreted, Vv=VM code, C=native code)
C  [libobjc.A.dylib+0x4bdb]  _ZL12realizeClassP10objc_class+0x29
C  [libobjc.A.dylib+0x4cba]  _ZL12realizeClassP10objc_class+0x108
C  [libobjc.A.dylib+0x7bff]  lookUpImpOrForward+0x68
C  [libobjc.A.dylib+0x6e11]  objc_msgSend+0xd1
C  [libnativewindow_macosx.jnilib+0x5157]  Java_jogamp_nativewindow_jawt_macosx_MacOSXJAWTWindow_UnsetJAWTRootSurfaceLayer0+0xe7
j  jogamp.nativewindow.jawt.macosx.MacOSXJAWTWindow.UnsetJAWTRootSurfaceLayer0(JJ)V+0
j  jogamp.nativewindow.jawt.macosx.MacOSXJAWTWindow.access$200(JJ)V+2
j  jogamp.nativewindow.jawt.macosx.MacOSXJAWTWindow$1.run()V+38
j  com.jogamp.common.util.RunnableTask.run()V+24
v  ~StubRoutines::call_stub
V  [libjvm.dylib+0x2eab02]
V  [libjvm.dylib+0x321bab]
V  [libjvm.dylib+0x31437f]
C  [libnativewindow_macosx.jnilib+0x5326]  Java_jogamp_nativewindow_jawt_macosx_MacOSXJAWTWindow_UnsetJAWTRootSurfaceLayer0+0x2b6
C  [Foundation+0x7741e]  __NSThreadPerformPerform+0x117
C  [CoreFoundation+0xaa8b1]  __CFRUNLOOP_IS_CALLING_OUT_TO_A_SOURCE0_PERFORM_FUNCTION__+0x11
C  [CoreFoundation+0x8a027]  __CFRunLoopDoSources0+0x1a7
C  [CoreFoundation+0x895cf]  __CFRunLoopRun+0x39f
C  [CoreFoundation+0x88fc8]  CFRunLoopRunSpecific+0x128
C  [HIToolbox+0x30d55]  RunCurrentEventLoopInMode+0xeb
C  [HIToolbox+0x30a97]  ReceiveNextEventCommon+0xb8
C  [HIToolbox+0x309cf]  _BlockUntilNextEventMatchingListInModeWithFilter+0x47
C  [AppKit+0x49d96]  _DPSNextEvent+0x42b
C  [AppKit+0x491c5]  -[NSApplication _nextEventMatchingEventMask:untilDate:inMode:dequeue:]+0x1c6
C  [libosxapp.dylib+0x23aa]  -[NSApplicationAWT nextEventMatchingMask:untilDate:inMode:dequeue:]+0x7c
C  [AppKit+0x3dd28]  -[NSApplication run]+0x2aa
C  [libosxapp.dylib+0x214d]  +[NSApplicationAWT runAWTLoopWithApp:]+0x9c
C  [libawt_lwawt.dylib+0x44517]  -[AWTStarter starter:]+0x389
C  [Foundation+0x7741e]  __NSThreadPerformPerform+0x117
C  [CoreFoundation+0xaa8b1]  __CFRUNLOOP_IS_CALLING_OUT_TO_A_SOURCE0_PERFORM_FUNCTION__+0x11
C  [CoreFoundation+0x8a0ac]  __CFRunLoopDoSources0+0x22c
C  [CoreFoundation+0x895cf]  __CFRunLoopRun+0x39f
C  [CoreFoundation+0x88fc8]  CFRunLoopRunSpecific+0x128
C  [java+0x6463]  CreateExecutionEnvironment+0x367
C  [java+0x21ac]  JLI_Launch+0x7a0
C  [java+0x84c0]  main+0x65
C  [java+0x1a04]  start+0x34
C  0x0000000000000007

Java frames: (J=compiled Java code, j=interpreted, Vv=VM code)
j  jogamp.nativewindow.jawt.macosx.MacOSXJAWTWindow.UnsetJAWTRootSurfaceLayer0(JJ)V+0
j  jogamp.nativewindow.jawt.macosx.MacOSXJAWTWindow.access$200(JJ)V+2
j  jogamp.nativewindow.jawt.macosx.MacOSXJAWTWindow$1.run()V+38
j  com.jogamp.common.util.RunnableTask.run()V+24
v  ~StubRoutines::call_stub

---------------  P R O C E S S  ---------------

Java Threads: ( => current thread )
  0x00007fb03a05d000 JavaThread "Thread-342" [_thread_blocked, id=67899, stack(0x00007000019ee000,0x0000700001aee000)]
  0x00007fb034445000 JavaThread "AWT-EventQueue-1" [_thread_in_native, id=58899, stack(0x0000700001868000,0x0000700001968000)]
  0x00007fb034809800 JavaThread "DestroyJavaVM" [_thread_blocked, id=5891, stack(0x000070000011a000,0x000070000021a000)]
  0x00007fb034274000 JavaThread "AWT-EventQueue-0" [_thread_blocked, id=55811, stack(0x0000700001662000,0x0000700001762000)]
  0x00007fb035104000 JavaThread "Java2D Disposer" daemon [_thread_blocked, id=52491, stack(0x00007000013d9000,0x00007000014d9000)]
  0x00007fb03420e000 JavaThread "Java2D Queue Flusher" daemon [_thread_blocked, id=49415, stack(0x00007000012d6000,0x00007000013d6000)]
  0x00007fb0350c9800 JavaThread "AWT-Shutdown" [_thread_blocked, id=29975, stack(0x0000700001150000,0x0000700001250000)]
=>0x00007fb0341c3800 JavaThread "AWT-AppKit" daemon [_thread_in_native, id=2571, stack(0x00007fff5a01d000,0x00007fff5a81d000)]
  0x00007fb034820800 JavaThread "Service Thread" daemon [_thread_blocked, id=18691, stack(0x0000700000ec7000,0x0000700000fc7000)]
  0x00007fb035805000 JavaThread "C1 CompilerThread2" daemon [_thread_blocked, id=18179, stack(0x0000700000dc4000,0x0000700000ec4000)]
  0x00007fb034820000 JavaThread "C2 CompilerThread1" daemon [_thread_blocked, id=17667, stack(0x0000700000cc1000,0x0000700000dc1000)]
  0x00007fb03404d000 JavaThread "C2 CompilerThread0" daemon [_thread_in_native, id=17155, stack(0x0000700000bbe000,0x0000700000cbe000)]
  0x00007fb03404c000 JavaThread "Signal Dispatcher" daemon [_thread_blocked, id=16403, stack(0x0000700000abb000,0x0000700000bbb000)]
  0x00007fb034044000 JavaThread "Finalizer" daemon [_thread_blocked, id=12291, stack(0x000070000082f000,0x000070000092f000)]
  0x00007fb034043800 JavaThread "Reference Handler" daemon [_thread_blocked, id=11779, stack(0x000070000072c000,0x000070000082c000)]

Other Threads:
  0x00007fb034042800 VMThread [stack: 0x0000700000629000,0x0000700000729000] [id=11267]
  0x00007fb034031800 WatcherThread [stack: 0x0000700000fca000,0x00007000010ca000] [id=19203]

VM state:not at safepoint (normal execution)

VM Mutex/Monitor currently owned by a thread: None

Heap:
 PSYoungGen      total 34304K, used 15913K [0x0000000795580000, 0x0000000798980000, 0x00000007c0000000)
  eden space 33792K, 46% used [0x0000000795580000,0x00000007964f2648,0x0000000797680000)
  from space 512K, 18% used [0x0000000797700000,0x0000000797718000,0x0000000797780000)
  to   space 9728K, 0% used [0x0000000798000000,0x0000000798000000,0x0000000798980000)
 ParOldGen       total 122880K, used 96985K [0x0000000740000000, 0x0000000747800000, 0x0000000795580000)
  object space 122880K, 78% used [0x0000000740000000,0x0000000745eb6528,0x0000000747800000)
 Metaspace       used 19628K, capacity 19815K, committed 19968K, reserved 1067008K
  class space    used 1872K, capacity 1950K, committed 2048K, reserved 1048576K

Card table byte_map: [0x0000000116349000,0x000000011674a000] byte_map_base: 0x0000000112949000

Marking Bits: (ParMarkBitMap*) 0x00000001068dee20
 Begin Bits: [0x00000001169f5000, 0x00000001189f5000)
 End Bits:   [0x00000001189f5000, 0x000000011a9f5000)

Polling page: 0x00000001056a6000

CodeCache: size=245760Kb used=9131Kb max_used=9249Kb free=236628Kb
 bounds [0x0000000106f89000, 0x00000001078b9000, 0x0000000115f89000]
 total_blobs=3432 nmethods=2555 adapters=790
 compilation: enabled

Compilation events (10 events):
Event: 206.441 Thread 0x00007fb035805000 3033       3       sun.java2d.pipe.RenderBuffer::putFloat (26 bytes)
Event: 206.442 Thread 0x00007fb035805000 nmethod 3033 0x0000000107583610 code [0x0000000107583780, 0x0000000107583910]
Event: 206.442 Thread 0x00007fb035805000 3035       1       sun.java2d.SurfaceData::isValid (5 bytes)
Event: 206.443 Thread 0x00007fb035805000 nmethod 3035 0x000000010749da90 code [0x000000010749dbe0, 0x000000010749dcf0]
Event: 206.472 Thread 0x00007fb034820000 3036       4       java.beans.WeakIdentityMap$Entry::isMatched (22 bytes)
Event: 206.473 Thread 0x00007fb034820000 nmethod 3036 0x00000001074f2690 code [0x00000001074f27e0, 0x00000001074f2898]
Event: 206.479 Thread 0x00007fb034820000 3037  s!   4       sun.misc.URLClassPath::getLoader (197 bytes)
Event: 206.493 Thread 0x00007fb034820000 nmethod 3037 0x0000000107209650 code [0x00000001072097c0, 0x0000000107209f98]
Event: 206.499 Thread 0x00007fb034820000 3038  s    4       sun.misc.URLClassPath::getNextLoader (88 bytes)
Event: 206.514 Thread 0x00007fb034820000 nmethod 3038 0x00000001074d28d0 code [0x00000001074d2a40, 0x00000001074d31b8]

GC Heap History (10 events):
Event: 174.589 GC heap before
{Heap before GC invocations=32 (full 1):
 PSYoungGen      total 47104K, used 36480K [0x0000000795580000, 0x0000000799000000, 0x00000007c0000000)
  eden space 36352K, 100% used [0x0000000795580000,0x0000000797900000,0x0000000797900000)
  from space 10752K, 1% used [0x0000000798580000,0x00000007985a0000,0x0000000799000000)
  to   space 11776K, 0% used [0x0000000797900000,0x0000000797900000,0x0000000798480000)
 ParOldGen       total 122880K, used 96985K [0x0000000740000000, 0x0000000747800000, 0x0000000795580000)
  object space 122880K, 78% used [0x0000000740000000,0x0000000745eb6528,0x0000000747800000)
 Metaspace       used 19593K, capacity 19783K, committed 19840K, reserved 1067008K
  class space    used 1864K, capacity 1918K, committed 1920K, reserved 1048576K
Event: 174.593 GC heap after
Heap after GC invocations=32 (full 1):
 PSYoungGen      total 36352K, used 64K [0x0000000795580000, 0x0000000798f80000, 0x00000007c0000000)
  eden space 35840K, 0% used [0x0000000795580000,0x0000000795580000,0x0000000797880000)
  from space 512K, 12% used [0x0000000797900000,0x0000000797910000,0x0000000797980000)
  to   space 11776K, 0% used [0x0000000798400000,0x0000000798400000,0x0000000798f80000)
 ParOldGen       total 122880K, used 96985K [0x0000000740000000, 0x0000000747800000, 0x0000000795580000)
  object space 122880K, 78% used [0x0000000740000000,0x0000000745eb6528,0x0000000747800000)
 Metaspace       used 19593K, capacity 19783K, committed 19840K, reserved 1067008K
  class space    used 1864K, capacity 1918K, committed 1920K, reserved 1048576K
}
Event: 181.625 GC heap before
{Heap before GC invocations=33 (full 1):
 PSYoungGen      total 36352K, used 35904K [0x0000000795580000, 0x0000000798f80000, 0x00000007c0000000)
  eden space 35840K, 100% used [0x0000000795580000,0x0000000797880000,0x0000000797880000)
  from space 512K, 12% used [0x0000000797900000,0x0000000797910000,0x0000000797980000)
  to   space 11776K, 0% used [0x0000000798400000,0x0000000798400000,0x0000000798f80000)
 ParOldGen       total 122880K, used 96985K [0x0000000740000000, 0x0000000747800000, 0x0000000795580000)
  object space 122880K, 78% used [0x0000000740000000,0x0000000745eb6528,0x0000000747800000)
 Metaspace       used 19593K, capacity 19783K, committed 19840K, reserved 1067008K
  class space    used 1864K, capacity 1918K, committed 1920K, reserved 1048576K
Event: 181.628 GC heap after
Heap after GC invocations=33 (full 1):
 PSYoungGen      total 45568K, used 64K [0x0000000795580000, 0x0000000798e00000, 0x00000007c0000000)
  eden space 35328K, 0% used [0x0000000795580000,0x0000000795580000,0x0000000797800000)
  from space 10240K, 0% used [0x0000000798400000,0x0000000798410000,0x0000000798e00000)
  to   space 11264K, 0% used [0x0000000797800000,0x0000000797800000,0x0000000798300000)
 ParOldGen       total 122880K, used 96985K [0x0000000740000000, 0x0000000747800000, 0x0000000795580000)
  object space 122880K, 78% used [0x0000000740000000,0x0000000745eb6528,0x0000000747800000)
 Metaspace       used 19593K, capacity 19783K, committed 19840K, reserved 1067008K
  class space    used 1864K, capacity 1918K, committed 1920K, reserved 1048576K
}
Event: 189.484 GC heap before
{Heap before GC invocations=34 (full 1):
 PSYoungGen      total 45568K, used 35392K [0x0000000795580000, 0x0000000798e00000, 0x00000007c0000000)
  eden space 35328K, 100% used [0x0000000795580000,0x0000000797800000,0x0000000797800000)
  from space 10240K, 0% used [0x0000000798400000,0x0000000798410000,0x0000000798e00000)
  to   space 11264K, 0% used [0x0000000797800000,0x0000000797800000,0x0000000798300000)
 ParOldGen       total 122880K, used 96985K [0x0000000740000000, 0x0000000747800000, 0x0000000795580000)
  object space 122880K, 78% used [0x0000000740000000,0x0000000745eb6528,0x0000000747800000)
 Metaspace       used 19593K, capacity 19783K, committed 19840K, reserved 1067008K
  class space    used 1864K, capacity 1918K, committed 1920K, reserved 1048576K
Event: 189.488 GC heap after
Heap after GC invocations=34 (full 1):
 PSYoungGen      total 35328K, used 32K [0x0000000795580000, 0x0000000798c80000, 0x00000007c0000000)
  eden space 34816K, 0% used [0x0000000795580000,0x0000000795580000,0x0000000797780000)
  from space 512K, 6% used [0x0000000797800000,0x0000000797808000,0x0000000797880000)
  to   space 10752K, 0% used [0x0000000798200000,0x0000000798200000,0x0000000798c80000)
 ParOldGen       total 122880K, used 96985K [0x0000000740000000, 0x0000000747800000, 0x0000000795580000)
  object space 122880K, 78% used [0x0000000740000000,0x0000000745eb6528,0x0000000747800000)
 Metaspace       used 19593K, capacity 19783K, committed 19840K, reserved 1067008K
  class space    used 1864K, capacity 1918K, committed 1920K, reserved 1048576K
}
Event: 196.433 GC heap before
{Heap before GC invocations=35 (full 1):
 PSYoungGen      total 35328K, used 34848K [0x0000000795580000, 0x0000000798c80000, 0x00000007c0000000)
  eden space 34816K, 100% used [0x0000000795580000,0x0000000797780000,0x0000000797780000)
  from space 512K, 6% used [0x0000000797800000,0x0000000797808000,0x0000000797880000)
  to   space 10752K, 0% used [0x0000000798200000,0x0000000798200000,0x0000000798c80000)
 ParOldGen       total 122880K, used 96985K [0x0000000740000000, 0x0000000747800000, 0x0000000795580000)
  object space 122880K, 78% used [0x0000000740000000,0x0000000745eb6528,0x0000000747800000)
 Metaspace       used 19593K, capacity 19783K, committed 19840K, reserved 1067008K
  class space    used 1864K, capacity 1918K, committed 1920K, reserved 1048576K
Event: 196.442 GC heap after
Heap after GC invocations=35 (full 1):
 PSYoungGen      total 43520K, used 96K [0x0000000795580000, 0x0000000798b00000, 0x00000007c0000000)
  eden space 34304K, 0% used [0x0000000795580000,0x0000000795580000,0x0000000797700000)
  from space 9216K, 1% used [0x0000000798200000,0x0000000798218000,0x0000000798b00000)
  to   space 10240K, 0% used [0x0000000797700000,0x0000000797700000,0x0000000798100000)
 ParOldGen       total 122880K, used 96985K [0x0000000740000000, 0x0000000747800000, 0x0000000795580000)
  object space 122880K, 78% used [0x0000000740000000,0x0000000745eb6528,0x0000000747800000)
 Metaspace       used 19593K, capacity 19783K, committed 19840K, reserved 1067008K
  class space    used 1864K, capacity 1918K, committed 1920K, reserved 1048576K
}
Event: 203.254 GC heap before
{Heap before GC invocations=36 (full 1):
 PSYoungGen      total 43520K, used 34400K [0x0000000795580000, 0x0000000798b00000, 0x00000007c0000000)
  eden space 34304K, 100% used [0x0000000795580000,0x0000000797700000,0x0000000797700000)
  from space 9216K, 1% used [0x0000000798200000,0x0000000798218000,0x0000000798b00000)
  to   space 10240K, 0% used [0x0000000797700000,0x0000000797700000,0x0000000798100000)
 ParOldGen       total 122880K, used 96985K [0x0000000740000000, 0x0000000747800000, 0x0000000795580000)
  object space 122880K, 78% used [0x0000000740000000,0x0000000745eb6528,0x0000000747800000)
 Metaspace       used 19593K, capacity 19783K, committed 19840K, reserved 1067008K
  class space    used 1864K, capacity 1918K, committed 1920K, reserved 1048576K
Event: 203.258 GC heap after
Heap after GC invocations=36 (full 1):
 PSYoungGen      total 34304K, used 96K [0x0000000795580000, 0x0000000798980000, 0x00000007c0000000)
  eden space 33792K, 0% used [0x0000000795580000,0x0000000795580000,0x0000000797680000)
  from space 512K, 18% used [0x0000000797700000,0x0000000797718000,0x0000000797780000)
  to   space 9728K, 0% used [0x0000000798000000,0x0000000798000000,0x0000000798980000)
 ParOldGen       total 122880K, used 96985K [0x0000000740000000, 0x0000000747800000, 0x0000000795580000)
  object space 122880K, 78% used [0x0000000740000000,0x0000000745eb6528,0x0000000747800000)
 Metaspace       used 19593K, capacity 19783K, committed 19840K, reserved 1067008K
  class space    used 1864K, capacity 1918K, committed 1920K, reserved 1048576K
}

Deoptimization events (10 events):
Event: 206.472 Thread 0x00007fb034274000 Uncommon trap: reason=class_check action=maybe_recompile pc=0x00000001078a9270 method=java.awt.Component.getGraphics()Ljava/awt/Graphics; @ 114
Event: 206.472 Thread 0x00007fb034445000 Uncommon trap: reason=class_check action=maybe_recompile pc=0x00000001076abe64 method=java.awt.event.InvocationEvent.dispatch()V @ 11
Event: 206.477 Thread 0x00007fb0341c3800 Uncommon trap: reason=class_check action=maybe_recompile pc=0x000000010723e940 method=com.jogamp.common.util.RunnableTask.run()V @ 24
Event: 206.479 Thread 0x00007fb0341c3800 Uncommon trap: reason=unstable_if action=reinterpret pc=0x00000001074d9ebc method=jogamp.nativewindow.macosx.OSXUtil.RunOnMainThread(ZZLjava/lang/Runnable;)V @ 3
Event: 206.498 Thread 0x00007fb034445000 Uncommon trap: reason=unstable_if action=reinterpret pc=0x0000000107895aa0 method=jogamp.opengl.GLContextImpl.release(Z)V @ 161
Event: 206.514 Thread 0x00007fb034445000 Uncommon trap: reason=unstable_if action=reinterpret pc=0x00000001077bbe34 method=java.util.LinkedList$ListItr.<init>(Ljava/util/LinkedList;I)V @ 26
Event: 206.515 Thread 0x00007fb034445000 Uncommon trap: reason=unstable_if action=reinterpret pc=0x00000001076baef8 method=java.security.AccessControlContext.optimize()Ljava/security/AccessControlContext; @ 233
Event: 206.521 Thread 0x00007fb034445000 Uncommon trap: reason=class_check action=maybe_recompile pc=0x00000001076abe64 method=java.awt.event.InvocationEvent.dispatch()V @ 11
Event: 206.521 Thread 0x00007fb0341c3800 Uncommon trap: reason=class_check action=maybe_recompile pc=0x000000010723e940 method=com.jogamp.common.util.RunnableTask.run()V @ 24
Event: 206.521 Thread 0x00007fb034274000 Uncommon trap: reason=class_check action=maybe_recompile pc=0x00000001078a9270 method=java.awt.Component.getGraphics()Ljava/awt/Graphics; @ 114

Internal exceptions (10 events):
Event: 0.473 Thread 0x00007fb034809800 Exception <a 'java/lang/NoSuchFieldError': method resolution failed> (0x000000079582aec8) thrown at [/Users/java_re/workspace/8-2-build-macosx-x86_64/jdk8u65/4987/hotspot/src/share/vm/prims/methodHandles.cpp, line 1146]
Event: 0.480 Thread 0x00007fb034809800 Exception <a 'java/lang/NoSuchFieldError': method resolution failed> (0x0000000795838698) thrown at [/Users/java_re/workspace/8-2-build-macosx-x86_64/jdk8u65/4987/hotspot/src/share/vm/prims/methodHandles.cpp, line 1146]
Event: 0.934 Thread 0x00007fb034809800 Exception <a 'java/io/FileNotFoundException'> (0x00000007958b44d0) thrown at [/Users/java_re/workspace/8-2-build-macosx-x86_64/jdk8u65/4987/hotspot/src/share/vm/prims/jni.cpp, line 709]
Event: 0.939 Thread 0x00007fb034809800 Exception <a 'java/io/FileNotFoundException'> (0x00000007958b5058) thrown at [/Users/java_re/workspace/8-2-build-macosx-x86_64/jdk8u65/4987/hotspot/src/share/vm/prims/jni.cpp, line 709]
Event: 1.211 Thread 0x00007fb034809800 Exception <a 'java/io/FileNotFoundException'> (0x00000007959f0de8) thrown at [/Users/java_re/workspace/8-2-build-macosx-x86_64/jdk8u65/4987/hotspot/src/share/vm/prims/jni.cpp, line 709]
Event: 4.385 Thread 0x00007fb0352e3800 Exception <a 'java/lang/UnsatisfiedLinkError': com.jogamp.common.util.JarUtil.fixNativeLibAttribs(Ljava/lang/String;)Z> (0x0000000796b14200) thrown at [/Users/java_re/workspace/8-2-build-macosx-x86_64/jdk8u65/4987/hotspot/src/share/vm/prims/nativeLookup.c
Event: 5.092 Thread 0x00007fb034044000 Exception <a 'java/lang/NullPointerException'> (0x00000007956a66d8) thrown at [/Users/java_re/workspace/8-2-build-macosx-x86_64/jdk8u65/4987/hotspot/src/share/vm/interpreter/linkResolver.cpp, line 1178]
Event: 6.255 Thread 0x00007fb034445000 Exception <a 'java/io/FileNotFoundException'> (0x0000000795e76660) thrown at [/Users/java_re/workspace/8-2-build-macosx-x86_64/jdk8u65/4987/hotspot/src/share/vm/prims/jni.cpp, line 709]
Event: 6.258 Thread 0x00007fb034445000 Exception <a 'java/io/FileNotFoundException'> (0x0000000795e7ca00) thrown at [/Users/java_re/workspace/8-2-build-macosx-x86_64/jdk8u65/4987/hotspot/src/share/vm/prims/jni.cpp, line 709]
Event: 6.259 Thread 0x00007fb034445000 Implicit null exception at 0x0000000107136075 to 0x00000001071363d9

Events (10 events):
Event: 206.520 loading class java/awt/Window$1DisposeAction done
Event: 206.521 Thread 0x00007fb034445000 Uncommon trap: trap_request=0xffffffde fr.pc=0x00000001076abe64
Event: 206.521 Thread 0x00007fb034445000 DEOPT PACKING pc=0x00000001076abe64 sp=0x0000700001965e60
Event: 206.521 Thread 0x00007fb034445000 DEOPT UNPACKING pc=0x0000000106f8e229 sp=0x0000700001965e60 mode 2
Event: 206.521 Thread 0x00007fb0341c3800 Uncommon trap: trap_request=0xffffffde fr.pc=0x000000010723e940
Event: 206.521 Thread 0x00007fb0341c3800 DEOPT PACKING pc=0x000000010723e940 sp=0x00007fff5a8186d0
Event: 206.521 Thread 0x00007fb0341c3800 DEOPT UNPACKING pc=0x0000000106f8e229 sp=0x00007fff5a818678 mode 2
Event: 206.521 Thread 0x00007fb034274000 Uncommon trap: trap_request=0xffffffde fr.pc=0x00000001078a9270
Event: 206.521 Thread 0x00007fb034274000 DEOPT PACKING pc=0x00000001078a9270 sp=0x000070000175fbe0
Event: 206.521 Thread 0x00007fb034274000 DEOPT UNPACKING pc=0x0000000106f8e229 sp=0x000070000175fbf0 mode 2


Dynamic libraries:
0x0000000003b1d000 	/System/Library/Frameworks/Cocoa.framework/Versions/A/Cocoa
0x0000000003b1d000 	/System/Library/Frameworks/Security.framework/Versions/A/Security
0x0000000003b1d000 	/System/Library/Frameworks/ApplicationServices.framework/Versions/A/ApplicationServices
0x0000000003b1d000 	/usr/lib/libz.1.dylib
0x0000000003b1d000 	/usr/lib/libSystem.B.dylib
0x0000000003b1d000 	/usr/lib/libobjc.A.dylib
0x0000000003b1d000 	/System/Library/Frameworks/CoreFoundation.framework/Versions/A/CoreFoundation
0x0000000003b1d000 	/System/Library/Frameworks/Foundation.framework/Versions/C/Foundation
0x0000000003b1d000 	/System/Library/Frameworks/AppKit.framework/Versions/C/AppKit
0x0000000003b1d000 	/System/Library/Frameworks/CoreData.framework/Versions/A/CoreData
0x0000000003b1d000 	/System/Library/PrivateFrameworks/RemoteViewServices.framework/Versions/A/RemoteViewServices
0x0000000003b1d000 	/System/Library/PrivateFrameworks/UIFoundation.framework/Versions/A/UIFoundation
0x0000000003b1d000 	/usr/lib/libScreenReader.dylib
0x0000000003b1d000 	/System/Library/Frameworks/Accelerate.framework/Versions/A/Accelerate
0x0000000003b1d000 	/System/Library/Frameworks/IOSurface.framework/Versions/A/IOSurface
0x0000000003b1d000 	/System/Library/Frameworks/AudioToolbox.framework/Versions/A/AudioToolbox
0x0000000003b1d000 	/System/Library/Frameworks/AudioUnit.framework/Versions/A/AudioUnit
0x0000000003b1d000 	/System/Library/PrivateFrameworks/DataDetectorsCore.framework/Versions/A/DataDetectorsCore
0x0000000003b1d000 	/System/Library/PrivateFrameworks/DesktopServicesPriv.framework/Versions/A/DesktopServicesPriv
0x0000000003b1d000 	/System/Library/Frameworks/Carbon.framework/Versions/A/Frameworks/HIToolbox.framework/Versions/A/HIToolbox
0x0000000003b1d000 	/System/Library/Frameworks/QuartzCore.framework/Versions/A/QuartzCore
0x0000000003b1d000 	/System/Library/Frameworks/Carbon.framework/Versions/A/Frameworks/SpeechRecognition.framework/Versions/A/SpeechRecognition
0x0000000003b1d000 	/usr/lib/libauto.dylib
0x0000000003b1d000 	/usr/lib/libicucore.A.dylib
0x0000000003b1d000 	/usr/lib/libxml2.2.dylib
0x0000000003b1d000 	/System/Library/PrivateFrameworks/CoreUI.framework/Versions/A/CoreUI
0x0000000003b1d000 	/System/Library/Frameworks/CoreAudio.framework/Versions/A/CoreAudio
0x0000000003b1d000 	/System/Library/Frameworks/DiskArbitration.framework/Versions/A/DiskArbitration
0x0000000003b1d000 	/usr/lib/liblangid.dylib
0x0000000003b1d000 	/System/Library/PrivateFrameworks/MultitouchSupport.framework/Versions/A/MultitouchSupport
0x0000000003b1d000 	/System/Library/Frameworks/IOKit.framework/Versions/A/IOKit
0x0000000003b1d000 	/usr/lib/libDiagnosticMessagesClient.dylib
0x0000000003b1d000 	/System/Library/Frameworks/CoreServices.framework/Versions/A/CoreServices
0x0000000003b1d000 	/System/Library/PrivateFrameworks/PerformanceAnalysis.framework/Versions/A/PerformanceAnalysis
0x0000000003b1d000 	/System/Library/PrivateFrameworks/GenerationalStorage.framework/Versions/A/GenerationalStorage
0x0000000003b1d000 	/System/Library/Frameworks/OpenGL.framework/Versions/A/OpenGL
0x0000000003b1d000 	/System/Library/PrivateFrameworks/Sharing.framework/Versions/A/Sharing
0x0000000003b1d000 	/System/Library/Frameworks/CoreGraphics.framework/Versions/A/CoreGraphics
0x0000000003b1d000 	/System/Library/Frameworks/CoreImage.framework/Versions/A/CoreImage
0x0000000003b1d000 	/System/Library/Frameworks/CoreText.framework/Versions/A/CoreText
0x0000000003b1d000 	/System/Library/Frameworks/ImageIO.framework/Versions/A/ImageIO
0x0000000003b1d000 	/System/Library/PrivateFrameworks/Backup.framework/Versions/A/Backup
0x0000000003b1d000 	/usr/lib/libextension.dylib
0x0000000003b1d000 	/usr/lib/libarchive.2.dylib
0x0000000003b1d000 	/System/Library/Frameworks/CFNetwork.framework/Versions/A/CFNetwork
0x0000000003b1d000 	/System/Library/Frameworks/SystemConfiguration.framework/Versions/A/SystemConfiguration
0x0000000003b1d000 	/usr/lib/libCRFSuite.dylib
0x0000000003b1d000 	/usr/lib/libc++.1.dylib
0x0000000003b1d000 	/usr/lib/libc++abi.dylib
0x0000000003b1d000 	/usr/lib/system/libcache.dylib
0x0000000003b1d000 	/usr/lib/system/libcommonCrypto.dylib
0x0000000003b1d000 	/usr/lib/system/libcompiler_rt.dylib
0x0000000003b1d000 	/usr/lib/system/libcopyfile.dylib
0x0000000003b1d000 	/usr/lib/system/libcorecrypto.dylib
0x0000000003b1d000 	/usr/lib/system/libdispatch.dylib
0x0000000003b1d000 	/usr/lib/system/libdyld.dylib
0x0000000003b1d000 	/usr/lib/system/libkeymgr.dylib
0x0000000003b1d000 	/usr/lib/system/liblaunch.dylib
0x0000000003b1d000 	/usr/lib/system/libmacho.dylib
0x0000000003b1d000 	/usr/lib/system/libquarantine.dylib
0x0000000003b1d000 	/usr/lib/system/libremovefile.dylib
0x0000000003b1d000 	/usr/lib/system/libsystem_asl.dylib
0x0000000003b1d000 	/usr/lib/system/libsystem_blocks.dylib
0x0000000003b1d000 	/usr/lib/system/libsystem_c.dylib
0x0000000003b1d000 	/usr/lib/system/libsystem_configuration.dylib
0x0000000003b1d000 	/usr/lib/system/libsystem_coreservices.dylib
0x0000000003b1d000 	/usr/lib/system/libsystem_coretls.dylib
0x0000000003b1d000 	/usr/lib/system/libsystem_dnssd.dylib
0x0000000003b1d000 	/usr/lib/system/libsystem_info.dylib
0x0000000003b1d000 	/usr/lib/system/libsystem_kernel.dylib
0x0000000003b1d000 	/usr/lib/system/libsystem_m.dylib
0x0000000003b1d000 	/usr/lib/system/libsystem_malloc.dylib
0x0000000003b1d000 	/usr/lib/system/libsystem_network.dylib
0x0000000003b1d000 	/usr/lib/system/libsystem_networkextension.dylib
0x0000000003b1d000 	/usr/lib/system/libsystem_notify.dylib
0x0000000003b1d000 	/usr/lib/system/libsystem_platform.dylib
0x0000000003b1d000 	/usr/lib/system/libsystem_pthread.dylib
0x0000000003b1d000 	/usr/lib/system/libsystem_sandbox.dylib
0x0000000003b1d000 	/usr/lib/system/libsystem_secinit.dylib
0x0000000003b1d000 	/usr/lib/system/libsystem_trace.dylib
0x0000000003b1d000 	/usr/lib/system/libunc.dylib
0x0000000003b1d000 	/usr/lib/system/libunwind.dylib
0x0000000003b1d000 	/usr/lib/system/libxpc.dylib
0x0000000003b1d000 	/usr/lib/libenergytrace.dylib
0x0000000003b1d000 	/usr/lib/libbsm.0.dylib
0x0000000003b1d000 	/usr/lib/system/libkxld.dylib
0x0000000003b1d000 	/usr/lib/libxar.1.dylib
0x0000000003b1d000 	/usr/lib/libsqlite3.dylib
0x0000000003b1d000 	/usr/lib/libpam.2.dylib
0x0000000003b1d000 	/usr/lib/libOpenScriptingUtil.dylib
0x0000000003b1d000 	/usr/lib/libbz2.1.0.dylib
0x0000000003b1d000 	/usr/lib/liblzma.5.dylib
0x0000000003b1d000 	/System/Library/Frameworks/CoreServices.framework/Versions/A/Frameworks/FSEvents.framework/Versions/A/FSEvents
0x0000000003b1d000 	/System/Library/Frameworks/CoreServices.framework/Versions/A/Frameworks/CarbonCore.framework/Versions/A/CarbonCore
0x0000000003b1d000 	/System/Library/Frameworks/CoreServices.framework/Versions/A/Frameworks/Metadata.framework/Versions/A/Metadata
0x0000000003b1d000 	/System/Library/Frameworks/CoreServices.framework/Versions/A/Frameworks/OSServices.framework/Versions/A/OSServices
0x0000000003b1d000 	/System/Library/Frameworks/CoreServices.framework/Versions/A/Frameworks/SearchKit.framework/Versions/A/SearchKit
0x0000000003b1d000 	/System/Library/Frameworks/CoreServices.framework/Versions/A/Frameworks/AE.framework/Versions/A/AE
0x0000000003b1d000 	/System/Library/Frameworks/CoreServices.framework/Versions/A/Frameworks/LaunchServices.framework/Versions/A/LaunchServices
0x0000000003b1d000 	/System/Library/Frameworks/CoreServices.framework/Versions/A/Frameworks/DictionaryServices.framework/Versions/A/DictionaryServices
0x0000000003b1d000 	/System/Library/Frameworks/CoreServices.framework/Versions/A/Frameworks/SharedFileList.framework/Versions/A/SharedFileList
0x0000000003b1d000 	/System/Library/Frameworks/NetFS.framework/Versions/A/NetFS
0x0000000003b1d000 	/System/Library/PrivateFrameworks/NetAuth.framework/Versions/A/NetAuth
0x0000000003b1d000 	/System/Library/PrivateFrameworks/login.framework/Versions/A/Frameworks/loginsupport.framework/Versions/A/loginsupport
0x0000000003b1d000 	/System/Library/PrivateFrameworks/TCC.framework/Versions/A/TCC
0x0000000003b1d000 	/usr/lib/libmecabra.dylib
0x0000000003b1d000 	/System/Library/Frameworks/ApplicationServices.framework/Versions/A/Frameworks/ATS.framework/Versions/A/ATS
0x0000000003b1d000 	/System/Library/Frameworks/ApplicationServices.framework/Versions/A/Frameworks/ColorSync.framework/Versions/A/ColorSync
0x0000000003b1d000 	/System/Library/Frameworks/ApplicationServices.framework/Versions/A/Frameworks/HIServices.framework/Versions/A/HIServices
0x0000000003b1d000 	/System/Library/Frameworks/ApplicationServices.framework/Versions/A/Frameworks/LangAnalysis.framework/Versions/A/LangAnalysis
0x0000000003b1d000 	/System/Library/Frameworks/ApplicationServices.framework/Versions/A/Frameworks/PrintCore.framework/Versions/A/PrintCore
0x0000000003b1d000 	/System/Library/Frameworks/ApplicationServices.framework/Versions/A/Frameworks/QD.framework/Versions/A/QD
0x0000000003b1d000 	/System/Library/Frameworks/ApplicationServices.framework/Versions/A/Frameworks/SpeechSynthesis.framework/Versions/A/SpeechSynthesis
0x0000000003b1d000 	/System/Library/Frameworks/Metal.framework/Versions/A/Metal
0x0000000003b1d000 	/System/Library/Frameworks/Accelerate.framework/Versions/A/Frameworks/vImage.framework/Versions/A/vImage
0x0000000003b1d000 	/System/Library/Frameworks/Accelerate.framework/Versions/A/Frameworks/vecLib.framework/Versions/A/vecLib
0x0000000003b1d000 	/System/Library/Frameworks/Accelerate.framework/Versions/A/Frameworks/vecLib.framework/Versions/A/libvDSP.dylib
0x0000000003b1d000 	/System/Library/Frameworks/Accelerate.framework/Versions/A/Frameworks/vecLib.framework/Versions/A/libvMisc.dylib
0x0000000003b1d000 	/System/Library/Frameworks/Accelerate.framework/Versions/A/Frameworks/vecLib.framework/Versions/A/libLAPACK.dylib
0x0000000003b1d000 	/System/Library/Frameworks/Accelerate.framework/Versions/A/Frameworks/vecLib.framework/Versions/A/libBLAS.dylib
0x0000000003b1d000 	/System/Library/Frameworks/Accelerate.framework/Versions/A/Frameworks/vecLib.framework/Versions/A/libLinearAlgebra.dylib
0x0000000003b1d000 	/System/Library/Frameworks/Accelerate.framework/Versions/A/Frameworks/vecLib.framework/Versions/A/libSparseBLAS.dylib
0x0000000003b1d000 	/System/Library/PrivateFrameworks/GPUCompiler.framework/libmetal_timestamp.dylib
0x0000000003b1d000 	/System/Library/Frameworks/OpenGL.framework/Versions/A/Libraries/libCoreFSCache.dylib
0x0000000003b1d000 	/System/Library/PrivateFrameworks/IOAccelerator.framework/Versions/A/IOAccelerator
0x0000000003b1d000 	/System/Library/Frameworks/ApplicationServices.framework/Versions/A/Frameworks/ATS.framework/Versions/A/Resources/libFontParser.dylib
0x0000000003b1d000 	/System/Library/Frameworks/ApplicationServices.framework/Versions/A/Frameworks/ATS.framework/Versions/A/Resources/libFontRegistry.dylib
0x0000000003b1d000 	/System/Library/PrivateFrameworks/AppleVPA.framework/Versions/A/AppleVPA
0x0000000003b1d000 	/System/Library/PrivateFrameworks/AppleJPEG.framework/Versions/A/AppleJPEG
0x0000000003b1d000 	/System/Library/Frameworks/ImageIO.framework/Versions/A/Resources/libJPEG.dylib
0x0000000003b1d000 	/System/Library/Frameworks/ImageIO.framework/Versions/A/Resources/libTIFF.dylib
0x0000000003b1d000 	/System/Library/Frameworks/ImageIO.framework/Versions/A/Resources/libPng.dylib
0x0000000003b1d000 	/System/Library/Frameworks/ImageIO.framework/Versions/A/Resources/libGIF.dylib
0x0000000003b1d000 	/System/Library/Frameworks/ImageIO.framework/Versions/A/Resources/libJP2.dylib
0x0000000003b1d000 	/System/Library/Frameworks/ImageIO.framework/Versions/A/Resources/libRadiance.dylib
0x0000000003b1d000 	/System/Library/Frameworks/CoreVideo.framework/Versions/A/CoreVideo
0x0000000003b1d000 	/System/Library/Frameworks/OpenGL.framework/Versions/A/Libraries/libGLU.dylib
0x0000000003b1d000 	/System/Library/Frameworks/OpenGL.framework/Versions/A/Libraries/libGFXShared.dylib
0x0000000003b1d000 	/System/Library/Frameworks/OpenGL.framework/Versions/A/Libraries/libGL.dylib
0x0000000003b1d000 	/System/Library/Frameworks/OpenGL.framework/Versions/A/Libraries/libGLImage.dylib
0x0000000003b1d000 	/System/Library/Frameworks/OpenGL.framework/Versions/A/Libraries/libCVMSPluginSupport.dylib
0x0000000003b1d000 	/System/Library/Frameworks/OpenGL.framework/Versions/A/Libraries/libCoreVMClient.dylib
0x0000000003b1d000 	/usr/lib/libcups.2.dylib
0x0000000003b1d000 	/System/Library/Frameworks/Kerberos.framework/Versions/A/Kerberos
0x0000000003b1d000 	/System/Library/Frameworks/GSS.framework/Versions/A/GSS
0x0000000003b1d000 	/usr/lib/libresolv.9.dylib
0x0000000003b1d000 	/usr/lib/libiconv.2.dylib
0x0000000003b1d000 	/System/Library/PrivateFrameworks/Heimdal.framework/Versions/A/Heimdal
0x0000000003b1d000 	/usr/lib/libheimdal-asn1.dylib
0x0000000003b1d000 	/System/Library/Frameworks/OpenDirectory.framework/Versions/A/OpenDirectory
0x0000000003b1d000 	/System/Library/PrivateFrameworks/CommonAuth.framework/Versions/A/CommonAuth
0x0000000003b1d000 	/System/Library/Frameworks/OpenDirectory.framework/Versions/A/Frameworks/CFOpenDirectory.framework/Versions/A/CFOpenDirectory
0x0000000003b1d000 	/System/Library/Frameworks/SecurityFoundation.framework/Versions/A/SecurityFoundation
0x0000000003b1d000 	/System/Library/PrivateFrameworks/LanguageModeling.framework/Versions/A/LanguageModeling
0x0000000003b1d000 	/usr/lib/libmarisa.dylib
0x0000000003b1d000 	/usr/lib/libChineseTokenizer.dylib
0x0000000003b1d000 	/usr/lib/libcmph.dylib
0x0000000003b1d000 	/usr/lib/libcompression.dylib
0x0000000003b1d000 	/System/Library/Frameworks/ServiceManagement.framework/Versions/A/ServiceManagement
0x0000000003b1d000 	/usr/lib/libxslt.1.dylib
0x0000000003b1d000 	/System/Library/Frameworks/Carbon.framework/Versions/A/Frameworks/Ink.framework/Versions/A/Ink
0x0000000003b1d000 	/usr/lib/libFosl_dynamic.dylib
0x0000000003b1d000 	/System/Library/PrivateFrameworks/FaceCore.framework/Versions/A/FaceCore
0x0000000003b1d000 	/System/Library/Frameworks/OpenCL.framework/Versions/A/OpenCL
0x0000000003b1d000 	/System/Library/PrivateFrameworks/CrashReporterSupport.framework/Versions/A/CrashReporterSupport
0x0000000003b1d000 	/System/Library/PrivateFrameworks/IconServices.framework/Versions/A/IconServices
0x0000000003b1d000 	/System/Library/PrivateFrameworks/Apple80211.framework/Versions/A/Apple80211
0x0000000003b1d000 	/System/Library/Frameworks/CoreWLAN.framework/Versions/A/CoreWLAN
0x0000000003b1d000 	/System/Library/Frameworks/IOBluetooth.framework/Versions/A/IOBluetooth
0x0000000003b1d000 	/System/Library/PrivateFrameworks/CoreWiFi.framework/Versions/A/CoreWiFi
0x0000000003b1d000 	/System/Library/Frameworks/CoreBluetooth.framework/Versions/A/CoreBluetooth
0x0000000003b1d000 	/System/Library/PrivateFrameworks/ChunkingLibrary.framework/Versions/A/ChunkingLibrary
0x0000000003b1d000 	/System/Library/PrivateFrameworks/DebugSymbols.framework/Versions/A/DebugSymbols
0x0000000003b1d000 	/System/Library/PrivateFrameworks/CoreSymbolication.framework/Versions/A/CoreSymbolication
0x0000000003b1d000 	/System/Library/PrivateFrameworks/Symbolication.framework/Versions/A/Symbolication
0x0000000003b1d000 	/System/Library/PrivateFrameworks/SpeechRecognitionCore.framework/Versions/A/SpeechRecognitionCore
0x0000000106000000 	/Library/Java/JavaVirtualMachines/jdk1.8.0_65.jdk/Contents/Home/jre/lib/server/libjvm.dylib
0x0000000003b1d000 	/usr/lib/libstdc++.6.dylib
0x0000000105663000 	/Library/Java/JavaVirtualMachines/jdk1.8.0_65.jdk/Contents/Home/jre/lib/libverify.dylib
0x0000000105671000 	/Library/Java/JavaVirtualMachines/jdk1.8.0_65.jdk/Contents/Home/jre/lib/libjava.dylib
0x00000001056b0000 	/Library/Java/JavaVirtualMachines/jdk1.8.0_65.jdk/Contents/Home/jre/lib/libzip.dylib
0x000000011c7aa000 	/System/Library/Frameworks/JavaVM.framework/Frameworks/JavaRuntimeSupport.framework/JavaRuntimeSupport
0x000000011c7c5000 	/System/Library/Frameworks/JavaVM.framework/Versions/A/Frameworks/JavaNativeFoundation.framework/Versions/A/JavaNativeFoundation
0x000000011c7da000 	/System/Library/Frameworks/JavaVM.framework/Versions/A/JavaVM
0x0000000003b1d000 	/System/Library/Frameworks/Carbon.framework/Versions/A/Carbon
0x000000011c7e7000 	/System/Library/PrivateFrameworks/JavaLaunching.framework/Versions/A/JavaLaunching
0x0000000003b1d000 	/System/Library/Frameworks/Carbon.framework/Versions/A/Frameworks/CommonPanels.framework/Versions/A/CommonPanels
0x0000000003b1d000 	/System/Library/Frameworks/Carbon.framework/Versions/A/Frameworks/Help.framework/Versions/A/Help
0x0000000003b1d000 	/System/Library/Frameworks/Carbon.framework/Versions/A/Frameworks/ImageCapture.framework/Versions/A/ImageCapture
0x0000000003b1d000 	/System/Library/Frameworks/Carbon.framework/Versions/A/Frameworks/OpenScripting.framework/Versions/A/OpenScripting
0x0000000003b1d000 	/System/Library/Frameworks/Carbon.framework/Versions/A/Frameworks/Print.framework/Versions/A/Print
0x0000000003b1d000 	/System/Library/Frameworks/Carbon.framework/Versions/A/Frameworks/SecurityHI.framework/Versions/A/SecurityHI
0x000000011e106000 	/Library/Java/JavaVirtualMachines/jdk1.8.0_65.jdk/Contents/Home/jre/lib/libawt.dylib
0x000000011e1ae000 	/Library/Java/JavaVirtualMachines/jdk1.8.0_65.jdk/Contents/Home/jre/lib/./libmlib_image.dylib
0x000000011e27a000 	/Library/Java/JavaVirtualMachines/jdk1.8.0_65.jdk/Contents/Home/jre/lib/libawt_lwawt.dylib
0x000000011e32f000 	/Library/Java/JavaVirtualMachines/jdk1.8.0_65.jdk/Contents/Home/jre/lib/./libosxapp.dylib
0x0000000003b1d000 	/System/Library/Frameworks/ExceptionHandling.framework/Versions/A/ExceptionHandling
0x0000000003b1d000 	/System/Library/PrivateFrameworks/CoreServicesInternal.framework/Versions/A/CoreServicesInternal
0x0000000003b1d000 	/System/Library/Frameworks/CoreGraphics.framework/Versions/A/Resources/libRIP.A.dylib
0x0000000003b1d000 	/System/Library/Frameworks/Accelerate.framework/Versions/A/Frameworks/vImage.framework/Versions/A/Libraries/libCGInterfaces.dylib
0x0000000003b1d000 	/System/Library/Frameworks/CoreGraphics.framework/Versions/A/Resources/libCGXType.A.dylib
0x0000000003b1d000 	/System/Library/Frameworks/OpenCL.framework/Versions/A/Libraries/libcldcpuengine.dylib
0x0000000003b1d000 	/System/Library/PrivateFrameworks/DiskImages.framework/Versions/A/DiskImages
0x0000000003b1d000 	/System/Library/Frameworks/DiscRecording.framework/Versions/A/DiscRecording
0x0000000003b1d000 	/usr/lib/libcsfde.dylib
0x0000000003b1d000 	/usr/lib/libcurl.4.dylib
0x0000000003b1d000 	/System/Library/PrivateFrameworks/MediaKit.framework/Versions/A/MediaKit
0x0000000003b1d000 	/System/Library/PrivateFrameworks/ProtectedCloudStorage.framework/Versions/A/ProtectedCloudStorage
0x0000000003b1d000 	/usr/lib/libCoreStorage.dylib
0x0000000003b1d000 	/System/Library/PrivateFrameworks/EFILogin.framework/Versions/A/EFILogin
0x0000000003b1d000 	/usr/lib/libutil.dylib
0x0000000003b1d000 	/System/Library/PrivateFrameworks/FindMyDevice.framework/Versions/A/FindMyDevice
0x0000000003b1d000 	/System/Library/Frameworks/LDAP.framework/Versions/A/LDAP
0x0000000003b1d000 	/usr/lib/libsasl2.2.dylib
0x0000000003b1d000 	/System/Library/PrivateFrameworks/CoreDaemon.framework/Versions/B/CoreDaemon
0x0000000003b1d000 	/usr/lib/libcrypto.0.9.8.dylib
0x0000000003b1d000 	/System/Library/PrivateFrameworks/AppleSRP.framework/Versions/A/AppleSRP
0x0000000003b1d000 	/System/Library/PrivateFrameworks/TrustEvaluationAgent.framework/Versions/A/TrustEvaluationAgent
0x000000011fecf000 	cl_kernels
0x0000000003b1d000 	/System/Library/Frameworks/OpenCL.framework/Versions/A/Libraries/ImageFormats/unorm8_bgra.dylib
0x0000000003b1d000 	/System/Library/Frameworks/OpenCL.framework/Versions/A/Libraries/ImageFormats/unorm8_rgba.dylib
0x0000000003b1d000 	/System/Library/PrivateFrameworks/FamilyControls.framework/Versions/A/FamilyControls
0x0000000003b1d000 	/System/Library/PrivateFrameworks/CommerceKit.framework/Versions/A/Frameworks/CommerceCore.framework/Versions/A/CommerceCore
0x0000000003b1d000 	/System/Library/PrivateFrameworks/SystemAdministration.framework/Versions/A/SystemAdministration
0x0000000003b1d000 	/System/Library/PrivateFrameworks/AppContainer.framework/Versions/A/AppContainer
0x0000000003b1d000 	/System/Library/PrivateFrameworks/SecCodeWrapper.framework/Versions/A/SecCodeWrapper
0x0000000003b1d000 	/System/Library/Frameworks/DirectoryService.framework/Versions/A/DirectoryService
0x0000000003b1d000 	/System/Library/PrivateFrameworks/LoginUIKit.framework/Versions/A/Frameworks/LoginUICore.framework/Versions/A/LoginUICore
0x0000000003b1d000 	/usr/lib/libodfde.dylib
0x0000000003b1d000 	/System/Library/Frameworks/OpenGL.framework/Versions/A/Resources/GLEngine.bundle/GLEngine
0x0000000003b1d000 	/System/Library/Frameworks/OpenGL.framework/Versions/A/Libraries/libGLProgrammability.dylib
0x0000000120fcd000 	/System/Library/Extensions/AppleIntelHD5000GraphicsGLDriver.bundle/Contents/MacOS/AppleIntelHD5000GraphicsGLDriver
0x0000000003b1d000 	/System/Library/PrivateFrameworks/GPUSupport.framework/Versions/A/Libraries/libGPUSupportMercury.dylib
0x0000000003b1d000 	/System/Library/Frameworks/OpenGL.framework/Versions/A/Resources/GLRendererFloat.bundle/GLRendererFloat
0x0000000121fe4000 	/Library/Java/JavaVirtualMachines/jdk1.8.0_65.jdk/Contents/Home/jre/lib/libfontmanager.dylib
0x000000012348e000 	/Library/Java/JavaVirtualMachines/jdk1.8.0_65.jdk/Contents/Home/jre/lib/libosxui.dylib
0x0000000124078000 	/Library/Java/JavaVirtualMachines/jdk1.8.0_65.jdk/Contents/Home/jre/lib/libnet.dylib
0x000000012408f000 	/Library/Java/JavaVirtualMachines/jdk1.8.0_65.jdk/Contents/Home/jre/lib/libnio.dylib
0x0000000003b1d000 	/System/Library/Frameworks/ApplicationServices.framework/Versions/A/Frameworks/ATS.framework/Versions/A/Resources/libTrueTypeScaler.dylib
0x0000000174fa4000 	/System/Library/Extensions/AppleIntelHD5000GraphicsMTLDriver.bundle/Contents/MacOS/AppleIntelHD5000GraphicsMTLDriver
0x0000000174e7b000 	/private/var/folders/94/qhk8wx9560913pcr_k2txvfh0000gn/T/jogamp_0000/file_cache/jln7336273148011316416/jln3011646402446279237/libgluegen-rt.jnilib
0x0000000174e7f000 	/private/var/folders/94/qhk8wx9560913pcr_k2txvfh0000gn/T/jogamp_0000/file_cache/jln7336273148011316416/jln3011646402446279237/libnativewindow_awt.jnilib
0x0000000174e82000 	/Library/Java/JavaVirtualMachines/jdk1.8.0_65.jdk/Contents/Home/jre/lib/libjawt.dylib
0x0000000174e85000 	/private/var/folders/94/qhk8wx9560913pcr_k2txvfh0000gn/T/jogamp_0000/file_cache/jln7336273148011316416/jln3011646402446279237/libnativewindow_macosx.jnilib
0x000000017910c000 	/private/var/folders/94/qhk8wx9560913pcr_k2txvfh0000gn/T/jogamp_0000/file_cache/jln7336273148011316416/jln3011646402446279237/libjogl_desktop.jnilib
0x000000017debf000 	/Library/Java/JavaVirtualMachines/jdk1.8.0_65.jdk/Contents/Home/jre/lib/libjpeg.dylib

VM Arguments:
jvm_args: -Djava.security.policy=java.policy.applet -Dfile.encoding=UTF-8 
java_command: sun.applet.AppletViewer module1.HelloWorld1449463704721.html
java_class_path (initial): /Users/karenblakemore/Java/workspace/UCSDUnfoldingMaps/build:/Users/karenblakemore/Java/workspace/UCSDUnfoldingMaps/lib/core.jar:/Users/karenblakemore/Java/workspace/UCSDUnfoldingMaps/lib/gluegen-rt.jar:/Users/karenblakemore/Java/workspace/UCSDUnfoldingMaps/lib/jogl-all.jar:/Users/karenblakemore/Java/workspace/UCSDUnfoldingMaps/lib/log4j-1.2.15.jar:/Users/karenblakemore/Java/workspace/UCSDUnfoldingMaps/lib/sqlite-jdbc-3.7.2.jar:/Users/karenblakemore/Java/workspace/UCSDUnfoldingMaps/lib/json4processing.jar:/Users/karenblakemore/Java/workspace/UCSDUnfoldingMaps/lib/libTUIO.jar:/Users/karenblakemore/Java/workspace/UCSDUnfoldingMaps/lib/unfolding.0.9.7-uscd.jar
Launcher Type: SUN_STANDARD

Environment Variables:
PATH=/usr/bin:/bin:/usr/sbin:/sbin
SHELL=/bin/bash

Signal Handlers:
SIGSEGV: [libjvm.dylib+0x5a6d31], sa_mask[0]=11111111011111110111111111111111, sa_flags=SA_ONSTACK|SA_RESTART|SA_SIGINFO
SIGBUS: [libjvm.dylib+0x5a6d31], sa_mask[0]=11111111011111110111111111111111, sa_flags=SA_RESTART|SA_SIGINFO
SIGFPE: [libjvm.dylib+0x480a40], sa_mask[0]=11111111011111110111111111111111, sa_flags=SA_RESTART|SA_SIGINFO
SIGPIPE: [libjvm.dylib+0x480a40], sa_mask[0]=11111111011111110111111111111111, sa_flags=SA_RESTART|SA_SIGINFO
SIGXFSZ: [libjvm.dylib+0x480a40], sa_mask[0]=11111111011111110111111111111111, sa_flags=SA_RESTART|SA_SIGINFO
SIGILL: [libjvm.dylib+0x480a40], sa_mask[0]=11111111011111110111111111111111, sa_flags=SA_RESTART|SA_SIGINFO
SIGUSR1: SIG_DFL, sa_mask[0]=00000000000000000000000000000000, sa_flags=none
SIGUSR2: [libjvm.dylib+0x48055e], sa_mask[0]=00100000000000000000000000000000, sa_flags=SA_RESTART|SA_SIGINFO
SIGHUP: [libjvm.dylib+0x47eb35], sa_mask[0]=11111111011111110111111111111111, sa_flags=SA_RESTART|SA_SIGINFO
SIGINT: [libjvm.dylib+0x47eb35], sa_mask[0]=11111111011111110111111111111111, sa_flags=SA_RESTART|SA_SIGINFO
SIGTERM: [libjvm.dylib+0x47eb35], sa_mask[0]=11111111011111110111111111111111, sa_flags=SA_RESTART|SA_SIGINFO
SIGQUIT: [libjvm.dylib+0x47eb35], sa_mask[0]=11111111011111110111111111111111, sa_flags=SA_RESTART|SA_SIGINFO


---------------  S Y S T E M  ---------------

OS:Bsduname:Darwin 15.0.0 Darwin Kernel Version 15.0.0: Sat Sep 19 15:53:46 PDT 2015; root:xnu-3247.10.11~1/RELEASE_X86_64 x86_64
rlimit: STACK 8192k, CORE 0k, NPROC 709, NOFILE 10240, AS infinity
load average:6.40 5.44 4.31

CPU:total 4 (2 cores per cpu, 2 threads per core) family 6 model 69 stepping 1, cmov, cx8, fxsr, mmx, sse, sse2, sse3, ssse3, sse4.1, sse4.2, popcnt, avx, avx2, aes, clmul, erms, lzcnt, ht, tsc, tscinvbit, bmi1, bmi2

Memory: 4k page, physical 8388608k(41052k free)

/proc/meminfo:


vm_info: Java HotSpot(TM) 64-Bit Server VM (25.65-b01) for bsd-amd64 JRE (1.8.0_65-b17), built on Oct  6 2015 15:36:46 by "java_re" with gcc 4.2.1 (Based on Apple Inc. build 5658) (LLVM build 2336.11.00)

time: Sun Dec  6 21:51:51 2015
elapsed time: 206 seconds (0d 0h 3m 26s)

