#
# A fatal error has been detected by the Java Runtime Environment:
#
#  SIGSEGV (0xb) at pc=0x00007fff915854dd, pid=939, tid=2571
#
# JRE version: Java(TM) SE Runtime Environment (8.0_65-b17) (build 1.8.0_65-b17)
# Java VM: Java HotSpot(TM) 64-Bit Server VM (25.65-b01 mixed mode bsd-amd64 compressed oops)
# Problematic frame:
# C  [libobjc.A.dylib+0x14dd]  objc_msgSend+0x1d
#
# Failed to write core dump. Core dumps have been disabled. To enable core dumping, try "ulimit -c unlimited" before starting Java again
#
# If you would like to submit a bug report, please visit:
#   http://bugreport.java.com/bugreport/crash.jsp
# The crash happened outside the Java Virtual Machine in native code.
# See problematic frame for where to report the bug.
#

---------------  T H R E A D  ---------------

Current thread (0x00007fc401970800):  JavaThread "AWT-AppKit" daemon [_thread_in_native, id=2571, stack(0x00007fff5c1d9000,0x00007fff5c9d9000)]

siginfo: si_signo: 11 (SIGSEGV), si_code: 1 (SEGV_MAPERR), si_addr: 0x0000000000000018

Registers:
RAX=0x00007fc405138b90, RBX=0x000000017310c450, RCX=0x000000011d33cd60, RDX=0x000000011d33ca80
RSP=0x00007fff5c9d4368, RBP=0x00007fff5c9d4420, RSI=0x00007fff93162d0e, RDI=0x00007fc4035d3c10
R8 =0x0000000000000000, R9 =0x00000000000008c0, R10=0x00007fff93162d0e, R11=0x0000000000000000
R12=0x0000000000000000, R13=0x000000017868e198, R14=0x000000017310c440, R15=0x00007fc401970800
RIP=0x00007fff915854dd, EFLAGS=0x0000000000010246, ERR=0x0000000000000004
  TRAPNO=0x000000000000000e

Top of Stack: (sp=0x00007fff5c9d4368)
0x00007fff5c9d4368:   000000017310a157 00007fff5c9d43c0
0x00007fff5c9d4378:   0000000000000003 00007fff5c9d43a0
0x00007fff5c9d4388:   00000001036949a6 000000017868e198
0x00007fff5c9d4398:   000000017868e198 00007fc405138b90
0x00007fff5c9d43a8:   000000017310c6a0 000000017310c710
0x00007fff5c9d43b8:   00007fff75e2f770 00007fff7614f500
0x00007fff5c9d43c8:   000000017310c450 000000017310c690
0x00007fff5c9d43d8:   00007fc405138b90 00007fc4035d3c10
0x00007fff5c9d43e8:   00007fc405384b90 00007fc405138b90
0x00007fff5c9d43f8:   00007fc4035d3c10 00007fff5c9d44a8
0x00007fff5c9d4408:   00007fc4019709f8 000000017868e198
0x00007fff5c9d4418:   00007fff5c9d44d0 00007fff5c9d4498
0x00007fff5c9d4428:   0000000104e15954 000000017868e198
0x00007fff5c9d4438:   00007fff5c9d44d0 00007fff5c9d4498
0x00007fff5c9d4448:   0000000104e156e7 0000000104e156a2
0x00007fff5c9d4458:   00007fff5c9d4458 000000017868e198
0x00007fff5c9d4468:   00007fff5c9d44d0 0000000178690dd0
0x00007fff5c9d4478:   0000000000000000 000000017868e198
0x00007fff5c9d4488:   0000000000000000 00007fff5c9d44b8
0x00007fff5c9d4498:   00007fff5c9d4518 0000000104e07c4d
0x00007fff5c9d44a8:   0000000740f9c8c0 0000000104e0f578
0x00007fff5c9d44b8:   00007fc405138b90 00007fff5c9d4518
0x00007fff5c9d44c8:   00007fc4035d3c10 0000000104e10d82
0x00007fff5c9d44d8:   00007fff5c9d44d8 000000017868e362
0x00007fff5c9d44e8:   00007fff5c9d4540 0000000178690dd0
0x00007fff5c9d44f8:   0000000000000000 000000017868e370
0x00007fff5c9d4508:   00007fff5c9d44b8 00007fff5c9d4528
0x00007fff5c9d4518:   00007fff5c9d4588 0000000104e07c4d
0x00007fff5c9d4528:   00007fc405138b90 0000000740b658d8
0x00007fff5c9d4538:   00007fc4035d3c10 0000000740b658d8
0x00007fff5c9d4548:   00007fff5c9d4548 000000017f7cf196
0x00007fff5c9d4558:   00007fff5c9d4598 000000017f7cf250 

Instructions: (pc=0x00007fff915854dd)
0x00007fff915854bd:   44 00 00 48 85 ff 2e 74 62 40 f6 c7 01 2e 75 66
0x00007fff915854cd:   49 bb f8 ff ff ff ff 7f 00 00 4c 23 1f 49 89 f2
0x00007fff915854dd:   45 23 53 18 49 c1 e2 04 4d 03 53 10 49 3b 32 75
0x00007fff915854ed:   04 41 ff 62 08 49 83 3a 01 76 0d 49 83 c2 10 49 

Register to memory mapping:

RAX=0x00007fc405138b90 is an unknown value
RBX=0x000000017310c450: Java_jogamp_nativewindow_macosx_OSXUtil_GetScreenRefreshRate0+0x1cf0 in /private/var/folders/94/qhk8wx9560913pcr_k2txvfh0000gn/T/jogamp_0000/file_cache/jln2859133632127625816/jln8675306611006753525/libnativewindow_macosx.jnilib at 0x0000000173105000
RCX=0x000000011d33cd60 is an unknown value
RDX=0x000000011d33ca80 is an unknown value
RSP=0x00007fff5c9d4368 is pointing into the stack for thread: 0x00007fc401970800
RBP=0x00007fff5c9d4420 is pointing into the stack for thread: 0x00007fc401970800
RSI=0x00007fff93162d0e is an unknown value
RDI=0x00007fc4035d3c10 is an unknown value
R8 =0x0000000000000000 is an unknown value
R9 =0x00000000000008c0 is an unknown value
R10=0x00007fff93162d0e is an unknown value
R11=0x0000000000000000 is an unknown value
R12=0x0000000000000000 is an unknown value
R13={method} {0x000000017868e198} 'UnsetJAWTRootSurfaceLayer0' '(JJ)V' in 'jogamp/nativewindow/jawt/macosx/MacOSXJAWTWindow'
R14=0x000000017310c440: Java_jogamp_nativewindow_macosx_OSXUtil_GetScreenRefreshRate0+0x1ce0 in /private/var/folders/94/qhk8wx9560913pcr_k2txvfh0000gn/T/jogamp_0000/file_cache/jln2859133632127625816/jln8675306611006753525/libnativewindow_macosx.jnilib at 0x0000000173105000
R15=0x00007fc401970800 is a thread


Stack: [0x00007fff5c1d9000,0x00007fff5c9d9000],  sp=0x00007fff5c9d4368,  free space=8172k
Native frames: (J=compiled Java code, j=interpreted, Vv=VM code, C=native code)
C  [libobjc.A.dylib+0x14dd]  objc_msgSend+0x1d
j  jogamp.nativewindow.jawt.macosx.MacOSXJAWTWindow.UnsetJAWTRootSurfaceLayer0(JJ)V+0
j  jogamp.nativewindow.jawt.macosx.MacOSXJAWTWindow.access$200(JJ)V+2
j  jogamp.nativewindow.jawt.macosx.MacOSXJAWTWindow$1.run()V+38
J 2422 C1 com.jogamp.common.util.RunnableTask.run()V (345 bytes) @ 0x0000000105622dd4 [0x0000000105622c40+0x194]
v  ~StubRoutines::call_stub
V  [libjvm.dylib+0x2eab02]
V  [libjvm.dylib+0x321bab]
V  [libjvm.dylib+0x31437f]
C  [libnativewindow_macosx.jnilib+0x5326]  Java_jogamp_nativewindow_jawt_macosx_MacOSXJAWTWindow_UnsetJAWTRootSurfaceLayer0+0x2b6
C  [Foundation+0x8dd4b]  __NSThreadPerformPerform+0x117
C  [CoreFoundation+0x7e5c1]  __CFRUNLOOP_IS_CALLING_OUT_TO_A_SOURCE0_PERFORM_FUNCTION__+0x11
C  [CoreFoundation+0x70397]  __CFRunLoopDoSources0+0x1a7
C  [CoreFoundation+0x6f93f]  __CFRunLoopRun+0x39f
C  [CoreFoundation+0x6f338]  CFRunLoopRunSpecific+0x128
C  [HIToolbox+0x30935]  RunCurrentEventLoopInMode+0xeb
C  [HIToolbox+0x30677]  ReceiveNextEventCommon+0xb8
C  [HIToolbox+0x305af]  _BlockUntilNextEventMatchingListInModeWithFilter+0x47
C  [AppKit+0x8a0ee]  _DPSNextEvent+0x42b
C  [AppKit+0x456943]  -[NSApplication _nextEventMatchingEventMask:untilDate:inMode:dequeue:]+0x1c6
C  [libosxapp.dylib+0x23aa]  -[NSApplicationAWT nextEventMatchingMask:untilDate:inMode:dequeue:]+0x7c
C  [AppKit+0x7ffc8]  -[NSApplication run]+0x2aa
C  [libosxapp.dylib+0x214d]  +[NSApplicationAWT runAWTLoopWithApp:]+0x9c
C  [libawt_lwawt.dylib+0x44517]  -[AWTStarter starter:]+0x389
C  [Foundation+0x8dd4b]  __NSThreadPerformPerform+0x117
C  [CoreFoundation+0x7e5c1]  __CFRUNLOOP_IS_CALLING_OUT_TO_A_SOURCE0_PERFORM_FUNCTION__+0x11
C  [CoreFoundation+0x7041c]  __CFRunLoopDoSources0+0x22c
C  [CoreFoundation+0x6f93f]  __CFRunLoopRun+0x39f
C  [CoreFoundation+0x6f338]  CFRunLoopRunSpecific+0x128
C  [java+0x6463]  CreateExecutionEnvironment+0x367
C  [java+0x21ac]  JLI_Launch+0x7a0
C  [java+0x84c0]  main+0x65
C  [java+0x1a04]  start+0x34
C  0x0000000000000007

Java frames: (J=compiled Java code, j=interpreted, Vv=VM code)
j  jogamp.nativewindow.jawt.macosx.MacOSXJAWTWindow.UnsetJAWTRootSurfaceLayer0(JJ)V+0
j  jogamp.nativewindow.jawt.macosx.MacOSXJAWTWindow.access$200(JJ)V+2
j  jogamp.nativewindow.jawt.macosx.MacOSXJAWTWindow$1.run()V+38
J 2422 C1 com.jogamp.common.util.RunnableTask.run()V (345 bytes) @ 0x0000000105622dd4 [0x0000000105622c40+0x194]
v  ~StubRoutines::call_stub

---------------  P R O C E S S  ---------------

Java Threads: ( => current thread )
  0x00007fc401eb9800 JavaThread "Thread-64" [_thread_blocked, id=34471, stack(0x000070000104a000,0x000070000114a000)]
  0x00007fc406770800 JavaThread "Keep-Alive-Timer" daemon [_thread_blocked, id=13847, stack(0x0000700001c77000,0x0000700001d77000)]
  0x00007fc401394800 JavaThread "AWT-EventQueue-1" [_thread_in_native, id=59411, stack(0x00007000018eb000,0x00007000019eb000)]
  0x00007fc401c93800 JavaThread "DestroyJavaVM" [_thread_blocked, id=4099, stack(0x0000700000084000,0x0000700000184000)]
  0x00007fc401a63000 JavaThread "AWT-EventQueue-0" [_thread_blocked, id=56579, stack(0x00007000016e5000,0x00007000017e5000)]
  0x00007fc4020fc800 JavaThread "Java2D Disposer" daemon [_thread_blocked, id=53251, stack(0x000070000145c000,0x000070000155c000)]
  0x00007fc4019b7000 JavaThread "Java2D Queue Flusher" daemon [_thread_blocked, id=50183, stack(0x0000700001359000,0x0000700001459000)]
  0x00007fc401173800 JavaThread "AWT-Shutdown" [_thread_blocked, id=29971, stack(0x00007000011d3000,0x00007000012d3000)]
=>0x00007fc401970800 JavaThread "AWT-AppKit" daemon [_thread_in_native, id=2571, stack(0x00007fff5c1d9000,0x00007fff5c9d9000)]
  0x00007fc401894000 JavaThread "Service Thread" daemon [_thread_blocked, id=18691, stack(0x0000700000e44000,0x0000700000f44000)]
  0x00007fc401048000 JavaThread "C1 CompilerThread2" daemon [_thread_blocked, id=18179, stack(0x0000700000d41000,0x0000700000e41000)]
  0x00007fc401839000 JavaThread "C2 CompilerThread1" daemon [_thread_blocked, id=17667, stack(0x0000700000c3e000,0x0000700000d3e000)]
  0x00007fc401837000 JavaThread "C2 CompilerThread0" daemon [_thread_blocked, id=17155, stack(0x0000700000b3b000,0x0000700000c3b000)]
  0x00007fc401836800 JavaThread "Signal Dispatcher" daemon [_thread_blocked, id=12815, stack(0x0000700000a38000,0x0000700000b38000)]
  0x00007fc40102a800 JavaThread "Finalizer" daemon [_thread_blocked, id=12291, stack(0x000070000082f000,0x000070000092f000)]
  0x00007fc401029800 JavaThread "Reference Handler" daemon [_thread_blocked, id=11779, stack(0x000070000072c000,0x000070000082c000)]

Other Threads:
  0x00007fc401804800 VMThread [stack: 0x0000700000629000,0x0000700000729000] [id=11267]
  0x00007fc402011000 WatcherThread [stack: 0x0000700000f47000,0x0000700001047000] [id=19203]

VM state:not at safepoint (normal execution)

VM Mutex/Monitor currently owned by a thread: None

Heap:
 PSYoungGen      total 43520K, used 21090K [0x0000000795580000, 0x0000000799000000, 0x00000007c0000000)
  eden space 27136K, 62% used [0x0000000795580000,0x00000007965f8ac8,0x0000000797000000)
  from space 16384K, 25% used [0x0000000797000000,0x0000000797420110,0x0000000798000000)
  to   space 16384K, 0% used [0x0000000798000000,0x0000000798000000,0x0000000799000000)
 ParOldGen       total 75264K, used 24008K [0x0000000740000000, 0x0000000744980000, 0x0000000795580000)
  object space 75264K, 31% used [0x0000000740000000,0x00000007417720e0,0x0000000744980000)
 Metaspace       used 21275K, capacity 21471K, committed 21808K, reserved 1069056K
  class space    used 2052K, capacity 2112K, committed 2176K, reserved 1048576K

Card table byte_map: [0x00000001141c0000,0x00000001145c1000] byte_map_base: 0x00000001107c0000

Marking Bits: (ParMarkBitMap*) 0x0000000103d81e20
 Begin Bits: [0x000000011486c000, 0x000000011686c000)
 End Bits:   [0x000000011686c000, 0x000000011886c000)

Polling page: 0x0000000104473000

CodeCache: size=245760Kb used=9458Kb max_used=10635Kb free=236301Kb
 bounds [0x0000000104e00000, 0x0000000105870000, 0x0000000113e00000]
 total_blobs=3557 nmethods=2665 adapters=805
 compilation: enabled

Compilation events (10 events):
Event: 87.489 Thread 0x00007fc401048000 3387       3       sun.java2d.SunGraphics2D::setColor (108 bytes)
Event: 87.491 Thread 0x00007fc401048000 nmethod 3387 0x00000001053d3dd0 code [0x00000001053d3f60, 0x00000001053d4498]
Event: 87.528 Thread 0x00007fc401837000 3388       4       java.lang.StrictMath::floorOrCeil (128 bytes)
Event: 87.530 Thread 0x00007fc401837000 nmethod 3388 0x00000001051e6690 code [0x00000001051e6800, 0x00000001051e6918]
Event: 87.530 Thread 0x00007fc401837000 3389  s    4       sun.misc.URLClassPath::getNextLoader (88 bytes)
Event: 87.538 Thread 0x00007fc401837000 nmethod 3389 0x0000000105606310 code [0x0000000105606480, 0x0000000105606bf8]
Event: 87.539 Thread 0x00007fc401048000 3390       3       sun.net.www.protocol.jar.Handler::parseContextSpec (154 bytes)
Event: 87.542 Thread 0x00007fc401048000 nmethod 3390 0x00000001053d84d0 code [0x00000001053d88c0, 0x00000001053dafa8]
Event: 87.542 Thread 0x00007fc401048000 3391       3       sun.net.www.ParseUtil::canonizeString (195 bytes)
Event: 87.545 Thread 0x00007fc401048000 nmethod 3391 0x00000001056f9c90 code [0x00000001056fa060, 0x00000001056fc4a8]

GC Heap History (10 events):
Event: 73.808 GC heap before
{Heap before GC invocations=24 (full 1):
 PSYoungGen      total 44032K, used 37152K [0x0000000795580000, 0x0000000799100000, 0x00000007c0000000)
  eden space 27136K, 100% used [0x0000000795580000,0x0000000797000000,0x0000000797000000)
  from space 16896K, 59% used [0x0000000798080000,0x0000000798a48260,0x0000000799100000)
  to   space 16896K, 0% used [0x0000000797000000,0x0000000797000000,0x0000000798080000)
 ParOldGen       total 75264K, used 16135K [0x0000000740000000, 0x0000000744980000, 0x0000000795580000)
  object space 75264K, 21% used [0x0000000740000000,0x0000000740fc1f00,0x0000000744980000)
 Metaspace       used 21215K, capacity 21407K, committed 21808K, reserved 1069056K
  class space    used 2043K, capacity 2112K, committed 2176K, reserved 1048576K
Event: 73.816 GC heap after
Heap after GC invocations=24 (full 1):
 PSYoungGen      total 44032K, used 9984K [0x0000000795580000, 0x0000000799100000, 0x00000007c0000000)
  eden space 27136K, 0% used [0x0000000795580000,0x0000000795580000,0x0000000797000000)
  from space 16896K, 59% used [0x0000000797000000,0x00000007979c0260,0x0000000798080000)
  to   space 16896K, 0% used [0x0000000798080000,0x0000000798080000,0x0000000799100000)
 ParOldGen       total 75264K, used 16175K [0x0000000740000000, 0x0000000744980000, 0x0000000795580000)
  object space 75264K, 21% used [0x0000000740000000,0x0000000740fcbf00,0x0000000744980000)
 Metaspace       used 21215K, capacity 21407K, committed 21808K, reserved 1069056K
  class space    used 2043K, capacity 2112K, committed 2176K, reserved 1048576K
}
Event: 77.335 GC heap before
{Heap before GC invocations=25 (full 1):
 PSYoungGen      total 44032K, used 37120K [0x0000000795580000, 0x0000000799100000, 0x00000007c0000000)
  eden space 27136K, 100% used [0x0000000795580000,0x0000000797000000,0x0000000797000000)
  from space 16896K, 59% used [0x0000000797000000,0x00000007979c0260,0x0000000798080000)
  to   space 16896K, 0% used [0x0000000798080000,0x0000000798080000,0x0000000799100000)
 ParOldGen       total 75264K, used 16175K [0x0000000740000000, 0x0000000744980000, 0x0000000795580000)
  object space 75264K, 21% used [0x0000000740000000,0x0000000740fcbf00,0x0000000744980000)
 Metaspace       used 21216K, capacity 21407K, committed 21808K, reserved 1069056K
  class space    used 2044K, capacity 2112K, committed 2176K, reserved 1048576K
Event: 77.342 GC heap after
Heap after GC invocations=25 (full 1):
 PSYoungGen      total 44032K, used 9952K [0x0000000795580000, 0x0000000799100000, 0x00000007c0000000)
  eden space 27136K, 0% used [0x0000000795580000,0x0000000795580000,0x0000000797000000)
  from space 16896K, 58% used [0x0000000798080000,0x0000000798a38260,0x0000000799100000)
  to   space 16896K, 0% used [0x0000000797000000,0x0000000797000000,0x0000000798080000)
 ParOldGen       total 75264K, used 16215K [0x0000000740000000, 0x0000000744980000, 0x0000000795580000)
  object space 75264K, 21% used [0x0000000740000000,0x0000000740fd5f00,0x0000000744980000)
 Metaspace       used 21216K, capacity 21407K, committed 21808K, reserved 1069056K
  class space    used 2044K, capacity 2112K, committed 2176K, reserved 1048576K
}
Event: 80.045 GC heap before
{Heap before GC invocations=26 (full 1):
 PSYoungGen      total 44032K, used 37088K [0x0000000795580000, 0x0000000799100000, 0x00000007c0000000)
  eden space 27136K, 100% used [0x0000000795580000,0x0000000797000000,0x0000000797000000)
  from space 16896K, 58% used [0x0000000798080000,0x0000000798a38260,0x0000000799100000)
  to   space 16896K, 0% used [0x0000000797000000,0x0000000797000000,0x0000000798080000)
 ParOldGen       total 75264K, used 16215K [0x0000000740000000, 0x0000000744980000, 0x0000000795580000)
  object space 75264K, 21% used [0x0000000740000000,0x0000000740fd5f00,0x0000000744980000)
 Metaspace       used 21237K, capacity 21471K, committed 21808K, reserved 1069056K
  class space    used 2044K, capacity 2112K, committed 2176K, reserved 1048576K
Event: 80.051 GC heap after
Heap after GC invocations=26 (full 1):
 PSYoungGen      total 44032K, used 11664K [0x0000000795580000, 0x0000000799200000, 0x00000007c0000000)
  eden space 27136K, 0% used [0x0000000795580000,0x0000000795580000,0x0000000797000000)
  from space 16896K, 69% used [0x0000000797000000,0x0000000797b642f0,0x0000000798080000)
  to   space 17408K, 0% used [0x0000000798100000,0x0000000798100000,0x0000000799200000)
 ParOldGen       total 75264K, used 16255K [0x0000000740000000, 0x0000000744980000, 0x0000000795580000)
  object space 75264K, 21% used [0x0000000740000000,0x0000000740fdff00,0x0000000744980000)
 Metaspace       used 21237K, capacity 21471K, committed 21808K, reserved 1069056K
  class space    used 2044K, capacity 2112K, committed 2176K, reserved 1048576K
}
Event: 82.507 GC heap before
{Heap before GC invocations=27 (full 1):
 PSYoungGen      total 44032K, used 38800K [0x0000000795580000, 0x0000000799200000, 0x00000007c0000000)
  eden space 27136K, 100% used [0x0000000795580000,0x0000000797000000,0x0000000797000000)
  from space 16896K, 69% used [0x0000000797000000,0x0000000797b642f0,0x0000000798080000)
  to   space 17408K, 0% used [0x0000000798100000,0x0000000798100000,0x0000000799200000)
 ParOldGen       total 75264K, used 16255K [0x0000000740000000, 0x0000000744980000, 0x0000000795580000)
  object space 75264K, 21% used [0x0000000740000000,0x0000000740fdff00,0x0000000744980000)
 Metaspace       used 21240K, capacity 21471K, committed 21808K, reserved 1069056K
  class space    used 2044K, capacity 2112K, committed 2176K, reserved 1048576K
Event: 82.513 GC heap after
Heap after GC invocations=27 (full 1):
 PSYoungGen      total 42496K, used 8096K [0x0000000795580000, 0x0000000799000000, 0x00000007c0000000)
  eden space 27136K, 0% used [0x0000000795580000,0x0000000795580000,0x0000000797000000)
  from space 15360K, 52% used [0x0000000798100000,0x00000007988e8200,0x0000000799000000)
  to   space 16384K, 0% used [0x0000000797000000,0x0000000797000000,0x0000000798000000)
 ParOldGen       total 75264K, used 20127K [0x0000000740000000, 0x0000000744980000, 0x0000000795580000)
  object space 75264K, 26% used [0x0000000740000000,0x00000007413a7ff0,0x0000000744980000)
 Metaspace       used 21240K, capacity 21471K, committed 21808K, reserved 1069056K
  class space    used 2044K, capacity 2112K, committed 2176K, reserved 1048576K
}
Event: 85.563 GC heap before
{Heap before GC invocations=28 (full 1):
 PSYoungGen      total 42496K, used 35232K [0x0000000795580000, 0x0000000799000000, 0x00000007c0000000)
  eden space 27136K, 100% used [0x0000000795580000,0x0000000797000000,0x0000000797000000)
  from space 15360K, 52% used [0x0000000798100000,0x00000007988e8200,0x0000000799000000)
  to   space 16384K, 0% used [0x0000000797000000,0x0000000797000000,0x0000000798000000)
 ParOldGen       total 75264K, used 20127K [0x0000000740000000, 0x0000000744980000, 0x0000000795580000)
  object space 75264K, 26% used [0x0000000740000000,0x00000007413a7ff0,0x0000000744980000)
 Metaspace       used 21240K, capacity 21471K, committed 21808K, reserved 1069056K
  class space    used 2044K, capacity 2112K, committed 2176K, reserved 1048576K
Event: 85.570 GC heap after
Heap after GC invocations=28 (full 1):
 PSYoungGen      total 43520K, used 4224K [0x0000000795580000, 0x0000000799000000, 0x00000007c0000000)
  eden space 27136K, 0% used [0x0000000795580000,0x0000000795580000,0x0000000797000000)
  from space 16384K, 25% used [0x0000000797000000,0x0000000797420110,0x0000000798000000)
  to   space 16384K, 0% used [0x0000000798000000,0x0000000798000000,0x0000000799000000)
 ParOldGen       total 75264K, used 24008K [0x0000000740000000, 0x0000000744980000, 0x0000000795580000)
  object space 75264K, 31% used [0x0000000740000000,0x00000007417720e0,0x0000000744980000)
 Metaspace       used 21240K, capacity 21471K, committed 21808K, reserved 1069056K
  class space    used 2044K, capacity 2112K, committed 2176K, reserved 1048576K
}

Deoptimization events (10 events):
Event: 87.481 Thread 0x00007fc401a63000 Uncommon trap: reason=class_check action=maybe_recompile pc=0x000000010562d77c method=java.awt.EventQueue.dispatchEventImpl(Ljava/awt/AWTEvent;Ljava/lang/Object;)V @ 30
Event: 87.481 Thread 0x00007fc401a63000 Uncommon trap: reason=unstable_if action=reinterpret pc=0x000000010555d430 method=sun.lwawt.LWContainerPeer.cutChildren(Lsun/java2d/pipe/Region;Lsun/lwawt/LWComponentPeer;)Lsun/java2d/pipe/Region; @ 67
Event: 87.481 Thread 0x00007fc401a63000 Uncommon trap: reason=unstable_if action=reinterpret pc=0x000000010585320c method=java.lang.Math.round(D)J @ 31
Event: 87.481 Thread 0x00007fc401a63000 Uncommon trap: reason=unstable_if action=reinterpret pc=0x0000000105852eac method=sun.java2d.SunGraphics2D.validateCompClip()V @ 9
Event: 87.482 Thread 0x00007fc401394800 Uncommon trap: reason=unstable_if action=reinterpret pc=0x0000000105293630 method=java.awt.EventQueue.getPriority(Ljava/awt/AWTEvent;)I @ 22
Event: 87.482 Thread 0x00007fc401394800 Uncommon trap: reason=unstable_if action=reinterpret pc=0x00000001055235a0 method=java.awt.EventQueue.uncacheEQItem(Lsun/awt/EventQueueItem;)V @ 23
Event: 87.483 Thread 0x00007fc401a63000 Uncommon trap: reason=class_check action=maybe_recompile pc=0x000000010562d77c method=java.awt.EventQueue.dispatchEventImpl(Ljava/awt/AWTEvent;Ljava/lang/Object;)V @ 30
Event: 87.511 Thread 0x00007fc401394800 Uncommon trap: reason=class_check action=maybe_recompile pc=0x000000010562d77c method=java.awt.EventQueue.dispatchEventImpl(Ljava/awt/AWTEvent;Ljava/lang/Object;)V @ 30
Event: 87.526 Thread 0x00007fc401208800 Uncommon trap: reason=unstable_if action=reinterpret pc=0x000000010570ae94 method=java.util.HashMap.putVal(ILjava/lang/Object;Ljava/lang/Object;ZZ)Ljava/lang/Object; @ 81
Event: 87.541 Thread 0x00007fc401394800 Uncommon trap: reason=unstable_if action=reinterpret pc=0x0000000105551b98 method=java.util.LinkedList$ListItr.<init>(Ljava/util/LinkedList;I)V @ 26

Internal exceptions (10 events):
Event: 0.416 Thread 0x00007fc402800000 Exception <a 'java/io/FileNotFoundException'> (0x00000007958b4418) thrown at [/Users/java_re/workspace/8-2-build-macosx-x86_64/jdk8u65/4987/hotspot/src/share/vm/prims/jni.cpp, line 709]
Event: 0.416 Thread 0x00007fc402800000 Exception <a 'java/io/FileNotFoundException'> (0x00000007958b4fa0) thrown at [/Users/java_re/workspace/8-2-build-macosx-x86_64/jdk8u65/4987/hotspot/src/share/vm/prims/jni.cpp, line 709]
Event: 0.554 Thread 0x00007fc402800000 Exception <a 'java/io/FileNotFoundException'> (0x00000007959f0da0) thrown at [/Users/java_re/workspace/8-2-build-macosx-x86_64/jdk8u65/4987/hotspot/src/share/vm/prims/jni.cpp, line 709]
Event: 2.413 Thread 0x00007fc402800000 Exception <a 'java/lang/UnsatisfiedLinkError': com.jogamp.common.util.JarUtil.fixNativeLibAttribs(Ljava/lang/String;)Z> (0x0000000796b21460) thrown at [/Users/java_re/workspace/8-2-build-macosx-x86_64/jdk8u65/4987/hotspot/src/share/vm/prims/nativeLookup.c
Event: 2.784 Thread 0x00007fc40102a800 Exception <a 'java/lang/NullPointerException'> (0x00000007956a7cc8) thrown at [/Users/java_re/workspace/8-2-build-macosx-x86_64/jdk8u65/4987/hotspot/src/share/vm/interpreter/linkResolver.cpp, line 1178]
Event: 3.396 Thread 0x00007fc401394800 Exception <a 'java/io/FileNotFoundException'> (0x0000000795ef6468) thrown at [/Users/java_re/workspace/8-2-build-macosx-x86_64/jdk8u65/4987/hotspot/src/share/vm/prims/jni.cpp, line 709]
Event: 3.396 Thread 0x00007fc401394800 Exception <a 'java/io/FileNotFoundException'> (0x0000000795efc7f8) thrown at [/Users/java_re/workspace/8-2-build-macosx-x86_64/jdk8u65/4987/hotspot/src/share/vm/prims/jni.cpp, line 709]
Event: 3.396 Thread 0x00007fc401394800 Implicit null exception at 0x0000000104f9edb5 to 0x0000000104f9f119
Event: 9.862 Thread 0x00007fc401394800 Implicit null exception at 0x00000001055d45ec to 0x00000001055d465e
Event: 9.862 Thread 0x00007fc401394800 Implicit null exception at 0x000000010560c3ef to 0x000000010560c4c9

Events (10 events):
Event: 87.542 Executing VM operation: Deoptimize
Event: 87.542 Executing VM operation: Deoptimize done
Event: 87.542 loading class java/awt/Toolkit$ToolkitEventMulticaster
Event: 87.542 loading class java/awt/Toolkit$ToolkitEventMulticaster done
Event: 87.544 Thread 0x00007fc401208800 Thread exited: 0x00007fc401208800
Event: 87.544 loading class java/awt/Window$1DisposeAction
Event: 87.544 loading class java/awt/Window$1DisposeAction done
Event: 87.545 Thread 0x00007fc401048000 flushing nmethod 0x0000000104f867d0
Event: 87.545 Thread 0x00007fc401048000 flushing nmethod 0x0000000104f95bd0
Event: 87.545 Thread 0x00007fc401048000 flushing nmethod 0x0000000104f992d0


Dynamic libraries:
0x000000000468d000 	/System/Library/Frameworks/Cocoa.framework/Versions/A/Cocoa
0x000000000468d000 	/System/Library/Frameworks/Security.framework/Versions/A/Security
0x000000000468d000 	/System/Library/Frameworks/ApplicationServices.framework/Versions/A/ApplicationServices
0x000000000468d000 	/usr/lib/libz.1.dylib
0x000000000468d000 	/usr/lib/libSystem.B.dylib
0x000000000468d000 	/usr/lib/libobjc.A.dylib
0x000000000468d000 	/System/Library/Frameworks/CoreFoundation.framework/Versions/A/CoreFoundation
0x000000000468d000 	/System/Library/Frameworks/Foundation.framework/Versions/C/Foundation
0x000000000468d000 	/System/Library/Frameworks/AppKit.framework/Versions/C/AppKit
0x000000000468d000 	/System/Library/Frameworks/CoreData.framework/Versions/A/CoreData
0x000000000468d000 	/System/Library/PrivateFrameworks/RemoteViewServices.framework/Versions/A/RemoteViewServices
0x000000000468d000 	/System/Library/PrivateFrameworks/UIFoundation.framework/Versions/A/UIFoundation
0x000000000468d000 	/usr/lib/libScreenReader.dylib
0x000000000468d000 	/System/Library/Frameworks/Accelerate.framework/Versions/A/Accelerate
0x000000000468d000 	/System/Library/Frameworks/IOSurface.framework/Versions/A/IOSurface
0x000000000468d000 	/System/Library/Frameworks/AudioToolbox.framework/Versions/A/AudioToolbox
0x000000000468d000 	/System/Library/Frameworks/AudioUnit.framework/Versions/A/AudioUnit
0x000000000468d000 	/System/Library/PrivateFrameworks/DataDetectorsCore.framework/Versions/A/DataDetectorsCore
0x000000000468d000 	/System/Library/PrivateFrameworks/DesktopServicesPriv.framework/Versions/A/DesktopServicesPriv
0x000000000468d000 	/System/Library/Frameworks/Carbon.framework/Versions/A/Frameworks/HIToolbox.framework/Versions/A/HIToolbox
0x000000000468d000 	/System/Library/Frameworks/QuartzCore.framework/Versions/A/QuartzCore
0x000000000468d000 	/System/Library/Frameworks/Carbon.framework/Versions/A/Frameworks/SpeechRecognition.framework/Versions/A/SpeechRecognition
0x000000000468d000 	/usr/lib/libauto.dylib
0x000000000468d000 	/usr/lib/libicucore.A.dylib
0x000000000468d000 	/usr/lib/libxml2.2.dylib
0x000000000468d000 	/System/Library/PrivateFrameworks/CoreUI.framework/Versions/A/CoreUI
0x000000000468d000 	/System/Library/Frameworks/CoreAudio.framework/Versions/A/CoreAudio
0x000000000468d000 	/System/Library/Frameworks/DiskArbitration.framework/Versions/A/DiskArbitration
0x000000000468d000 	/usr/lib/liblangid.dylib
0x000000000468d000 	/System/Library/PrivateFrameworks/MultitouchSupport.framework/Versions/A/MultitouchSupport
0x000000000468d000 	/System/Library/Frameworks/IOKit.framework/Versions/A/IOKit
0x000000000468d000 	/usr/lib/libDiagnosticMessagesClient.dylib
0x000000000468d000 	/System/Library/Frameworks/CoreServices.framework/Versions/A/CoreServices
0x000000000468d000 	/System/Library/PrivateFrameworks/PerformanceAnalysis.framework/Versions/A/PerformanceAnalysis
0x000000000468d000 	/System/Library/PrivateFrameworks/GenerationalStorage.framework/Versions/A/GenerationalStorage
0x000000000468d000 	/System/Library/Frameworks/OpenGL.framework/Versions/A/OpenGL
0x000000000468d000 	/System/Library/PrivateFrameworks/Sharing.framework/Versions/A/Sharing
0x000000000468d000 	/System/Library/Frameworks/CoreGraphics.framework/Versions/A/CoreGraphics
0x000000000468d000 	/System/Library/Frameworks/CoreImage.framework/Versions/A/CoreImage
0x000000000468d000 	/System/Library/Frameworks/CoreText.framework/Versions/A/CoreText
0x000000000468d000 	/System/Library/Frameworks/ImageIO.framework/Versions/A/ImageIO
0x000000000468d000 	/System/Library/PrivateFrameworks/Backup.framework/Versions/A/Backup
0x000000000468d000 	/usr/lib/libextension.dylib
0x000000000468d000 	/usr/lib/libarchive.2.dylib
0x000000000468d000 	/System/Library/Frameworks/CFNetwork.framework/Versions/A/CFNetwork
0x000000000468d000 	/System/Library/Frameworks/SystemConfiguration.framework/Versions/A/SystemConfiguration
0x000000000468d000 	/usr/lib/libCRFSuite.dylib
0x000000000468d000 	/usr/lib/libc++.1.dylib
0x000000000468d000 	/usr/lib/libc++abi.dylib
0x000000000468d000 	/usr/lib/system/libcache.dylib
0x000000000468d000 	/usr/lib/system/libcommonCrypto.dylib
0x000000000468d000 	/usr/lib/system/libcompiler_rt.dylib
0x000000000468d000 	/usr/lib/system/libcopyfile.dylib
0x000000000468d000 	/usr/lib/system/libcorecrypto.dylib
0x000000000468d000 	/usr/lib/system/libdispatch.dylib
0x000000000468d000 	/usr/lib/system/libdyld.dylib
0x000000000468d000 	/usr/lib/system/libkeymgr.dylib
0x000000000468d000 	/usr/lib/system/liblaunch.dylib
0x000000000468d000 	/usr/lib/system/libmacho.dylib
0x000000000468d000 	/usr/lib/system/libquarantine.dylib
0x000000000468d000 	/usr/lib/system/libremovefile.dylib
0x000000000468d000 	/usr/lib/system/libsystem_asl.dylib
0x000000000468d000 	/usr/lib/system/libsystem_blocks.dylib
0x000000000468d000 	/usr/lib/system/libsystem_c.dylib
0x000000000468d000 	/usr/lib/system/libsystem_configuration.dylib
0x000000000468d000 	/usr/lib/system/libsystem_coreservices.dylib
0x000000000468d000 	/usr/lib/system/libsystem_coretls.dylib
0x000000000468d000 	/usr/lib/system/libsystem_dnssd.dylib
0x000000000468d000 	/usr/lib/system/libsystem_info.dylib
0x000000000468d000 	/usr/lib/system/libsystem_kernel.dylib
0x000000000468d000 	/usr/lib/system/libsystem_m.dylib
0x000000000468d000 	/usr/lib/system/libsystem_malloc.dylib
0x000000000468d000 	/usr/lib/system/libsystem_network.dylib
0x000000000468d000 	/usr/lib/system/libsystem_networkextension.dylib
0x000000000468d000 	/usr/lib/system/libsystem_notify.dylib
0x000000000468d000 	/usr/lib/system/libsystem_platform.dylib
0x000000000468d000 	/usr/lib/system/libsystem_pthread.dylib
0x000000000468d000 	/usr/lib/system/libsystem_sandbox.dylib
0x000000000468d000 	/usr/lib/system/libsystem_secinit.dylib
0x000000000468d000 	/usr/lib/system/libsystem_trace.dylib
0x000000000468d000 	/usr/lib/system/libunc.dylib
0x000000000468d000 	/usr/lib/system/libunwind.dylib
0x000000000468d000 	/usr/lib/system/libxpc.dylib
0x000000000468d000 	/usr/lib/libenergytrace.dylib
0x000000000468d000 	/usr/lib/libbsm.0.dylib
0x000000000468d000 	/usr/lib/system/libkxld.dylib
0x000000000468d000 	/usr/lib/libxar.1.dylib
0x000000000468d000 	/usr/lib/libsqlite3.dylib
0x000000000468d000 	/usr/lib/libpam.2.dylib
0x000000000468d000 	/usr/lib/libOpenScriptingUtil.dylib
0x000000000468d000 	/usr/lib/libbz2.1.0.dylib
0x000000000468d000 	/usr/lib/liblzma.5.dylib
0x000000000468d000 	/System/Library/Frameworks/CoreServices.framework/Versions/A/Frameworks/FSEvents.framework/Versions/A/FSEvents
0x000000000468d000 	/System/Library/Frameworks/CoreServices.framework/Versions/A/Frameworks/CarbonCore.framework/Versions/A/CarbonCore
0x000000000468d000 	/System/Library/Frameworks/CoreServices.framework/Versions/A/Frameworks/Metadata.framework/Versions/A/Metadata
0x000000000468d000 	/System/Library/Frameworks/CoreServices.framework/Versions/A/Frameworks/OSServices.framework/Versions/A/OSServices
0x000000000468d000 	/System/Library/Frameworks/CoreServices.framework/Versions/A/Frameworks/SearchKit.framework/Versions/A/SearchKit
0x000000000468d000 	/System/Library/Frameworks/CoreServices.framework/Versions/A/Frameworks/AE.framework/Versions/A/AE
0x000000000468d000 	/System/Library/Frameworks/CoreServices.framework/Versions/A/Frameworks/LaunchServices.framework/Versions/A/LaunchServices
0x000000000468d000 	/System/Library/Frameworks/CoreServices.framework/Versions/A/Frameworks/DictionaryServices.framework/Versions/A/DictionaryServices
0x000000000468d000 	/System/Library/Frameworks/CoreServices.framework/Versions/A/Frameworks/SharedFileList.framework/Versions/A/SharedFileList
0x000000000468d000 	/System/Library/Frameworks/NetFS.framework/Versions/A/NetFS
0x000000000468d000 	/System/Library/PrivateFrameworks/NetAuth.framework/Versions/A/NetAuth
0x000000000468d000 	/System/Library/PrivateFrameworks/login.framework/Versions/A/Frameworks/loginsupport.framework/Versions/A/loginsupport
0x000000000468d000 	/System/Library/PrivateFrameworks/TCC.framework/Versions/A/TCC
0x000000000468d000 	/usr/lib/libmecabra.dylib
0x000000000468d000 	/System/Library/Frameworks/ApplicationServices.framework/Versions/A/Frameworks/ATS.framework/Versions/A/ATS
0x000000000468d000 	/System/Library/Frameworks/ApplicationServices.framework/Versions/A/Frameworks/ColorSync.framework/Versions/A/ColorSync
0x000000000468d000 	/System/Library/Frameworks/ApplicationServices.framework/Versions/A/Frameworks/HIServices.framework/Versions/A/HIServices
0x000000000468d000 	/System/Library/Frameworks/ApplicationServices.framework/Versions/A/Frameworks/LangAnalysis.framework/Versions/A/LangAnalysis
0x000000000468d000 	/System/Library/Frameworks/ApplicationServices.framework/Versions/A/Frameworks/PrintCore.framework/Versions/A/PrintCore
0x000000000468d000 	/System/Library/Frameworks/ApplicationServices.framework/Versions/A/Frameworks/QD.framework/Versions/A/QD
0x000000000468d000 	/System/Library/Frameworks/ApplicationServices.framework/Versions/A/Frameworks/SpeechSynthesis.framework/Versions/A/SpeechSynthesis
0x000000000468d000 	/System/Library/Frameworks/Metal.framework/Versions/A/Metal
0x000000000468d000 	/System/Library/Frameworks/Accelerate.framework/Versions/A/Frameworks/vImage.framework/Versions/A/vImage
0x000000000468d000 	/System/Library/Frameworks/Accelerate.framework/Versions/A/Frameworks/vecLib.framework/Versions/A/vecLib
0x000000000468d000 	/System/Library/Frameworks/Accelerate.framework/Versions/A/Frameworks/vecLib.framework/Versions/A/libvDSP.dylib
0x000000000468d000 	/System/Library/Frameworks/Accelerate.framework/Versions/A/Frameworks/vecLib.framework/Versions/A/libvMisc.dylib
0x000000000468d000 	/System/Library/Frameworks/Accelerate.framework/Versions/A/Frameworks/vecLib.framework/Versions/A/libLAPACK.dylib
0x000000000468d000 	/System/Library/Frameworks/Accelerate.framework/Versions/A/Frameworks/vecLib.framework/Versions/A/libBLAS.dylib
0x000000000468d000 	/System/Library/Frameworks/Accelerate.framework/Versions/A/Frameworks/vecLib.framework/Versions/A/libLinearAlgebra.dylib
0x000000000468d000 	/System/Library/Frameworks/Accelerate.framework/Versions/A/Frameworks/vecLib.framework/Versions/A/libSparseBLAS.dylib
0x000000000468d000 	/System/Library/PrivateFrameworks/GPUCompiler.framework/libmetal_timestamp.dylib
0x000000000468d000 	/System/Library/Frameworks/OpenGL.framework/Versions/A/Libraries/libCoreFSCache.dylib
0x000000000468d000 	/System/Library/PrivateFrameworks/IOAccelerator.framework/Versions/A/IOAccelerator
0x000000000468d000 	/System/Library/Frameworks/ApplicationServices.framework/Versions/A/Frameworks/ATS.framework/Versions/A/Resources/libFontParser.dylib
0x000000000468d000 	/System/Library/Frameworks/ApplicationServices.framework/Versions/A/Frameworks/ATS.framework/Versions/A/Resources/libFontRegistry.dylib
0x000000000468d000 	/System/Library/PrivateFrameworks/AppleVPA.framework/Versions/A/AppleVPA
0x000000000468d000 	/System/Library/PrivateFrameworks/AppleJPEG.framework/Versions/A/AppleJPEG
0x000000000468d000 	/System/Library/Frameworks/ImageIO.framework/Versions/A/Resources/libJPEG.dylib
0x000000000468d000 	/System/Library/Frameworks/ImageIO.framework/Versions/A/Resources/libTIFF.dylib
0x000000000468d000 	/System/Library/Frameworks/ImageIO.framework/Versions/A/Resources/libPng.dylib
0x000000000468d000 	/System/Library/Frameworks/ImageIO.framework/Versions/A/Resources/libGIF.dylib
0x000000000468d000 	/System/Library/Frameworks/ImageIO.framework/Versions/A/Resources/libJP2.dylib
0x000000000468d000 	/System/Library/Frameworks/ImageIO.framework/Versions/A/Resources/libRadiance.dylib
0x000000000468d000 	/System/Library/Frameworks/CoreVideo.framework/Versions/A/CoreVideo
0x000000000468d000 	/System/Library/Frameworks/OpenGL.framework/Versions/A/Libraries/libGLU.dylib
0x000000000468d000 	/System/Library/Frameworks/OpenGL.framework/Versions/A/Libraries/libGFXShared.dylib
0x000000000468d000 	/System/Library/Frameworks/OpenGL.framework/Versions/A/Libraries/libGL.dylib
0x000000000468d000 	/System/Library/Frameworks/OpenGL.framework/Versions/A/Libraries/libGLImage.dylib
0x000000000468d000 	/System/Library/Frameworks/OpenGL.framework/Versions/A/Libraries/libCVMSPluginSupport.dylib
0x000000000468d000 	/System/Library/Frameworks/OpenGL.framework/Versions/A/Libraries/libCoreVMClient.dylib
0x000000000468d000 	/usr/lib/libcups.2.dylib
0x000000000468d000 	/System/Library/Frameworks/Kerberos.framework/Versions/A/Kerberos
0x000000000468d000 	/System/Library/Frameworks/GSS.framework/Versions/A/GSS
0x000000000468d000 	/usr/lib/libresolv.9.dylib
0x000000000468d000 	/usr/lib/libiconv.2.dylib
0x000000000468d000 	/System/Library/PrivateFrameworks/Heimdal.framework/Versions/A/Heimdal
0x000000000468d000 	/usr/lib/libheimdal-asn1.dylib
0x000000000468d000 	/System/Library/Frameworks/OpenDirectory.framework/Versions/A/OpenDirectory
0x000000000468d000 	/System/Library/PrivateFrameworks/CommonAuth.framework/Versions/A/CommonAuth
0x000000000468d000 	/System/Library/Frameworks/OpenDirectory.framework/Versions/A/Frameworks/CFOpenDirectory.framework/Versions/A/CFOpenDirectory
0x000000000468d000 	/System/Library/Frameworks/SecurityFoundation.framework/Versions/A/SecurityFoundation
0x000000000468d000 	/System/Library/PrivateFrameworks/LanguageModeling.framework/Versions/A/LanguageModeling
0x000000000468d000 	/usr/lib/libmarisa.dylib
0x000000000468d000 	/usr/lib/libChineseTokenizer.dylib
0x000000000468d000 	/usr/lib/libcmph.dylib
0x000000000468d000 	/usr/lib/libcompression.dylib
0x000000000468d000 	/System/Library/Frameworks/ServiceManagement.framework/Versions/A/ServiceManagement
0x000000000468d000 	/usr/lib/libxslt.1.dylib
0x000000000468d000 	/System/Library/Frameworks/Carbon.framework/Versions/A/Frameworks/Ink.framework/Versions/A/Ink
0x000000000468d000 	/usr/lib/libFosl_dynamic.dylib
0x000000000468d000 	/System/Library/PrivateFrameworks/FaceCore.framework/Versions/A/FaceCore
0x000000000468d000 	/System/Library/Frameworks/OpenCL.framework/Versions/A/OpenCL
0x000000000468d000 	/System/Library/PrivateFrameworks/CrashReporterSupport.framework/Versions/A/CrashReporterSupport
0x000000000468d000 	/System/Library/PrivateFrameworks/IconServices.framework/Versions/A/IconServices
0x000000000468d000 	/System/Library/PrivateFrameworks/Apple80211.framework/Versions/A/Apple80211
0x000000000468d000 	/System/Library/Frameworks/CoreWLAN.framework/Versions/A/CoreWLAN
0x000000000468d000 	/System/Library/Frameworks/IOBluetooth.framework/Versions/A/IOBluetooth
0x000000000468d000 	/System/Library/PrivateFrameworks/CoreWiFi.framework/Versions/A/CoreWiFi
0x000000000468d000 	/System/Library/Frameworks/CoreBluetooth.framework/Versions/A/CoreBluetooth
0x000000000468d000 	/System/Library/PrivateFrameworks/ChunkingLibrary.framework/Versions/A/ChunkingLibrary
0x000000000468d000 	/System/Library/PrivateFrameworks/DebugSymbols.framework/Versions/A/DebugSymbols
0x000000000468d000 	/System/Library/PrivateFrameworks/CoreSymbolication.framework/Versions/A/CoreSymbolication
0x000000000468d000 	/System/Library/PrivateFrameworks/Symbolication.framework/Versions/A/Symbolication
0x000000000468d000 	/System/Library/PrivateFrameworks/SpeechRecognitionCore.framework/Versions/A/SpeechRecognitionCore
0x00000001034a3000 	/Library/Java/JavaVirtualMachines/jdk1.8.0_65.jdk/Contents/Home/jre/lib/server/libjvm.dylib
0x000000000468d000 	/usr/lib/libstdc++.6.dylib
0x0000000104430000 	/Library/Java/JavaVirtualMachines/jdk1.8.0_65.jdk/Contents/Home/jre/lib/libverify.dylib
0x000000010443e000 	/Library/Java/JavaVirtualMachines/jdk1.8.0_65.jdk/Contents/Home/jre/lib/libjava.dylib
0x000000010447d000 	/Library/Java/JavaVirtualMachines/jdk1.8.0_65.jdk/Contents/Home/jre/lib/libzip.dylib
0x000000011a5f0000 	/System/Library/Frameworks/JavaVM.framework/Frameworks/JavaRuntimeSupport.framework/JavaRuntimeSupport
0x000000011a60b000 	/System/Library/Frameworks/JavaVM.framework/Versions/A/Frameworks/JavaNativeFoundation.framework/Versions/A/JavaNativeFoundation
0x000000011a620000 	/System/Library/Frameworks/JavaVM.framework/Versions/A/JavaVM
0x000000000468d000 	/System/Library/Frameworks/Carbon.framework/Versions/A/Carbon
0x000000011a62d000 	/System/Library/PrivateFrameworks/JavaLaunching.framework/Versions/A/JavaLaunching
0x000000000468d000 	/System/Library/Frameworks/Carbon.framework/Versions/A/Frameworks/CommonPanels.framework/Versions/A/CommonPanels
0x000000000468d000 	/System/Library/Frameworks/Carbon.framework/Versions/A/Frameworks/Help.framework/Versions/A/Help
0x000000000468d000 	/System/Library/Frameworks/Carbon.framework/Versions/A/Frameworks/ImageCapture.framework/Versions/A/ImageCapture
0x000000000468d000 	/System/Library/Frameworks/Carbon.framework/Versions/A/Frameworks/OpenScripting.framework/Versions/A/OpenScripting
0x000000000468d000 	/System/Library/Frameworks/Carbon.framework/Versions/A/Frameworks/Print.framework/Versions/A/Print
0x000000000468d000 	/System/Library/Frameworks/Carbon.framework/Versions/A/Frameworks/SecurityHI.framework/Versions/A/SecurityHI
0x000000011bf4a000 	/Library/Java/JavaVirtualMachines/jdk1.8.0_65.jdk/Contents/Home/jre/lib/libawt.dylib
0x000000011bff2000 	/Library/Java/JavaVirtualMachines/jdk1.8.0_65.jdk/Contents/Home/jre/lib/./libmlib_image.dylib
0x000000011c0be000 	/Library/Java/JavaVirtualMachines/jdk1.8.0_65.jdk/Contents/Home/jre/lib/libawt_lwawt.dylib
0x000000011c173000 	/Library/Java/JavaVirtualMachines/jdk1.8.0_65.jdk/Contents/Home/jre/lib/./libosxapp.dylib
0x000000000468d000 	/System/Library/Frameworks/ExceptionHandling.framework/Versions/A/ExceptionHandling
0x000000000468d000 	/System/Library/PrivateFrameworks/CoreServicesInternal.framework/Versions/A/CoreServicesInternal
0x000000000468d000 	/System/Library/Frameworks/CoreGraphics.framework/Versions/A/Resources/libRIP.A.dylib
0x000000000468d000 	/System/Library/Frameworks/Accelerate.framework/Versions/A/Frameworks/vImage.framework/Versions/A/Libraries/libCGInterfaces.dylib
0x000000000468d000 	/System/Library/Frameworks/CoreGraphics.framework/Versions/A/Resources/libCGXType.A.dylib
0x000000000468d000 	/System/Library/Frameworks/OpenCL.framework/Versions/A/Libraries/libcldcpuengine.dylib
0x000000000468d000 	/System/Library/PrivateFrameworks/DiskImages.framework/Versions/A/DiskImages
0x000000000468d000 	/System/Library/Frameworks/DiscRecording.framework/Versions/A/DiscRecording
0x000000000468d000 	/usr/lib/libcsfde.dylib
0x000000000468d000 	/usr/lib/libcurl.4.dylib
0x000000000468d000 	/System/Library/PrivateFrameworks/MediaKit.framework/Versions/A/MediaKit
0x000000000468d000 	/System/Library/PrivateFrameworks/ProtectedCloudStorage.framework/Versions/A/ProtectedCloudStorage
0x000000000468d000 	/usr/lib/libCoreStorage.dylib
0x000000000468d000 	/System/Library/PrivateFrameworks/EFILogin.framework/Versions/A/EFILogin
0x000000000468d000 	/usr/lib/libutil.dylib
0x000000000468d000 	/System/Library/PrivateFrameworks/FindMyDevice.framework/Versions/A/FindMyDevice
0x000000000468d000 	/System/Library/Frameworks/LDAP.framework/Versions/A/LDAP
0x000000000468d000 	/usr/lib/libsasl2.2.dylib
0x000000000468d000 	/System/Library/PrivateFrameworks/CoreDaemon.framework/Versions/B/CoreDaemon
0x000000000468d000 	/usr/lib/libcrypto.0.9.8.dylib
0x000000000468d000 	/System/Library/PrivateFrameworks/AppleSRP.framework/Versions/A/AppleSRP
0x000000000468d000 	/System/Library/PrivateFrameworks/TrustEvaluationAgent.framework/Versions/A/TrustEvaluationAgent
0x000000011dd31000 	cl_kernels
0x000000000468d000 	/System/Library/Frameworks/OpenCL.framework/Versions/A/Libraries/ImageFormats/unorm8_bgra.dylib
0x000000000468d000 	/System/Library/Frameworks/OpenCL.framework/Versions/A/Libraries/ImageFormats/unorm8_rgba.dylib
0x000000000468d000 	/System/Library/PrivateFrameworks/FamilyControls.framework/Versions/A/FamilyControls
0x000000000468d000 	/System/Library/PrivateFrameworks/CommerceKit.framework/Versions/A/Frameworks/CommerceCore.framework/Versions/A/CommerceCore
0x000000000468d000 	/System/Library/PrivateFrameworks/SystemAdministration.framework/Versions/A/SystemAdministration
0x000000000468d000 	/System/Library/PrivateFrameworks/AppContainer.framework/Versions/A/AppContainer
0x000000000468d000 	/System/Library/PrivateFrameworks/SecCodeWrapper.framework/Versions/A/SecCodeWrapper
0x000000000468d000 	/System/Library/Frameworks/DirectoryService.framework/Versions/A/DirectoryService
0x000000000468d000 	/System/Library/PrivateFrameworks/LoginUIKit.framework/Versions/A/Frameworks/LoginUICore.framework/Versions/A/LoginUICore
0x000000000468d000 	/usr/lib/libodfde.dylib
0x000000000468d000 	/System/Library/Frameworks/OpenGL.framework/Versions/A/Resources/GLEngine.bundle/GLEngine
0x000000000468d000 	/System/Library/Frameworks/OpenGL.framework/Versions/A/Libraries/libGLProgrammability.dylib
0x000000011ee2f000 	/System/Library/Extensions/AppleIntelHD5000GraphicsGLDriver.bundle/Contents/MacOS/AppleIntelHD5000GraphicsGLDriver
0x000000000468d000 	/System/Library/PrivateFrameworks/GPUSupport.framework/Versions/A/Libraries/libGPUSupportMercury.dylib
0x000000000468d000 	/System/Library/Frameworks/OpenGL.framework/Versions/A/Resources/GLRendererFloat.bundle/GLRendererFloat
0x000000011fe3a000 	/Library/Java/JavaVirtualMachines/jdk1.8.0_65.jdk/Contents/Home/jre/lib/libfontmanager.dylib
0x0000000121382000 	/Library/Java/JavaVirtualMachines/jdk1.8.0_65.jdk/Contents/Home/jre/lib/libosxui.dylib
0x0000000122073000 	/Library/Java/JavaVirtualMachines/jdk1.8.0_65.jdk/Contents/Home/jre/lib/libnet.dylib
0x0000000121e87000 	/Library/Java/JavaVirtualMachines/jdk1.8.0_65.jdk/Contents/Home/jre/lib/libnio.dylib
0x000000000468d000 	/System/Library/Frameworks/ApplicationServices.framework/Versions/A/Frameworks/ATS.framework/Versions/A/Resources/libTrueTypeScaler.dylib
0x00000001731d7000 	/System/Library/Extensions/AppleIntelHD5000GraphicsMTLDriver.bundle/Contents/MacOS/AppleIntelHD5000GraphicsMTLDriver
0x00000001730fe000 	/private/var/folders/94/qhk8wx9560913pcr_k2txvfh0000gn/T/jogamp_0000/file_cache/jln2859133632127625816/jln8675306611006753525/libgluegen-rt.jnilib
0x000000012110d000 	/private/var/folders/94/qhk8wx9560913pcr_k2txvfh0000gn/T/jogamp_0000/file_cache/jln2859133632127625816/jln8675306611006753525/libnativewindow_awt.jnilib
0x0000000173102000 	/Library/Java/JavaVirtualMachines/jdk1.8.0_65.jdk/Contents/Home/jre/lib/libjawt.dylib
0x0000000173105000 	/private/var/folders/94/qhk8wx9560913pcr_k2txvfh0000gn/T/jogamp_0000/file_cache/jln2859133632127625816/jln8675306611006753525/libnativewindow_macosx.jnilib
0x000000017853c000 	/private/var/folders/94/qhk8wx9560913pcr_k2txvfh0000gn/T/jogamp_0000/file_cache/jln2859133632127625816/jln8675306611006753525/libjogl_desktop.jnilib
0x00000001738f6000 	/Library/Java/JavaVirtualMachines/jdk1.8.0_65.jdk/Contents/Home/jre/lib/libt2k.dylib

VM Arguments:
jvm_args: -Djava.security.policy=java.policy.applet -Dfile.encoding=UTF-8 
java_command: sun.applet.AppletViewer module5.EarthquakeCityMap1450328048402.html
java_class_path (initial): /Users/karenblakemore/Java/workspace/UCSDUnfoldingMaps/build:/Users/karenblakemore/Java/workspace/UCSDUnfoldingMaps/lib/core.jar:/Users/karenblakemore/Java/workspace/UCSDUnfoldingMaps/lib/gluegen-rt.jar:/Users/karenblakemore/Java/workspace/UCSDUnfoldingMaps/lib/jogl-all.jar:/Users/karenblakemore/Java/workspace/UCSDUnfoldingMaps/lib/log4j-1.2.15.jar:/Users/karenblakemore/Java/workspace/UCSDUnfoldingMaps/lib/sqlite-jdbc-3.7.2.jar:/Users/karenblakemore/Java/workspace/UCSDUnfoldingMaps/lib/json4processing.jar:/Users/karenblakemore/Java/workspace/UCSDUnfoldingMaps/lib/libTUIO.jar:/Users/karenblakemore/Java/workspace/UCSDUnfoldingMaps/lib/unfolding.0.9.7-uscd.jar
Launcher Type: SUN_STANDARD

Environment Variables:
PATH=/usr/bin:/bin:/usr/sbin:/sbin
SHELL=/bin/bash

Signal Handlers:
SIGSEGV: [libjvm.dylib+0x5a6d31], sa_mask[0]=11111111011111110111111111111111, sa_flags=SA_ONSTACK|SA_RESTART|SA_SIGINFO
SIGBUS: [libjvm.dylib+0x5a6d31], sa_mask[0]=11111111011111110111111111111111, sa_flags=SA_RESTART|SA_SIGINFO
SIGFPE: [libjvm.dylib+0x480a40], sa_mask[0]=11111111011111110111111111111111, sa_flags=SA_RESTART|SA_SIGINFO
SIGPIPE: [libjvm.dylib+0x480a40], sa_mask[0]=11111111011111110111111111111111, sa_flags=SA_RESTART|SA_SIGINFO
SIGXFSZ: [libjvm.dylib+0x480a40], sa_mask[0]=11111111011111110111111111111111, sa_flags=SA_RESTART|SA_SIGINFO
SIGILL: [libjvm.dylib+0x480a40], sa_mask[0]=11111111011111110111111111111111, sa_flags=SA_RESTART|SA_SIGINFO
SIGUSR1: SIG_DFL, sa_mask[0]=00000000000000000000000000000000, sa_flags=none
SIGUSR2: [libjvm.dylib+0x48055e], sa_mask[0]=00100000000000000000000000000000, sa_flags=SA_RESTART|SA_SIGINFO
SIGHUP: [libjvm.dylib+0x47eb35], sa_mask[0]=11111111011111110111111111111111, sa_flags=SA_RESTART|SA_SIGINFO
SIGINT: [libjvm.dylib+0x47eb35], sa_mask[0]=11111111011111110111111111111111, sa_flags=SA_RESTART|SA_SIGINFO
SIGTERM: [libjvm.dylib+0x47eb35], sa_mask[0]=11111111011111110111111111111111, sa_flags=SA_RESTART|SA_SIGINFO
SIGQUIT: [libjvm.dylib+0x47eb35], sa_mask[0]=11111111011111110111111111111111, sa_flags=SA_RESTART|SA_SIGINFO


---------------  S Y S T E M  ---------------

OS:Bsduname:Darwin 15.2.0 Darwin Kernel Version 15.2.0: Fri Nov 13 19:56:56 PST 2015; root:xnu-3248.20.55~2/RELEASE_X86_64 x86_64
rlimit: STACK 8192k, CORE 0k, NPROC 709, NOFILE 10240, AS infinity
load average:3.00 2.84 2.47

CPU:total 4 (2 cores per cpu, 2 threads per core) family 6 model 69 stepping 1, cmov, cx8, fxsr, mmx, sse, sse2, sse3, ssse3, sse4.1, sse4.2, popcnt, avx, avx2, aes, clmul, erms, lzcnt, ht, tsc, tscinvbit, bmi1, bmi2

Memory: 4k page, physical 8388608k(394640k free)

/proc/meminfo:


vm_info: Java HotSpot(TM) 64-Bit Server VM (25.65-b01) for bsd-amd64 JRE (1.8.0_65-b17), built on Oct  6 2015 15:36:46 by "java_re" with gcc 4.2.1 (Based on Apple Inc. build 5658) (LLVM build 2336.11.00)

time: Wed Dec 16 21:55:36 2015
elapsed time: 87 seconds (0d 0h 1m 27s)

