#
# A fatal error has been detected by the Java Runtime Environment:
#
#  SIGSEGV (0xb) at pc=0x00007fff9b4bb4dd, pid=2936, tid=2571
#
# JRE version: Java(TM) SE Runtime Environment (8.0_65-b17) (build 1.8.0_65-b17)
# Java VM: Java HotSpot(TM) 64-Bit Server VM (25.65-b01 mixed mode bsd-amd64 compressed oops)
# Problematic frame:
# C  [libobjc.A.dylib+0x14dd]  objc_msgSend+0x1d
#
# Failed to write core dump. Core dumps have been disabled. To enable core dumping, try "ulimit -c unlimited" before starting Java again
#
# If you would like to submit a bug report, please visit:
#   http://bugreport.java.com/bugreport/crash.jsp
# The crash happened outside the Java Virtual Machine in native code.
# See problematic frame for where to report the bug.
#

---------------  T H R E A D  ---------------

Current thread (0x00007ff45a8b5800):  JavaThread "AWT-AppKit" daemon [_thread_in_native, id=2571, stack(0x00007fff507b6000,0x00007fff50fb6000)]

siginfo: si_signo: 11 (SIGSEGV), si_code: 1 (SEGV_MAPERR), si_addr: 0x0000000000000018

Registers:
RAX=0x00007ff4596c0540, RBX=0x0000000128a2b450, RCX=0x0000000128a4f880, RDX=0x0000000128a4f080
RSP=0x00007fff50fb1358, RBP=0x00007fff50fb1410, RSI=0x00007fff951c8d0e, RDI=0x00007ff4596be790
R8 =0x0000000000000000, R9 =0x00000000000008c0, R10=0x00007fff951c8d0e, R11=0x0000000000000000
R12=0x0000000000000000, R13=0x00000001806236d0, R14=0x0000000128a2b440, R15=0x00007ff45a8b5800
RIP=0x00007fff9b4bb4dd, EFLAGS=0x0000000000010246, ERR=0x0000000000000004
  TRAPNO=0x000000000000000e

Top of Stack: (sp=0x00007fff50fb1358)
0x00007fff50fb1358:   0000000128a29157 00007fff50fb13b0
0x00007fff50fb1368:   0000000000000003 00007fff50fb1390
0x00007fff50fb1378:   000000010f9f19a6 00000001806236d0
0x00007fff50fb1388:   00000001806236d0 00007ff4596c0540
0x00007fff50fb1398:   0000000128a2b6a0 0000000128a2b710
0x00007fff50fb13a8:   00007fff7f6fb770 00007fff7b456500
0x00007fff50fb13b8:   0000000128a2b450 0000000128a2b690
0x00007fff50fb13c8:   00007ff4596c0540 00007ff4596be790
0x00007fff50fb13d8:   00007ff45e2973e0 00007ff4596c0540
0x00007fff50fb13e8:   00007ff4596be790 00007fff50fb1498
0x00007fff50fb13f8:   00007ff45a8b59f8 00000001806236d0
0x00007fff50fb1408:   00007fff50fb14c0 00007fff50fb1488
0x00007fff50fb1418:   000000011079e954 00000001806236d0
0x00007fff50fb1428:   00007fff50fb14c0 00007fff50fb1488
0x00007fff50fb1438:   000000011079e6e7 000000011079e6a2
0x00007fff50fb1448:   00007fff50fb1448 00000001806236d0
0x00007fff50fb1458:   00007fff50fb14c0 0000000180626308
0x00007fff50fb1468:   0000000000000000 00000001806236d0
0x00007fff50fb1478:   0000000000000000 00007fff50fb14a8
0x00007fff50fb1488:   00007fff50fb1508 0000000110790c4d
0x00007fff50fb1498:   00000007401b3a00 0000000110798578
0x00007fff50fb14a8:   00007ff4596c0540 00007fff50fb1508
0x00007fff50fb14b8:   00007ff4596be790 0000000110799d82
0x00007fff50fb14c8:   00007fff50fb14c8 000000018062389a
0x00007fff50fb14d8:   00007fff50fb1530 0000000180626308
0x00007fff50fb14e8:   0000000000000000 00000001806238a8
0x00007fff50fb14f8:   00007fff50fb14a8 00007fff50fb1518
0x00007fff50fb1508:   00007fff50fb1578 0000000110790c4d
0x00007fff50fb1518:   00007ff4596c0540 0000000740bc4490
0x00007fff50fb1528:   00007ff4596be790 0000000740bc4490
0x00007fff50fb1538:   00007fff50fb1538 0000000187c8c936
0x00007fff50fb1548:   00007fff50fb1588 0000000187c8c9f0 

Instructions: (pc=0x00007fff9b4bb4dd)
0x00007fff9b4bb4bd:   44 00 00 48 85 ff 2e 74 62 40 f6 c7 01 2e 75 66
0x00007fff9b4bb4cd:   49 bb f8 ff ff ff ff 7f 00 00 4c 23 1f 49 89 f2
0x00007fff9b4bb4dd:   45 23 53 18 49 c1 e2 04 4d 03 53 10 49 3b 32 75
0x00007fff9b4bb4ed:   04 41 ff 62 08 49 83 3a 01 76 0d 49 83 c2 10 49 

Register to memory mapping:

RAX=0x00007ff4596c0540 is an unknown value
RBX=0x0000000128a2b450: Java_jogamp_nativewindow_macosx_OSXUtil_GetScreenRefreshRate0+0x1cf0 in /private/var/folders/94/qhk8wx9560913pcr_k2txvfh0000gn/T/jogamp_0000/file_cache/jln5776460379556340267/jln5893717541367968322/libnativewindow_macosx.jnilib at 0x0000000128a24000
RCX=0x0000000128a4f880 is an unknown value
RDX=0x0000000128a4f080 is an unknown value
RSP=0x00007fff50fb1358 is pointing into the stack for thread: 0x00007ff45a8b5800
RBP=0x00007fff50fb1410 is pointing into the stack for thread: 0x00007ff45a8b5800
RSI=0x00007fff951c8d0e is an unknown value
RDI=0x00007ff4596be790 is an unknown value
R8 =0x0000000000000000 is an unknown value
R9 =0x00000000000008c0 is an unknown value
R10=0x00007fff951c8d0e is an unknown value
R11=0x0000000000000000 is an unknown value
R12=0x0000000000000000 is an unknown value
R13={method} {0x00000001806236d0} 'UnsetJAWTRootSurfaceLayer0' '(JJ)V' in 'jogamp/nativewindow/jawt/macosx/MacOSXJAWTWindow'
R14=0x0000000128a2b440: Java_jogamp_nativewindow_macosx_OSXUtil_GetScreenRefreshRate0+0x1ce0 in /private/var/folders/94/qhk8wx9560913pcr_k2txvfh0000gn/T/jogamp_0000/file_cache/jln5776460379556340267/jln5893717541367968322/libnativewindow_macosx.jnilib at 0x0000000128a24000
R15=0x00007ff45a8b5800 is a thread


Stack: [0x00007fff507b6000,0x00007fff50fb6000],  sp=0x00007fff50fb1358,  free space=8172k
Native frames: (J=compiled Java code, j=interpreted, Vv=VM code, C=native code)
C  [libobjc.A.dylib+0x14dd]  objc_msgSend+0x1d
j  jogamp.nativewindow.jawt.macosx.MacOSXJAWTWindow.UnsetJAWTRootSurfaceLayer0(JJ)V+0
j  jogamp.nativewindow.jawt.macosx.MacOSXJAWTWindow.access$200(JJ)V+2
j  jogamp.nativewindow.jawt.macosx.MacOSXJAWTWindow$1.run()V+38
J 2040 C1 com.jogamp.common.util.RunnableTask.run()V (345 bytes) @ 0x0000000110967314 [0x0000000110967180+0x194]
v  ~StubRoutines::call_stub
V  [libjvm.dylib+0x2eab02]
V  [libjvm.dylib+0x321bab]
V  [libjvm.dylib+0x31437f]
C  [libnativewindow_macosx.jnilib+0x5326]  Java_jogamp_nativewindow_jawt_macosx_MacOSXJAWTWindow_UnsetJAWTRootSurfaceLayer0+0x2b6
C  [Foundation+0x8dd4b]  __NSThreadPerformPerform+0x117
C  [CoreFoundation+0x7e5c1]  __CFRUNLOOP_IS_CALLING_OUT_TO_A_SOURCE0_PERFORM_FUNCTION__+0x11
C  [CoreFoundation+0x7041c]  __CFRunLoopDoSources0+0x22c
C  [CoreFoundation+0x6f93f]  __CFRunLoopRun+0x39f
C  [CoreFoundation+0x6f338]  CFRunLoopRunSpecific+0x128
C  [HIToolbox+0x30935]  RunCurrentEventLoopInMode+0xeb
C  [HIToolbox+0x30677]  ReceiveNextEventCommon+0xb8
C  [HIToolbox+0x305af]  _BlockUntilNextEventMatchingListInModeWithFilter+0x47
C  [AppKit+0x8a0ee]  _DPSNextEvent+0x42b
C  [AppKit+0x456943]  -[NSApplication _nextEventMatchingEventMask:untilDate:inMode:dequeue:]+0x1c6
C  [libosxapp.dylib+0x23aa]  -[NSApplicationAWT nextEventMatchingMask:untilDate:inMode:dequeue:]+0x7c
C  [AppKit+0x7ffc8]  -[NSApplication run]+0x2aa
C  [libosxapp.dylib+0x214d]  +[NSApplicationAWT runAWTLoopWithApp:]+0x9c
C  [libawt_lwawt.dylib+0x44517]  -[AWTStarter starter:]+0x389
C  [Foundation+0x8dd4b]  __NSThreadPerformPerform+0x117
C  [CoreFoundation+0x7e5c1]  __CFRUNLOOP_IS_CALLING_OUT_TO_A_SOURCE0_PERFORM_FUNCTION__+0x11
C  [CoreFoundation+0x7041c]  __CFRunLoopDoSources0+0x22c
C  [CoreFoundation+0x6f93f]  __CFRunLoopRun+0x39f
C  [CoreFoundation+0x6f338]  CFRunLoopRunSpecific+0x128
C  [java+0x6463]  CreateExecutionEnvironment+0x367
C  [java+0x21ac]  JLI_Launch+0x7a0
C  [java+0x84c0]  main+0x65
C  [java+0x1a04]  start+0x34
C  0x0000000000000007

Java frames: (J=compiled Java code, j=interpreted, Vv=VM code)
j  jogamp.nativewindow.jawt.macosx.MacOSXJAWTWindow.UnsetJAWTRootSurfaceLayer0(JJ)V+0
j  jogamp.nativewindow.jawt.macosx.MacOSXJAWTWindow.access$200(JJ)V+2
j  jogamp.nativewindow.jawt.macosx.MacOSXJAWTWindow$1.run()V+38
J 2040 C1 com.jogamp.common.util.RunnableTask.run()V (345 bytes) @ 0x0000000110967314 [0x0000000110967180+0x194]
v  ~StubRoutines::call_stub

---------------  P R O C E S S  ---------------

Java Threads: ( => current thread )
  0x00007ff45a863800 JavaThread "Thread-19" [_thread_blocked, id=61235, stack(0x000070000104a000,0x000070000114a000)]
  0x00007ff45b3b0800 JavaThread "Animation Thread" [_thread_blocked, id=58639, stack(0x0000700001765000,0x0000700001865000)]
  0x00007ff45b3af800 JavaThread "AWT-EventQueue-1" [_thread_in_native, id=58915, stack(0x0000700001868000,0x0000700001968000)]
  0x00007ff4598c4000 JavaThread "DestroyJavaVM" [_thread_blocked, id=5891, stack(0x000070000011a000,0x000070000021a000)]
  0x00007ff45a9d8800 JavaThread "AWT-EventQueue-0" [_thread_blocked, id=56839, stack(0x0000700001662000,0x0000700001762000)]
  0x00007ff45a94e800 JavaThread "Java2D Disposer" daemon [_thread_blocked, id=52995, stack(0x00007000013d9000,0x00007000014d9000)]
  0x00007ff45b1eb800 JavaThread "Java2D Queue Flusher" daemon [_thread_blocked, id=49927, stack(0x00007000012d6000,0x00007000013d6000)]
  0x00007ff45a8ba000 JavaThread "AWT-Shutdown" [_thread_blocked, id=29459, stack(0x0000700001150000,0x0000700001250000)]
=>0x00007ff45a8b5800 JavaThread "AWT-AppKit" daemon [_thread_in_native, id=2571, stack(0x00007fff507b6000,0x00007fff50fb6000)]
  0x00007ff45b000000 JavaThread "Service Thread" daemon [_thread_blocked, id=18691, stack(0x0000700000e44000,0x0000700000f44000)]
  0x00007ff45b009000 JavaThread "C1 CompilerThread2" daemon [_thread_blocked, id=18179, stack(0x0000700000d41000,0x0000700000e41000)]
  0x00007ff45b008800 JavaThread "C2 CompilerThread1" daemon [_thread_blocked, id=17667, stack(0x0000700000c3e000,0x0000700000d3e000)]
  0x00007ff45a81b800 JavaThread "C2 CompilerThread0" daemon [_thread_blocked, id=17155, stack(0x0000700000b3b000,0x0000700000c3b000)]
  0x00007ff45a81b000 JavaThread "Signal Dispatcher" daemon [_thread_blocked, id=12815, stack(0x0000700000a38000,0x0000700000b38000)]
  0x00007ff45a053000 JavaThread "Finalizer" daemon [_thread_blocked, id=12291, stack(0x000070000082f000,0x000070000092f000)]
  0x00007ff45a007000 JavaThread "Reference Handler" daemon [_thread_blocked, id=11779, stack(0x000070000072c000,0x000070000082c000)]

Other Threads:
  0x00007ff45b005800 VMThread [stack: 0x0000700000629000,0x0000700000729000] [id=11267]
  0x00007ff45b00a000 WatcherThread [stack: 0x0000700000f47000,0x0000700001047000] [id=19203]

VM state:not at safepoint (normal execution)

VM Mutex/Monitor currently owned by a thread: None

Heap:
 PSYoungGen      total 30208K, used 1313K [0x0000000795580000, 0x0000000798e80000, 0x00000007c0000000)
  eden space 29696K, 4% used [0x0000000795580000,0x00000007956c8728,0x0000000797280000)
  from space 512K, 0% used [0x0000000797300000,0x0000000797300000,0x0000000797380000)
  to   space 14336K, 0% used [0x0000000798080000,0x0000000798080000,0x0000000798e80000)
 ParOldGen       total 56320K, used 15973K [0x0000000740000000, 0x0000000743700000, 0x0000000795580000)
  object space 56320K, 28% used [0x0000000740000000,0x0000000740f996d8,0x0000000743700000)
 Metaspace       used 20994K, capacity 21203K, committed 21552K, reserved 1069056K
  class space    used 2046K, capacity 2112K, committed 2176K, reserved 1048576K

Card table byte_map: [0x000000011fb49000,0x000000011ff4a000] byte_map_base: 0x000000011c149000

Marking Bits: (ParMarkBitMap*) 0x00000001100dee20
 Begin Bits: [0x00000001201f5000, 0x00000001221f5000)
 End Bits:   [0x00000001221f5000, 0x00000001241f5000)

Polling page: 0x000000010efc4000

CodeCache: size=245760Kb used=9162Kb max_used=9166Kb free=236597Kb
 bounds [0x0000000110789000, 0x00000001110a9000, 0x000000011f789000]
 total_blobs=3388 nmethods=2499 adapters=802
 compilation: enabled

Compilation events (10 events):
Event: 58.769 Thread 0x00007ff45b009000 nmethod 2746 0x0000000110d5d590 code [0x0000000110d5d800, 0x0000000110d5eab8]
Event: 58.769 Thread 0x00007ff45b009000 2748       1       sun.java2d.SurfaceData::isValid (5 bytes)
Event: 58.769 Thread 0x00007ff45b008800 2749  s!   4       sun.misc.URLClassPath::getLoader (197 bytes)
Event: 58.770 Thread 0x00007ff45b009000 nmethod 2748 0x0000000110ccaa10 code [0x0000000110ccab60, 0x0000000110ccac70]
Event: 58.772 Thread 0x00007ff45a81b800 2750  s    4       sun.misc.URLClassPath::getNextLoader (88 bytes)
Event: 58.778 Thread 0x00007ff45b008800 nmethod 2749 0x0000000110c5ac90 code [0x0000000110c5ae00, 0x0000000110c5b5d8]
Event: 58.780 Thread 0x00007ff45a81b800 nmethod 2750 0x0000000110c59e90 code [0x0000000110c5a000, 0x0000000110c5a778]
Event: 58.784 Thread 0x00007ff45b009000 2751       3       sun.net.www.protocol.jar.Handler::parseContextSpec (154 bytes)
Event: 58.845 Thread 0x00007ff45b009000 nmethod 2751 0x0000000110cd5f90 code [0x0000000110cd6380, 0x0000000110cd8a68]
Event: 58.845 Thread 0x00007ff45b009000 2752       3       sun.net.www.ParseUtil::canonizeString (195 bytes)

GC Heap History (10 events):
Event: 39.410 GC heap before
{Heap before GC invocations=8 (full 0):
 PSYoungGen      total 34816K, used 34492K [0x0000000795580000, 0x0000000799080000, 0x00000007c0000000)
  eden space 31744K, 100% used [0x0000000795580000,0x0000000797480000,0x0000000797480000)
  from space 3072K, 89% used [0x0000000797500000,0x00000007977af3d0,0x0000000797800000)
  to   space 14336K, 0% used [0x0000000798280000,0x0000000798280000,0x0000000799080000)
 ParOldGen       total 87552K, used 14242K [0x0000000740000000, 0x0000000745580000, 0x0000000795580000)
  object space 87552K, 16% used [0x0000000740000000,0x0000000740de8bb8,0x0000000745580000)
 Metaspace       used 20931K, capacity 21133K, committed 21296K, reserved 1069056K
  class space    used 2037K, capacity 2111K, committed 2176K, reserved 1048576K
Event: 39.414 GC heap after
Heap after GC invocations=8 (full 0):
 PSYoungGen      total 45568K, used 96K [0x0000000795580000, 0x0000000799100000, 0x00000007c0000000)
  eden space 31232K, 0% used [0x0000000795580000,0x0000000795580000,0x0000000797400000)
  from space 14336K, 0% used [0x0000000798280000,0x0000000798298000,0x0000000799080000)
  to   space 14848K, 0% used [0x0000000797400000,0x0000000797400000,0x0000000798280000)
 ParOldGen       total 87552K, used 16899K [0x0000000740000000, 0x0000000745580000, 0x0000000795580000)
  object space 87552K, 19% used [0x0000000740000000,0x0000000741080f98,0x0000000745580000)
 Metaspace       used 20931K, capacity 21133K, committed 21296K, reserved 1069056K
  class space    used 2037K, capacity 2111K, committed 2176K, reserved 1048576K
}
Event: 46.164 GC heap before
{Heap before GC invocations=9 (full 0):
 PSYoungGen      total 45568K, used 31328K [0x0000000795580000, 0x0000000799100000, 0x00000007c0000000)
  eden space 31232K, 100% used [0x0000000795580000,0x0000000797400000,0x0000000797400000)
  from space 14336K, 0% used [0x0000000798280000,0x0000000798298000,0x0000000799080000)
  to   space 14848K, 0% used [0x0000000797400000,0x0000000797400000,0x0000000798280000)
 ParOldGen       total 87552K, used 16899K [0x0000000740000000, 0x0000000745580000, 0x0000000795580000)
  object space 87552K, 19% used [0x0000000740000000,0x0000000741080f98,0x0000000745580000)
 Metaspace       used 20931K, capacity 21133K, committed 21296K, reserved 1069056K
  class space    used 2037K, capacity 2111K, committed 2176K, reserved 1048576K
Event: 46.166 GC heap after
Heap after GC invocations=9 (full 0):
 PSYoungGen      total 31232K, used 96K [0x0000000795580000, 0x0000000799080000, 0x00000007c0000000)
  eden space 30720K, 0% used [0x0000000795580000,0x0000000795580000,0x0000000797380000)
  from space 512K, 18% used [0x0000000797400000,0x0000000797418000,0x0000000797480000)
  to   space 14848K, 0% used [0x0000000798200000,0x0000000798200000,0x0000000799080000)
 ParOldGen       total 87552K, used 16923K [0x0000000740000000, 0x0000000745580000, 0x0000000795580000)
  object space 87552K, 19% used [0x0000000740000000,0x0000000741086f98,0x0000000745580000)
 Metaspace       used 20931K, capacity 21133K, committed 21296K, reserved 1069056K
  class space    used 2037K, capacity 2111K, committed 2176K, reserved 1048576K
}
Event: 52.816 GC heap before
{Heap before GC invocations=10 (full 0):
 PSYoungGen      total 31232K, used 30816K [0x0000000795580000, 0x0000000799080000, 0x00000007c0000000)
  eden space 30720K, 100% used [0x0000000795580000,0x0000000797380000,0x0000000797380000)
  from space 512K, 18% used [0x0000000797400000,0x0000000797418000,0x0000000797480000)
  to   space 14848K, 0% used [0x0000000798200000,0x0000000798200000,0x0000000799080000)
 ParOldGen       total 87552K, used 16923K [0x0000000740000000, 0x0000000745580000, 0x0000000795580000)
  object space 87552K, 19% used [0x0000000740000000,0x0000000741086f98,0x0000000745580000)
 Metaspace       used 20931K, capacity 21133K, committed 21296K, reserved 1069056K
  class space    used 2037K, capacity 2111K, committed 2176K, reserved 1048576K
Event: 52.817 GC heap after
Heap after GC invocations=10 (full 0):
 PSYoungGen      total 44544K, used 96K [0x0000000795580000, 0x0000000799000000, 0x00000007c0000000)
  eden space 30208K, 0% used [0x0000000795580000,0x0000000795580000,0x0000000797300000)
  from space 14336K, 0% used [0x0000000798200000,0x0000000798218000,0x0000000799000000)
  to   space 14848K, 0% used [0x0000000797300000,0x0000000797300000,0x0000000798180000)
 ParOldGen       total 87552K, used 16931K [0x0000000740000000, 0x0000000745580000, 0x0000000795580000)
  object space 87552K, 19% used [0x0000000740000000,0x0000000741088f98,0x0000000745580000)
 Metaspace       used 20931K, capacity 21133K, committed 21296K, reserved 1069056K
  class space    used 2037K, capacity 2111K, committed 2176K, reserved 1048576K
}
Event: 58.785 GC heap before
{Heap before GC invocations=11 (full 0):
 PSYoungGen      total 44544K, used 28963K [0x0000000795580000, 0x0000000799000000, 0x00000007c0000000)
  eden space 30208K, 95% used [0x0000000795580000,0x00000007971b0e58,0x0000000797300000)
  from space 14336K, 0% used [0x0000000798200000,0x0000000798218000,0x0000000799000000)
  to   space 14848K, 0% used [0x0000000797300000,0x0000000797300000,0x0000000798180000)
 ParOldGen       total 87552K, used 16931K [0x0000000740000000, 0x0000000745580000, 0x0000000795580000)
  object space 87552K, 19% used [0x0000000740000000,0x0000000741088f98,0x0000000745580000)
 Metaspace       used 20989K, capacity 21139K, committed 21296K, reserved 1069056K
  class space    used 2043K, capacity 2112K, committed 2176K, reserved 1048576K
Event: 58.787 GC heap after
Heap after GC invocations=11 (full 0):
 PSYoungGen      total 30208K, used 96K [0x0000000795580000, 0x0000000798e80000, 0x00000007c0000000)
  eden space 29696K, 0% used [0x0000000795580000,0x0000000795580000,0x0000000797280000)
  from space 512K, 18% used [0x0000000797300000,0x0000000797318000,0x0000000797380000)
  to   space 14336K, 0% used [0x0000000798080000,0x0000000798080000,0x0000000798e80000)
 ParOldGen       total 87552K, used 16947K [0x0000000740000000, 0x0000000745580000, 0x0000000795580000)
  object space 87552K, 19% used [0x0000000740000000,0x000000074108cf98,0x0000000745580000)
 Metaspace       used 20989K, capacity 21139K, committed 21296K, reserved 1069056K
  class space    used 2043K, capacity 2112K, committed 2176K, reserved 1048576K
}
Event: 58.787 GC heap before
{Heap before GC invocations=12 (full 1):
 PSYoungGen      total 30208K, used 96K [0x0000000795580000, 0x0000000798e80000, 0x00000007c0000000)
  eden space 29696K, 0% used [0x0000000795580000,0x0000000795580000,0x0000000797280000)
  from space 512K, 18% used [0x0000000797300000,0x0000000797318000,0x0000000797380000)
  to   space 14336K, 0% used [0x0000000798080000,0x0000000798080000,0x0000000798e80000)
 ParOldGen       total 87552K, used 16947K [0x0000000740000000, 0x0000000745580000, 0x0000000795580000)
  object space 87552K, 19% used [0x0000000740000000,0x000000074108cf98,0x0000000745580000)
 Metaspace       used 20989K, capacity 21139K, committed 21296K, reserved 1069056K
  class space    used 2043K, capacity 2112K, committed 2176K, reserved 1048576K
Event: 58.845 GC heap after
Heap after GC invocations=12 (full 1):
 PSYoungGen      total 30208K, used 0K [0x0000000795580000, 0x0000000798e80000, 0x00000007c0000000)
  eden space 29696K, 0% used [0x0000000795580000,0x0000000795580000,0x0000000797280000)
  from space 512K, 0% used [0x0000000797300000,0x0000000797300000,0x0000000797380000)
  to   space 14336K, 0% used [0x0000000798080000,0x0000000798080000,0x0000000798e80000)
 ParOldGen       total 56320K, used 15973K [0x0000000740000000, 0x0000000743700000, 0x0000000795580000)
  object space 56320K, 28% used [0x0000000740000000,0x0000000740f996d8,0x0000000743700000)
 Metaspace       used 20989K, capacity 21139K, committed 21296K, reserved 1069056K
  class space    used 2043K, capacity 2112K, committed 2176K, reserved 1048576K
}

Deoptimization events (10 events):
Event: 58.751 Thread 0x00007ff45a9d8800 Uncommon trap: reason=unstable_if action=reinterpret pc=0x0000000111061d90 method=sun.lwawt.LWContainerPeer.cutChildren(Lsun/java2d/pipe/Region;Lsun/lwawt/LWComponentPeer;)Lsun/java2d/pipe/Region; @ 67
Event: 58.751 Thread 0x00007ff45a9d8800 Uncommon trap: reason=unstable_if action=reinterpret pc=0x0000000110cbafac method=sun.java2d.SunGraphics2D.validateCompClip()V @ 9
Event: 58.752 Thread 0x00007ff45a9d8800 Uncommon trap: reason=class_check action=maybe_recompile pc=0x0000000110b6a350 method=java.util.Arrays.copyOf([Ljava/lang/Object;ILjava/lang/Class;)[Ljava/lang/Object; @ 24
Event: 58.753 Thread 0x00007ff45a9d8800 Uncommon trap: reason=unstable_if action=reinterpret pc=0x000000011106ac38 method=sun.java2d.pipe.Region.intersectsQuickCheck(Lsun/java2d/pipe/Region;)Z @ 41
Event: 58.753 Thread 0x00007ff45a9d8800 Uncommon trap: reason=unstable_if action=reinterpret pc=0x0000000110b4f4dc method=java.awt.font.FontRenderContext.equals(Ljava/awt/font/FontRenderContext;)Z @ 2
Event: 58.766 Thread 0x00007ff45b20d800 Uncommon trap: reason=unstable_if action=reinterpret pc=0x0000000110c567e8 method=java.util.HashMap.putVal(ILjava/lang/Object;Ljava/lang/Object;ZZ)Ljava/lang/Object; @ 81
Event: 58.766 Thread 0x00007ff45b20d800 Uncommon trap: reason=unstable_if action=reinterpret pc=0x0000000110c36e00 method=java.util.HashMap.putVal(ILjava/lang/Object;Ljava/lang/Object;ZZ)Ljava/lang/Object; @ 81
Event: 58.784 Thread 0x00007ff45b3af800 Uncommon trap: reason=unstable_if action=reinterpret pc=0x000000011102d358 method=java.util.LinkedList$ListItr.<init>(Ljava/util/LinkedList;I)V @ 26
Event: 58.785 Thread 0x00007ff45b3af800 Uncommon trap: reason=unstable_if action=reinterpret pc=0x0000000110ff745c method=java.security.AccessControlContext.optimize()Ljava/security/AccessControlContext; @ 233
Event: 58.845 Thread 0x00007ff45b3af800 Uncommon trap: reason=unstable_if action=reinterpret pc=0x000000011102d884 method=java.util.LinkedList$ListItr.<init>(Ljava/util/LinkedList;I)V @ 26

Internal exceptions (10 events):
Event: 0.150 Thread 0x00007ff45a00a000 Exception <a 'java/lang/NoSuchFieldError': method resolution failed> (0x000000079582ae30) thrown at [/Users/java_re/workspace/8-2-build-macosx-x86_64/jdk8u65/4987/hotspot/src/share/vm/prims/methodHandles.cpp, line 1146]
Event: 0.151 Thread 0x00007ff45a00a000 Exception <a 'java/lang/NoSuchFieldError': method resolution failed> (0x0000000795838600) thrown at [/Users/java_re/workspace/8-2-build-macosx-x86_64/jdk8u65/4987/hotspot/src/share/vm/prims/methodHandles.cpp, line 1146]
Event: 0.283 Thread 0x00007ff45a00a000 Exception <a 'java/io/FileNotFoundException'> (0x00000007958b4430) thrown at [/Users/java_re/workspace/8-2-build-macosx-x86_64/jdk8u65/4987/hotspot/src/share/vm/prims/jni.cpp, line 709]
Event: 0.283 Thread 0x00007ff45a00a000 Exception <a 'java/io/FileNotFoundException'> (0x00000007958b4fb8) thrown at [/Users/java_re/workspace/8-2-build-macosx-x86_64/jdk8u65/4987/hotspot/src/share/vm/prims/jni.cpp, line 709]
Event: 0.372 Thread 0x00007ff45a00a000 Exception <a 'java/io/FileNotFoundException'> (0x00000007959f0ea0) thrown at [/Users/java_re/workspace/8-2-build-macosx-x86_64/jdk8u65/4987/hotspot/src/share/vm/prims/jni.cpp, line 709]
Event: 1.561 Thread 0x00007ff45b3b0800 Exception <a 'java/lang/UnsatisfiedLinkError': com.jogamp.common.util.JarUtil.fixNativeLibAttribs(Ljava/lang/String;)Z> (0x0000000796b1fbf8) thrown at [/Users/java_re/workspace/8-2-build-macosx-x86_64/jdk8u65/4987/hotspot/src/share/vm/prims/nativeLookup.c
Event: 1.838 Thread 0x00007ff45a053000 Exception <a 'java/lang/NullPointerException'> (0x00000007956a6080) thrown at [/Users/java_re/workspace/8-2-build-macosx-x86_64/jdk8u65/4987/hotspot/src/share/vm/interpreter/linkResolver.cpp, line 1178]
Event: 2.318 Thread 0x00007ff45b3af800 Exception <a 'java/io/FileNotFoundException'> (0x0000000795e73690) thrown at [/Users/java_re/workspace/8-2-build-macosx-x86_64/jdk8u65/4987/hotspot/src/share/vm/prims/jni.cpp, line 709]
Event: 2.318 Thread 0x00007ff45b3af800 Exception <a 'java/io/FileNotFoundException'> (0x0000000795e79a20) thrown at [/Users/java_re/workspace/8-2-build-macosx-x86_64/jdk8u65/4987/hotspot/src/share/vm/prims/jni.cpp, line 709]
Event: 2.319 Thread 0x00007ff45b3af800 Implicit null exception at 0x000000011092c675 to 0x000000011092c9d9

Events (10 events):
Event: 58.785 loading class java/awt/LightweightDispatcher$2
Event: 58.785 Executing VM operation: CollectForMetadataAllocation
Event: 58.845 Executing VM operation: CollectForMetadataAllocation done
Event: 58.845 loading class java/awt/LightweightDispatcher$2 done
Event: 58.845 loading class java/awt/event/AWTEventListenerProxy
Event: 58.845 loading class java/awt/event/AWTEventListenerProxy done
Event: 58.845 loading class java/awt/Toolkit$ToolkitEventMulticaster
Event: 58.845 loading class java/awt/Toolkit$ToolkitEventMulticaster done
Event: 58.845 Thread 0x00007ff45b3af800 Uncommon trap: trap_request=0xffffff65 fr.pc=0x000000011102d884
Event: 58.845 Thread 0x00007ff45b3af800 DEOPT PACKING pc=0x000000011102d884 sp=0x0000700001965830


Dynamic libraries:
0x000000000b332000 	/System/Library/Frameworks/Cocoa.framework/Versions/A/Cocoa
0x000000000b332000 	/System/Library/Frameworks/Security.framework/Versions/A/Security
0x000000000b332000 	/System/Library/Frameworks/ApplicationServices.framework/Versions/A/ApplicationServices
0x000000000b332000 	/usr/lib/libz.1.dylib
0x000000000b332000 	/usr/lib/libSystem.B.dylib
0x000000000b332000 	/usr/lib/libobjc.A.dylib
0x000000000b332000 	/System/Library/Frameworks/CoreFoundation.framework/Versions/A/CoreFoundation
0x000000000b332000 	/System/Library/Frameworks/Foundation.framework/Versions/C/Foundation
0x000000000b332000 	/System/Library/Frameworks/AppKit.framework/Versions/C/AppKit
0x000000000b332000 	/System/Library/Frameworks/CoreData.framework/Versions/A/CoreData
0x000000000b332000 	/System/Library/PrivateFrameworks/RemoteViewServices.framework/Versions/A/RemoteViewServices
0x000000000b332000 	/System/Library/PrivateFrameworks/UIFoundation.framework/Versions/A/UIFoundation
0x000000000b332000 	/usr/lib/libScreenReader.dylib
0x000000000b332000 	/System/Library/Frameworks/Accelerate.framework/Versions/A/Accelerate
0x000000000b332000 	/System/Library/Frameworks/IOSurface.framework/Versions/A/IOSurface
0x000000000b332000 	/System/Library/Frameworks/AudioToolbox.framework/Versions/A/AudioToolbox
0x000000000b332000 	/System/Library/Frameworks/AudioUnit.framework/Versions/A/AudioUnit
0x000000000b332000 	/System/Library/PrivateFrameworks/DataDetectorsCore.framework/Versions/A/DataDetectorsCore
0x000000000b332000 	/System/Library/PrivateFrameworks/DesktopServicesPriv.framework/Versions/A/DesktopServicesPriv
0x000000000b332000 	/System/Library/Frameworks/Carbon.framework/Versions/A/Frameworks/HIToolbox.framework/Versions/A/HIToolbox
0x000000000b332000 	/System/Library/Frameworks/QuartzCore.framework/Versions/A/QuartzCore
0x000000000b332000 	/System/Library/Frameworks/Carbon.framework/Versions/A/Frameworks/SpeechRecognition.framework/Versions/A/SpeechRecognition
0x000000000b332000 	/usr/lib/libauto.dylib
0x000000000b332000 	/usr/lib/libicucore.A.dylib
0x000000000b332000 	/usr/lib/libxml2.2.dylib
0x000000000b332000 	/System/Library/PrivateFrameworks/CoreUI.framework/Versions/A/CoreUI
0x000000000b332000 	/System/Library/Frameworks/CoreAudio.framework/Versions/A/CoreAudio
0x000000000b332000 	/System/Library/Frameworks/DiskArbitration.framework/Versions/A/DiskArbitration
0x000000000b332000 	/usr/lib/liblangid.dylib
0x000000000b332000 	/System/Library/PrivateFrameworks/MultitouchSupport.framework/Versions/A/MultitouchSupport
0x000000000b332000 	/System/Library/Frameworks/IOKit.framework/Versions/A/IOKit
0x000000000b332000 	/usr/lib/libDiagnosticMessagesClient.dylib
0x000000000b332000 	/System/Library/Frameworks/CoreServices.framework/Versions/A/CoreServices
0x000000000b332000 	/System/Library/PrivateFrameworks/PerformanceAnalysis.framework/Versions/A/PerformanceAnalysis
0x000000000b332000 	/System/Library/PrivateFrameworks/GenerationalStorage.framework/Versions/A/GenerationalStorage
0x000000000b332000 	/System/Library/Frameworks/OpenGL.framework/Versions/A/OpenGL
0x000000000b332000 	/System/Library/PrivateFrameworks/Sharing.framework/Versions/A/Sharing
0x000000000b332000 	/System/Library/Frameworks/CoreGraphics.framework/Versions/A/CoreGraphics
0x000000000b332000 	/System/Library/Frameworks/CoreImage.framework/Versions/A/CoreImage
0x000000000b332000 	/System/Library/Frameworks/CoreText.framework/Versions/A/CoreText
0x000000000b332000 	/System/Library/Frameworks/ImageIO.framework/Versions/A/ImageIO
0x000000000b332000 	/System/Library/PrivateFrameworks/Backup.framework/Versions/A/Backup
0x000000000b332000 	/usr/lib/libextension.dylib
0x000000000b332000 	/usr/lib/libarchive.2.dylib
0x000000000b332000 	/System/Library/Frameworks/CFNetwork.framework/Versions/A/CFNetwork
0x000000000b332000 	/System/Library/Frameworks/SystemConfiguration.framework/Versions/A/SystemConfiguration
0x000000000b332000 	/usr/lib/libCRFSuite.dylib
0x000000000b332000 	/usr/lib/libc++.1.dylib
0x000000000b332000 	/usr/lib/libc++abi.dylib
0x000000000b332000 	/usr/lib/system/libcache.dylib
0x000000000b332000 	/usr/lib/system/libcommonCrypto.dylib
0x000000000b332000 	/usr/lib/system/libcompiler_rt.dylib
0x000000000b332000 	/usr/lib/system/libcopyfile.dylib
0x000000000b332000 	/usr/lib/system/libcorecrypto.dylib
0x000000000b332000 	/usr/lib/system/libdispatch.dylib
0x000000000b332000 	/usr/lib/system/libdyld.dylib
0x000000000b332000 	/usr/lib/system/libkeymgr.dylib
0x000000000b332000 	/usr/lib/system/liblaunch.dylib
0x000000000b332000 	/usr/lib/system/libmacho.dylib
0x000000000b332000 	/usr/lib/system/libquarantine.dylib
0x000000000b332000 	/usr/lib/system/libremovefile.dylib
0x000000000b332000 	/usr/lib/system/libsystem_asl.dylib
0x000000000b332000 	/usr/lib/system/libsystem_blocks.dylib
0x000000000b332000 	/usr/lib/system/libsystem_c.dylib
0x000000000b332000 	/usr/lib/system/libsystem_configuration.dylib
0x000000000b332000 	/usr/lib/system/libsystem_coreservices.dylib
0x000000000b332000 	/usr/lib/system/libsystem_coretls.dylib
0x000000000b332000 	/usr/lib/system/libsystem_dnssd.dylib
0x000000000b332000 	/usr/lib/system/libsystem_info.dylib
0x000000000b332000 	/usr/lib/system/libsystem_kernel.dylib
0x000000000b332000 	/usr/lib/system/libsystem_m.dylib
0x000000000b332000 	/usr/lib/system/libsystem_malloc.dylib
0x000000000b332000 	/usr/lib/system/libsystem_network.dylib
0x000000000b332000 	/usr/lib/system/libsystem_networkextension.dylib
0x000000000b332000 	/usr/lib/system/libsystem_notify.dylib
0x000000000b332000 	/usr/lib/system/libsystem_platform.dylib
0x000000000b332000 	/usr/lib/system/libsystem_pthread.dylib
0x000000000b332000 	/usr/lib/system/libsystem_sandbox.dylib
0x000000000b332000 	/usr/lib/system/libsystem_secinit.dylib
0x000000000b332000 	/usr/lib/system/libsystem_trace.dylib
0x000000000b332000 	/usr/lib/system/libunc.dylib
0x000000000b332000 	/usr/lib/system/libunwind.dylib
0x000000000b332000 	/usr/lib/system/libxpc.dylib
0x000000000b332000 	/usr/lib/libenergytrace.dylib
0x000000000b332000 	/usr/lib/libbsm.0.dylib
0x000000000b332000 	/usr/lib/system/libkxld.dylib
0x000000000b332000 	/usr/lib/libxar.1.dylib
0x000000000b332000 	/usr/lib/libsqlite3.dylib
0x000000000b332000 	/usr/lib/libpam.2.dylib
0x000000000b332000 	/usr/lib/libOpenScriptingUtil.dylib
0x000000000b332000 	/usr/lib/libbz2.1.0.dylib
0x000000000b332000 	/usr/lib/liblzma.5.dylib
0x000000000b332000 	/System/Library/Frameworks/CoreServices.framework/Versions/A/Frameworks/FSEvents.framework/Versions/A/FSEvents
0x000000000b332000 	/System/Library/Frameworks/CoreServices.framework/Versions/A/Frameworks/CarbonCore.framework/Versions/A/CarbonCore
0x000000000b332000 	/System/Library/Frameworks/CoreServices.framework/Versions/A/Frameworks/Metadata.framework/Versions/A/Metadata
0x000000000b332000 	/System/Library/Frameworks/CoreServices.framework/Versions/A/Frameworks/OSServices.framework/Versions/A/OSServices
0x000000000b332000 	/System/Library/Frameworks/CoreServices.framework/Versions/A/Frameworks/SearchKit.framework/Versions/A/SearchKit
0x000000000b332000 	/System/Library/Frameworks/CoreServices.framework/Versions/A/Frameworks/AE.framework/Versions/A/AE
0x000000000b332000 	/System/Library/Frameworks/CoreServices.framework/Versions/A/Frameworks/LaunchServices.framework/Versions/A/LaunchServices
0x000000000b332000 	/System/Library/Frameworks/CoreServices.framework/Versions/A/Frameworks/DictionaryServices.framework/Versions/A/DictionaryServices
0x000000000b332000 	/System/Library/Frameworks/CoreServices.framework/Versions/A/Frameworks/SharedFileList.framework/Versions/A/SharedFileList
0x000000000b332000 	/System/Library/Frameworks/NetFS.framework/Versions/A/NetFS
0x000000000b332000 	/System/Library/PrivateFrameworks/NetAuth.framework/Versions/A/NetAuth
0x000000000b332000 	/System/Library/PrivateFrameworks/login.framework/Versions/A/Frameworks/loginsupport.framework/Versions/A/loginsupport
0x000000000b332000 	/System/Library/PrivateFrameworks/TCC.framework/Versions/A/TCC
0x000000000b332000 	/usr/lib/libmecabra.dylib
0x000000000b332000 	/System/Library/Frameworks/ApplicationServices.framework/Versions/A/Frameworks/ATS.framework/Versions/A/ATS
0x000000000b332000 	/System/Library/Frameworks/ApplicationServices.framework/Versions/A/Frameworks/ColorSync.framework/Versions/A/ColorSync
0x000000000b332000 	/System/Library/Frameworks/ApplicationServices.framework/Versions/A/Frameworks/HIServices.framework/Versions/A/HIServices
0x000000000b332000 	/System/Library/Frameworks/ApplicationServices.framework/Versions/A/Frameworks/LangAnalysis.framework/Versions/A/LangAnalysis
0x000000000b332000 	/System/Library/Frameworks/ApplicationServices.framework/Versions/A/Frameworks/PrintCore.framework/Versions/A/PrintCore
0x000000000b332000 	/System/Library/Frameworks/ApplicationServices.framework/Versions/A/Frameworks/QD.framework/Versions/A/QD
0x000000000b332000 	/System/Library/Frameworks/ApplicationServices.framework/Versions/A/Frameworks/SpeechSynthesis.framework/Versions/A/SpeechSynthesis
0x000000000b332000 	/System/Library/Frameworks/Metal.framework/Versions/A/Metal
0x000000000b332000 	/System/Library/Frameworks/Accelerate.framework/Versions/A/Frameworks/vImage.framework/Versions/A/vImage
0x000000000b332000 	/System/Library/Frameworks/Accelerate.framework/Versions/A/Frameworks/vecLib.framework/Versions/A/vecLib
0x000000000b332000 	/System/Library/Frameworks/Accelerate.framework/Versions/A/Frameworks/vecLib.framework/Versions/A/libvDSP.dylib
0x000000000b332000 	/System/Library/Frameworks/Accelerate.framework/Versions/A/Frameworks/vecLib.framework/Versions/A/libvMisc.dylib
0x000000000b332000 	/System/Library/Frameworks/Accelerate.framework/Versions/A/Frameworks/vecLib.framework/Versions/A/libLAPACK.dylib
0x000000000b332000 	/System/Library/Frameworks/Accelerate.framework/Versions/A/Frameworks/vecLib.framework/Versions/A/libBLAS.dylib
0x000000000b332000 	/System/Library/Frameworks/Accelerate.framework/Versions/A/Frameworks/vecLib.framework/Versions/A/libLinearAlgebra.dylib
0x000000000b332000 	/System/Library/Frameworks/Accelerate.framework/Versions/A/Frameworks/vecLib.framework/Versions/A/libSparseBLAS.dylib
0x000000000b332000 	/System/Library/PrivateFrameworks/GPUCompiler.framework/libmetal_timestamp.dylib
0x000000000b332000 	/System/Library/Frameworks/OpenGL.framework/Versions/A/Libraries/libCoreFSCache.dylib
0x000000000b332000 	/System/Library/PrivateFrameworks/IOAccelerator.framework/Versions/A/IOAccelerator
0x000000000b332000 	/System/Library/Frameworks/ApplicationServices.framework/Versions/A/Frameworks/ATS.framework/Versions/A/Resources/libFontParser.dylib
0x000000000b332000 	/System/Library/Frameworks/ApplicationServices.framework/Versions/A/Frameworks/ATS.framework/Versions/A/Resources/libFontRegistry.dylib
0x000000000b332000 	/System/Library/PrivateFrameworks/AppleVPA.framework/Versions/A/AppleVPA
0x000000000b332000 	/System/Library/PrivateFrameworks/AppleJPEG.framework/Versions/A/AppleJPEG
0x000000000b332000 	/System/Library/Frameworks/ImageIO.framework/Versions/A/Resources/libJPEG.dylib
0x000000000b332000 	/System/Library/Frameworks/ImageIO.framework/Versions/A/Resources/libTIFF.dylib
0x000000000b332000 	/System/Library/Frameworks/ImageIO.framework/Versions/A/Resources/libPng.dylib
0x000000000b332000 	/System/Library/Frameworks/ImageIO.framework/Versions/A/Resources/libGIF.dylib
0x000000000b332000 	/System/Library/Frameworks/ImageIO.framework/Versions/A/Resources/libJP2.dylib
0x000000000b332000 	/System/Library/Frameworks/ImageIO.framework/Versions/A/Resources/libRadiance.dylib
0x000000000b332000 	/System/Library/Frameworks/CoreVideo.framework/Versions/A/CoreVideo
0x000000000b332000 	/System/Library/Frameworks/OpenGL.framework/Versions/A/Libraries/libGLU.dylib
0x000000000b332000 	/System/Library/Frameworks/OpenGL.framework/Versions/A/Libraries/libGFXShared.dylib
0x000000000b332000 	/System/Library/Frameworks/OpenGL.framework/Versions/A/Libraries/libGL.dylib
0x000000000b332000 	/System/Library/Frameworks/OpenGL.framework/Versions/A/Libraries/libGLImage.dylib
0x000000000b332000 	/System/Library/Frameworks/OpenGL.framework/Versions/A/Libraries/libCVMSPluginSupport.dylib
0x000000000b332000 	/System/Library/Frameworks/OpenGL.framework/Versions/A/Libraries/libCoreVMClient.dylib
0x000000000b332000 	/usr/lib/libcups.2.dylib
0x000000000b332000 	/System/Library/Frameworks/Kerberos.framework/Versions/A/Kerberos
0x000000000b332000 	/System/Library/Frameworks/GSS.framework/Versions/A/GSS
0x000000000b332000 	/usr/lib/libresolv.9.dylib
0x000000000b332000 	/usr/lib/libiconv.2.dylib
0x000000000b332000 	/System/Library/PrivateFrameworks/Heimdal.framework/Versions/A/Heimdal
0x000000000b332000 	/usr/lib/libheimdal-asn1.dylib
0x000000000b332000 	/System/Library/Frameworks/OpenDirectory.framework/Versions/A/OpenDirectory
0x000000000b332000 	/System/Library/PrivateFrameworks/CommonAuth.framework/Versions/A/CommonAuth
0x000000000b332000 	/System/Library/Frameworks/OpenDirectory.framework/Versions/A/Frameworks/CFOpenDirectory.framework/Versions/A/CFOpenDirectory
0x000000000b332000 	/System/Library/Frameworks/SecurityFoundation.framework/Versions/A/SecurityFoundation
0x000000000b332000 	/System/Library/PrivateFrameworks/LanguageModeling.framework/Versions/A/LanguageModeling
0x000000000b332000 	/usr/lib/libmarisa.dylib
0x000000000b332000 	/usr/lib/libChineseTokenizer.dylib
0x000000000b332000 	/usr/lib/libcmph.dylib
0x000000000b332000 	/usr/lib/libcompression.dylib
0x000000000b332000 	/System/Library/Frameworks/ServiceManagement.framework/Versions/A/ServiceManagement
0x000000000b332000 	/usr/lib/libxslt.1.dylib
0x000000000b332000 	/System/Library/Frameworks/Carbon.framework/Versions/A/Frameworks/Ink.framework/Versions/A/Ink
0x000000000b332000 	/usr/lib/libFosl_dynamic.dylib
0x000000000b332000 	/System/Library/PrivateFrameworks/FaceCore.framework/Versions/A/FaceCore
0x000000000b332000 	/System/Library/Frameworks/OpenCL.framework/Versions/A/OpenCL
0x000000000b332000 	/System/Library/PrivateFrameworks/CrashReporterSupport.framework/Versions/A/CrashReporterSupport
0x000000000b332000 	/System/Library/PrivateFrameworks/IconServices.framework/Versions/A/IconServices
0x000000000b332000 	/System/Library/PrivateFrameworks/Apple80211.framework/Versions/A/Apple80211
0x000000000b332000 	/System/Library/Frameworks/CoreWLAN.framework/Versions/A/CoreWLAN
0x000000000b332000 	/System/Library/Frameworks/IOBluetooth.framework/Versions/A/IOBluetooth
0x000000000b332000 	/System/Library/PrivateFrameworks/CoreWiFi.framework/Versions/A/CoreWiFi
0x000000000b332000 	/System/Library/Frameworks/CoreBluetooth.framework/Versions/A/CoreBluetooth
0x000000000b332000 	/System/Library/PrivateFrameworks/ChunkingLibrary.framework/Versions/A/ChunkingLibrary
0x000000000b332000 	/System/Library/PrivateFrameworks/DebugSymbols.framework/Versions/A/DebugSymbols
0x000000000b332000 	/System/Library/PrivateFrameworks/CoreSymbolication.framework/Versions/A/CoreSymbolication
0x000000000b332000 	/System/Library/PrivateFrameworks/Symbolication.framework/Versions/A/Symbolication
0x000000000b332000 	/System/Library/PrivateFrameworks/SpeechRecognitionCore.framework/Versions/A/SpeechRecognitionCore
0x000000010f800000 	/Library/Java/JavaVirtualMachines/jdk1.8.0_65.jdk/Contents/Home/jre/lib/server/libjvm.dylib
0x000000010eeca000 	/usr/lib/libstdc++.6.dylib
0x000000010ef81000 	/Library/Java/JavaVirtualMachines/jdk1.8.0_65.jdk/Contents/Home/jre/lib/libverify.dylib
0x000000010ef8f000 	/Library/Java/JavaVirtualMachines/jdk1.8.0_65.jdk/Contents/Home/jre/lib/libjava.dylib
0x000000010efce000 	/Library/Java/JavaVirtualMachines/jdk1.8.0_65.jdk/Contents/Home/jre/lib/libzip.dylib
0x00000001260c3000 	/System/Library/Frameworks/JavaVM.framework/Frameworks/JavaRuntimeSupport.framework/JavaRuntimeSupport
0x00000001260de000 	/System/Library/Frameworks/JavaVM.framework/Versions/A/Frameworks/JavaNativeFoundation.framework/Versions/A/JavaNativeFoundation
0x00000001260f3000 	/System/Library/Frameworks/JavaVM.framework/Versions/A/JavaVM
0x000000000b332000 	/System/Library/Frameworks/Carbon.framework/Versions/A/Carbon
0x0000000126100000 	/System/Library/PrivateFrameworks/JavaLaunching.framework/Versions/A/JavaLaunching
0x000000000b332000 	/System/Library/Frameworks/Carbon.framework/Versions/A/Frameworks/CommonPanels.framework/Versions/A/CommonPanels
0x000000000b332000 	/System/Library/Frameworks/Carbon.framework/Versions/A/Frameworks/Help.framework/Versions/A/Help
0x000000000b332000 	/System/Library/Frameworks/Carbon.framework/Versions/A/Frameworks/ImageCapture.framework/Versions/A/ImageCapture
0x000000000b332000 	/System/Library/Frameworks/Carbon.framework/Versions/A/Frameworks/OpenScripting.framework/Versions/A/OpenScripting
0x000000000b332000 	/System/Library/Frameworks/Carbon.framework/Versions/A/Frameworks/Print.framework/Versions/A/Print
0x000000000b332000 	/System/Library/Frameworks/Carbon.framework/Versions/A/Frameworks/SecurityHI.framework/Versions/A/SecurityHI
0x0000000127a23000 	/Library/Java/JavaVirtualMachines/jdk1.8.0_65.jdk/Contents/Home/jre/lib/libawt.dylib
0x0000000127acb000 	/Library/Java/JavaVirtualMachines/jdk1.8.0_65.jdk/Contents/Home/jre/lib/./libmlib_image.dylib
0x0000000127b97000 	/Library/Java/JavaVirtualMachines/jdk1.8.0_65.jdk/Contents/Home/jre/lib/libawt_lwawt.dylib
0x0000000127c4c000 	/Library/Java/JavaVirtualMachines/jdk1.8.0_65.jdk/Contents/Home/jre/lib/./libosxapp.dylib
0x000000000b332000 	/System/Library/Frameworks/ExceptionHandling.framework/Versions/A/ExceptionHandling
0x000000000b332000 	/System/Library/PrivateFrameworks/CoreServicesInternal.framework/Versions/A/CoreServicesInternal
0x000000000b332000 	/System/Library/Frameworks/CoreGraphics.framework/Versions/A/Resources/libRIP.A.dylib
0x0000000128728000 	/System/Library/Frameworks/Accelerate.framework/Frameworks/vImage.framework/Versions/A/Libraries/libCGInterfaces.dylib
0x000000000b332000 	/System/Library/Frameworks/CoreGraphics.framework/Versions/A/Resources/libCGXType.A.dylib
0x000000000b332000 	/System/Library/Frameworks/OpenCL.framework/Versions/A/Libraries/libcldcpuengine.dylib
0x000000000b332000 	/System/Library/PrivateFrameworks/DiskImages.framework/Versions/A/DiskImages
0x000000000b332000 	/System/Library/Frameworks/DiscRecording.framework/Versions/A/DiscRecording
0x000000000b332000 	/usr/lib/libcsfde.dylib
0x000000000b332000 	/usr/lib/libcurl.4.dylib
0x000000000b332000 	/System/Library/PrivateFrameworks/MediaKit.framework/Versions/A/MediaKit
0x000000000b332000 	/System/Library/PrivateFrameworks/ProtectedCloudStorage.framework/Versions/A/ProtectedCloudStorage
0x000000000b332000 	/usr/lib/libCoreStorage.dylib
0x000000000b332000 	/System/Library/PrivateFrameworks/EFILogin.framework/Versions/A/EFILogin
0x000000000b332000 	/usr/lib/libutil.dylib
0x000000000b332000 	/System/Library/PrivateFrameworks/FindMyDevice.framework/Versions/A/FindMyDevice
0x000000000b332000 	/System/Library/Frameworks/LDAP.framework/Versions/A/LDAP
0x000000000b332000 	/usr/lib/libsasl2.2.dylib
0x000000000b332000 	/System/Library/PrivateFrameworks/CoreDaemon.framework/Versions/B/CoreDaemon
0x000000000b332000 	/usr/lib/libcrypto.0.9.8.dylib
0x000000000b332000 	/System/Library/PrivateFrameworks/AppleSRP.framework/Versions/A/AppleSRP
0x000000000b332000 	/System/Library/PrivateFrameworks/TrustEvaluationAgent.framework/Versions/A/TrustEvaluationAgent
0x000000012946c000 	cl_kernels
0x000000000b332000 	/System/Library/Frameworks/OpenCL.framework/Versions/A/Libraries/ImageFormats/unorm8_bgra.dylib
0x000000000b332000 	/System/Library/Frameworks/OpenCL.framework/Versions/A/Libraries/ImageFormats/unorm8_rgba.dylib
0x000000000b332000 	/System/Library/PrivateFrameworks/FamilyControls.framework/Versions/A/FamilyControls
0x000000000b332000 	/System/Library/PrivateFrameworks/CommerceKit.framework/Versions/A/Frameworks/CommerceCore.framework/Versions/A/CommerceCore
0x000000000b332000 	/System/Library/PrivateFrameworks/SystemAdministration.framework/Versions/A/SystemAdministration
0x000000000b332000 	/System/Library/PrivateFrameworks/AppContainer.framework/Versions/A/AppContainer
0x000000000b332000 	/System/Library/PrivateFrameworks/SecCodeWrapper.framework/Versions/A/SecCodeWrapper
0x000000000b332000 	/System/Library/Frameworks/DirectoryService.framework/Versions/A/DirectoryService
0x000000000b332000 	/System/Library/PrivateFrameworks/LoginUIKit.framework/Versions/A/Frameworks/LoginUICore.framework/Versions/A/LoginUICore
0x000000000b332000 	/usr/lib/libodfde.dylib
0x000000012a4fc000 	/System/Library/Frameworks/OpenGL.framework/Resources/GLEngine.bundle/GLEngine
0x000000000b332000 	/System/Library/Frameworks/OpenGL.framework/Versions/A/Libraries/libGLProgrammability.dylib
0x000000012a6e4000 	/System/Library/Extensions/AppleIntelHD5000GraphicsGLDriver.bundle/Contents/MacOS/AppleIntelHD5000GraphicsGLDriver
0x000000000b332000 	/System/Library/PrivateFrameworks/GPUSupport.framework/Versions/A/Libraries/libGPUSupportMercury.dylib
0x000000012ae34000 	/System/Library/Frameworks/OpenGL.framework/Resources//GLRendererFloat.bundle/GLRendererFloat
0x000000012b708000 	/Library/Java/JavaVirtualMachines/jdk1.8.0_65.jdk/Contents/Home/jre/lib/libfontmanager.dylib
0x000000012cba8000 	/Library/Java/JavaVirtualMachines/jdk1.8.0_65.jdk/Contents/Home/jre/lib/libosxui.dylib
0x000000012d8d9000 	/Library/Java/JavaVirtualMachines/jdk1.8.0_65.jdk/Contents/Home/jre/lib/libnet.dylib
0x000000012d689000 	/Library/Java/JavaVirtualMachines/jdk1.8.0_65.jdk/Contents/Home/jre/lib/libnio.dylib
0x000000000b332000 	/System/Library/Frameworks/ApplicationServices.framework/Versions/A/Frameworks/ATS.framework/Versions/A/Resources/libTrueTypeScaler.dylib
0x000000017e801000 	/System/Library/Extensions/AppleIntelHD5000GraphicsMTLDriver.bundle/Contents/MacOS/AppleIntelHD5000GraphicsMTLDriver
0x0000000128a19000 	/private/var/folders/94/qhk8wx9560913pcr_k2txvfh0000gn/T/jogamp_0000/file_cache/jln5776460379556340267/jln5893717541367968322/libgluegen-rt.jnilib
0x0000000128a1e000 	/private/var/folders/94/qhk8wx9560913pcr_k2txvfh0000gn/T/jogamp_0000/file_cache/jln5776460379556340267/jln5893717541367968322/libnativewindow_awt.jnilib
0x0000000128a21000 	/Library/Java/JavaVirtualMachines/jdk1.8.0_65.jdk/Contents/Home/jre/lib/libjawt.dylib
0x0000000128a24000 	/private/var/folders/94/qhk8wx9560913pcr_k2txvfh0000gn/T/jogamp_0000/file_cache/jln5776460379556340267/jln5893717541367968322/libnativewindow_macosx.jnilib
0x00000001804f1000 	/private/var/folders/94/qhk8wx9560913pcr_k2txvfh0000gn/T/jogamp_0000/file_cache/jln5776460379556340267/jln5893717541367968322/libjogl_desktop.jnilib
0x0000000183395000 	/Library/Java/JavaVirtualMachines/jdk1.8.0_65.jdk/Contents/Home/jre/lib/libt2k.dylib

VM Arguments:
jvm_args: -Djava.security.policy=java.policy.applet -Dfile.encoding=UTF-8 
java_command: sun.applet.AppletViewer module4.EarthquakeCityMap1450123638977.html
java_class_path (initial): /Users/karenblakemore/Java/workspace/UCSDUnfoldingMaps/build:/Users/karenblakemore/Java/workspace/UCSDUnfoldingMaps/lib/core.jar:/Users/karenblakemore/Java/workspace/UCSDUnfoldingMaps/lib/gluegen-rt.jar:/Users/karenblakemore/Java/workspace/UCSDUnfoldingMaps/lib/jogl-all.jar:/Users/karenblakemore/Java/workspace/UCSDUnfoldingMaps/lib/log4j-1.2.15.jar:/Users/karenblakemore/Java/workspace/UCSDUnfoldingMaps/lib/sqlite-jdbc-3.7.2.jar:/Users/karenblakemore/Java/workspace/UCSDUnfoldingMaps/lib/json4processing.jar:/Users/karenblakemore/Java/workspace/UCSDUnfoldingMaps/lib/libTUIO.jar:/Users/karenblakemore/Java/workspace/UCSDUnfoldingMaps/lib/unfolding.0.9.7-uscd.jar
Launcher Type: SUN_STANDARD

Environment Variables:
PATH=/usr/bin:/bin:/usr/sbin:/sbin
SHELL=/bin/bash

Signal Handlers:
SIGSEGV: [libjvm.dylib+0x5a6d31], sa_mask[0]=11111111011111110111111111111111, sa_flags=SA_ONSTACK|SA_RESTART|SA_SIGINFO
SIGBUS: [libjvm.dylib+0x5a6d31], sa_mask[0]=11111111011111110111111111111111, sa_flags=SA_RESTART|SA_SIGINFO
SIGFPE: [libjvm.dylib+0x480a40], sa_mask[0]=11111111011111110111111111111111, sa_flags=SA_RESTART|SA_SIGINFO
SIGPIPE: [libjvm.dylib+0x480a40], sa_mask[0]=11111111011111110111111111111111, sa_flags=SA_RESTART|SA_SIGINFO
SIGXFSZ: [libjvm.dylib+0x480a40], sa_mask[0]=11111111011111110111111111111111, sa_flags=SA_RESTART|SA_SIGINFO
SIGILL: [libjvm.dylib+0x480a40], sa_mask[0]=11111111011111110111111111111111, sa_flags=SA_RESTART|SA_SIGINFO
SIGUSR1: SIG_DFL, sa_mask[0]=00000000000000000000000000000000, sa_flags=none
SIGUSR2: [libjvm.dylib+0x48055e], sa_mask[0]=00100000000000000000000000000000, sa_flags=SA_RESTART|SA_SIGINFO
SIGHUP: [libjvm.dylib+0x47eb35], sa_mask[0]=11111111011111110111111111111111, sa_flags=SA_RESTART|SA_SIGINFO
SIGINT: [libjvm.dylib+0x47eb35], sa_mask[0]=11111111011111110111111111111111, sa_flags=SA_RESTART|SA_SIGINFO
SIGTERM: [libjvm.dylib+0x47eb35], sa_mask[0]=11111111011111110111111111111111, sa_flags=SA_RESTART|SA_SIGINFO
SIGQUIT: [libjvm.dylib+0x47eb35], sa_mask[0]=11111111011111110111111111111111, sa_flags=SA_RESTART|SA_SIGINFO


---------------  S Y S T E M  ---------------

OS:Bsduname:Darwin 15.2.0 Darwin Kernel Version 15.2.0: Fri Nov 13 19:56:56 PST 2015; root:xnu-3248.20.55~2/RELEASE_X86_64 x86_64
rlimit: STACK 8192k, CORE 0k, NPROC 709, NOFILE 10240, AS infinity
load average:2.23 1.94 1.82

CPU:total 4 (2 cores per cpu, 2 threads per core) family 6 model 69 stepping 1, cmov, cx8, fxsr, mmx, sse, sse2, sse3, ssse3, sse4.1, sse4.2, popcnt, avx, avx2, aes, clmul, erms, lzcnt, ht, tsc, tscinvbit, bmi1, bmi2

Memory: 4k page, physical 8388608k(891696k free)

/proc/meminfo:


vm_info: Java HotSpot(TM) 64-Bit Server VM (25.65-b01) for bsd-amd64 JRE (1.8.0_65-b17), built on Oct  6 2015 15:36:46 by "java_re" with gcc 4.2.1 (Based on Apple Inc. build 5658) (LLVM build 2336.11.00)

time: Mon Dec 14 13:08:17 2015
elapsed time: 58 seconds (0d 0h 0m 58s)

