#
# A fatal error has been detected by the Java Runtime Environment:
#
#  SIGSEGV (0xb) at pc=0x00007fff8a26dd5d, pid=4954, tid=2571
#
# JRE version: Java(TM) SE Runtime Environment (8.0_65-b17) (build 1.8.0_65-b17)
# Java VM: Java HotSpot(TM) 64-Bit Server VM (25.65-b01 mixed mode bsd-amd64 compressed oops)
# Problematic frame:
# C  [libobjc.A.dylib+0x6d5d]  objc_msgSend+0x1d
#
# Failed to write core dump. Core dumps have been disabled. To enable core dumping, try "ulimit -c unlimited" before starting Java again
#
# If you would like to submit a bug report, please visit:
#   http://bugreport.java.com/bugreport/crash.jsp
# The crash happened outside the Java Virtual Machine in native code.
# See problematic frame for where to report the bug.
#

---------------  T H R E A D  ---------------

Current thread (0x00007fbec3187800):  JavaThread "AWT-AppKit" daemon [_thread_in_native, id=2571, stack(0x00007fff52b0c000,0x00007fff5330c000)]

siginfo: si_signo: 11 (SIGSEGV), si_code: 1 (SEGV_MAPERR), si_addr: 0x0000000000000018

Registers:
RAX=0x00007fbec1f1a5a0, RBX=0x0000000126604450, RCX=0x000000012662bba0, RDX=0x000000012662b2a0
RSP=0x00007fff53307358, RBP=0x00007fff53307410, RSI=0x00007fff8d53bd0e, RDI=0x00007fbec1e49fd0
R8 =0x0000000000000000, R9 =0x0000000000000810, R10=0x00007fff8d53bd0e, R11=0x0000000000000000
R12=0x0000000000000000, R13=0x000000017d97c7f0, R14=0x0000000126604440, R15=0x00007fbec3187800
RIP=0x00007fff8a26dd5d, EFLAGS=0x0000000000010246, ERR=0x0000000000000004
  TRAPNO=0x000000000000000e

Top of Stack: (sp=0x00007fff53307358)
0x00007fff53307358:   0000000126602157 00007fff533073b0
0x00007fff53307368:   0000000000000003 00007fff53307390
0x00007fff53307378:   000000010cd619a6 000000017d97c7f0
0x00007fff53307388:   000000017d97c7f0 00007fbec1f1a5a0
0x00007fff53307398:   00000001266046a0 0000000126604710
0x00007fff533073a8:   00007fff786b0740 00007fff7673e4c0
0x00007fff533073b8:   0000000126604450 0000000126604690
0x00007fff533073c8:   00007fbec1f1a5a0 00007fbec1e49fd0
0x00007fff533073d8:   00007fbec1e44a10 00007fbec1f1a5a0
0x00007fff533073e8:   00007fbec1e49fd0 00007fff53307498
0x00007fff533073f8:   00007fbec31879f8 000000017d97c7f0
0x00007fff53307408:   00007fff533074c0 00007fff53307488
0x00007fff53307418:   000000010e415954 000000017d97c7f0
0x00007fff53307428:   00007fff533074c0 00007fff53307488
0x00007fff53307438:   000000010e4156e7 000000010e4156a2
0x00007fff53307448:   00007fff53307448 000000017d97c7f0
0x00007fff53307458:   00007fff533074c0 000000017d9a0028
0x00007fff53307468:   0000000000000000 000000017d97c7f0
0x00007fff53307478:   0000000000000000 00007fff533074a8
0x00007fff53307488:   00007fff53307508 000000010e407c4d
0x00007fff53307498:   0000000797bcb9e8 000000010e40f578
0x00007fff533074a8:   00007fbec1f1a5a0 00007fff53307508
0x00007fff533074b8:   00007fbec1e49fd0 000000010e410d82
0x00007fff533074c8:   00007fff533074c8 000000017d97c9ba
0x00007fff533074d8:   00007fff53307530 000000017d9a0028
0x00007fff533074e8:   0000000000000000 000000017d97c9c8
0x00007fff533074f8:   00007fff533074a8 00007fff53307518
0x00007fff53307508:   00007fff53307578 000000010e407c4d
0x00007fff53307518:   00007fbec1f1a5a0 0000000797c5f390
0x00007fff53307528:   00007fbec1e49fd0 0000000797c5f390
0x00007fff53307538:   00007fff53307538 00000001846497ce
0x00007fff53307548:   00007fff53307588 0000000184649888 

Instructions: (pc=0x00007fff8a26dd5d)
0x00007fff8a26dd3d:   44 00 00 48 85 ff 2e 74 62 40 f6 c7 01 2e 75 66
0x00007fff8a26dd4d:   49 bb f8 ff ff ff ff 7f 00 00 4c 23 1f 49 89 f2
0x00007fff8a26dd5d:   45 23 53 18 49 c1 e2 04 4d 03 53 10 49 3b 32 75
0x00007fff8a26dd6d:   04 41 ff 62 08 49 83 3a 01 76 0d 49 83 c2 10 49 

Register to memory mapping:

RAX=0x00007fbec1f1a5a0 is an unknown value
RBX=0x0000000126604450: Java_jogamp_nativewindow_macosx_OSXUtil_GetScreenRefreshRate0+0x1cf0 in /private/var/folders/94/qhk8wx9560913pcr_k2txvfh0000gn/T/jogamp_0000/file_cache/jln6668599673318494883/jln3267729480161982711/libnativewindow_macosx.jnilib at 0x00000001265fd000
RCX=0x000000012662bba0 is an unknown value
RDX=0x000000012662b2a0 is an unknown value
RSP=0x00007fff53307358 is pointing into the stack for thread: 0x00007fbec3187800
RBP=0x00007fff53307410 is pointing into the stack for thread: 0x00007fbec3187800
RSI=0x00007fff8d53bd0e is an unknown value
RDI=0x00007fbec1e49fd0 is an unknown value
R8 =0x0000000000000000 is an unknown value
R9 =0x0000000000000810 is an unknown value
R10=0x00007fff8d53bd0e is an unknown value
R11=0x0000000000000000 is an unknown value
R12=0x0000000000000000 is an unknown value
R13={method} {0x000000017d97c7f0} 'UnsetJAWTRootSurfaceLayer0' '(JJ)V' in 'jogamp/nativewindow/jawt/macosx/MacOSXJAWTWindow'
R14=0x0000000126604440: Java_jogamp_nativewindow_macosx_OSXUtil_GetScreenRefreshRate0+0x1ce0 in /private/var/folders/94/qhk8wx9560913pcr_k2txvfh0000gn/T/jogamp_0000/file_cache/jln6668599673318494883/jln3267729480161982711/libnativewindow_macosx.jnilib at 0x00000001265fd000
R15=0x00007fbec3187800 is a thread


Stack: [0x00007fff52b0c000,0x00007fff5330c000],  sp=0x00007fff53307358,  free space=8172k
Native frames: (J=compiled Java code, j=interpreted, Vv=VM code, C=native code)
C  [libobjc.A.dylib+0x6d5d]  objc_msgSend+0x1d
j  jogamp.nativewindow.jawt.macosx.MacOSXJAWTWindow.UnsetJAWTRootSurfaceLayer0(JJ)V+0
j  jogamp.nativewindow.jawt.macosx.MacOSXJAWTWindow.access$200(JJ)V+2
j  jogamp.nativewindow.jawt.macosx.MacOSXJAWTWindow$1.run()V+38
J 1860 C1 com.jogamp.common.util.RunnableTask.run()V (345 bytes) @ 0x000000010ea63794 [0x000000010ea63600+0x194]
v  ~StubRoutines::call_stub
V  [libjvm.dylib+0x2eab02]  JavaCalls::call_helper(JavaValue*, methodHandle*, JavaCallArguments*, Thread*)+0x6ae
V  [libjvm.dylib+0x321bab]  jni_invoke_nonstatic(JNIEnv_*, JavaValue*, _jobject*, JNICallType, _jmethodID*, JNI_ArgumentPusher*, Thread*)+0x2ec
V  [libjvm.dylib+0x31437f]  jni_CallVoidMethod+0x16b
C  [libnativewindow_macosx.jnilib+0x5326]  Java_jogamp_nativewindow_jawt_macosx_MacOSXJAWTWindow_UnsetJAWTRootSurfaceLayer0+0x2b6
C  [Foundation+0x7741e]  __NSThreadPerformPerform+0x117
C  [CoreFoundation+0xaa8b1]  __CFRUNLOOP_IS_CALLING_OUT_TO_A_SOURCE0_PERFORM_FUNCTION__+0x11
C  [CoreFoundation+0x8a027]  __CFRunLoopDoSources0+0x1a7
C  [CoreFoundation+0x895cf]  __CFRunLoopRun+0x39f
C  [CoreFoundation+0x88fc8]  CFRunLoopRunSpecific+0x128
C  [HIToolbox+0x30d55]  RunCurrentEventLoopInMode+0xeb
C  [HIToolbox+0x30a97]  ReceiveNextEventCommon+0xb8
C  [HIToolbox+0x309cf]  _BlockUntilNextEventMatchingListInModeWithFilter+0x47
C  [AppKit+0x49d96]  _DPSNextEvent+0x42b
C  [AppKit+0x491c5]  -[NSApplication _nextEventMatchingEventMask:untilDate:inMode:dequeue:]+0x1c6
C  [libosxapp.dylib+0x23aa]  -[NSApplicationAWT nextEventMatchingMask:untilDate:inMode:dequeue:]+0x7c
C  [AppKit+0x3dd28]  -[NSApplication run]+0x2aa
C  [libosxapp.dylib+0x214d]  +[NSApplicationAWT runAWTLoopWithApp:]+0x9c
C  [libawt_lwawt.dylib+0x44517]  -[AWTStarter starter:]+0x389
C  [Foundation+0x7741e]  __NSThreadPerformPerform+0x117
C  [CoreFoundation+0xaa8b1]  __CFRUNLOOP_IS_CALLING_OUT_TO_A_SOURCE0_PERFORM_FUNCTION__+0x11
C  [CoreFoundation+0x8a0ac]  __CFRunLoopDoSources0+0x22c
C  [CoreFoundation+0x895cf]  __CFRunLoopRun+0x39f
C  [CoreFoundation+0x88fc8]  CFRunLoopRunSpecific+0x128
C  [java+0x6463]  CreateExecutionEnvironment+0x367
C  [java+0x21ac]  JLI_Launch+0x7a0
C  [java+0x84c0]  main+0x65
C  [java+0x1a04]  start+0x34
C  0x0000000000000007

Java frames: (J=compiled Java code, j=interpreted, Vv=VM code)
j  jogamp.nativewindow.jawt.macosx.MacOSXJAWTWindow.UnsetJAWTRootSurfaceLayer0(JJ)V+0
j  jogamp.nativewindow.jawt.macosx.MacOSXJAWTWindow.access$200(JJ)V+2
j  jogamp.nativewindow.jawt.macosx.MacOSXJAWTWindow$1.run()V+38
J 1860 C1 com.jogamp.common.util.RunnableTask.run()V (345 bytes) @ 0x000000010ea63794 [0x000000010ea63600+0x194]
v  ~StubRoutines::call_stub

---------------  P R O C E S S  ---------------

Java Threads: ( => current thread )
  0x00007fbec332c000 JavaThread "Thread-19" [_thread_blocked, id=66091, stack(0x000070000104a000,0x000070000114a000)]
  0x00007fbec34b3800 JavaThread "AWT-EventQueue-1" [_thread_in_native, id=59183, stack(0x00007000018eb000,0x00007000019eb000)]
  0x00007fbec31c6000 JavaThread "DestroyJavaVM" [_thread_blocked, id=4355, stack(0x0000700000084000,0x0000700000184000)]
  0x00007fbec32a5000 JavaThread "AWT-EventQueue-0" [_thread_blocked, id=56583, stack(0x00007000016e5000,0x00007000017e5000)]
  0x00007fbec3264000 JavaThread "Java2D Disposer" daemon [_thread_blocked, id=53251, stack(0x000070000145c000,0x000070000155c000)]
  0x00007fbec288f000 JavaThread "Java2D Queue Flusher" daemon [_thread_blocked, id=50183, stack(0x0000700001359000,0x0000700001459000)]
  0x00007fbec39ac000 JavaThread "AWT-Shutdown" [_thread_blocked, id=29715, stack(0x00007000011d3000,0x00007000012d3000)]
=>0x00007fbec3187800 JavaThread "AWT-AppKit" daemon [_thread_in_native, id=2571, stack(0x00007fff52b0c000,0x00007fff5330c000)]
  0x00007fbec3842800 JavaThread "Service Thread" daemon [_thread_blocked, id=18691, stack(0x0000700000e44000,0x0000700000f44000)]
  0x00007fbec304e000 JavaThread "C1 CompilerThread2" daemon [_thread_blocked, id=18179, stack(0x0000700000d41000,0x0000700000e41000)]
  0x00007fbec3045800 JavaThread "C2 CompilerThread1" daemon [_thread_blocked, id=17667, stack(0x0000700000c3e000,0x0000700000d3e000)]
  0x00007fbec2004800 JavaThread "C2 CompilerThread0" daemon [_thread_blocked, id=17155, stack(0x0000700000b3b000,0x0000700000c3b000)]
  0x00007fbec384c800 JavaThread "Signal Dispatcher" daemon [_thread_blocked, id=12815, stack(0x0000700000a38000,0x0000700000b38000)]
  0x00007fbec200a800 JavaThread "Finalizer" daemon [_thread_blocked, id=12291, stack(0x000070000082f000,0x000070000092f000)]
  0x00007fbec2006000 JavaThread "Reference Handler" daemon [_thread_blocked, id=11779, stack(0x000070000072c000,0x000070000082c000)]

Other Threads:
  0x00007fbec3038000 VMThread [stack: 0x0000700000629000,0x0000700000729000] [id=11267]
  0x00007fbec3015800 WatcherThread [stack: 0x0000700000f47000,0x0000700001047000] [id=19203]

VM state:not at safepoint (normal execution)

VM Mutex/Monitor currently owned by a thread: None

Heap:
 PSYoungGen      total 38400K, used 27131K [0x0000000795580000, 0x0000000798000000, 0x00000007c0000000)
  eden space 33280K, 66% used [0x0000000795580000,0x0000000796b0c800,0x0000000797600000)
  from space 5120K, 98% used [0x0000000797b00000,0x0000000797ff2448,0x0000000798000000)
  to   space 5120K, 0% used [0x0000000797600000,0x0000000797600000,0x0000000797b00000)
 ParOldGen       total 87552K, used 9872K [0x0000000740000000, 0x0000000745580000, 0x0000000795580000)
  object space 87552K, 11% used [0x0000000740000000,0x00000007409a40e8,0x0000000745580000)
 Metaspace       used 20526K, capacity 20771K, committed 21120K, reserved 1069056K
  class space    used 2010K, capacity 2078K, committed 2176K, reserved 1048576K

Card table byte_map: [0x000000011d7c0000,0x000000011dbc1000] byte_map_base: 0x0000000119dc0000

Marking Bits: (ParMarkBitMap*) 0x000000010d44ee20
 Begin Bits: [0x000000011de6c000, 0x000000011fe6c000)
 End Bits:   [0x000000011fe6c000, 0x0000000121e6c000)

Polling page: 0x000000010db40000

CodeCache: size=245760Kb used=7976Kb max_used=8000Kb free=237783Kb
 bounds [0x000000010e400000, 0x000000010ebe0000, 0x000000011d400000]
 total_blobs=3058 nmethods=2177 adapters=794
 compilation: enabled

Compilation events (10 events):
Event: 33.546 Thread 0x00007fbec304e000 nmethod 2339 0x000000010e63f890 code [0x000000010e63f9e0, 0x000000010e63faf0]
Event: 33.654 Thread 0x00007fbec3045800 nmethod 2337 0x000000010ebcedd0 code [0x000000010ebcf3c0, 0x000000010ebd4970]
Event: 33.946 Thread 0x00007fbec2004800 2340       4       java.nio.ByteBuffer::<init> (45 bytes)
Event: 33.950 Thread 0x00007fbec2004800 nmethod 2340 0x000000010e63f210 code [0x000000010e63f380, 0x000000010e63f5b8]
Event: 34.113 Thread 0x00007fbec3045800 2341       4       java.util.LinkedList::node (65 bytes)
Event: 34.114 Thread 0x00007fbec3045800 nmethod 2341 0x000000010e63ef50 code [0x000000010e63f0a0, 0x000000010e63f158]
Event: 34.449 Thread 0x00007fbec304e000 2342       1       java.awt.Component::isEnabledImpl (5 bytes)
Event: 34.449 Thread 0x00007fbec304e000 nmethod 2342 0x000000010ebc3e10 code [0x000000010ebc3f60, 0x000000010ebc4070]
Event: 34.480 Thread 0x00007fbec304e000 2343   !   3       sun.lwawt.LWComponentPeer::isShowing (49 bytes)
Event: 34.481 Thread 0x00007fbec304e000 nmethod 2343 0x000000010ebc30d0 code [0x000000010ebc3280, 0x000000010ebc3b68]

GC Heap History (8 events):
Event: 5.023 GC heap before
{Heap before GC invocations=1 (full 0):
 PSYoungGen      total 38400K, used 33280K [0x0000000795580000, 0x0000000798000000, 0x00000007c0000000)
  eden space 33280K, 100% used [0x0000000795580000,0x0000000797600000,0x0000000797600000)
  from space 5120K, 0% used [0x0000000797b00000,0x0000000797b00000,0x0000000798000000)
  to   space 5120K, 0% used [0x0000000797600000,0x0000000797600000,0x0000000797b00000)
 ParOldGen       total 87552K, used 0K [0x0000000740000000, 0x0000000745580000, 0x0000000795580000)
  object space 87552K, 0% used [0x0000000740000000,0x0000000740000000,0x0000000745580000)
 Metaspace       used 15842K, capacity 16051K, committed 16256K, reserved 1064960K
  class space    used 1605K, capacity 1660K, committed 1664K, reserved 1048576K
Event: 5.030 GC heap after
Heap after GC invocations=1 (full 0):
 PSYoungGen      total 38400K, used 4920K [0x0000000795580000, 0x0000000798000000, 0x00000007c0000000)
  eden space 33280K, 0% used [0x0000000795580000,0x0000000795580000,0x0000000797600000)
  from space 5120K, 96% used [0x0000000797600000,0x0000000797ace3f8,0x0000000797b00000)
  to   space 5120K, 0% used [0x0000000797b00000,0x0000000797b00000,0x0000000798000000)
 ParOldGen       total 87552K, used 16K [0x0000000740000000, 0x0000000745580000, 0x0000000795580000)
  object space 87552K, 0% used [0x0000000740000000,0x0000000740004000,0x0000000745580000)
 Metaspace       used 15842K, capacity 16051K, committed 16256K, reserved 1064960K
  class space    used 1605K, capacity 1660K, committed 1664K, reserved 1048576K
}
Event: 6.965 GC heap before
{Heap before GC invocations=2 (full 0):
 PSYoungGen      total 38400K, used 38189K [0x0000000795580000, 0x0000000798000000, 0x00000007c0000000)
  eden space 33280K, 99% used [0x0000000795580000,0x00000007975fd0e0,0x0000000797600000)
  from space 5120K, 96% used [0x0000000797600000,0x0000000797ace3f8,0x0000000797b00000)
  to   space 5120K, 0% used [0x0000000797b00000,0x0000000797b00000,0x0000000798000000)
 ParOldGen       total 87552K, used 16K [0x0000000740000000, 0x0000000745580000, 0x0000000795580000)
  object space 87552K, 0% used [0x0000000740000000,0x0000000740004000,0x0000000745580000)
 Metaspace       used 19782K, capacity 19993K, committed 20352K, reserved 1067008K
  class space    used 1999K, capacity 2077K, committed 2176K, reserved 1048576K
Event: 6.979 GC heap after
Heap after GC invocations=2 (full 0):
 PSYoungGen      total 38400K, used 5113K [0x0000000795580000, 0x0000000798000000, 0x00000007c0000000)
  eden space 33280K, 0% used [0x0000000795580000,0x0000000795580000,0x0000000797600000)
  from space 5120K, 99% used [0x0000000797b00000,0x0000000797ffe478,0x0000000798000000)
  to   space 5120K, 0% used [0x0000000797600000,0x0000000797600000,0x0000000797b00000)
 ParOldGen       total 87552K, used 8047K [0x0000000740000000, 0x0000000745580000, 0x0000000795580000)
  object space 87552K, 9% used [0x0000000740000000,0x00000007407dbc50,0x0000000745580000)
 Metaspace       used 19782K, capacity 19993K, committed 20352K, reserved 1067008K
  class space    used 1999K, capacity 2077K, committed 2176K, reserved 1048576K
}
Event: 14.606 GC heap before
{Heap before GC invocations=3 (full 0):
 PSYoungGen      total 38400K, used 38393K [0x0000000795580000, 0x0000000798000000, 0x00000007c0000000)
  eden space 33280K, 100% used [0x0000000795580000,0x0000000797600000,0x0000000797600000)
  from space 5120K, 99% used [0x0000000797b00000,0x0000000797ffe478,0x0000000798000000)
  to   space 5120K, 0% used [0x0000000797600000,0x0000000797600000,0x0000000797b00000)
 ParOldGen       total 87552K, used 8047K [0x0000000740000000, 0x0000000745580000, 0x0000000795580000)
  object space 87552K, 9% used [0x0000000740000000,0x00000007407dbc50,0x0000000745580000)
 Metaspace       used 20376K, capacity 20569K, committed 20864K, reserved 1069056K
  class space    used 2001K, capacity 2077K, committed 2176K, reserved 1048576K
Event: 14.615 GC heap after
Heap after GC invocations=3 (full 0):
 PSYoungGen      total 38400K, used 5097K [0x0000000795580000, 0x0000000798000000, 0x00000007c0000000)
  eden space 33280K, 0% used [0x0000000795580000,0x0000000795580000,0x0000000797600000)
  from space 5120K, 99% used [0x0000000797600000,0x0000000797afa468,0x0000000797b00000)
  to   space 5120K, 0% used [0x0000000797b00000,0x0000000797b00000,0x0000000798000000)
 ParOldGen       total 87552K, used 9864K [0x0000000740000000, 0x0000000745580000, 0x0000000795580000)
  object space 87552K, 11% used [0x0000000740000000,0x00000007409a20e8,0x0000000745580000)
 Metaspace       used 20376K, capacity 20569K, committed 20864K, reserved 1069056K
  class space    used 2001K, capacity 2077K, committed 2176K, reserved 1048576K
}
Event: 26.709 GC heap before
{Heap before GC invocations=4 (full 0):
 PSYoungGen      total 38400K, used 38377K [0x0000000795580000, 0x0000000798000000, 0x00000007c0000000)
  eden space 33280K, 100% used [0x0000000795580000,0x0000000797600000,0x0000000797600000)
  from space 5120K, 99% used [0x0000000797600000,0x0000000797afa468,0x0000000797b00000)
  to   space 5120K, 0% used [0x0000000797b00000,0x0000000797b00000,0x0000000798000000)
 ParOldGen       total 87552K, used 9864K [0x0000000740000000, 0x0000000745580000, 0x0000000795580000)
  object space 87552K, 11% used [0x0000000740000000,0x00000007409a20e8,0x0000000745580000)
 Metaspace       used 20476K, capacity 20703K, committed 20864K, reserved 1069056K
  class space    used 2003K, capacity 2078K, committed 2176K, reserved 1048576K
Event: 26.717 GC heap after
Heap after GC invocations=4 (full 0):
 PSYoungGen      total 38400K, used 5065K [0x0000000795580000, 0x0000000798000000, 0x00000007c0000000)
  eden space 33280K, 0% used [0x0000000795580000,0x0000000795580000,0x0000000797600000)
  from space 5120K, 98% used [0x0000000797b00000,0x0000000797ff2448,0x0000000798000000)
  to   space 5120K, 0% used [0x0000000797600000,0x0000000797600000,0x0000000797b00000)
 ParOldGen       total 87552K, used 9872K [0x0000000740000000, 0x0000000745580000, 0x0000000795580000)
  object space 87552K, 11% used [0x0000000740000000,0x00000007409a40e8,0x0000000745580000)
 Metaspace       used 20476K, capacity 20703K, committed 20864K, reserved 1069056K
  class space    used 2003K, capacity 2078K, committed 2176K, reserved 1048576K
}

Deoptimization events (10 events):
Event: 4.673 Thread 0x00007fbec34e4800 Uncommon trap: reason=unstable_if action=reinterpret pc=0x000000010e5b75d8 method=java.lang.String.indexOf([CII[CIII)I @ 3
Event: 5.539 Thread 0x00007fbec34b3800 Uncommon trap: reason=unstable_if action=reinterpret pc=0x000000010e59e46c method=java.lang.AbstractStringBuilder.append(Ljava/lang/String;)Ljava/lang/AbstractStringBuilder; @ 1
Event: 6.115 Thread 0x00007fbec34b3800 Uncommon trap: reason=unstable_if action=reinterpret pc=0x000000010e7b8380 method=com.sun.org.apache.xerces.internal.impl.XMLEntityScanner.peekChar()I @ 14
Event: 6.148 Thread 0x00007fbec34b3800 Uncommon trap: reason=unstable_if action=reinterpret pc=0x000000010e7cc850 method=com.sun.org.apache.xerces.internal.impl.XMLEntityScanner.skipSpaces()Z @ 14
Event: 34.428 Thread 0x00007fbec34b3800 Uncommon trap: reason=class_check action=maybe_recompile pc=0x000000010ebd32b0 method=java.awt.EventQueue.coalesceEvent(Ljava/awt/AWTEvent;I)Z @ 32
Event: 34.446 Thread 0x00007fbec34b3800 Uncommon trap: reason=unstable_if action=reinterpret pc=0x000000010e6bb0a8 method=com.jogamp.common.util.VersionNumber.compareTo(Lcom/jogamp/common/util/VersionNumber;)I @ 21
Event: 34.446 Thread 0x00007fbec32a5000 Uncommon trap: reason=unstable_if action=reinterpret pc=0x000000010ebd2434 method=java.awt.EventQueue.getPriority(Ljava/awt/AWTEvent;)I @ 71
Event: 34.477 Thread 0x00007fbec326e800 Uncommon trap: reason=unstable_if action=reinterpret pc=0x000000010ea08070 method=java.util.HashMap.putVal(ILjava/lang/Object;Ljava/lang/Object;ZZ)Ljava/lang/Object; @ 81
Event: 34.495 Thread 0x00007fbec34b3800 Uncommon trap: reason=unstable_if action=reinterpret pc=0x000000010eb9cc1c method=java.security.AccessControlContext.optimize()Ljava/security/AccessControlContext; @ 233
Event: 34.495 Thread 0x00007fbec332c000 Uncommon trap: reason=predicate action=maybe_recompile pc=0x000000010ea729e4 method=java.util.Vector.indexOf(Ljava/lang/Object;I)I @ 44

Internal exceptions (10 events):
Event: 0.294 Thread 0x00007fbec2806800 Exception <a 'java/lang/NoSuchFieldError': method resolution failed> (0x000000079582ae40) thrown at [/Users/java_re/workspace/8-2-build-macosx-x86_64/jdk8u65/4987/hotspot/src/share/vm/prims/methodHandles.cpp, line 1146]
Event: 0.296 Thread 0x00007fbec2806800 Exception <a 'java/lang/NoSuchFieldError': method resolution failed> (0x0000000795838610) thrown at [/Users/java_re/workspace/8-2-build-macosx-x86_64/jdk8u65/4987/hotspot/src/share/vm/prims/methodHandles.cpp, line 1146]
Event: 0.421 Thread 0x00007fbec2806800 Exception <a 'java/io/FileNotFoundException'> (0x00000007958b4440) thrown at [/Users/java_re/workspace/8-2-build-macosx-x86_64/jdk8u65/4987/hotspot/src/share/vm/prims/jni.cpp, line 709]
Event: 0.421 Thread 0x00007fbec2806800 Exception <a 'java/io/FileNotFoundException'> (0x00000007958b4fc8) thrown at [/Users/java_re/workspace/8-2-build-macosx-x86_64/jdk8u65/4987/hotspot/src/share/vm/prims/jni.cpp, line 709]
Event: 0.629 Thread 0x00007fbec2806800 Exception <a 'java/io/FileNotFoundException'> (0x00000007959f0f18) thrown at [/Users/java_re/workspace/8-2-build-macosx-x86_64/jdk8u65/4987/hotspot/src/share/vm/prims/jni.cpp, line 709]
Event: 4.701 Thread 0x00007fbec34e4800 Exception <a 'java/lang/UnsatisfiedLinkError': com.jogamp.common.util.JarUtil.fixNativeLibAttribs(Ljava/lang/String;)Z> (0x0000000796b221c8) thrown at [/Users/java_re/workspace/8-2-build-macosx-x86_64/jdk8u65/4987/hotspot/src/share/vm/prims/nativeLookup.c
Event: 5.031 Thread 0x00007fbec200a800 Exception <a 'java/lang/NullPointerException'> (0x00000007956a4950) thrown at [/Users/java_re/workspace/8-2-build-macosx-x86_64/jdk8u65/4987/hotspot/src/share/vm/interpreter/linkResolver.cpp, line 1178]
Event: 5.539 Thread 0x00007fbec34b3800 Exception <a 'java/io/FileNotFoundException'> (0x0000000795ee3888) thrown at [/Users/java_re/workspace/8-2-build-macosx-x86_64/jdk8u65/4987/hotspot/src/share/vm/prims/jni.cpp, line 709]
Event: 5.539 Thread 0x00007fbec34b3800 Exception <a 'java/io/FileNotFoundException'> (0x0000000795ee9c28) thrown at [/Users/java_re/workspace/8-2-build-macosx-x86_64/jdk8u65/4987/hotspot/src/share/vm/prims/jni.cpp, line 709]
Event: 5.539 Thread 0x00007fbec34b3800 Implicit null exception at 0x000000010e59e0f5 to 0x000000010e59e459

Events (10 events):
Event: 34.495 loading class java/awt/Toolkit$ToolkitEventMulticaster
Event: 34.495 loading class java/awt/Toolkit$ToolkitEventMulticaster done
Event: 34.495 Executing VM operation: RevokeBias
Event: 34.495 Executing VM operation: RevokeBias done
Event: 34.495 Thread 0x00007fbec326e800 Thread exited: 0x00007fbec326e800
Event: 34.495 Thread 0x00007fbec332c000 Uncommon trap: trap_request=0xffffff86 fr.pc=0x000000010ea729e4
Event: 34.496 Thread 0x00007fbec332c000 DEOPT PACKING pc=0x000000010ea729e4 sp=0x00007000011497e0
Event: 34.496 Thread 0x00007fbec332c000 DEOPT UNPACKING pc=0x000000010e405229 sp=0x00007000011497a0 mode 2
Event: 34.496 loading class java/awt/Window$1DisposeAction
Event: 34.496 loading class java/awt/Window$1DisposeAction done


Dynamic libraries:
0x000000000568b000 	/System/Library/Frameworks/Cocoa.framework/Versions/A/Cocoa
0x000000000568b000 	/System/Library/Frameworks/Security.framework/Versions/A/Security
0x000000000568b000 	/System/Library/Frameworks/ApplicationServices.framework/Versions/A/ApplicationServices
0x000000000568b000 	/usr/lib/libz.1.dylib
0x000000000568b000 	/usr/lib/libSystem.B.dylib
0x000000000568b000 	/usr/lib/libobjc.A.dylib
0x000000000568b000 	/System/Library/Frameworks/CoreFoundation.framework/Versions/A/CoreFoundation
0x000000000568b000 	/System/Library/Frameworks/Foundation.framework/Versions/C/Foundation
0x000000000568b000 	/System/Library/Frameworks/AppKit.framework/Versions/C/AppKit
0x000000000568b000 	/System/Library/Frameworks/CoreData.framework/Versions/A/CoreData
0x000000000568b000 	/System/Library/PrivateFrameworks/RemoteViewServices.framework/Versions/A/RemoteViewServices
0x000000000568b000 	/System/Library/PrivateFrameworks/UIFoundation.framework/Versions/A/UIFoundation
0x000000000568b000 	/usr/lib/libScreenReader.dylib
0x000000000568b000 	/System/Library/Frameworks/Accelerate.framework/Versions/A/Accelerate
0x000000000568b000 	/System/Library/Frameworks/IOSurface.framework/Versions/A/IOSurface
0x000000000568b000 	/System/Library/Frameworks/AudioToolbox.framework/Versions/A/AudioToolbox
0x000000000568b000 	/System/Library/Frameworks/AudioUnit.framework/Versions/A/AudioUnit
0x000000000568b000 	/System/Library/PrivateFrameworks/DataDetectorsCore.framework/Versions/A/DataDetectorsCore
0x000000000568b000 	/System/Library/PrivateFrameworks/DesktopServicesPriv.framework/Versions/A/DesktopServicesPriv
0x000000000568b000 	/System/Library/Frameworks/Carbon.framework/Versions/A/Frameworks/HIToolbox.framework/Versions/A/HIToolbox
0x000000000568b000 	/System/Library/Frameworks/QuartzCore.framework/Versions/A/QuartzCore
0x000000000568b000 	/System/Library/Frameworks/Carbon.framework/Versions/A/Frameworks/SpeechRecognition.framework/Versions/A/SpeechRecognition
0x000000000568b000 	/usr/lib/libauto.dylib
0x000000000568b000 	/usr/lib/libicucore.A.dylib
0x000000000568b000 	/usr/lib/libxml2.2.dylib
0x000000000568b000 	/System/Library/PrivateFrameworks/CoreUI.framework/Versions/A/CoreUI
0x000000000568b000 	/System/Library/Frameworks/CoreAudio.framework/Versions/A/CoreAudio
0x000000000568b000 	/System/Library/Frameworks/DiskArbitration.framework/Versions/A/DiskArbitration
0x000000000568b000 	/usr/lib/liblangid.dylib
0x000000000568b000 	/System/Library/PrivateFrameworks/MultitouchSupport.framework/Versions/A/MultitouchSupport
0x000000000568b000 	/System/Library/Frameworks/IOKit.framework/Versions/A/IOKit
0x000000000568b000 	/usr/lib/libDiagnosticMessagesClient.dylib
0x000000000568b000 	/System/Library/Frameworks/CoreServices.framework/Versions/A/CoreServices
0x000000000568b000 	/System/Library/PrivateFrameworks/PerformanceAnalysis.framework/Versions/A/PerformanceAnalysis
0x000000000568b000 	/System/Library/PrivateFrameworks/GenerationalStorage.framework/Versions/A/GenerationalStorage
0x000000000568b000 	/System/Library/Frameworks/OpenGL.framework/Versions/A/OpenGL
0x000000000568b000 	/System/Library/PrivateFrameworks/Sharing.framework/Versions/A/Sharing
0x000000000568b000 	/System/Library/Frameworks/CoreGraphics.framework/Versions/A/CoreGraphics
0x000000000568b000 	/System/Library/Frameworks/CoreImage.framework/Versions/A/CoreImage
0x000000000568b000 	/System/Library/Frameworks/CoreText.framework/Versions/A/CoreText
0x000000000568b000 	/System/Library/Frameworks/ImageIO.framework/Versions/A/ImageIO
0x000000000568b000 	/System/Library/PrivateFrameworks/Backup.framework/Versions/A/Backup
0x000000000568b000 	/usr/lib/libextension.dylib
0x000000000568b000 	/usr/lib/libarchive.2.dylib
0x000000000568b000 	/System/Library/Frameworks/CFNetwork.framework/Versions/A/CFNetwork
0x000000000568b000 	/System/Library/Frameworks/SystemConfiguration.framework/Versions/A/SystemConfiguration
0x000000000568b000 	/usr/lib/libCRFSuite.dylib
0x000000000568b000 	/usr/lib/libc++.1.dylib
0x000000000568b000 	/usr/lib/libc++abi.dylib
0x000000000568b000 	/usr/lib/system/libcache.dylib
0x000000000568b000 	/usr/lib/system/libcommonCrypto.dylib
0x000000000568b000 	/usr/lib/system/libcompiler_rt.dylib
0x000000000568b000 	/usr/lib/system/libcopyfile.dylib
0x000000000568b000 	/usr/lib/system/libcorecrypto.dylib
0x000000000568b000 	/usr/lib/system/libdispatch.dylib
0x000000000568b000 	/usr/lib/system/libdyld.dylib
0x000000000568b000 	/usr/lib/system/libkeymgr.dylib
0x000000000568b000 	/usr/lib/system/liblaunch.dylib
0x000000000568b000 	/usr/lib/system/libmacho.dylib
0x000000000568b000 	/usr/lib/system/libquarantine.dylib
0x000000000568b000 	/usr/lib/system/libremovefile.dylib
0x000000000568b000 	/usr/lib/system/libsystem_asl.dylib
0x000000000568b000 	/usr/lib/system/libsystem_blocks.dylib
0x000000000568b000 	/usr/lib/system/libsystem_c.dylib
0x000000000568b000 	/usr/lib/system/libsystem_configuration.dylib
0x000000000568b000 	/usr/lib/system/libsystem_coreservices.dylib
0x000000000568b000 	/usr/lib/system/libsystem_coretls.dylib
0x000000000568b000 	/usr/lib/system/libsystem_dnssd.dylib
0x000000000568b000 	/usr/lib/system/libsystem_info.dylib
0x000000000568b000 	/usr/lib/system/libsystem_kernel.dylib
0x000000000568b000 	/usr/lib/system/libsystem_m.dylib
0x000000000568b000 	/usr/lib/system/libsystem_malloc.dylib
0x000000000568b000 	/usr/lib/system/libsystem_network.dylib
0x000000000568b000 	/usr/lib/system/libsystem_networkextension.dylib
0x000000000568b000 	/usr/lib/system/libsystem_notify.dylib
0x000000000568b000 	/usr/lib/system/libsystem_platform.dylib
0x000000000568b000 	/usr/lib/system/libsystem_pthread.dylib
0x000000000568b000 	/usr/lib/system/libsystem_sandbox.dylib
0x000000000568b000 	/usr/lib/system/libsystem_secinit.dylib
0x000000000568b000 	/usr/lib/system/libsystem_trace.dylib
0x000000000568b000 	/usr/lib/system/libunc.dylib
0x000000000568b000 	/usr/lib/system/libunwind.dylib
0x000000000568b000 	/usr/lib/system/libxpc.dylib
0x000000000568b000 	/usr/lib/libenergytrace.dylib
0x000000000568b000 	/usr/lib/libbsm.0.dylib
0x000000000568b000 	/usr/lib/system/libkxld.dylib
0x000000000568b000 	/usr/lib/libxar.1.dylib
0x000000000568b000 	/usr/lib/libsqlite3.dylib
0x000000000568b000 	/usr/lib/libpam.2.dylib
0x000000000568b000 	/usr/lib/libOpenScriptingUtil.dylib
0x000000000568b000 	/usr/lib/libbz2.1.0.dylib
0x000000000568b000 	/usr/lib/liblzma.5.dylib
0x000000000568b000 	/System/Library/Frameworks/CoreServices.framework/Versions/A/Frameworks/FSEvents.framework/Versions/A/FSEvents
0x000000000568b000 	/System/Library/Frameworks/CoreServices.framework/Versions/A/Frameworks/CarbonCore.framework/Versions/A/CarbonCore
0x000000000568b000 	/System/Library/Frameworks/CoreServices.framework/Versions/A/Frameworks/Metadata.framework/Versions/A/Metadata
0x000000000568b000 	/System/Library/Frameworks/CoreServices.framework/Versions/A/Frameworks/OSServices.framework/Versions/A/OSServices
0x000000000568b000 	/System/Library/Frameworks/CoreServices.framework/Versions/A/Frameworks/SearchKit.framework/Versions/A/SearchKit
0x000000000568b000 	/System/Library/Frameworks/CoreServices.framework/Versions/A/Frameworks/AE.framework/Versions/A/AE
0x000000000568b000 	/System/Library/Frameworks/CoreServices.framework/Versions/A/Frameworks/LaunchServices.framework/Versions/A/LaunchServices
0x000000000568b000 	/System/Library/Frameworks/CoreServices.framework/Versions/A/Frameworks/DictionaryServices.framework/Versions/A/DictionaryServices
0x000000000568b000 	/System/Library/Frameworks/CoreServices.framework/Versions/A/Frameworks/SharedFileList.framework/Versions/A/SharedFileList
0x000000000568b000 	/System/Library/Frameworks/NetFS.framework/Versions/A/NetFS
0x000000000568b000 	/System/Library/PrivateFrameworks/NetAuth.framework/Versions/A/NetAuth
0x000000000568b000 	/System/Library/PrivateFrameworks/login.framework/Versions/A/Frameworks/loginsupport.framework/Versions/A/loginsupport
0x000000000568b000 	/System/Library/PrivateFrameworks/TCC.framework/Versions/A/TCC
0x000000000568b000 	/usr/lib/libmecabra.dylib
0x000000000568b000 	/System/Library/Frameworks/ApplicationServices.framework/Versions/A/Frameworks/ATS.framework/Versions/A/ATS
0x000000000568b000 	/System/Library/Frameworks/ApplicationServices.framework/Versions/A/Frameworks/ColorSync.framework/Versions/A/ColorSync
0x000000000568b000 	/System/Library/Frameworks/ApplicationServices.framework/Versions/A/Frameworks/HIServices.framework/Versions/A/HIServices
0x000000000568b000 	/System/Library/Frameworks/ApplicationServices.framework/Versions/A/Frameworks/LangAnalysis.framework/Versions/A/LangAnalysis
0x000000000568b000 	/System/Library/Frameworks/ApplicationServices.framework/Versions/A/Frameworks/PrintCore.framework/Versions/A/PrintCore
0x000000000568b000 	/System/Library/Frameworks/ApplicationServices.framework/Versions/A/Frameworks/QD.framework/Versions/A/QD
0x000000000568b000 	/System/Library/Frameworks/ApplicationServices.framework/Versions/A/Frameworks/SpeechSynthesis.framework/Versions/A/SpeechSynthesis
0x000000000568b000 	/System/Library/Frameworks/Metal.framework/Versions/A/Metal
0x000000000568b000 	/System/Library/Frameworks/Accelerate.framework/Versions/A/Frameworks/vImage.framework/Versions/A/vImage
0x000000000568b000 	/System/Library/Frameworks/Accelerate.framework/Versions/A/Frameworks/vecLib.framework/Versions/A/vecLib
0x000000000568b000 	/System/Library/Frameworks/Accelerate.framework/Versions/A/Frameworks/vecLib.framework/Versions/A/libvDSP.dylib
0x000000000568b000 	/System/Library/Frameworks/Accelerate.framework/Versions/A/Frameworks/vecLib.framework/Versions/A/libvMisc.dylib
0x000000000568b000 	/System/Library/Frameworks/Accelerate.framework/Versions/A/Frameworks/vecLib.framework/Versions/A/libLAPACK.dylib
0x000000000568b000 	/System/Library/Frameworks/Accelerate.framework/Versions/A/Frameworks/vecLib.framework/Versions/A/libBLAS.dylib
0x000000000568b000 	/System/Library/Frameworks/Accelerate.framework/Versions/A/Frameworks/vecLib.framework/Versions/A/libLinearAlgebra.dylib
0x000000000568b000 	/System/Library/Frameworks/Accelerate.framework/Versions/A/Frameworks/vecLib.framework/Versions/A/libSparseBLAS.dylib
0x000000000568b000 	/System/Library/PrivateFrameworks/GPUCompiler.framework/libmetal_timestamp.dylib
0x000000000568b000 	/System/Library/Frameworks/OpenGL.framework/Versions/A/Libraries/libCoreFSCache.dylib
0x000000000568b000 	/System/Library/PrivateFrameworks/IOAccelerator.framework/Versions/A/IOAccelerator
0x000000000568b000 	/System/Library/Frameworks/ApplicationServices.framework/Versions/A/Frameworks/ATS.framework/Versions/A/Resources/libFontParser.dylib
0x000000000568b000 	/System/Library/Frameworks/ApplicationServices.framework/Versions/A/Frameworks/ATS.framework/Versions/A/Resources/libFontRegistry.dylib
0x000000000568b000 	/System/Library/PrivateFrameworks/AppleVPA.framework/Versions/A/AppleVPA
0x000000000568b000 	/System/Library/PrivateFrameworks/AppleJPEG.framework/Versions/A/AppleJPEG
0x000000000568b000 	/System/Library/Frameworks/ImageIO.framework/Versions/A/Resources/libJPEG.dylib
0x000000000568b000 	/System/Library/Frameworks/ImageIO.framework/Versions/A/Resources/libTIFF.dylib
0x000000000568b000 	/System/Library/Frameworks/ImageIO.framework/Versions/A/Resources/libPng.dylib
0x000000000568b000 	/System/Library/Frameworks/ImageIO.framework/Versions/A/Resources/libGIF.dylib
0x000000000568b000 	/System/Library/Frameworks/ImageIO.framework/Versions/A/Resources/libJP2.dylib
0x000000000568b000 	/System/Library/Frameworks/ImageIO.framework/Versions/A/Resources/libRadiance.dylib
0x000000000568b000 	/System/Library/Frameworks/CoreVideo.framework/Versions/A/CoreVideo
0x000000000568b000 	/System/Library/Frameworks/OpenGL.framework/Versions/A/Libraries/libGLU.dylib
0x000000000568b000 	/System/Library/Frameworks/OpenGL.framework/Versions/A/Libraries/libGFXShared.dylib
0x000000000568b000 	/System/Library/Frameworks/OpenGL.framework/Versions/A/Libraries/libGL.dylib
0x000000000568b000 	/System/Library/Frameworks/OpenGL.framework/Versions/A/Libraries/libGLImage.dylib
0x000000000568b000 	/System/Library/Frameworks/OpenGL.framework/Versions/A/Libraries/libCVMSPluginSupport.dylib
0x000000000568b000 	/System/Library/Frameworks/OpenGL.framework/Versions/A/Libraries/libCoreVMClient.dylib
0x000000000568b000 	/usr/lib/libcups.2.dylib
0x000000000568b000 	/System/Library/Frameworks/Kerberos.framework/Versions/A/Kerberos
0x000000000568b000 	/System/Library/Frameworks/GSS.framework/Versions/A/GSS
0x000000000568b000 	/usr/lib/libresolv.9.dylib
0x000000000568b000 	/usr/lib/libiconv.2.dylib
0x000000000568b000 	/System/Library/PrivateFrameworks/Heimdal.framework/Versions/A/Heimdal
0x000000000568b000 	/usr/lib/libheimdal-asn1.dylib
0x000000000568b000 	/System/Library/Frameworks/OpenDirectory.framework/Versions/A/OpenDirectory
0x000000000568b000 	/System/Library/PrivateFrameworks/CommonAuth.framework/Versions/A/CommonAuth
0x000000000568b000 	/System/Library/Frameworks/OpenDirectory.framework/Versions/A/Frameworks/CFOpenDirectory.framework/Versions/A/CFOpenDirectory
0x000000000568b000 	/System/Library/Frameworks/SecurityFoundation.framework/Versions/A/SecurityFoundation
0x000000000568b000 	/System/Library/PrivateFrameworks/LanguageModeling.framework/Versions/A/LanguageModeling
0x000000000568b000 	/usr/lib/libmarisa.dylib
0x000000000568b000 	/usr/lib/libChineseTokenizer.dylib
0x000000000568b000 	/usr/lib/libcmph.dylib
0x000000000568b000 	/usr/lib/libcompression.dylib
0x000000000568b000 	/System/Library/Frameworks/ServiceManagement.framework/Versions/A/ServiceManagement
0x000000000568b000 	/usr/lib/libxslt.1.dylib
0x000000000568b000 	/System/Library/Frameworks/Carbon.framework/Versions/A/Frameworks/Ink.framework/Versions/A/Ink
0x000000000568b000 	/usr/lib/libFosl_dynamic.dylib
0x000000000568b000 	/System/Library/PrivateFrameworks/FaceCore.framework/Versions/A/FaceCore
0x000000000568b000 	/System/Library/Frameworks/OpenCL.framework/Versions/A/OpenCL
0x000000000568b000 	/System/Library/PrivateFrameworks/CrashReporterSupport.framework/Versions/A/CrashReporterSupport
0x000000000568b000 	/System/Library/PrivateFrameworks/IconServices.framework/Versions/A/IconServices
0x000000000568b000 	/System/Library/PrivateFrameworks/Apple80211.framework/Versions/A/Apple80211
0x000000000568b000 	/System/Library/Frameworks/CoreWLAN.framework/Versions/A/CoreWLAN
0x000000000568b000 	/System/Library/Frameworks/IOBluetooth.framework/Versions/A/IOBluetooth
0x000000000568b000 	/System/Library/PrivateFrameworks/CoreWiFi.framework/Versions/A/CoreWiFi
0x000000000568b000 	/System/Library/Frameworks/CoreBluetooth.framework/Versions/A/CoreBluetooth
0x000000000568b000 	/System/Library/PrivateFrameworks/ChunkingLibrary.framework/Versions/A/ChunkingLibrary
0x000000000568b000 	/System/Library/PrivateFrameworks/DebugSymbols.framework/Versions/A/DebugSymbols
0x000000000568b000 	/System/Library/PrivateFrameworks/CoreSymbolication.framework/Versions/A/CoreSymbolication
0x000000000568b000 	/System/Library/PrivateFrameworks/Symbolication.framework/Versions/A/Symbolication
0x000000000568b000 	/System/Library/PrivateFrameworks/SpeechRecognitionCore.framework/Versions/A/SpeechRecognitionCore
0x000000010cb70000 	/Library/Java/JavaVirtualMachines/jdk1.8.0_65.jdk/Contents/Home/jre/lib/server/libjvm.dylib
0x000000000568b000 	/usr/lib/libstdc++.6.dylib
0x000000010dafd000 	/Library/Java/JavaVirtualMachines/jdk1.8.0_65.jdk/Contents/Home/jre/lib/libverify.dylib
0x000000010db0b000 	/Library/Java/JavaVirtualMachines/jdk1.8.0_65.jdk/Contents/Home/jre/lib/libjava.dylib
0x000000010db4a000 	/Library/Java/JavaVirtualMachines/jdk1.8.0_65.jdk/Contents/Home/jre/lib/libzip.dylib
0x0000000123cb7000 	/System/Library/Frameworks/JavaVM.framework/Frameworks/JavaRuntimeSupport.framework/JavaRuntimeSupport
0x0000000123cd2000 	/System/Library/Frameworks/JavaVM.framework/Versions/A/Frameworks/JavaNativeFoundation.framework/Versions/A/JavaNativeFoundation
0x0000000123ce7000 	/System/Library/Frameworks/JavaVM.framework/Versions/A/JavaVM
0x000000000568b000 	/System/Library/Frameworks/Carbon.framework/Versions/A/Carbon
0x0000000123cf4000 	/System/Library/PrivateFrameworks/JavaLaunching.framework/Versions/A/JavaLaunching
0x000000000568b000 	/System/Library/Frameworks/Carbon.framework/Versions/A/Frameworks/CommonPanels.framework/Versions/A/CommonPanels
0x000000000568b000 	/System/Library/Frameworks/Carbon.framework/Versions/A/Frameworks/Help.framework/Versions/A/Help
0x000000000568b000 	/System/Library/Frameworks/Carbon.framework/Versions/A/Frameworks/ImageCapture.framework/Versions/A/ImageCapture
0x000000000568b000 	/System/Library/Frameworks/Carbon.framework/Versions/A/Frameworks/OpenScripting.framework/Versions/A/OpenScripting
0x000000000568b000 	/System/Library/Frameworks/Carbon.framework/Versions/A/Frameworks/Print.framework/Versions/A/Print
0x000000000568b000 	/System/Library/Frameworks/Carbon.framework/Versions/A/Frameworks/SecurityHI.framework/Versions/A/SecurityHI
0x0000000125617000 	/Library/Java/JavaVirtualMachines/jdk1.8.0_65.jdk/Contents/Home/jre/lib/libawt.dylib
0x00000001256bf000 	/Library/Java/JavaVirtualMachines/jdk1.8.0_65.jdk/Contents/Home/jre/lib/./libmlib_image.dylib
0x000000012578b000 	/Library/Java/JavaVirtualMachines/jdk1.8.0_65.jdk/Contents/Home/jre/lib/libawt_lwawt.dylib
0x0000000125840000 	/Library/Java/JavaVirtualMachines/jdk1.8.0_65.jdk/Contents/Home/jre/lib/./libosxapp.dylib
0x000000000568b000 	/System/Library/Frameworks/ExceptionHandling.framework/Versions/A/ExceptionHandling
0x000000000568b000 	/System/Library/PrivateFrameworks/CoreServicesInternal.framework/Versions/A/CoreServicesInternal
0x000000000568b000 	/System/Library/Frameworks/CoreGraphics.framework/Versions/A/Resources/libRIP.A.dylib
0x000000000568b000 	/System/Library/Frameworks/Accelerate.framework/Versions/A/Frameworks/vImage.framework/Versions/A/Libraries/libCGInterfaces.dylib
0x000000000568b000 	/System/Library/Frameworks/CoreGraphics.framework/Versions/A/Resources/libCGXType.A.dylib
0x000000000568b000 	/System/Library/Frameworks/OpenCL.framework/Versions/A/Libraries/libcldcpuengine.dylib
0x000000000568b000 	/System/Library/PrivateFrameworks/DiskImages.framework/Versions/A/DiskImages
0x000000000568b000 	/System/Library/Frameworks/DiscRecording.framework/Versions/A/DiscRecording
0x000000000568b000 	/usr/lib/libcsfde.dylib
0x000000000568b000 	/usr/lib/libcurl.4.dylib
0x000000000568b000 	/System/Library/PrivateFrameworks/MediaKit.framework/Versions/A/MediaKit
0x000000000568b000 	/System/Library/PrivateFrameworks/ProtectedCloudStorage.framework/Versions/A/ProtectedCloudStorage
0x000000000568b000 	/usr/lib/libCoreStorage.dylib
0x000000000568b000 	/System/Library/PrivateFrameworks/EFILogin.framework/Versions/A/EFILogin
0x000000000568b000 	/usr/lib/libutil.dylib
0x000000000568b000 	/System/Library/PrivateFrameworks/FindMyDevice.framework/Versions/A/FindMyDevice
0x000000000568b000 	/System/Library/Frameworks/LDAP.framework/Versions/A/LDAP
0x000000000568b000 	/usr/lib/libsasl2.2.dylib
0x000000000568b000 	/System/Library/PrivateFrameworks/CoreDaemon.framework/Versions/B/CoreDaemon
0x000000000568b000 	/usr/lib/libcrypto.0.9.8.dylib
0x000000000568b000 	/System/Library/PrivateFrameworks/AppleSRP.framework/Versions/A/AppleSRP
0x000000000568b000 	/System/Library/PrivateFrameworks/TrustEvaluationAgent.framework/Versions/A/TrustEvaluationAgent
0x0000000126208000 	cl_kernels
0x000000000568b000 	/System/Library/Frameworks/OpenCL.framework/Versions/A/Libraries/ImageFormats/unorm8_bgra.dylib
0x000000000568b000 	/System/Library/Frameworks/OpenCL.framework/Versions/A/Libraries/ImageFormats/unorm8_rgba.dylib
0x000000000568b000 	/System/Library/PrivateFrameworks/FamilyControls.framework/Versions/A/FamilyControls
0x000000000568b000 	/System/Library/PrivateFrameworks/CommerceKit.framework/Versions/A/Frameworks/CommerceCore.framework/Versions/A/CommerceCore
0x000000000568b000 	/System/Library/PrivateFrameworks/SystemAdministration.framework/Versions/A/SystemAdministration
0x000000000568b000 	/System/Library/PrivateFrameworks/AppContainer.framework/Versions/A/AppContainer
0x000000000568b000 	/System/Library/PrivateFrameworks/SecCodeWrapper.framework/Versions/A/SecCodeWrapper
0x000000000568b000 	/System/Library/Frameworks/DirectoryService.framework/Versions/A/DirectoryService
0x000000000568b000 	/System/Library/PrivateFrameworks/LoginUIKit.framework/Versions/A/Frameworks/LoginUICore.framework/Versions/A/LoginUICore
0x000000000568b000 	/usr/lib/libodfde.dylib
0x000000000568b000 	/System/Library/Frameworks/OpenGL.framework/Versions/A/Resources/GLEngine.bundle/GLEngine
0x000000000568b000 	/System/Library/Frameworks/OpenGL.framework/Versions/A/Libraries/libGLProgrammability.dylib
0x00000001280a8000 	/System/Library/Extensions/AppleIntelHD5000GraphicsGLDriver.bundle/Contents/MacOS/AppleIntelHD5000GraphicsGLDriver
0x000000000568b000 	/System/Library/PrivateFrameworks/GPUSupport.framework/Versions/A/Libraries/libGPUSupportMercury.dylib
0x000000000568b000 	/System/Library/Frameworks/OpenGL.framework/Versions/A/Resources/GLRendererFloat.bundle/GLRendererFloat
0x00000001290ae000 	/Library/Java/JavaVirtualMachines/jdk1.8.0_65.jdk/Contents/Home/jre/lib/libfontmanager.dylib
0x000000012a508000 	/Library/Java/JavaVirtualMachines/jdk1.8.0_65.jdk/Contents/Home/jre/lib/libosxui.dylib
0x000000012b340000 	/Library/Java/JavaVirtualMachines/jdk1.8.0_65.jdk/Contents/Home/jre/lib/libnet.dylib
0x000000012b0f1000 	/Library/Java/JavaVirtualMachines/jdk1.8.0_65.jdk/Contents/Home/jre/lib/libnio.dylib
0x000000000568b000 	/System/Library/Frameworks/ApplicationServices.framework/Versions/A/Frameworks/ATS.framework/Versions/A/Resources/libTrueTypeScaler.dylib
0x000000017bdc7000 	/System/Library/Extensions/AppleIntelHD5000GraphicsMTLDriver.bundle/Contents/MacOS/AppleIntelHD5000GraphicsMTLDriver
0x00000001265f2000 	/private/var/folders/94/qhk8wx9560913pcr_k2txvfh0000gn/T/jogamp_0000/file_cache/jln6668599673318494883/jln3267729480161982711/libgluegen-rt.jnilib
0x00000001265f7000 	/private/var/folders/94/qhk8wx9560913pcr_k2txvfh0000gn/T/jogamp_0000/file_cache/jln6668599673318494883/jln3267729480161982711/libnativewindow_awt.jnilib
0x00000001265fa000 	/Library/Java/JavaVirtualMachines/jdk1.8.0_65.jdk/Contents/Home/jre/lib/libjawt.dylib
0x00000001265fd000 	/private/var/folders/94/qhk8wx9560913pcr_k2txvfh0000gn/T/jogamp_0000/file_cache/jln6668599673318494883/jln3267729480161982711/libnativewindow_macosx.jnilib
0x000000017d838000 	/private/var/folders/94/qhk8wx9560913pcr_k2txvfh0000gn/T/jogamp_0000/file_cache/jln6668599673318494883/jln3267729480161982711/libjogl_desktop.jnilib

VM Arguments:
jvm_args: -Djava.security.policy=java.policy.applet -Dfile.encoding=UTF-8 
java_command: sun.applet.AppletViewer module3.EarthquakeCityMap1449803659879.html
java_class_path (initial): /Users/karenblakemore/Java/workspace/UCSDUnfoldingMaps/build:/Users/karenblakemore/Java/workspace/UCSDUnfoldingMaps/lib/core.jar:/Users/karenblakemore/Java/workspace/UCSDUnfoldingMaps/lib/gluegen-rt.jar:/Users/karenblakemore/Java/workspace/UCSDUnfoldingMaps/lib/jogl-all.jar:/Users/karenblakemore/Java/workspace/UCSDUnfoldingMaps/lib/log4j-1.2.15.jar:/Users/karenblakemore/Java/workspace/UCSDUnfoldingMaps/lib/sqlite-jdbc-3.7.2.jar:/Users/karenblakemore/Java/workspace/UCSDUnfoldingMaps/lib/json4processing.jar:/Users/karenblakemore/Java/workspace/UCSDUnfoldingMaps/lib/libTUIO.jar:/Users/karenblakemore/Java/workspace/UCSDUnfoldingMaps/lib/unfolding.0.9.7-uscd.jar
Launcher Type: SUN_STANDARD

Environment Variables:
PATH=/usr/bin:/bin:/usr/sbin:/sbin
SHELL=/bin/bash

Signal Handlers:
SIGSEGV: [libjvm.dylib+0x5a6d31], sa_mask[0]=11111111011111110111111111111111, sa_flags=SA_ONSTACK|SA_RESTART|SA_SIGINFO
SIGBUS: [libjvm.dylib+0x5a6d31], sa_mask[0]=11111111011111110111111111111111, sa_flags=SA_RESTART|SA_SIGINFO
SIGFPE: [libjvm.dylib+0x480a40], sa_mask[0]=11111111011111110111111111111111, sa_flags=SA_RESTART|SA_SIGINFO
SIGPIPE: [libjvm.dylib+0x480a40], sa_mask[0]=11111111011111110111111111111111, sa_flags=SA_RESTART|SA_SIGINFO
SIGXFSZ: [libjvm.dylib+0x480a40], sa_mask[0]=11111111011111110111111111111111, sa_flags=SA_RESTART|SA_SIGINFO
SIGILL: [libjvm.dylib+0x480a40], sa_mask[0]=11111111011111110111111111111111, sa_flags=SA_RESTART|SA_SIGINFO
SIGUSR1: SIG_DFL, sa_mask[0]=00000000000000000000000000000000, sa_flags=none
SIGUSR2: [libjvm.dylib+0x48055e], sa_mask[0]=00100000000000000000000000000000, sa_flags=SA_RESTART|SA_SIGINFO
SIGHUP: [libjvm.dylib+0x47eb35], sa_mask[0]=11111111011111110111111111111111, sa_flags=SA_RESTART|SA_SIGINFO
SIGINT: [libjvm.dylib+0x47eb35], sa_mask[0]=11111111011111110111111111111111, sa_flags=SA_RESTART|SA_SIGINFO
SIGTERM: [libjvm.dylib+0x47eb35], sa_mask[0]=11111111011111110111111111111111, sa_flags=SA_RESTART|SA_SIGINFO
SIGQUIT: [libjvm.dylib+0x47eb35], sa_mask[0]=11111111011111110111111111111111, sa_flags=SA_RESTART|SA_SIGINFO


---------------  S Y S T E M  ---------------

OS:Bsduname:Darwin 15.0.0 Darwin Kernel Version 15.0.0: Sat Sep 19 15:53:46 PDT 2015; root:xnu-3247.10.11~1/RELEASE_X86_64 x86_64
rlimit: STACK 8192k, CORE 0k, NPROC 709, NOFILE 10240, AS infinity
load average:1.77 1.75 1.74

CPU:total 4 (2 cores per cpu, 2 threads per core) family 6 model 69 stepping 1, cmov, cx8, fxsr, mmx, sse, sse2, sse3, ssse3, sse4.1, sse4.2, popcnt, avx, avx2, aes, clmul, erms, lzcnt, ht, tsc, tscinvbit, bmi1, bmi2

Memory: 4k page, physical 8388608k(722300k free)

/proc/meminfo:


vm_info: Java HotSpot(TM) 64-Bit Server VM (25.65-b01) for bsd-amd64 JRE (1.8.0_65-b17), built on Oct  6 2015 15:36:46 by "java_re" with gcc 4.2.1 (Based on Apple Inc. build 5658) (LLVM build 2336.11.00)

time: Thu Dec 10 20:14:54 2015
elapsed time: 34 seconds (0d 0h 0m 34s)

