#
# A fatal error has been detected by the Java Runtime Environment:
#
#  SIGSEGV (0xb) at pc=0x00007fff886ffd5d, pid=39464, tid=2571
#
# JRE version: Java(TM) SE Runtime Environment (8.0_65-b17) (build 1.8.0_65-b17)
# Java VM: Java HotSpot(TM) 64-Bit Server VM (25.65-b01 mixed mode bsd-amd64 compressed oops)
# Problematic frame:
# C  [libobjc.A.dylib+0x6d5d]  objc_msgSend+0x1d
#
# Failed to write core dump. Core dumps have been disabled. To enable core dumping, try "ulimit -c unlimited" before starting Java again
#
# If you would like to submit a bug report, please visit:
#   http://bugreport.java.com/bugreport/crash.jsp
# The crash happened outside the Java Virtual Machine in native code.
# See problematic frame for where to report the bug.
#

---------------  T H R E A D  ---------------

Current thread (0x00007f88b3160800):  JavaThread "AWT-AppKit" daemon [_thread_in_native, id=2571, stack(0x00007fff51411000,0x00007fff51c11000)]

siginfo: si_signo: 11 (SIGSEGV), si_code: 1 (SEGV_MAPERR), si_addr: 0x0000000000000018

Registers:
RAX=0x00007f88b57d9c30, RBX=0x000000017da9d450, RCX=0x0000000127ed7120, RDX=0x00000001280af0e0
RSP=0x00007fff51c0c368, RBP=0x00007fff51c0c420, RSI=0x00007fff8b9cdd0e, RDI=0x00007f88b7a40ea0
R8 =0x0000000000000000, R9 =0x0000000000000810, R10=0x00007fff8b9cdd0e, R11=0x0000000000000000
R12=0x0000000000000000, R13=0x0000000181d73c60, R14=0x000000017da9d440, R15=0x00007f88b3160800
RIP=0x00007fff886ffd5d, EFLAGS=0x0000000000010246, ERR=0x0000000000000004
  TRAPNO=0x000000000000000e

Top of Stack: (sp=0x00007fff51c0c368)
0x00007fff51c0c368:   000000017da9b157 00007fff51c0c3c0
0x00007fff51c0c378:   0000000000000003 00007fff51c0c3a0
0x00007fff51c0c388:   000000010edf19a6 0000000181d73c60
0x00007fff51c0c398:   0000000181d73c60 00007f88b57d9c30
0x00007fff51c0c3a8:   000000017da9d6a0 000000017da9d710
0x00007fff51c0c3b8:   00007fff76b42740 00007fff74bd04c0
0x00007fff51c0c3c8:   000000017da9d450 000000017da9d690
0x00007fff51c0c3d8:   00007f88b57d9c30 00007f88b7a40ea0
0x00007fff51c0c3e8:   00007f88b2d25a30 00007f88b57d9c30
0x00007fff51c0c3f8:   00007f88b7a40ea0 00007fff51c0c4a8
0x00007fff51c0c408:   00007f88b31609f8 0000000181d73c60
0x00007fff51c0c418:   00007fff51c0c4d0 00007fff51c0c498
0x00007fff51c0c428:   000000010fb9e954 0000000181d73c60
0x00007fff51c0c438:   00007fff51c0c4d0 00007fff51c0c498
0x00007fff51c0c448:   000000010fb9e6e7 000000010fb9e6a2
0x00007fff51c0c458:   00007fff51c0c458 0000000181d73c60
0x00007fff51c0c468:   00007fff51c0c4d0 0000000181d76898
0x00007fff51c0c478:   0000000000000000 0000000181d73c60
0x00007fff51c0c488:   0000000000000000 00007fff51c0c4b8
0x00007fff51c0c498:   00007fff51c0c518 000000010fb90c4d
0x00007fff51c0c4a8:   00000007400c8218 000000010fb98578
0x00007fff51c0c4b8:   00007f88b57d9c30 00007fff51c0c518
0x00007fff51c0c4c8:   00007f88b7a40ea0 000000010fb99d82
0x00007fff51c0c4d8:   00007fff51c0c4d8 0000000181d73e2a
0x00007fff51c0c4e8:   00007fff51c0c540 0000000181d76898
0x00007fff51c0c4f8:   0000000000000000 0000000181d73e38
0x00007fff51c0c508:   00007fff51c0c4b8 00007fff51c0c528
0x00007fff51c0c518:   00007fff51c0c588 000000010fb90c4d
0x00007fff51c0c528:   00007f88b57d9c30 000000079e9eb430
0x00007fff51c0c538:   00007f88b7a40ea0 000000079e9eb430
0x00007fff51c0c548:   00007fff51c0c548 00000001866416fe
0x00007fff51c0c558:   00007fff51c0c598 00000001866417b8 

Instructions: (pc=0x00007fff886ffd5d)
0x00007fff886ffd3d:   44 00 00 48 85 ff 2e 74 62 40 f6 c7 01 2e 75 66
0x00007fff886ffd4d:   49 bb f8 ff ff ff ff 7f 00 00 4c 23 1f 49 89 f2
0x00007fff886ffd5d:   45 23 53 18 49 c1 e2 04 4d 03 53 10 49 3b 32 75
0x00007fff886ffd6d:   04 41 ff 62 08 49 83 3a 01 76 0d 49 83 c2 10 49 

Register to memory mapping:

RAX=0x00007f88b57d9c30 is an unknown value
RBX=0x000000017da9d450: Java_jogamp_nativewindow_macosx_OSXUtil_GetScreenRefreshRate0+0x1cf0 in /private/var/folders/94/qhk8wx9560913pcr_k2txvfh0000gn/T/jogamp_0000/file_cache/jln8560118807262970229/jln7193825233832246408/libnativewindow_macosx.jnilib at 0x000000017da96000
RCX=0x0000000127ed7120 is an unknown value
RDX=0x00000001280af0e0 is an unknown value
RSP=0x00007fff51c0c368 is pointing into the stack for thread: 0x00007f88b3160800
RBP=0x00007fff51c0c420 is pointing into the stack for thread: 0x00007f88b3160800
RSI=0x00007fff8b9cdd0e is an unknown value
RDI=0x00007f88b7a40ea0 is an unknown value
R8 =0x0000000000000000 is an unknown value
R9 =0x0000000000000810 is an unknown value
R10=0x00007fff8b9cdd0e is an unknown value
R11=0x0000000000000000 is an unknown value
R12=0x0000000000000000 is an unknown value
R13={method} {0x0000000181d73c60} 'UnsetJAWTRootSurfaceLayer0' '(JJ)V' in 'jogamp/nativewindow/jawt/macosx/MacOSXJAWTWindow'
R14=0x000000017da9d440: Java_jogamp_nativewindow_macosx_OSXUtil_GetScreenRefreshRate0+0x1ce0 in /private/var/folders/94/qhk8wx9560913pcr_k2txvfh0000gn/T/jogamp_0000/file_cache/jln8560118807262970229/jln7193825233832246408/libnativewindow_macosx.jnilib at 0x000000017da96000
R15=0x00007f88b3160800 is a thread


Stack: [0x00007fff51411000,0x00007fff51c11000],  sp=0x00007fff51c0c368,  free space=8172k
Native frames: (J=compiled Java code, j=interpreted, Vv=VM code, C=native code)
C  [libobjc.A.dylib+0x6d5d]  objc_msgSend+0x1d
j  jogamp.nativewindow.jawt.macosx.MacOSXJAWTWindow.UnsetJAWTRootSurfaceLayer0(JJ)V+0
j  jogamp.nativewindow.jawt.macosx.MacOSXJAWTWindow.access$200(JJ)V+2
j  jogamp.nativewindow.jawt.macosx.MacOSXJAWTWindow$1.run()V+38
J 1980 C1 com.jogamp.common.util.RunnableTask.run()V (345 bytes) @ 0x00000001102012d4 [0x0000000110201140+0x194]
v  ~StubRoutines::call_stub
V  [libjvm.dylib+0x2eab02]  JavaCalls::call_helper(JavaValue*, methodHandle*, JavaCallArguments*, Thread*)+0x6ae
V  [libjvm.dylib+0x321bab]  jni_invoke_nonstatic(JNIEnv_*, JavaValue*, _jobject*, JNICallType, _jmethodID*, JNI_ArgumentPusher*, Thread*)+0x2ec
V  [libjvm.dylib+0x31437f]  jni_CallVoidMethod+0x16b
C  [libnativewindow_macosx.jnilib+0x5326]  Java_jogamp_nativewindow_jawt_macosx_MacOSXJAWTWindow_UnsetJAWTRootSurfaceLayer0+0x2b6
C  [Foundation+0x7741e]  __NSThreadPerformPerform+0x117
C  [CoreFoundation+0xaa8b1]  __CFRUNLOOP_IS_CALLING_OUT_TO_A_SOURCE0_PERFORM_FUNCTION__+0x11
C  [CoreFoundation+0x8a027]  __CFRunLoopDoSources0+0x1a7
C  [CoreFoundation+0x895cf]  __CFRunLoopRun+0x39f
C  [CoreFoundation+0x88fc8]  CFRunLoopRunSpecific+0x128
C  [HIToolbox+0x30d55]  RunCurrentEventLoopInMode+0xeb
C  [HIToolbox+0x30a97]  ReceiveNextEventCommon+0xb8
C  [HIToolbox+0x309cf]  _BlockUntilNextEventMatchingListInModeWithFilter+0x47
C  [AppKit+0x49d96]  _DPSNextEvent+0x42b
C  [AppKit+0x491c5]  -[NSApplication _nextEventMatchingEventMask:untilDate:inMode:dequeue:]+0x1c6
C  [libosxapp.dylib+0x23aa]  -[NSApplicationAWT nextEventMatchingMask:untilDate:inMode:dequeue:]+0x7c
C  [AppKit+0x3dd28]  -[NSApplication run]+0x2aa
C  [libosxapp.dylib+0x214d]  +[NSApplicationAWT runAWTLoopWithApp:]+0x9c
C  [libawt_lwawt.dylib+0x44517]  -[AWTStarter starter:]+0x389
C  [Foundation+0x7741e]  __NSThreadPerformPerform+0x117
C  [CoreFoundation+0xaa8b1]  __CFRUNLOOP_IS_CALLING_OUT_TO_A_SOURCE0_PERFORM_FUNCTION__+0x11
C  [CoreFoundation+0x8a0ac]  __CFRunLoopDoSources0+0x22c
C  [CoreFoundation+0x895cf]  __CFRunLoopRun+0x39f
C  [CoreFoundation+0x88fc8]  CFRunLoopRunSpecific+0x128
C  [java+0x6463]  CreateExecutionEnvironment+0x367
C  [java+0x21ac]  JLI_Launch+0x7a0
C  [java+0x84c0]  main+0x65
C  [java+0x1a04]  start+0x34
C  0x0000000000000007

Java frames: (J=compiled Java code, j=interpreted, Vv=VM code)
j  jogamp.nativewindow.jawt.macosx.MacOSXJAWTWindow.UnsetJAWTRootSurfaceLayer0(JJ)V+0
j  jogamp.nativewindow.jawt.macosx.MacOSXJAWTWindow.access$200(JJ)V+2
j  jogamp.nativewindow.jawt.macosx.MacOSXJAWTWindow$1.run()V+38
J 1980 C1 com.jogamp.common.util.RunnableTask.run()V (345 bytes) @ 0x00000001102012d4 [0x0000000110201140+0x194]
v  ~StubRoutines::call_stub

---------------  P R O C E S S  ---------------

Java Threads: ( => current thread )
  0x00007f88b8acc000 JavaThread "Thread-43" [_thread_blocked, id=38455, stack(0x00007000011d0000,0x00007000012d0000)]
  0x00007f88b39ca800 JavaThread "AWT-EventQueue-1" [_thread_in_native, id=59667, stack(0x00007000018eb000,0x00007000019eb000)]
  0x00007f88b4006800 JavaThread "DestroyJavaVM" [_thread_blocked, id=5891, stack(0x000070000011a000,0x000070000021a000)]
  0x00007f88b4979800 JavaThread "AWT-EventQueue-0" [_thread_blocked, id=56835, stack(0x00007000016e5000,0x00007000017e5000)]
  0x00007f88b4948800 JavaThread "Java2D Disposer" daemon [_thread_blocked, id=53515, stack(0x000070000145c000,0x000070000155c000)]
  0x00007f88b48e7000 JavaThread "Java2D Queue Flusher" daemon [_thread_blocked, id=50439, stack(0x0000700001359000,0x0000700001459000)]
  0x00007f88b3161800 JavaThread "AWT-Shutdown" [_thread_blocked, id=28947, stack(0x00007000010cd000,0x00007000011cd000)]
=>0x00007f88b3160800 JavaThread "AWT-AppKit" daemon [_thread_in_native, id=2571, stack(0x00007fff51411000,0x00007fff51c11000)]
  0x00007f88b4009800 JavaThread "Service Thread" daemon [_thread_blocked, id=18691, stack(0x0000700000e44000,0x0000700000f44000)]
  0x00007f88b301e000 JavaThread "C1 CompilerThread2" daemon [_thread_blocked, id=18179, stack(0x0000700000d41000,0x0000700000e41000)]
  0x00007f88b4818800 JavaThread "C2 CompilerThread1" daemon [_thread_blocked, id=17667, stack(0x0000700000c3e000,0x0000700000d3e000)]
  0x00007f88b4812800 JavaThread "C2 CompilerThread0" daemon [_thread_blocked, id=17155, stack(0x0000700000b3b000,0x0000700000c3b000)]
  0x00007f88b301c800 JavaThread "Signal Dispatcher" daemon [_thread_blocked, id=12815, stack(0x0000700000a38000,0x0000700000b38000)]
  0x00007f88b480d000 JavaThread "Finalizer" daemon [_thread_blocked, id=12291, stack(0x000070000082f000,0x000070000092f000)]
  0x00007f88b480c000 JavaThread "Reference Handler" daemon [_thread_blocked, id=11779, stack(0x000070000072c000,0x000070000082c000)]

Other Threads:
  0x00007f88b3827800 VMThread [stack: 0x0000700000629000,0x0000700000729000] [id=11267]
  0x00007f88b3832000 WatcherThread [stack: 0x0000700000f47000,0x0000700001047000] [id=19203]

VM state:not at safepoint (normal execution)

VM Mutex/Monitor currently owned by a thread: None

Heap:
 PSYoungGen      total 69632K, used 51834K [0x0000000795580000, 0x000000079ec80000, 0x00000007c0000000)
  eden space 64512K, 72% used [0x0000000795580000,0x000000079834be20,0x0000000799480000)
  from space 5120K, 96% used [0x000000079e780000,0x000000079ec52d90,0x000000079ec80000)
  to   space 15872K, 0% used [0x000000079cd80000,0x000000079cd80000,0x000000079dd00000)
 ParOldGen       total 87552K, used 20457K [0x0000000740000000, 0x0000000745580000, 0x0000000795580000)
  object space 87552K, 23% used [0x0000000740000000,0x00000007413fa7c0,0x0000000745580000)
 Metaspace       used 19038K, capacity 19203K, committed 19328K, reserved 1067008K
  class space    used 1866K, capacity 1918K, committed 1920K, reserved 1048576K

Card table byte_map: [0x000000011ef49000,0x000000011f34a000] byte_map_base: 0x000000011b549000

Marking Bits: (ParMarkBitMap*) 0x000000010f4dee20
 Begin Bits: [0x000000011f5f5000, 0x00000001215f5000)
 End Bits:   [0x00000001215f5000, 0x00000001235f5000)

Polling page: 0x000000010e2b2000

CodeCache: size=245760Kb used=7637Kb max_used=7650Kb free=238122Kb
 bounds [0x000000010fb89000, 0x0000000110319000, 0x000000011eb89000]
 total_blobs=3008 nmethods=2135 adapters=787
 compilation: enabled

Compilation events (10 events):
Event: 48.826 Thread 0x00007f88b4818800 2252       4       sun.java2d.pipe.Region::getIntersection (21 bytes)
Event: 48.826 Thread 0x00007f88b301e000 2253       2       sun.java2d.pipe.Region::getIntersectionXYWH (18 bytes)
Event: 48.827 Thread 0x00007f88b301e000 nmethod 2253 0x000000010ffc3690 code [0x000000010ffc3800, 0x000000010ffc39c8]
Event: 48.842 Thread 0x00007f88b4818800 nmethod 2252 0x000000010ffc2f90 code [0x000000010ffc3100, 0x000000010ffc3318]
Event: 48.862 Thread 0x00007f88b4812800 2254       4       java.util.HashMap$HashIterator::hasNext (13 bytes)
Event: 48.865 Thread 0x00007f88b301e000 2255   !   3       sun.lwawt.LWComponentPeer::isShowing (49 bytes)
Event: 48.865 Thread 0x00007f88b4812800 nmethod 2254 0x000000011019b050 code [0x000000011019b1a0, 0x000000011019b218]
Event: 48.866 Thread 0x00007f88b301e000 nmethod 2255 0x00000001102edf90 code [0x00000001102ee140, 0x00000001102eea28]
Event: 48.869 Thread 0x00007f88b4812800 2256  s!   4       sun.misc.URLClassPath::getLoader (197 bytes)
Event: 48.892 Thread 0x00007f88b4812800 nmethod 2256 0x00000001102ebd90 code [0x00000001102ebf00, 0x00000001102ec6d8]

GC Heap History (10 events):
Event: 7.257 GC heap before
{Heap before GC invocations=2 (full 0):
 PSYoungGen      total 38400K, used 38185K [0x0000000795580000, 0x0000000798000000, 0x00000007c0000000)
  eden space 33280K, 100% used [0x0000000795580000,0x0000000797600000,0x0000000797600000)
  from space 5120K, 95% used [0x0000000797600000,0x0000000797aca7b0,0x0000000797b00000)
  to   space 5120K, 0% used [0x0000000797b00000,0x0000000797b00000,0x0000000798000000)
 ParOldGen       total 87552K, used 9K [0x0000000740000000, 0x0000000745580000, 0x0000000795580000)
  object space 87552K, 0% used [0x0000000740000000,0x0000000740002410,0x0000000745580000)
 Metaspace       used 18289K, capacity 18425K, committed 18560K, reserved 1067008K
  class space    used 1859K, capacity 1917K, committed 1920K, reserved 1048576K
Event: 7.285 GC heap after
Heap after GC invocations=2 (full 0):
 PSYoungGen      total 38400K, used 5111K [0x0000000795580000, 0x0000000798000000, 0x00000007c0000000)
  eden space 33280K, 0% used [0x0000000795580000,0x0000000795580000,0x0000000797600000)
  from space 5120K, 99% used [0x0000000797b00000,0x0000000797ffdc00,0x0000000798000000)
  to   space 5120K, 0% used [0x0000000797600000,0x0000000797600000,0x0000000797b00000)
 ParOldGen       total 87552K, used 9219K [0x0000000740000000, 0x0000000745580000, 0x0000000795580000)
  object space 87552K, 10% used [0x0000000740000000,0x0000000740900d48,0x0000000745580000)
 Metaspace       used 18289K, capacity 18425K, committed 18560K, reserved 1067008K
  class space    used 1859K, capacity 1917K, committed 1920K, reserved 1048576K
}
Event: 7.767 GC heap before
{Heap before GC invocations=3 (full 0):
 PSYoungGen      total 38400K, used 38391K [0x0000000795580000, 0x0000000798000000, 0x00000007c0000000)
  eden space 33280K, 100% used [0x0000000795580000,0x0000000797600000,0x0000000797600000)
  from space 5120K, 99% used [0x0000000797b00000,0x0000000797ffdc00,0x0000000798000000)
  to   space 5120K, 0% used [0x0000000797600000,0x0000000797600000,0x0000000797b00000)
 ParOldGen       total 87552K, used 10048K [0x0000000740000000, 0x0000000745580000, 0x0000000795580000)
  object space 87552K, 11% used [0x0000000740000000,0x00000007409d0138,0x0000000745580000)
 Metaspace       used 18333K, capacity 18553K, committed 18816K, reserved 1067008K
  class space    used 1859K, capacity 1917K, committed 1920K, reserved 1048576K
Event: 7.787 GC heap after
Heap after GC invocations=3 (full 0):
 PSYoungGen      total 38400K, used 5115K [0x0000000795580000, 0x000000079a080000, 0x00000007c0000000)
  eden space 33280K, 0% used [0x0000000795580000,0x0000000795580000,0x0000000797600000)
  from space 5120K, 99% used [0x0000000797600000,0x0000000797afedb0,0x0000000797b00000)
  to   space 5120K, 0% used [0x0000000799b80000,0x0000000799b80000,0x000000079a080000)
 ParOldGen       total 87552K, used 16601K [0x0000000740000000, 0x0000000745580000, 0x0000000795580000)
  object space 87552K, 18% used [0x0000000740000000,0x00000007410366d0,0x0000000745580000)
 Metaspace       used 18333K, capacity 18553K, committed 18816K, reserved 1067008K
  class space    used 1859K, capacity 1917K, committed 1920K, reserved 1048576K
}
Event: 11.236 GC heap before
{Heap before GC invocations=4 (full 0):
 PSYoungGen      total 38400K, used 38395K [0x0000000795580000, 0x000000079a080000, 0x00000007c0000000)
  eden space 33280K, 100% used [0x0000000795580000,0x0000000797600000,0x0000000797600000)
  from space 5120K, 99% used [0x0000000797600000,0x0000000797afedb0,0x0000000797b00000)
  to   space 5120K, 0% used [0x0000000799b80000,0x0000000799b80000,0x000000079a080000)
 ParOldGen       total 87552K, used 16601K [0x0000000740000000, 0x0000000745580000, 0x0000000795580000)
  object space 87552K, 18% used [0x0000000740000000,0x00000007410366d0,0x0000000745580000)
 Metaspace       used 18702K, capacity 18873K, committed 19072K, reserved 1067008K
  class space    used 1859K, capacity 1917K, committed 1920K, reserved 1048576K
Event: 11.264 GC heap after
Heap after GC invocations=4 (full 0):
 PSYoungGen      total 71680K, used 4971K [0x0000000795580000, 0x000000079a080000, 0x00000007c0000000)
  eden space 66560K, 0% used [0x0000000795580000,0x0000000795580000,0x0000000799680000)
  from space 5120K, 97% used [0x0000000799b80000,0x000000079a05ad90,0x000000079a080000)
  to   space 5120K, 0% used [0x0000000799680000,0x0000000799680000,0x0000000799b80000)
 ParOldGen       total 87552K, used 20449K [0x0000000740000000, 0x0000000745580000, 0x0000000795580000)
  object space 87552K, 23% used [0x0000000740000000,0x00000007413f87c0,0x0000000745580000)
 Metaspace       used 18702K, capacity 18873K, committed 19072K, reserved 1067008K
  class space    used 1859K, capacity 1917K, committed 1920K, reserved 1048576K
}
Event: 25.655 GC heap before
{Heap before GC invocations=5 (full 0):
 PSYoungGen      total 71680K, used 71531K [0x0000000795580000, 0x000000079a080000, 0x00000007c0000000)
  eden space 66560K, 100% used [0x0000000795580000,0x0000000799680000,0x0000000799680000)
  from space 5120K, 97% used [0x0000000799b80000,0x000000079a05ad90,0x000000079a080000)
  to   space 5120K, 0% used [0x0000000799680000,0x0000000799680000,0x0000000799b80000)
 ParOldGen       total 87552K, used 20449K [0x0000000740000000, 0x0000000745580000, 0x0000000795580000)
  object space 87552K, 23% used [0x0000000740000000,0x00000007413f87c0,0x0000000745580000)
 Metaspace       used 19001K, capacity 19203K, committed 19328K, reserved 1067008K
  class space    used 1859K, capacity 1918K, committed 1920K, reserved 1048576K
Event: 25.676 GC heap after
Heap after GC invocations=5 (full 0):
 PSYoungGen      total 71680K, used 4979K [0x0000000795580000, 0x000000079f780000, 0x00000007c0000000)
  eden space 66560K, 0% used [0x0000000795580000,0x0000000795580000,0x0000000799680000)
  from space 5120K, 97% used [0x0000000799680000,0x0000000799b5ccc0,0x0000000799b80000)
  to   space 16384K, 0% used [0x000000079e780000,0x000000079e780000,0x000000079f780000)
 ParOldGen       total 87552K, used 20449K [0x0000000740000000, 0x0000000745580000, 0x0000000795580000)
  object space 87552K, 23% used [0x0000000740000000,0x00000007413f87c0,0x0000000745580000)
 Metaspace       used 19001K, capacity 19203K, committed 19328K, reserved 1067008K
  class space    used 1859K, capacity 1918K, committed 1920K, reserved 1048576K
}
Event: 39.429 GC heap before
{Heap before GC invocations=6 (full 0):
 PSYoungGen      total 71680K, used 71539K [0x0000000795580000, 0x000000079f780000, 0x00000007c0000000)
  eden space 66560K, 100% used [0x0000000795580000,0x0000000799680000,0x0000000799680000)
  from space 5120K, 97% used [0x0000000799680000,0x0000000799b5ccc0,0x0000000799b80000)
  to   space 16384K, 0% used [0x000000079e780000,0x000000079e780000,0x000000079f780000)
 ParOldGen       total 87552K, used 20449K [0x0000000740000000, 0x0000000745580000, 0x0000000795580000)
  object space 87552K, 23% used [0x0000000740000000,0x00000007413f87c0,0x0000000745580000)
 Metaspace       used 19002K, capacity 19203K, committed 19328K, reserved 1067008K
  class space    used 1859K, capacity 1918K, committed 1920K, reserved 1048576K
Event: 39.445 GC heap after
Heap after GC invocations=6 (full 0):
 PSYoungGen      total 69632K, used 4939K [0x0000000795580000, 0x000000079ec80000, 0x00000007c0000000)
  eden space 64512K, 0% used [0x0000000795580000,0x0000000795580000,0x0000000799480000)
  from space 5120K, 96% used [0x000000079e780000,0x000000079ec52d90,0x000000079ec80000)
  to   space 15872K, 0% used [0x000000079cd80000,0x000000079cd80000,0x000000079dd00000)
 ParOldGen       total 87552K, used 20457K [0x0000000740000000, 0x0000000745580000, 0x0000000795580000)
  object space 87552K, 23% used [0x0000000740000000,0x00000007413fa7c0,0x0000000745580000)
 Metaspace       used 19002K, capacity 19203K, committed 19328K, reserved 1067008K
  class space    used 1859K, capacity 1918K, committed 1920K, reserved 1048576K
}

Deoptimization events (10 events):
Event: 3.575 Thread 0x00007f88b3991000 Uncommon trap: reason=unstable_if action=reinterpret pc=0x000000010fd51480 method=java.lang.String.toLowerCase(Ljava/util/Locale;)Ljava/lang/String; @ 85
Event: 4.092 Thread 0x00007f88b33d1800 Uncommon trap: reason=unstable_if action=reinterpret pc=0x000000010fe0d9a0 method=java.lang.String.indexOf([CII[CIII)I @ 3
Event: 4.093 Thread 0x00007f88b33d1800 Uncommon trap: reason=unstable_if action=reinterpret pc=0x000000010fdce994 method=java.lang.String.indexOf([CII[CIII)I @ 3
Event: 4.093 Thread 0x00007f88b33d1800 Uncommon trap: reason=unstable_if action=reinterpret pc=0x000000010fd42598 method=java.lang.String.indexOf([CII[CIII)I @ 3
Event: 6.172 Thread 0x00007f88b39ca800 Uncommon trap: reason=unstable_if action=reinterpret pc=0x000000010fd2b5d0 method=java.lang.AbstractStringBuilder.append(Ljava/lang/String;)Ljava/lang/AbstractStringBuilder; @ 1
Event: 48.817 Thread 0x00007f88b39ca800 Uncommon trap: reason=unstable_if action=reinterpret pc=0x00000001102e283c method=java.awt.EventQueue.isDispatchThreadImpl()Z @ 65
Event: 48.820 Thread 0x00007f88b4979800 Uncommon trap: reason=unstable_if action=reinterpret pc=0x00000001102f7cec method=sun.java2d.pipe.Region.intersectsQuickCheck(Lsun/java2d/pipe/Region;)Z @ 41
Event: 48.861 Thread 0x00007f88b31dc000 Uncommon trap: reason=unstable_if action=reinterpret pc=0x0000000110294034 method=java.util.HashMap.putVal(ILjava/lang/Object;Ljava/lang/Object;ZZ)Ljava/lang/Object; @ 81
Event: 48.903 Thread 0x00007f88b39ca800 Uncommon trap: reason=unstable_if action=reinterpret pc=0x00000001102e03d8 method=java.util.LinkedList$ListItr.<init>(Ljava/util/LinkedList;I)V @ 26
Event: 48.905 Thread 0x00007f88b39ca800 Uncommon trap: reason=unstable_if action=reinterpret pc=0x00000001102e0904 method=java.util.LinkedList$ListItr.<init>(Ljava/util/LinkedList;I)V @ 26

Internal exceptions (10 events):
Event: 0.404 Thread 0x00007f88b4006800 Exception <a 'java/lang/NoSuchFieldError': method resolution failed> (0x000000079582ae38) thrown at [/Users/java_re/workspace/8-2-build-macosx-x86_64/jdk8u65/4987/hotspot/src/share/vm/prims/methodHandles.cpp, line 1146]
Event: 0.411 Thread 0x00007f88b4006800 Exception <a 'java/lang/NoSuchFieldError': method resolution failed> (0x0000000795838608) thrown at [/Users/java_re/workspace/8-2-build-macosx-x86_64/jdk8u65/4987/hotspot/src/share/vm/prims/methodHandles.cpp, line 1146]
Event: 0.713 Thread 0x00007f88b4006800 Exception <a 'java/io/FileNotFoundException'> (0x00000007958b4440) thrown at [/Users/java_re/workspace/8-2-build-macosx-x86_64/jdk8u65/4987/hotspot/src/share/vm/prims/jni.cpp, line 709]
Event: 0.714 Thread 0x00007f88b4006800 Exception <a 'java/io/FileNotFoundException'> (0x00000007958b4fc8) thrown at [/Users/java_re/workspace/8-2-build-macosx-x86_64/jdk8u65/4987/hotspot/src/share/vm/prims/jni.cpp, line 709]
Event: 0.940 Thread 0x00007f88b4006800 Exception <a 'java/io/FileNotFoundException'> (0x00000007959f0cf0) thrown at [/Users/java_re/workspace/8-2-build-macosx-x86_64/jdk8u65/4987/hotspot/src/share/vm/prims/jni.cpp, line 709]
Event: 4.150 Thread 0x00007f88b33d1800 Exception <a 'java/lang/UnsatisfiedLinkError': com.jogamp.common.util.JarUtil.fixNativeLibAttribs(Ljava/lang/String;)Z> (0x0000000796b15610) thrown at [/Users/java_re/workspace/8-2-build-macosx-x86_64/jdk8u65/4987/hotspot/src/share/vm/prims/nativeLookup.c
Event: 4.906 Thread 0x00007f88b480d000 Exception <a 'java/lang/NullPointerException'> (0x00000007956a63b8) thrown at [/Users/java_re/workspace/8-2-build-macosx-x86_64/jdk8u65/4987/hotspot/src/share/vm/interpreter/linkResolver.cpp, line 1178]
Event: 6.171 Thread 0x00007f88b39ca800 Exception <a 'java/io/FileNotFoundException'> (0x0000000795e8cb08) thrown at [/Users/java_re/workspace/8-2-build-macosx-x86_64/jdk8u65/4987/hotspot/src/share/vm/prims/jni.cpp, line 709]
Event: 6.172 Thread 0x00007f88b39ca800 Exception <a 'java/io/FileNotFoundException'> (0x0000000795e92ea8) thrown at [/Users/java_re/workspace/8-2-build-macosx-x86_64/jdk8u65/4987/hotspot/src/share/vm/prims/jni.cpp, line 709]
Event: 6.172 Thread 0x00007f88b39ca800 Implicit null exception at 0x000000010fd2b233 to 0x000000010fd2b5bd

Events (10 events):
Event: 48.905 loading class java/awt/event/AWTEventListenerProxy
Event: 48.905 loading class java/awt/event/AWTEventListenerProxy done
Event: 48.905 loading class java/awt/Toolkit$ToolkitEventMulticaster
Event: 48.905 loading class java/awt/Toolkit$ToolkitEventMulticaster done
Event: 48.905 Thread 0x00007f88b39ca800 Uncommon trap: trap_request=0xffffff65 fr.pc=0x00000001102e0904
Event: 48.905 Thread 0x00007f88b39ca800 DEOPT PACKING pc=0x00000001102e0904 sp=0x00007000019e8830
Event: 48.906 Thread 0x00007f88b39ca800 DEOPT UNPACKING pc=0x000000010fb8e229 sp=0x00007000019e8788 mode 2
Event: 48.906 Thread 0x00007f88b31dc000 Thread exited: 0x00007f88b31dc000
Event: 48.906 loading class java/awt/Window$1DisposeAction
Event: 48.906 loading class java/awt/Window$1DisposeAction done


Dynamic libraries:
0x0000000003b1d000 	/System/Library/Frameworks/Cocoa.framework/Versions/A/Cocoa
0x0000000003b1d000 	/System/Library/Frameworks/Security.framework/Versions/A/Security
0x0000000003b1d000 	/System/Library/Frameworks/ApplicationServices.framework/Versions/A/ApplicationServices
0x0000000003b1d000 	/usr/lib/libz.1.dylib
0x0000000003b1d000 	/usr/lib/libSystem.B.dylib
0x0000000003b1d000 	/usr/lib/libobjc.A.dylib
0x0000000003b1d000 	/System/Library/Frameworks/CoreFoundation.framework/Versions/A/CoreFoundation
0x0000000003b1d000 	/System/Library/Frameworks/Foundation.framework/Versions/C/Foundation
0x0000000003b1d000 	/System/Library/Frameworks/AppKit.framework/Versions/C/AppKit
0x0000000003b1d000 	/System/Library/Frameworks/CoreData.framework/Versions/A/CoreData
0x0000000003b1d000 	/System/Library/PrivateFrameworks/RemoteViewServices.framework/Versions/A/RemoteViewServices
0x0000000003b1d000 	/System/Library/PrivateFrameworks/UIFoundation.framework/Versions/A/UIFoundation
0x0000000003b1d000 	/usr/lib/libScreenReader.dylib
0x0000000003b1d000 	/System/Library/Frameworks/Accelerate.framework/Versions/A/Accelerate
0x0000000003b1d000 	/System/Library/Frameworks/IOSurface.framework/Versions/A/IOSurface
0x0000000003b1d000 	/System/Library/Frameworks/AudioToolbox.framework/Versions/A/AudioToolbox
0x0000000003b1d000 	/System/Library/Frameworks/AudioUnit.framework/Versions/A/AudioUnit
0x0000000003b1d000 	/System/Library/PrivateFrameworks/DataDetectorsCore.framework/Versions/A/DataDetectorsCore
0x0000000003b1d000 	/System/Library/PrivateFrameworks/DesktopServicesPriv.framework/Versions/A/DesktopServicesPriv
0x0000000003b1d000 	/System/Library/Frameworks/Carbon.framework/Versions/A/Frameworks/HIToolbox.framework/Versions/A/HIToolbox
0x0000000003b1d000 	/System/Library/Frameworks/QuartzCore.framework/Versions/A/QuartzCore
0x0000000003b1d000 	/System/Library/Frameworks/Carbon.framework/Versions/A/Frameworks/SpeechRecognition.framework/Versions/A/SpeechRecognition
0x0000000003b1d000 	/usr/lib/libauto.dylib
0x0000000003b1d000 	/usr/lib/libicucore.A.dylib
0x0000000003b1d000 	/usr/lib/libxml2.2.dylib
0x0000000003b1d000 	/System/Library/PrivateFrameworks/CoreUI.framework/Versions/A/CoreUI
0x0000000003b1d000 	/System/Library/Frameworks/CoreAudio.framework/Versions/A/CoreAudio
0x0000000003b1d000 	/System/Library/Frameworks/DiskArbitration.framework/Versions/A/DiskArbitration
0x0000000003b1d000 	/usr/lib/liblangid.dylib
0x0000000003b1d000 	/System/Library/PrivateFrameworks/MultitouchSupport.framework/Versions/A/MultitouchSupport
0x0000000003b1d000 	/System/Library/Frameworks/IOKit.framework/Versions/A/IOKit
0x0000000003b1d000 	/usr/lib/libDiagnosticMessagesClient.dylib
0x0000000003b1d000 	/System/Library/Frameworks/CoreServices.framework/Versions/A/CoreServices
0x0000000003b1d000 	/System/Library/PrivateFrameworks/PerformanceAnalysis.framework/Versions/A/PerformanceAnalysis
0x0000000003b1d000 	/System/Library/PrivateFrameworks/GenerationalStorage.framework/Versions/A/GenerationalStorage
0x0000000003b1d000 	/System/Library/Frameworks/OpenGL.framework/Versions/A/OpenGL
0x0000000003b1d000 	/System/Library/PrivateFrameworks/Sharing.framework/Versions/A/Sharing
0x0000000003b1d000 	/System/Library/Frameworks/CoreGraphics.framework/Versions/A/CoreGraphics
0x0000000003b1d000 	/System/Library/Frameworks/CoreImage.framework/Versions/A/CoreImage
0x0000000003b1d000 	/System/Library/Frameworks/CoreText.framework/Versions/A/CoreText
0x0000000003b1d000 	/System/Library/Frameworks/ImageIO.framework/Versions/A/ImageIO
0x0000000003b1d000 	/System/Library/PrivateFrameworks/Backup.framework/Versions/A/Backup
0x0000000003b1d000 	/usr/lib/libextension.dylib
0x0000000003b1d000 	/usr/lib/libarchive.2.dylib
0x0000000003b1d000 	/System/Library/Frameworks/CFNetwork.framework/Versions/A/CFNetwork
0x0000000003b1d000 	/System/Library/Frameworks/SystemConfiguration.framework/Versions/A/SystemConfiguration
0x0000000003b1d000 	/usr/lib/libCRFSuite.dylib
0x0000000003b1d000 	/usr/lib/libc++.1.dylib
0x0000000003b1d000 	/usr/lib/libc++abi.dylib
0x0000000003b1d000 	/usr/lib/system/libcache.dylib
0x0000000003b1d000 	/usr/lib/system/libcommonCrypto.dylib
0x0000000003b1d000 	/usr/lib/system/libcompiler_rt.dylib
0x0000000003b1d000 	/usr/lib/system/libcopyfile.dylib
0x0000000003b1d000 	/usr/lib/system/libcorecrypto.dylib
0x0000000003b1d000 	/usr/lib/system/libdispatch.dylib
0x0000000003b1d000 	/usr/lib/system/libdyld.dylib
0x0000000003b1d000 	/usr/lib/system/libkeymgr.dylib
0x0000000003b1d000 	/usr/lib/system/liblaunch.dylib
0x0000000003b1d000 	/usr/lib/system/libmacho.dylib
0x0000000003b1d000 	/usr/lib/system/libquarantine.dylib
0x0000000003b1d000 	/usr/lib/system/libremovefile.dylib
0x0000000003b1d000 	/usr/lib/system/libsystem_asl.dylib
0x0000000003b1d000 	/usr/lib/system/libsystem_blocks.dylib
0x0000000003b1d000 	/usr/lib/system/libsystem_c.dylib
0x0000000003b1d000 	/usr/lib/system/libsystem_configuration.dylib
0x0000000003b1d000 	/usr/lib/system/libsystem_coreservices.dylib
0x0000000003b1d000 	/usr/lib/system/libsystem_coretls.dylib
0x0000000003b1d000 	/usr/lib/system/libsystem_dnssd.dylib
0x0000000003b1d000 	/usr/lib/system/libsystem_info.dylib
0x0000000003b1d000 	/usr/lib/system/libsystem_kernel.dylib
0x0000000003b1d000 	/usr/lib/system/libsystem_m.dylib
0x0000000003b1d000 	/usr/lib/system/libsystem_malloc.dylib
0x0000000003b1d000 	/usr/lib/system/libsystem_network.dylib
0x0000000003b1d000 	/usr/lib/system/libsystem_networkextension.dylib
0x0000000003b1d000 	/usr/lib/system/libsystem_notify.dylib
0x0000000003b1d000 	/usr/lib/system/libsystem_platform.dylib
0x0000000003b1d000 	/usr/lib/system/libsystem_pthread.dylib
0x0000000003b1d000 	/usr/lib/system/libsystem_sandbox.dylib
0x0000000003b1d000 	/usr/lib/system/libsystem_secinit.dylib
0x0000000003b1d000 	/usr/lib/system/libsystem_trace.dylib
0x0000000003b1d000 	/usr/lib/system/libunc.dylib
0x0000000003b1d000 	/usr/lib/system/libunwind.dylib
0x0000000003b1d000 	/usr/lib/system/libxpc.dylib
0x0000000003b1d000 	/usr/lib/libenergytrace.dylib
0x0000000003b1d000 	/usr/lib/libbsm.0.dylib
0x0000000003b1d000 	/usr/lib/system/libkxld.dylib
0x0000000003b1d000 	/usr/lib/libxar.1.dylib
0x0000000003b1d000 	/usr/lib/libsqlite3.dylib
0x0000000003b1d000 	/usr/lib/libpam.2.dylib
0x0000000003b1d000 	/usr/lib/libOpenScriptingUtil.dylib
0x0000000003b1d000 	/usr/lib/libbz2.1.0.dylib
0x0000000003b1d000 	/usr/lib/liblzma.5.dylib
0x0000000003b1d000 	/System/Library/Frameworks/CoreServices.framework/Versions/A/Frameworks/FSEvents.framework/Versions/A/FSEvents
0x0000000003b1d000 	/System/Library/Frameworks/CoreServices.framework/Versions/A/Frameworks/CarbonCore.framework/Versions/A/CarbonCore
0x0000000003b1d000 	/System/Library/Frameworks/CoreServices.framework/Versions/A/Frameworks/Metadata.framework/Versions/A/Metadata
0x0000000003b1d000 	/System/Library/Frameworks/CoreServices.framework/Versions/A/Frameworks/OSServices.framework/Versions/A/OSServices
0x0000000003b1d000 	/System/Library/Frameworks/CoreServices.framework/Versions/A/Frameworks/SearchKit.framework/Versions/A/SearchKit
0x0000000003b1d000 	/System/Library/Frameworks/CoreServices.framework/Versions/A/Frameworks/AE.framework/Versions/A/AE
0x0000000003b1d000 	/System/Library/Frameworks/CoreServices.framework/Versions/A/Frameworks/LaunchServices.framework/Versions/A/LaunchServices
0x0000000003b1d000 	/System/Library/Frameworks/CoreServices.framework/Versions/A/Frameworks/DictionaryServices.framework/Versions/A/DictionaryServices
0x0000000003b1d000 	/System/Library/Frameworks/CoreServices.framework/Versions/A/Frameworks/SharedFileList.framework/Versions/A/SharedFileList
0x0000000003b1d000 	/System/Library/Frameworks/NetFS.framework/Versions/A/NetFS
0x0000000003b1d000 	/System/Library/PrivateFrameworks/NetAuth.framework/Versions/A/NetAuth
0x0000000003b1d000 	/System/Library/PrivateFrameworks/login.framework/Versions/A/Frameworks/loginsupport.framework/Versions/A/loginsupport
0x0000000003b1d000 	/System/Library/PrivateFrameworks/TCC.framework/Versions/A/TCC
0x0000000003b1d000 	/usr/lib/libmecabra.dylib
0x0000000003b1d000 	/System/Library/Frameworks/ApplicationServices.framework/Versions/A/Frameworks/ATS.framework/Versions/A/ATS
0x0000000003b1d000 	/System/Library/Frameworks/ApplicationServices.framework/Versions/A/Frameworks/ColorSync.framework/Versions/A/ColorSync
0x0000000003b1d000 	/System/Library/Frameworks/ApplicationServices.framework/Versions/A/Frameworks/HIServices.framework/Versions/A/HIServices
0x0000000003b1d000 	/System/Library/Frameworks/ApplicationServices.framework/Versions/A/Frameworks/LangAnalysis.framework/Versions/A/LangAnalysis
0x0000000003b1d000 	/System/Library/Frameworks/ApplicationServices.framework/Versions/A/Frameworks/PrintCore.framework/Versions/A/PrintCore
0x0000000003b1d000 	/System/Library/Frameworks/ApplicationServices.framework/Versions/A/Frameworks/QD.framework/Versions/A/QD
0x0000000003b1d000 	/System/Library/Frameworks/ApplicationServices.framework/Versions/A/Frameworks/SpeechSynthesis.framework/Versions/A/SpeechSynthesis
0x0000000003b1d000 	/System/Library/Frameworks/Metal.framework/Versions/A/Metal
0x0000000003b1d000 	/System/Library/Frameworks/Accelerate.framework/Versions/A/Frameworks/vImage.framework/Versions/A/vImage
0x0000000003b1d000 	/System/Library/Frameworks/Accelerate.framework/Versions/A/Frameworks/vecLib.framework/Versions/A/vecLib
0x0000000003b1d000 	/System/Library/Frameworks/Accelerate.framework/Versions/A/Frameworks/vecLib.framework/Versions/A/libvDSP.dylib
0x0000000003b1d000 	/System/Library/Frameworks/Accelerate.framework/Versions/A/Frameworks/vecLib.framework/Versions/A/libvMisc.dylib
0x0000000003b1d000 	/System/Library/Frameworks/Accelerate.framework/Versions/A/Frameworks/vecLib.framework/Versions/A/libLAPACK.dylib
0x0000000003b1d000 	/System/Library/Frameworks/Accelerate.framework/Versions/A/Frameworks/vecLib.framework/Versions/A/libBLAS.dylib
0x0000000003b1d000 	/System/Library/Frameworks/Accelerate.framework/Versions/A/Frameworks/vecLib.framework/Versions/A/libLinearAlgebra.dylib
0x0000000003b1d000 	/System/Library/Frameworks/Accelerate.framework/Versions/A/Frameworks/vecLib.framework/Versions/A/libSparseBLAS.dylib
0x0000000003b1d000 	/System/Library/PrivateFrameworks/GPUCompiler.framework/libmetal_timestamp.dylib
0x0000000003b1d000 	/System/Library/Frameworks/OpenGL.framework/Versions/A/Libraries/libCoreFSCache.dylib
0x0000000003b1d000 	/System/Library/PrivateFrameworks/IOAccelerator.framework/Versions/A/IOAccelerator
0x0000000003b1d000 	/System/Library/Frameworks/ApplicationServices.framework/Versions/A/Frameworks/ATS.framework/Versions/A/Resources/libFontParser.dylib
0x0000000003b1d000 	/System/Library/Frameworks/ApplicationServices.framework/Versions/A/Frameworks/ATS.framework/Versions/A/Resources/libFontRegistry.dylib
0x0000000003b1d000 	/System/Library/PrivateFrameworks/AppleVPA.framework/Versions/A/AppleVPA
0x0000000003b1d000 	/System/Library/PrivateFrameworks/AppleJPEG.framework/Versions/A/AppleJPEG
0x0000000003b1d000 	/System/Library/Frameworks/ImageIO.framework/Versions/A/Resources/libJPEG.dylib
0x0000000003b1d000 	/System/Library/Frameworks/ImageIO.framework/Versions/A/Resources/libTIFF.dylib
0x0000000003b1d000 	/System/Library/Frameworks/ImageIO.framework/Versions/A/Resources/libPng.dylib
0x0000000003b1d000 	/System/Library/Frameworks/ImageIO.framework/Versions/A/Resources/libGIF.dylib
0x0000000003b1d000 	/System/Library/Frameworks/ImageIO.framework/Versions/A/Resources/libJP2.dylib
0x0000000003b1d000 	/System/Library/Frameworks/ImageIO.framework/Versions/A/Resources/libRadiance.dylib
0x0000000003b1d000 	/System/Library/Frameworks/CoreVideo.framework/Versions/A/CoreVideo
0x0000000003b1d000 	/System/Library/Frameworks/OpenGL.framework/Versions/A/Libraries/libGLU.dylib
0x0000000003b1d000 	/System/Library/Frameworks/OpenGL.framework/Versions/A/Libraries/libGFXShared.dylib
0x0000000003b1d000 	/System/Library/Frameworks/OpenGL.framework/Versions/A/Libraries/libGL.dylib
0x0000000003b1d000 	/System/Library/Frameworks/OpenGL.framework/Versions/A/Libraries/libGLImage.dylib
0x0000000003b1d000 	/System/Library/Frameworks/OpenGL.framework/Versions/A/Libraries/libCVMSPluginSupport.dylib
0x0000000003b1d000 	/System/Library/Frameworks/OpenGL.framework/Versions/A/Libraries/libCoreVMClient.dylib
0x0000000003b1d000 	/usr/lib/libcups.2.dylib
0x0000000003b1d000 	/System/Library/Frameworks/Kerberos.framework/Versions/A/Kerberos
0x0000000003b1d000 	/System/Library/Frameworks/GSS.framework/Versions/A/GSS
0x0000000003b1d000 	/usr/lib/libresolv.9.dylib
0x0000000003b1d000 	/usr/lib/libiconv.2.dylib
0x0000000003b1d000 	/System/Library/PrivateFrameworks/Heimdal.framework/Versions/A/Heimdal
0x0000000003b1d000 	/usr/lib/libheimdal-asn1.dylib
0x0000000003b1d000 	/System/Library/Frameworks/OpenDirectory.framework/Versions/A/OpenDirectory
0x0000000003b1d000 	/System/Library/PrivateFrameworks/CommonAuth.framework/Versions/A/CommonAuth
0x0000000003b1d000 	/System/Library/Frameworks/OpenDirectory.framework/Versions/A/Frameworks/CFOpenDirectory.framework/Versions/A/CFOpenDirectory
0x0000000003b1d000 	/System/Library/Frameworks/SecurityFoundation.framework/Versions/A/SecurityFoundation
0x0000000003b1d000 	/System/Library/PrivateFrameworks/LanguageModeling.framework/Versions/A/LanguageModeling
0x0000000003b1d000 	/usr/lib/libmarisa.dylib
0x0000000003b1d000 	/usr/lib/libChineseTokenizer.dylib
0x0000000003b1d000 	/usr/lib/libcmph.dylib
0x0000000003b1d000 	/usr/lib/libcompression.dylib
0x0000000003b1d000 	/System/Library/Frameworks/ServiceManagement.framework/Versions/A/ServiceManagement
0x0000000003b1d000 	/usr/lib/libxslt.1.dylib
0x0000000003b1d000 	/System/Library/Frameworks/Carbon.framework/Versions/A/Frameworks/Ink.framework/Versions/A/Ink
0x0000000003b1d000 	/usr/lib/libFosl_dynamic.dylib
0x0000000003b1d000 	/System/Library/PrivateFrameworks/FaceCore.framework/Versions/A/FaceCore
0x0000000003b1d000 	/System/Library/Frameworks/OpenCL.framework/Versions/A/OpenCL
0x0000000003b1d000 	/System/Library/PrivateFrameworks/CrashReporterSupport.framework/Versions/A/CrashReporterSupport
0x0000000003b1d000 	/System/Library/PrivateFrameworks/IconServices.framework/Versions/A/IconServices
0x0000000003b1d000 	/System/Library/PrivateFrameworks/Apple80211.framework/Versions/A/Apple80211
0x0000000003b1d000 	/System/Library/Frameworks/CoreWLAN.framework/Versions/A/CoreWLAN
0x0000000003b1d000 	/System/Library/Frameworks/IOBluetooth.framework/Versions/A/IOBluetooth
0x0000000003b1d000 	/System/Library/PrivateFrameworks/CoreWiFi.framework/Versions/A/CoreWiFi
0x0000000003b1d000 	/System/Library/Frameworks/CoreBluetooth.framework/Versions/A/CoreBluetooth
0x0000000003b1d000 	/System/Library/PrivateFrameworks/ChunkingLibrary.framework/Versions/A/ChunkingLibrary
0x0000000003b1d000 	/System/Library/PrivateFrameworks/DebugSymbols.framework/Versions/A/DebugSymbols
0x0000000003b1d000 	/System/Library/PrivateFrameworks/CoreSymbolication.framework/Versions/A/CoreSymbolication
0x0000000003b1d000 	/System/Library/PrivateFrameworks/Symbolication.framework/Versions/A/Symbolication
0x0000000003b1d000 	/System/Library/PrivateFrameworks/SpeechRecognitionCore.framework/Versions/A/SpeechRecognitionCore
0x000000010ec00000 	/Library/Java/JavaVirtualMachines/jdk1.8.0_65.jdk/Contents/Home/jre/lib/server/libjvm.dylib
0x0000000003b1d000 	/usr/lib/libstdc++.6.dylib
0x000000010e26f000 	/Library/Java/JavaVirtualMachines/jdk1.8.0_65.jdk/Contents/Home/jre/lib/libverify.dylib
0x000000010e27d000 	/Library/Java/JavaVirtualMachines/jdk1.8.0_65.jdk/Contents/Home/jre/lib/libjava.dylib
0x000000010e2bc000 	/Library/Java/JavaVirtualMachines/jdk1.8.0_65.jdk/Contents/Home/jre/lib/libzip.dylib
0x00000001253ca000 	/System/Library/Frameworks/JavaVM.framework/Frameworks/JavaRuntimeSupport.framework/JavaRuntimeSupport
0x000000010e3e7000 	/System/Library/Frameworks/JavaVM.framework/Versions/A/Frameworks/JavaNativeFoundation.framework/Versions/A/JavaNativeFoundation
0x00000001253e5000 	/System/Library/Frameworks/JavaVM.framework/Versions/A/JavaVM
0x0000000003b1d000 	/System/Library/Frameworks/Carbon.framework/Versions/A/Carbon
0x00000001253f2000 	/System/Library/PrivateFrameworks/JavaLaunching.framework/Versions/A/JavaLaunching
0x0000000003b1d000 	/System/Library/Frameworks/Carbon.framework/Versions/A/Frameworks/CommonPanels.framework/Versions/A/CommonPanels
0x0000000003b1d000 	/System/Library/Frameworks/Carbon.framework/Versions/A/Frameworks/Help.framework/Versions/A/Help
0x0000000003b1d000 	/System/Library/Frameworks/Carbon.framework/Versions/A/Frameworks/ImageCapture.framework/Versions/A/ImageCapture
0x0000000003b1d000 	/System/Library/Frameworks/Carbon.framework/Versions/A/Frameworks/OpenScripting.framework/Versions/A/OpenScripting
0x0000000003b1d000 	/System/Library/Frameworks/Carbon.framework/Versions/A/Frameworks/Print.framework/Versions/A/Print
0x0000000003b1d000 	/System/Library/Frameworks/Carbon.framework/Versions/A/Frameworks/SecurityHI.framework/Versions/A/SecurityHI
0x0000000126d11000 	/Library/Java/JavaVirtualMachines/jdk1.8.0_65.jdk/Contents/Home/jre/lib/libawt.dylib
0x0000000126db9000 	/Library/Java/JavaVirtualMachines/jdk1.8.0_65.jdk/Contents/Home/jre/lib/./libmlib_image.dylib
0x0000000126e85000 	/Library/Java/JavaVirtualMachines/jdk1.8.0_65.jdk/Contents/Home/jre/lib/libawt_lwawt.dylib
0x0000000126f3a000 	/Library/Java/JavaVirtualMachines/jdk1.8.0_65.jdk/Contents/Home/jre/lib/./libosxapp.dylib
0x0000000003b1d000 	/System/Library/Frameworks/ExceptionHandling.framework/Versions/A/ExceptionHandling
0x0000000003b1d000 	/System/Library/PrivateFrameworks/CoreServicesInternal.framework/Versions/A/CoreServicesInternal
0x0000000003b1d000 	/System/Library/Frameworks/CoreGraphics.framework/Versions/A/Resources/libRIP.A.dylib
0x0000000003b1d000 	/System/Library/Frameworks/Accelerate.framework/Versions/A/Frameworks/vImage.framework/Versions/A/Libraries/libCGInterfaces.dylib
0x0000000003b1d000 	/System/Library/Frameworks/CoreGraphics.framework/Versions/A/Resources/libCGXType.A.dylib
0x0000000003b1d000 	/System/Library/Frameworks/OpenCL.framework/Versions/A/Libraries/libcldcpuengine.dylib
0x0000000003b1d000 	/System/Library/PrivateFrameworks/DiskImages.framework/Versions/A/DiskImages
0x0000000003b1d000 	/System/Library/Frameworks/DiscRecording.framework/Versions/A/DiscRecording
0x0000000003b1d000 	/usr/lib/libcsfde.dylib
0x0000000003b1d000 	/usr/lib/libcurl.4.dylib
0x0000000003b1d000 	/System/Library/PrivateFrameworks/MediaKit.framework/Versions/A/MediaKit
0x0000000003b1d000 	/System/Library/PrivateFrameworks/ProtectedCloudStorage.framework/Versions/A/ProtectedCloudStorage
0x0000000003b1d000 	/usr/lib/libCoreStorage.dylib
0x0000000003b1d000 	/System/Library/PrivateFrameworks/EFILogin.framework/Versions/A/EFILogin
0x0000000003b1d000 	/usr/lib/libutil.dylib
0x0000000003b1d000 	/System/Library/PrivateFrameworks/FindMyDevice.framework/Versions/A/FindMyDevice
0x0000000003b1d000 	/System/Library/Frameworks/LDAP.framework/Versions/A/LDAP
0x0000000003b1d000 	/usr/lib/libsasl2.2.dylib
0x0000000003b1d000 	/System/Library/PrivateFrameworks/CoreDaemon.framework/Versions/B/CoreDaemon
0x0000000003b1d000 	/usr/lib/libcrypto.0.9.8.dylib
0x0000000003b1d000 	/System/Library/PrivateFrameworks/AppleSRP.framework/Versions/A/AppleSRP
0x0000000003b1d000 	/System/Library/PrivateFrameworks/TrustEvaluationAgent.framework/Versions/A/TrustEvaluationAgent
0x0000000128ada000 	cl_kernels
0x0000000003b1d000 	/System/Library/Frameworks/OpenCL.framework/Versions/A/Libraries/ImageFormats/unorm8_bgra.dylib
0x0000000003b1d000 	/System/Library/Frameworks/OpenCL.framework/Versions/A/Libraries/ImageFormats/unorm8_rgba.dylib
0x0000000003b1d000 	/System/Library/PrivateFrameworks/FamilyControls.framework/Versions/A/FamilyControls
0x0000000003b1d000 	/System/Library/PrivateFrameworks/CommerceKit.framework/Versions/A/Frameworks/CommerceCore.framework/Versions/A/CommerceCore
0x0000000003b1d000 	/System/Library/PrivateFrameworks/SystemAdministration.framework/Versions/A/SystemAdministration
0x0000000003b1d000 	/System/Library/PrivateFrameworks/AppContainer.framework/Versions/A/AppContainer
0x0000000003b1d000 	/System/Library/PrivateFrameworks/SecCodeWrapper.framework/Versions/A/SecCodeWrapper
0x0000000003b1d000 	/System/Library/Frameworks/DirectoryService.framework/Versions/A/DirectoryService
0x0000000003b1d000 	/System/Library/PrivateFrameworks/LoginUIKit.framework/Versions/A/Frameworks/LoginUICore.framework/Versions/A/LoginUICore
0x0000000003b1d000 	/usr/lib/libodfde.dylib
0x0000000003b1d000 	/System/Library/Frameworks/OpenGL.framework/Versions/A/Resources/GLEngine.bundle/GLEngine
0x0000000003b1d000 	/System/Library/Frameworks/OpenGL.framework/Versions/A/Libraries/libGLProgrammability.dylib
0x0000000129bd8000 	/System/Library/Extensions/AppleIntelHD5000GraphicsGLDriver.bundle/Contents/MacOS/AppleIntelHD5000GraphicsGLDriver
0x0000000003b1d000 	/System/Library/PrivateFrameworks/GPUSupport.framework/Versions/A/Libraries/libGPUSupportMercury.dylib
0x0000000003b1d000 	/System/Library/Frameworks/OpenGL.framework/Versions/A/Resources/GLRendererFloat.bundle/GLRendererFloat
0x000000012abf0000 	/Library/Java/JavaVirtualMachines/jdk1.8.0_65.jdk/Contents/Home/jre/lib/libfontmanager.dylib
0x000000012c09a000 	/Library/Java/JavaVirtualMachines/jdk1.8.0_65.jdk/Contents/Home/jre/lib/libosxui.dylib
0x000000012cc84000 	/Library/Java/JavaVirtualMachines/jdk1.8.0_65.jdk/Contents/Home/jre/lib/libnet.dylib
0x000000012cc9b000 	/Library/Java/JavaVirtualMachines/jdk1.8.0_65.jdk/Contents/Home/jre/lib/libnio.dylib
0x0000000003b1d000 	/System/Library/Frameworks/ApplicationServices.framework/Versions/A/Frameworks/ATS.framework/Versions/A/Resources/libTrueTypeScaler.dylib
0x000000017dbb0000 	/System/Library/Extensions/AppleIntelHD5000GraphicsMTLDriver.bundle/Contents/MacOS/AppleIntelHD5000GraphicsMTLDriver
0x000000017da8c000 	/private/var/folders/94/qhk8wx9560913pcr_k2txvfh0000gn/T/jogamp_0000/file_cache/jln8560118807262970229/jln7193825233832246408/libgluegen-rt.jnilib
0x000000017da90000 	/private/var/folders/94/qhk8wx9560913pcr_k2txvfh0000gn/T/jogamp_0000/file_cache/jln8560118807262970229/jln7193825233832246408/libnativewindow_awt.jnilib
0x000000017da93000 	/Library/Java/JavaVirtualMachines/jdk1.8.0_65.jdk/Contents/Home/jre/lib/libjawt.dylib
0x000000017da96000 	/private/var/folders/94/qhk8wx9560913pcr_k2txvfh0000gn/T/jogamp_0000/file_cache/jln8560118807262970229/jln7193825233832246408/libnativewindow_macosx.jnilib
0x0000000181c33000 	/private/var/folders/94/qhk8wx9560913pcr_k2txvfh0000gn/T/jogamp_0000/file_cache/jln8560118807262970229/jln7193825233832246408/libjogl_desktop.jnilib
0x00000001867b2000 	/Library/Java/JavaVirtualMachines/jdk1.8.0_65.jdk/Contents/Home/jre/lib/libjpeg.dylib

VM Arguments:
jvm_args: -Djava.security.policy=java.policy.applet -Dfile.encoding=UTF-8 
java_command: sun.applet.AppletViewer module1.HelloWorld1449463640171.html
java_class_path (initial): /Users/karenblakemore/Java/workspace/UCSDUnfoldingMaps/build:/Users/karenblakemore/Java/workspace/UCSDUnfoldingMaps/lib/core.jar:/Users/karenblakemore/Java/workspace/UCSDUnfoldingMaps/lib/gluegen-rt.jar:/Users/karenblakemore/Java/workspace/UCSDUnfoldingMaps/lib/jogl-all.jar:/Users/karenblakemore/Java/workspace/UCSDUnfoldingMaps/lib/log4j-1.2.15.jar:/Users/karenblakemore/Java/workspace/UCSDUnfoldingMaps/lib/sqlite-jdbc-3.7.2.jar:/Users/karenblakemore/Java/workspace/UCSDUnfoldingMaps/lib/json4processing.jar:/Users/karenblakemore/Java/workspace/UCSDUnfoldingMaps/lib/libTUIO.jar:/Users/karenblakemore/Java/workspace/UCSDUnfoldingMaps/lib/unfolding.0.9.7-uscd.jar
Launcher Type: SUN_STANDARD

Environment Variables:
PATH=/usr/bin:/bin:/usr/sbin:/sbin
SHELL=/bin/bash

Signal Handlers:
SIGSEGV: [libjvm.dylib+0x5a6d31], sa_mask[0]=11111111011111110111111111111111, sa_flags=SA_ONSTACK|SA_RESTART|SA_SIGINFO
SIGBUS: [libjvm.dylib+0x5a6d31], sa_mask[0]=11111111011111110111111111111111, sa_flags=SA_RESTART|SA_SIGINFO
SIGFPE: [libjvm.dylib+0x480a40], sa_mask[0]=11111111011111110111111111111111, sa_flags=SA_RESTART|SA_SIGINFO
SIGPIPE: [libjvm.dylib+0x480a40], sa_mask[0]=11111111011111110111111111111111, sa_flags=SA_RESTART|SA_SIGINFO
SIGXFSZ: [libjvm.dylib+0x480a40], sa_mask[0]=11111111011111110111111111111111, sa_flags=SA_RESTART|SA_SIGINFO
SIGILL: [libjvm.dylib+0x480a40], sa_mask[0]=11111111011111110111111111111111, sa_flags=SA_RESTART|SA_SIGINFO
SIGUSR1: SIG_DFL, sa_mask[0]=00000000000000000000000000000000, sa_flags=none
SIGUSR2: [libjvm.dylib+0x48055e], sa_mask[0]=00100000000000000000000000000000, sa_flags=SA_RESTART|SA_SIGINFO
SIGHUP: [libjvm.dylib+0x47eb35], sa_mask[0]=11111111011111110111111111111111, sa_flags=SA_RESTART|SA_SIGINFO
SIGINT: [libjvm.dylib+0x47eb35], sa_mask[0]=11111111011111110111111111111111, sa_flags=SA_RESTART|SA_SIGINFO
SIGTERM: [libjvm.dylib+0x47eb35], sa_mask[0]=11111111011111110111111111111111, sa_flags=SA_RESTART|SA_SIGINFO
SIGQUIT: [libjvm.dylib+0x47eb35], sa_mask[0]=11111111011111110111111111111111, sa_flags=SA_RESTART|SA_SIGINFO


---------------  S Y S T E M  ---------------

OS:Bsduname:Darwin 15.0.0 Darwin Kernel Version 15.0.0: Sat Sep 19 15:53:46 PDT 2015; root:xnu-3247.10.11~1/RELEASE_X86_64 x86_64
rlimit: STACK 8192k, CORE 0k, NPROC 709, NOFILE 10240, AS infinity
load average:5.88 4.51 3.73

CPU:total 4 (2 cores per cpu, 2 threads per core) family 6 model 69 stepping 1, cmov, cx8, fxsr, mmx, sse, sse2, sse3, ssse3, sse4.1, sse4.2, popcnt, avx, avx2, aes, clmul, erms, lzcnt, ht, tsc, tscinvbit, bmi1, bmi2

Memory: 4k page, physical 8388608k(80412k free)

/proc/meminfo:


vm_info: Java HotSpot(TM) 64-Bit Server VM (25.65-b01) for bsd-amd64 JRE (1.8.0_65-b17), built on Oct  6 2015 15:36:46 by "java_re" with gcc 4.2.1 (Based on Apple Inc. build 5658) (LLVM build 2336.11.00)

time: Sun Dec  6 21:48:09 2015
elapsed time: 48 seconds (0d 0h 0m 48s)

