#
# A fatal error has been detected by the Java Runtime Environment:
#
#  SIGSEGV (0xb) at pc=0x00007fff9b4bb4dd, pid=2417, tid=2571
#
# JRE version: Java(TM) SE Runtime Environment (8.0_65-b17) (build 1.8.0_65-b17)
# Java VM: Java HotSpot(TM) 64-Bit Server VM (25.65-b01 mixed mode bsd-amd64 compressed oops)
# Problematic frame:
# C  [libobjc.A.dylib+0x14dd]  objc_msgSend+0x1d
#
# Failed to write core dump. Core dumps have been disabled. To enable core dumping, try "ulimit -c unlimited" before starting Java again
#
# If you would like to submit a bug report, please visit:
#   http://bugreport.java.com/bugreport/crash.jsp
# The crash happened outside the Java Virtual Machine in native code.
# See problematic frame for where to report the bug.
#

---------------  T H R E A D  ---------------

Current thread (0x00007fea4c1d7800):  JavaThread "AWT-AppKit" daemon [_thread_in_native, id=2571, stack(0x00007fff58518000,0x00007fff58d18000)]

siginfo: si_signo: 11 (SIGSEGV), si_code: 1 (SEGV_MAPERR), si_addr: 0x0000000000000018

Registers:
RAX=0x00007fea5035cec0, RBX=0x00000001770ab450, RCX=0x000000012109d1e0, RDX=0x000000012109d740
RSP=0x00007fff58d13358, RBP=0x00007fff58d13410, RSI=0x00007fff951c8d0e, RDI=0x00007fea5036a120
R8 =0x0000000000000000, R9 =0x00000000000008c0, R10=0x00007fff951c8d0e, R11=0x0000000000000000
R12=0x0000000000000000, R13=0x000000017c6ad918, R14=0x00000001770ab440, R15=0x00007fea4c1d7800
RIP=0x00007fff9b4bb4dd, EFLAGS=0x0000000000010246, ERR=0x0000000000000004
  TRAPNO=0x000000000000000e

Top of Stack: (sp=0x00007fff58d13358)
0x00007fff58d13358:   00000001770a9157 00007fff58d133b0
0x00007fff58d13368:   0000000000000003 00007fff58d13390
0x00007fff58d13378:   0000000107bf19a6 000000017c6ad918
0x00007fff58d13388:   000000017c6ad918 00007fea5035cec0
0x00007fff58d13398:   00000001770ab6a0 00000001770ab710
0x00007fff58d133a8:   00007fff7f6fb770 00007fff7b456500
0x00007fff58d133b8:   00000001770ab450 00000001770ab690
0x00007fff58d133c8:   00007fea5035cec0 00007fea5036a120
0x00007fff58d133d8:   00007fea4bd106a0 00007fea5035cec0
0x00007fff58d133e8:   00007fea5036a120 00007fff58d13498
0x00007fff58d133f8:   00007fea4c1d79f8 000000017c6ad918
0x00007fff58d13408:   00007fff58d134c0 00007fff58d13488
0x00007fff58d13418:   0000000108a55954 000000017c6ad918
0x00007fff58d13428:   00007fff58d134c0 00007fff58d13488
0x00007fff58d13438:   0000000108a556e7 0000000108a556a2
0x00007fff58d13448:   00007fff58d13448 000000017c6ad918
0x00007fff58d13458:   00007fff58d134c0 000000017c6b0550
0x00007fff58d13468:   0000000000000000 000000017c6ad918
0x00007fff58d13478:   0000000000000000 00007fff58d134a8
0x00007fff58d13488:   00007fff58d13508 0000000108a47c4d
0x00007fff58d13498:   0000000740023f88 0000000108a4f578
0x00007fff58d134a8:   00007fea5035cec0 00007fff58d13508
0x00007fff58d134b8:   00007fea5036a120 0000000108a50d82
0x00007fff58d134c8:   00007fff58d134c8 000000017c6adae2
0x00007fff58d134d8:   00007fff58d13530 000000017c6b0550
0x00007fff58d134e8:   0000000000000000 000000017c6adaf0
0x00007fff58d134f8:   00007fff58d134a8 00007fff58d13518
0x00007fff58d13508:   00007fff58d13578 0000000108a47c4d
0x00007fff58d13518:   00007fea5035cec0 0000000741919348
0x00007fff58d13528:   00007fea5036a120 0000000741919348
0x00007fff58d13538:   00007fff58d13538 0000000182efdf06
0x00007fff58d13548:   00007fff58d13588 0000000182efdfc0 

Instructions: (pc=0x00007fff9b4bb4dd)
0x00007fff9b4bb4bd:   44 00 00 48 85 ff 2e 74 62 40 f6 c7 01 2e 75 66
0x00007fff9b4bb4cd:   49 bb f8 ff ff ff ff 7f 00 00 4c 23 1f 49 89 f2
0x00007fff9b4bb4dd:   45 23 53 18 49 c1 e2 04 4d 03 53 10 49 3b 32 75
0x00007fff9b4bb4ed:   04 41 ff 62 08 49 83 3a 01 76 0d 49 83 c2 10 49 

Register to memory mapping:

RAX=0x00007fea5035cec0 is an unknown value
RBX=0x00000001770ab450: Java_jogamp_nativewindow_macosx_OSXUtil_GetScreenRefreshRate0+0x1cf0 in /private/var/folders/94/qhk8wx9560913pcr_k2txvfh0000gn/T/jogamp_0000/file_cache/jln6663401488803348808/jln2335222629507050984/libnativewindow_macosx.jnilib at 0x00000001770a4000
RCX=0x000000012109d1e0 is an unknown value
RDX=0x000000012109d740 is an unknown value
RSP=0x00007fff58d13358 is pointing into the stack for thread: 0x00007fea4c1d7800
RBP=0x00007fff58d13410 is pointing into the stack for thread: 0x00007fea4c1d7800
RSI=0x00007fff951c8d0e is an unknown value
RDI=0x00007fea5036a120 is an unknown value
R8 =0x0000000000000000 is an unknown value
R9 =0x00000000000008c0 is an unknown value
R10=0x00007fff951c8d0e is an unknown value
R11=0x0000000000000000 is an unknown value
R12=0x0000000000000000 is an unknown value
R13={method} {0x000000017c6ad918} 'UnsetJAWTRootSurfaceLayer0' '(JJ)V' in 'jogamp/nativewindow/jawt/macosx/MacOSXJAWTWindow'
R14=0x00000001770ab440: Java_jogamp_nativewindow_macosx_OSXUtil_GetScreenRefreshRate0+0x1ce0 in /private/var/folders/94/qhk8wx9560913pcr_k2txvfh0000gn/T/jogamp_0000/file_cache/jln6663401488803348808/jln2335222629507050984/libnativewindow_macosx.jnilib at 0x00000001770a4000
R15=0x00007fea4c1d7800 is a thread


Stack: [0x00007fff58518000,0x00007fff58d18000],  sp=0x00007fff58d13358,  free space=8172k
Native frames: (J=compiled Java code, j=interpreted, Vv=VM code, C=native code)
C  [libobjc.A.dylib+0x14dd]  objc_msgSend+0x1d
j  jogamp.nativewindow.jawt.macosx.MacOSXJAWTWindow.UnsetJAWTRootSurfaceLayer0(JJ)V+0
j  jogamp.nativewindow.jawt.macosx.MacOSXJAWTWindow.access$200(JJ)V+2
j  jogamp.nativewindow.jawt.macosx.MacOSXJAWTWindow$1.run()V+38
J 2308 C1 com.jogamp.common.util.RunnableTask.run()V (345 bytes) @ 0x000000010924bfd4 [0x000000010924be40+0x194]
v  ~StubRoutines::call_stub
V  [libjvm.dylib+0x2eab02]  JavaCalls::call_helper(JavaValue*, methodHandle*, JavaCallArguments*, Thread*)+0x6ae
V  [libjvm.dylib+0x321bab]  jni_invoke_nonstatic(JNIEnv_*, JavaValue*, _jobject*, JNICallType, _jmethodID*, JNI_ArgumentPusher*, Thread*)+0x2ec
V  [libjvm.dylib+0x31437f]  jni_CallVoidMethod+0x16b
C  [libnativewindow_macosx.jnilib+0x5326]  Java_jogamp_nativewindow_jawt_macosx_MacOSXJAWTWindow_UnsetJAWTRootSurfaceLayer0+0x2b6
C  [Foundation+0x8dd4b]  __NSThreadPerformPerform+0x117
C  [CoreFoundation+0x7e5c1]  __CFRUNLOOP_IS_CALLING_OUT_TO_A_SOURCE0_PERFORM_FUNCTION__+0x11
C  [CoreFoundation+0x70397]  __CFRunLoopDoSources0+0x1a7
C  [CoreFoundation+0x6f93f]  __CFRunLoopRun+0x39f
C  [CoreFoundation+0x6f338]  CFRunLoopRunSpecific+0x128
C  [HIToolbox+0x30935]  RunCurrentEventLoopInMode+0xeb
C  [HIToolbox+0x30677]  ReceiveNextEventCommon+0xb8
C  [HIToolbox+0x305af]  _BlockUntilNextEventMatchingListInModeWithFilter+0x47
C  [AppKit+0x8a0ee]  _DPSNextEvent+0x42b
C  [AppKit+0x456943]  -[NSApplication _nextEventMatchingEventMask:untilDate:inMode:dequeue:]+0x1c6
C  [libosxapp.dylib+0x23aa]  -[NSApplicationAWT nextEventMatchingMask:untilDate:inMode:dequeue:]+0x7c
C  [AppKit+0x7ffc8]  -[NSApplication run]+0x2aa
C  [libosxapp.dylib+0x214d]  +[NSApplicationAWT runAWTLoopWithApp:]+0x9c
C  [libawt_lwawt.dylib+0x44517]  -[AWTStarter starter:]+0x389
C  [Foundation+0x8dd4b]  __NSThreadPerformPerform+0x117
C  [CoreFoundation+0x7e5c1]  __CFRUNLOOP_IS_CALLING_OUT_TO_A_SOURCE0_PERFORM_FUNCTION__+0x11
C  [CoreFoundation+0x7041c]  __CFRunLoopDoSources0+0x22c
C  [CoreFoundation+0x6f93f]  __CFRunLoopRun+0x39f
C  [CoreFoundation+0x6f338]  CFRunLoopRunSpecific+0x128
C  [java+0x6463]  CreateExecutionEnvironment+0x367
C  [java+0x21ac]  JLI_Launch+0x7a0
C  [java+0x84c0]  main+0x65
C  [java+0x1a04]  start+0x34
C  0x0000000000000007

Java frames: (J=compiled Java code, j=interpreted, Vv=VM code)
j  jogamp.nativewindow.jawt.macosx.MacOSXJAWTWindow.UnsetJAWTRootSurfaceLayer0(JJ)V+0
j  jogamp.nativewindow.jawt.macosx.MacOSXJAWTWindow.access$200(JJ)V+2
j  jogamp.nativewindow.jawt.macosx.MacOSXJAWTWindow$1.run()V+38
J 2308 C1 com.jogamp.common.util.RunnableTask.run()V (345 bytes) @ 0x000000010924bfd4 [0x000000010924be40+0x194]
v  ~StubRoutines::call_stub

---------------  P R O C E S S  ---------------

Java Threads: ( => current thread )
  0x00007fea5298f800 JavaThread "Thread-142" [_thread_blocked, id=64559, stack(0x000070000104a000,0x000070000114a000)]
  0x00007fea4ddc8000 JavaThread "Keep-Alive-Timer" daemon [_thread_blocked, id=65327, stack(0x0000700001e7d000,0x0000700001f7d000)]
  0x00007fea4cbfc800 JavaThread "AWT-EventQueue-1" [_thread_in_native, id=59163, stack(0x00007000018eb000,0x00007000019eb000)]
  0x00007fea4d102000 JavaThread "DestroyJavaVM" [_thread_blocked, id=5891, stack(0x000070000011a000,0x000070000021a000)]
  0x00007fea4c2a1800 JavaThread "AWT-EventQueue-0" [_thread_blocked, id=57095, stack(0x00007000016e5000,0x00007000017e5000)]
  0x00007fea4c280000 JavaThread "Java2D Disposer" daemon [_thread_blocked, id=53251, stack(0x000070000145c000,0x000070000155c000)]
  0x00007fea4d87c800 JavaThread "Java2D Queue Flusher" daemon [_thread_blocked, id=50183, stack(0x0000700001359000,0x0000700001459000)]
  0x00007fea4c194000 JavaThread "AWT-Shutdown" [_thread_blocked, id=29971, stack(0x00007000011d3000,0x00007000012d3000)]
=>0x00007fea4c1d7800 JavaThread "AWT-AppKit" daemon [_thread_in_native, id=2571, stack(0x00007fff58518000,0x00007fff58d18000)]
  0x00007fea4c868000 JavaThread "Service Thread" daemon [_thread_blocked, id=18691, stack(0x0000700000e44000,0x0000700000f44000)]
  0x00007fea4c818800 JavaThread "C1 CompilerThread2" daemon [_thread_blocked, id=18179, stack(0x0000700000d41000,0x0000700000e41000)]
  0x00007fea4c815000 JavaThread "C2 CompilerThread1" daemon [_thread_blocked, id=17667, stack(0x0000700000c3e000,0x0000700000d3e000)]
  0x00007fea4c814000 JavaThread "C2 CompilerThread0" daemon [_thread_blocked, id=17155, stack(0x0000700000b3b000,0x0000700000c3b000)]
  0x00007fea4c812000 JavaThread "Signal Dispatcher" daemon [_thread_blocked, id=12815, stack(0x0000700000a38000,0x0000700000b38000)]
  0x00007fea4c034000 JavaThread "Finalizer" daemon [_thread_blocked, id=12291, stack(0x000070000082f000,0x000070000092f000)]
  0x00007fea4d03c800 JavaThread "Reference Handler" daemon [_thread_blocked, id=11779, stack(0x000070000072c000,0x000070000082c000)]

Other Threads:
  0x00007fea4d03a000 VMThread [stack: 0x0000700000629000,0x0000700000729000] [id=11267]
  0x00007fea4d801000 WatcherThread [stack: 0x0000700000f47000,0x0000700001047000] [id=19203]

VM state:not at safepoint (normal execution)

VM Mutex/Monitor currently owned by a thread: None

Heap:
 PSYoungGen      total 38400K, used 33504K [0x0000000795580000, 0x0000000799200000, 0x00000007c0000000)
  eden space 30720K, 84% used [0x0000000795580000,0x0000000796ec8110,0x0000000797380000)
  from space 7680K, 99% used [0x0000000798a80000,0x00000007991f01d0,0x0000000799200000)
  to   space 15360K, 0% used [0x0000000797400000,0x0000000797400000,0x0000000798300000)
 ParOldGen       total 92672K, used 42117K [0x0000000740000000, 0x0000000745a80000, 0x0000000795580000)
  object space 92672K, 45% used [0x0000000740000000,0x0000000742921428,0x0000000745a80000)
 Metaspace       used 21359K, capacity 21591K, committed 21808K, reserved 1069056K
  class space    used 2051K, capacity 2112K, committed 2176K, reserved 1048576K

Card table byte_map: [0x0000000117e00000,0x0000000118201000] byte_map_base: 0x0000000114400000

Marking Bits: (ParMarkBitMap*) 0x00000001082dee20
 Begin Bits: [0x00000001184ac000, 0x000000011a4ac000)
 End Bits:   [0x000000011a4ac000, 0x000000011c4ac000)

Polling page: 0x00000001071ab000

CodeCache: size=245760Kb used=9665Kb max_used=9665Kb free=236094Kb
 bounds [0x0000000108a40000, 0x00000001093d0000, 0x0000000117a40000]
 total_blobs=3646 nmethods=2757 adapters=802
 compilation: enabled

Compilation events (10 events):
Event: 27.636 Thread 0x00007fea4c814000 3199  s    4       sun.misc.URLClassPath::getNextLoader (88 bytes)
Event: 27.643 Thread 0x00007fea4c814000 nmethod 3199 0x00000001093a6950 code [0x00000001093a6ac0, 0x00000001093a7238]
Event: 27.643 Thread 0x00007fea4c818800 3200       3       sun.net.www.protocol.jar.Handler::parseContextSpec (154 bytes)
Event: 27.645 Thread 0x00007fea4c818800 nmethod 3200 0x00000001093bc990 code [0x00000001093bcd80, 0x00000001093bf468]
Event: 27.645 Thread 0x00007fea4c818800 3201       3       sun.net.www.ParseUtil::canonizeString (195 bytes)
Event: 27.647 Thread 0x00007fea4c818800 nmethod 3201 0x00000001093c0650 code [0x00000001093c0a20, 0x00000001093c2e68]
Event: 27.647 Thread 0x00007fea4c818800 3203       3       sun.java2d.pipe.RenderBuffer::putFloat (26 bytes)
Event: 27.647 Thread 0x00007fea4c818800 nmethod 3203 0x00000001093a39d0 code [0x00000001093a3b40, 0x00000001093a3cd0]
Event: 27.647 Thread 0x00007fea4c818800 3202       1       sun.java2d.SurfaceData::isValid (5 bytes)
Event: 27.648 Thread 0x00007fea4c818800 nmethod 3202 0x000000010939f410 code [0x000000010939f560, 0x000000010939f670]

GC Heap History (10 events):
Event: 11.373 GC heap before
{Heap before GC invocations=7 (full 1):
 PSYoungGen      total 47104K, used 11181K [0x0000000795580000, 0x0000000799300000, 0x00000007c0000000)
  eden space 32256K, 0% used [0x0000000795580000,0x0000000795580000,0x0000000797500000)
  from space 14848K, 75% used [0x0000000798400000,0x0000000798eeb610,0x0000000799280000)
  to   space 15360K, 0% used [0x0000000797500000,0x0000000797500000,0x0000000798400000)
 ParOldGen       total 87552K, used 22906K [0x0000000740000000, 0x0000000745580000, 0x0000000795580000)
  object space 87552K, 26% used [0x0000000740000000,0x000000074165ebd8,0x0000000745580000)
 Metaspace       used 20996K, capacity 21143K, committed 21296K, reserved 1069056K
  class space    used 2044K, capacity 2112K, committed 2176K, reserved 1048576K
Event: 11.445 GC heap after
Heap after GC invocations=7 (full 1):
 PSYoungGen      total 47104K, used 0K [0x0000000795580000, 0x0000000799300000, 0x00000007c0000000)
  eden space 32256K, 0% used [0x0000000795580000,0x0000000795580000,0x0000000797500000)
  from space 14848K, 0% used [0x0000000798400000,0x0000000798400000,0x0000000799280000)
  to   space 15360K, 0% used [0x0000000797500000,0x0000000797500000,0x0000000798400000)
 ParOldGen       total 92672K, used 33380K [0x0000000740000000, 0x0000000745a80000, 0x0000000795580000)
  object space 92672K, 36% used [0x0000000740000000,0x0000000742099208,0x0000000745a80000)
 Metaspace       used 20996K, capacity 21143K, committed 21296K, reserved 1069056K
  class space    used 2044K, capacity 2112K, committed 2176K, reserved 1048576K
}
Event: 13.477 GC heap before
{Heap before GC invocations=8 (full 1):
 PSYoungGen      total 47104K, used 32256K [0x0000000795580000, 0x0000000799300000, 0x00000007c0000000)
  eden space 32256K, 100% used [0x0000000795580000,0x0000000797500000,0x0000000797500000)
  from space 14848K, 0% used [0x0000000798400000,0x0000000798400000,0x0000000799280000)
  to   space 15360K, 0% used [0x0000000797500000,0x0000000797500000,0x0000000798400000)
 ParOldGen       total 92672K, used 33380K [0x0000000740000000, 0x0000000745a80000, 0x0000000795580000)
  object space 92672K, 36% used [0x0000000740000000,0x0000000742099208,0x0000000745a80000)
 Metaspace       used 21089K, capacity 21271K, committed 21552K, reserved 1069056K
  class space    used 2044K, capacity 2112K, committed 2176K, reserved 1048576K
Event: 13.480 GC heap after
Heap after GC invocations=8 (full 1):
 PSYoungGen      total 47616K, used 5536K [0x0000000795580000, 0x000000079a000000, 0x00000007c0000000)
  eden space 32256K, 0% used [0x0000000795580000,0x0000000795580000,0x0000000797500000)
  from space 15360K, 36% used [0x0000000797500000,0x0000000797a68150,0x0000000798400000)
  to   space 15360K, 0% used [0x0000000799100000,0x0000000799100000,0x000000079a000000)
 ParOldGen       total 92672K, used 33388K [0x0000000740000000, 0x0000000745a80000, 0x0000000795580000)
  object space 92672K, 36% used [0x0000000740000000,0x000000074209b208,0x0000000745a80000)
 Metaspace       used 21089K, capacity 21271K, committed 21552K, reserved 1069056K
  class space    used 2044K, capacity 2112K, committed 2176K, reserved 1048576K
}
Event: 17.596 GC heap before
{Heap before GC invocations=9 (full 1):
 PSYoungGen      total 47616K, used 37792K [0x0000000795580000, 0x000000079a000000, 0x00000007c0000000)
  eden space 32256K, 100% used [0x0000000795580000,0x0000000797500000,0x0000000797500000)
  from space 15360K, 36% used [0x0000000797500000,0x0000000797a68150,0x0000000798400000)
  to   space 15360K, 0% used [0x0000000799100000,0x0000000799100000,0x000000079a000000)
 ParOldGen       total 92672K, used 33388K [0x0000000740000000, 0x0000000745a80000, 0x0000000795580000)
  object space 92672K, 36% used [0x0000000740000000,0x000000074209b208,0x0000000745a80000)
 Metaspace       used 21196K, capacity 21399K, committed 21552K, reserved 1069056K
  class space    used 2044K, capacity 2112K, committed 2176K, reserved 1048576K
Event: 17.601 GC heap after
Heap after GC invocations=9 (full 1):
 PSYoungGen      total 40448K, used 8608K [0x0000000795580000, 0x0000000799980000, 0x00000007c0000000)
  eden space 31744K, 0% used [0x0000000795580000,0x0000000795580000,0x0000000797480000)
  from space 8704K, 98% used [0x0000000799100000,0x0000000799968210,0x0000000799980000)
  to   space 14336K, 0% used [0x0000000797d80000,0x0000000797d80000,0x0000000798b80000)
 ParOldGen       total 92672K, used 33396K [0x0000000740000000, 0x0000000745a80000, 0x0000000795580000)
  object space 92672K, 36% used [0x0000000740000000,0x000000074209d208,0x0000000745a80000)
 Metaspace       used 21196K, capacity 21399K, committed 21552K, reserved 1069056K
  class space    used 2044K, capacity 2112K, committed 2176K, reserved 1048576K
}
Event: 20.217 GC heap before
{Heap before GC invocations=10 (full 1):
 PSYoungGen      total 40448K, used 40129K [0x0000000795580000, 0x0000000799980000, 0x00000007c0000000)
  eden space 31744K, 99% used [0x0000000795580000,0x0000000797448268,0x0000000797480000)
  from space 8704K, 98% used [0x0000000799100000,0x0000000799968210,0x0000000799980000)
  to   space 14336K, 0% used [0x0000000797d80000,0x0000000797d80000,0x0000000798b80000)
 ParOldGen       total 92672K, used 33396K [0x0000000740000000, 0x0000000745a80000, 0x0000000795580000)
  object space 92672K, 36% used [0x0000000740000000,0x000000074209d208,0x0000000745a80000)
 Metaspace       used 21226K, capacity 21399K, committed 21552K, reserved 1069056K
  class space    used 2044K, capacity 2112K, committed 2176K, reserved 1048576K
Event: 20.225 GC heap after
Heap after GC invocations=10 (full 1):
 PSYoungGen      total 44544K, used 12848K [0x0000000795580000, 0x0000000799200000, 0x00000007c0000000)
  eden space 31232K, 0% used [0x0000000795580000,0x0000000795580000,0x0000000797400000)
  from space 13312K, 96% used [0x0000000797d80000,0x0000000798a0c3c0,0x0000000798a80000)
  to   space 7680K, 0% used [0x0000000798a80000,0x0000000798a80000,0x0000000799200000)
 ParOldGen       total 92672K, used 33404K [0x0000000740000000, 0x0000000745a80000, 0x0000000795580000)
  object space 92672K, 36% used [0x0000000740000000,0x000000074209f208,0x0000000745a80000)
 Metaspace       used 21226K, capacity 21399K, committed 21552K, reserved 1069056K
  class space    used 2044K, capacity 2112K, committed 2176K, reserved 1048576K
}
Event: 22.949 GC heap before
{Heap before GC invocations=11 (full 1):
 PSYoungGen      total 44544K, used 44080K [0x0000000795580000, 0x0000000799200000, 0x00000007c0000000)
  eden space 31232K, 100% used [0x0000000795580000,0x0000000797400000,0x0000000797400000)
  from space 13312K, 96% used [0x0000000797d80000,0x0000000798a0c3c0,0x0000000798a80000)
  to   space 7680K, 0% used [0x0000000798a80000,0x0000000798a80000,0x0000000799200000)
 ParOldGen       total 92672K, used 33404K [0x0000000740000000, 0x0000000745a80000, 0x0000000795580000)
  object space 92672K, 36% used [0x0000000740000000,0x000000074209f208,0x0000000745a80000)
 Metaspace       used 21314K, capacity 21463K, committed 21808K, reserved 1069056K
  class space    used 2044K, capacity 2112K, committed 2176K, reserved 1048576K
Event: 22.958 GC heap after
Heap after GC invocations=11 (full 1):
 PSYoungGen      total 38400K, used 7616K [0x0000000795580000, 0x0000000799200000, 0x00000007c0000000)
  eden space 30720K, 0% used [0x0000000795580000,0x0000000795580000,0x0000000797380000)
  from space 7680K, 99% used [0x0000000798a80000,0x00000007991f01d0,0x0000000799200000)
  to   space 15360K, 0% used [0x0000000797400000,0x0000000797400000,0x0000000798300000)
 ParOldGen       total 92672K, used 42117K [0x0000000740000000, 0x0000000745a80000, 0x0000000795580000)
  object space 92672K, 45% used [0x0000000740000000,0x0000000742921428,0x0000000745a80000)
 Metaspace       used 21314K, capacity 21463K, committed 21808K, reserved 1069056K
  class space    used 2044K, capacity 2112K, committed 2176K, reserved 1048576K
}

Deoptimization events (10 events):
Event: 17.546 Thread 0x00007fea4cbfc800 Uncommon trap: reason=unstable_if action=reinterpret pc=0x00000001092c61b8 method=sun.misc.FloatingDecimal$BinaryToASCIIBuffer.developLongDigits(IJI)V @ 129
Event: 17.546 Thread 0x00007fea4cbfc800 Uncommon trap: reason=unstable_if action=reinterpret pc=0x00000001092c3dd4 method=java.text.DigitList.set(ZLjava/lang/String;ZZIZ)V @ 305
Event: 17.546 Thread 0x00007fea4cbfc800 Uncommon trap: reason=unstable_if action=reinterpret pc=0x00000001092bf280 method=sun.misc.FloatingDecimal$BinaryToASCIIBuffer.developLongDigits(IJI)V @ 129
Event: 27.565 Thread 0x00007fea4cbfc800 Uncommon trap: reason=class_check action=maybe_recompile pc=0x00000001093b2bd8 method=java.awt.EventQueue.coalesceEvent(Ljava/awt/AWTEvent;I)Z @ 32
Event: 27.584 Thread 0x00007fea4c2a1800 Uncommon trap: reason=unstable_if action=reinterpret pc=0x00000001093b25c8 method=java.awt.EventQueue.getPriority(Ljava/awt/AWTEvent;)I @ 71
Event: 27.587 Thread 0x00007fea4c2a1800 Uncommon trap: reason=unstable_if action=reinterpret pc=0x00000001091ff11c method=java.awt.font.FontRenderContext.equals(Ljava/awt/font/FontRenderContext;)Z @ 2
Event: 27.587 Thread 0x00007fea4c2a1800 Uncommon trap: reason=unstable_if action=reinterpret pc=0x00000001091e1a94 method=java.awt.Font.equals(Ljava/lang/Object;)Z @ 2
Event: 27.632 Thread 0x00007fea4c288800 Uncommon trap: reason=unstable_if action=reinterpret pc=0x00000001092cb1d4 method=java.util.HashMap.putVal(ILjava/lang/Object;Ljava/lang/Object;ZZ)Ljava/lang/Object; @ 81
Event: 27.633 Thread 0x00007fea4c2a1800 Uncommon trap: reason=unstable_if action=reinterpret pc=0x00000001091a8d78 method=java.awt.font.FontRenderContext.equals(Ljava/awt/font/FontRenderContext;)Z @ 2
Event: 27.645 Thread 0x00007fea4cbfc800 Uncommon trap: reason=unstable_if action=reinterpret pc=0x000000010906cb4c method=java.security.AccessControlContext.optimize()Ljava/security/AccessControlContext; @ 233

Internal exceptions (10 events):
Event: 0.274 Thread 0x00007fea4c804800 Exception <a 'java/io/FileNotFoundException'> (0x00000007958b44c8) thrown at [/Users/java_re/workspace/8-2-build-macosx-x86_64/jdk8u65/4987/hotspot/src/share/vm/prims/jni.cpp, line 709]
Event: 0.274 Thread 0x00007fea4c804800 Exception <a 'java/io/FileNotFoundException'> (0x00000007958b5050) thrown at [/Users/java_re/workspace/8-2-build-macosx-x86_64/jdk8u65/4987/hotspot/src/share/vm/prims/jni.cpp, line 709]
Event: 0.394 Thread 0x00007fea4c804800 Exception <a 'java/io/FileNotFoundException'> (0x00000007959f0ee0) thrown at [/Users/java_re/workspace/8-2-build-macosx-x86_64/jdk8u65/4987/hotspot/src/share/vm/prims/jni.cpp, line 709]
Event: 1.652 Thread 0x00007fea4c1f1800 Exception <a 'java/lang/UnsatisfiedLinkError': com.jogamp.common.util.JarUtil.fixNativeLibAttribs(Ljava/lang/String;)Z> (0x0000000796b36b28) thrown at [/Users/java_re/workspace/8-2-build-macosx-x86_64/jdk8u65/4987/hotspot/src/share/vm/prims/nativeLookup.c
Event: 1.923 Thread 0x00007fea4c034000 Exception <a 'java/lang/NullPointerException'> (0x00000007956a8e88) thrown at [/Users/java_re/workspace/8-2-build-macosx-x86_64/jdk8u65/4987/hotspot/src/share/vm/interpreter/linkResolver.cpp, line 1178]
Event: 2.425 Thread 0x00007fea4cbfc800 Exception <a 'java/io/FileNotFoundException'> (0x0000000795e94a70) thrown at [/Users/java_re/workspace/8-2-build-macosx-x86_64/jdk8u65/4987/hotspot/src/share/vm/prims/jni.cpp, line 709]
Event: 2.426 Thread 0x00007fea4cbfc800 Exception <a 'java/io/FileNotFoundException'> (0x0000000795e9ae00) thrown at [/Users/java_re/workspace/8-2-build-macosx-x86_64/jdk8u65/4987/hotspot/src/share/vm/prims/jni.cpp, line 709]
Event: 2.426 Thread 0x00007fea4cbfc800 Implicit null exception at 0x0000000108bd7535 to 0x0000000108bd7899
Event: 6.884 Thread 0x00007fea4cbfc800 Implicit null exception at 0x00000001091d2b2c to 0x00000001091d2b9e
Event: 6.884 Thread 0x00007fea4cbfc800 Implicit null exception at 0x00000001091fb26f to 0x00000001091fb349

Events (10 events):
Event: 27.645 Thread 0x00007fea4cbfc800 DEOPT UNPACKING pc=0x0000000108a45229 sp=0x00007000019e8880 mode 2
Event: 27.645 loading class java/awt/LightweightDispatcher$2
Event: 27.645 loading class java/awt/LightweightDispatcher$2 done
Event: 27.645 loading class java/awt/event/AWTEventListenerProxy
Event: 27.645 loading class java/awt/event/AWTEventListenerProxy done
Event: 27.645 loading class java/awt/Toolkit$ToolkitEventMulticaster
Event: 27.645 loading class java/awt/Toolkit$ToolkitEventMulticaster done
Event: 27.646 Thread 0x00007fea4c288800 Thread exited: 0x00007fea4c288800
Event: 27.646 loading class java/awt/Window$1DisposeAction
Event: 27.646 loading class java/awt/Window$1DisposeAction done


Dynamic libraries:
0x000000000b332000 	/System/Library/Frameworks/Cocoa.framework/Versions/A/Cocoa
0x000000000b332000 	/System/Library/Frameworks/Security.framework/Versions/A/Security
0x000000000b332000 	/System/Library/Frameworks/ApplicationServices.framework/Versions/A/ApplicationServices
0x000000000b332000 	/usr/lib/libz.1.dylib
0x000000000b332000 	/usr/lib/libSystem.B.dylib
0x000000000b332000 	/usr/lib/libobjc.A.dylib
0x000000000b332000 	/System/Library/Frameworks/CoreFoundation.framework/Versions/A/CoreFoundation
0x000000000b332000 	/System/Library/Frameworks/Foundation.framework/Versions/C/Foundation
0x000000000b332000 	/System/Library/Frameworks/AppKit.framework/Versions/C/AppKit
0x000000000b332000 	/System/Library/Frameworks/CoreData.framework/Versions/A/CoreData
0x000000000b332000 	/System/Library/PrivateFrameworks/RemoteViewServices.framework/Versions/A/RemoteViewServices
0x000000000b332000 	/System/Library/PrivateFrameworks/UIFoundation.framework/Versions/A/UIFoundation
0x000000000b332000 	/usr/lib/libScreenReader.dylib
0x000000000b332000 	/System/Library/Frameworks/Accelerate.framework/Versions/A/Accelerate
0x000000000b332000 	/System/Library/Frameworks/IOSurface.framework/Versions/A/IOSurface
0x000000000b332000 	/System/Library/Frameworks/AudioToolbox.framework/Versions/A/AudioToolbox
0x000000000b332000 	/System/Library/Frameworks/AudioUnit.framework/Versions/A/AudioUnit
0x000000000b332000 	/System/Library/PrivateFrameworks/DataDetectorsCore.framework/Versions/A/DataDetectorsCore
0x000000000b332000 	/System/Library/PrivateFrameworks/DesktopServicesPriv.framework/Versions/A/DesktopServicesPriv
0x000000000b332000 	/System/Library/Frameworks/Carbon.framework/Versions/A/Frameworks/HIToolbox.framework/Versions/A/HIToolbox
0x000000000b332000 	/System/Library/Frameworks/QuartzCore.framework/Versions/A/QuartzCore
0x000000000b332000 	/System/Library/Frameworks/Carbon.framework/Versions/A/Frameworks/SpeechRecognition.framework/Versions/A/SpeechRecognition
0x000000000b332000 	/usr/lib/libauto.dylib
0x000000000b332000 	/usr/lib/libicucore.A.dylib
0x000000000b332000 	/usr/lib/libxml2.2.dylib
0x000000000b332000 	/System/Library/PrivateFrameworks/CoreUI.framework/Versions/A/CoreUI
0x000000000b332000 	/System/Library/Frameworks/CoreAudio.framework/Versions/A/CoreAudio
0x000000000b332000 	/System/Library/Frameworks/DiskArbitration.framework/Versions/A/DiskArbitration
0x000000000b332000 	/usr/lib/liblangid.dylib
0x000000000b332000 	/System/Library/PrivateFrameworks/MultitouchSupport.framework/Versions/A/MultitouchSupport
0x000000000b332000 	/System/Library/Frameworks/IOKit.framework/Versions/A/IOKit
0x000000000b332000 	/usr/lib/libDiagnosticMessagesClient.dylib
0x000000000b332000 	/System/Library/Frameworks/CoreServices.framework/Versions/A/CoreServices
0x000000000b332000 	/System/Library/PrivateFrameworks/PerformanceAnalysis.framework/Versions/A/PerformanceAnalysis
0x000000000b332000 	/System/Library/PrivateFrameworks/GenerationalStorage.framework/Versions/A/GenerationalStorage
0x000000000b332000 	/System/Library/Frameworks/OpenGL.framework/Versions/A/OpenGL
0x000000000b332000 	/System/Library/PrivateFrameworks/Sharing.framework/Versions/A/Sharing
0x000000000b332000 	/System/Library/Frameworks/CoreGraphics.framework/Versions/A/CoreGraphics
0x000000000b332000 	/System/Library/Frameworks/CoreImage.framework/Versions/A/CoreImage
0x000000000b332000 	/System/Library/Frameworks/CoreText.framework/Versions/A/CoreText
0x000000000b332000 	/System/Library/Frameworks/ImageIO.framework/Versions/A/ImageIO
0x000000000b332000 	/System/Library/PrivateFrameworks/Backup.framework/Versions/A/Backup
0x000000000b332000 	/usr/lib/libextension.dylib
0x000000000b332000 	/usr/lib/libarchive.2.dylib
0x000000000b332000 	/System/Library/Frameworks/CFNetwork.framework/Versions/A/CFNetwork
0x000000000b332000 	/System/Library/Frameworks/SystemConfiguration.framework/Versions/A/SystemConfiguration
0x000000000b332000 	/usr/lib/libCRFSuite.dylib
0x000000000b332000 	/usr/lib/libc++.1.dylib
0x000000000b332000 	/usr/lib/libc++abi.dylib
0x000000000b332000 	/usr/lib/system/libcache.dylib
0x000000000b332000 	/usr/lib/system/libcommonCrypto.dylib
0x000000000b332000 	/usr/lib/system/libcompiler_rt.dylib
0x000000000b332000 	/usr/lib/system/libcopyfile.dylib
0x000000000b332000 	/usr/lib/system/libcorecrypto.dylib
0x000000000b332000 	/usr/lib/system/libdispatch.dylib
0x000000000b332000 	/usr/lib/system/libdyld.dylib
0x000000000b332000 	/usr/lib/system/libkeymgr.dylib
0x000000000b332000 	/usr/lib/system/liblaunch.dylib
0x000000000b332000 	/usr/lib/system/libmacho.dylib
0x000000000b332000 	/usr/lib/system/libquarantine.dylib
0x000000000b332000 	/usr/lib/system/libremovefile.dylib
0x000000000b332000 	/usr/lib/system/libsystem_asl.dylib
0x000000000b332000 	/usr/lib/system/libsystem_blocks.dylib
0x000000000b332000 	/usr/lib/system/libsystem_c.dylib
0x000000000b332000 	/usr/lib/system/libsystem_configuration.dylib
0x000000000b332000 	/usr/lib/system/libsystem_coreservices.dylib
0x000000000b332000 	/usr/lib/system/libsystem_coretls.dylib
0x000000000b332000 	/usr/lib/system/libsystem_dnssd.dylib
0x000000000b332000 	/usr/lib/system/libsystem_info.dylib
0x000000000b332000 	/usr/lib/system/libsystem_kernel.dylib
0x000000000b332000 	/usr/lib/system/libsystem_m.dylib
0x000000000b332000 	/usr/lib/system/libsystem_malloc.dylib
0x000000000b332000 	/usr/lib/system/libsystem_network.dylib
0x000000000b332000 	/usr/lib/system/libsystem_networkextension.dylib
0x000000000b332000 	/usr/lib/system/libsystem_notify.dylib
0x000000000b332000 	/usr/lib/system/libsystem_platform.dylib
0x000000000b332000 	/usr/lib/system/libsystem_pthread.dylib
0x000000000b332000 	/usr/lib/system/libsystem_sandbox.dylib
0x000000000b332000 	/usr/lib/system/libsystem_secinit.dylib
0x000000000b332000 	/usr/lib/system/libsystem_trace.dylib
0x000000000b332000 	/usr/lib/system/libunc.dylib
0x000000000b332000 	/usr/lib/system/libunwind.dylib
0x000000000b332000 	/usr/lib/system/libxpc.dylib
0x000000000b332000 	/usr/lib/libenergytrace.dylib
0x000000000b332000 	/usr/lib/libbsm.0.dylib
0x000000000b332000 	/usr/lib/system/libkxld.dylib
0x000000000b332000 	/usr/lib/libxar.1.dylib
0x000000000b332000 	/usr/lib/libsqlite3.dylib
0x000000000b332000 	/usr/lib/libpam.2.dylib
0x000000000b332000 	/usr/lib/libOpenScriptingUtil.dylib
0x000000000b332000 	/usr/lib/libbz2.1.0.dylib
0x000000000b332000 	/usr/lib/liblzma.5.dylib
0x000000000b332000 	/System/Library/Frameworks/CoreServices.framework/Versions/A/Frameworks/FSEvents.framework/Versions/A/FSEvents
0x000000000b332000 	/System/Library/Frameworks/CoreServices.framework/Versions/A/Frameworks/CarbonCore.framework/Versions/A/CarbonCore
0x000000000b332000 	/System/Library/Frameworks/CoreServices.framework/Versions/A/Frameworks/Metadata.framework/Versions/A/Metadata
0x000000000b332000 	/System/Library/Frameworks/CoreServices.framework/Versions/A/Frameworks/OSServices.framework/Versions/A/OSServices
0x000000000b332000 	/System/Library/Frameworks/CoreServices.framework/Versions/A/Frameworks/SearchKit.framework/Versions/A/SearchKit
0x000000000b332000 	/System/Library/Frameworks/CoreServices.framework/Versions/A/Frameworks/AE.framework/Versions/A/AE
0x000000000b332000 	/System/Library/Frameworks/CoreServices.framework/Versions/A/Frameworks/LaunchServices.framework/Versions/A/LaunchServices
0x000000000b332000 	/System/Library/Frameworks/CoreServices.framework/Versions/A/Frameworks/DictionaryServices.framework/Versions/A/DictionaryServices
0x000000000b332000 	/System/Library/Frameworks/CoreServices.framework/Versions/A/Frameworks/SharedFileList.framework/Versions/A/SharedFileList
0x000000000b332000 	/System/Library/Frameworks/NetFS.framework/Versions/A/NetFS
0x000000000b332000 	/System/Library/PrivateFrameworks/NetAuth.framework/Versions/A/NetAuth
0x000000000b332000 	/System/Library/PrivateFrameworks/login.framework/Versions/A/Frameworks/loginsupport.framework/Versions/A/loginsupport
0x000000000b332000 	/System/Library/PrivateFrameworks/TCC.framework/Versions/A/TCC
0x000000000b332000 	/usr/lib/libmecabra.dylib
0x000000000b332000 	/System/Library/Frameworks/ApplicationServices.framework/Versions/A/Frameworks/ATS.framework/Versions/A/ATS
0x000000000b332000 	/System/Library/Frameworks/ApplicationServices.framework/Versions/A/Frameworks/ColorSync.framework/Versions/A/ColorSync
0x000000000b332000 	/System/Library/Frameworks/ApplicationServices.framework/Versions/A/Frameworks/HIServices.framework/Versions/A/HIServices
0x000000000b332000 	/System/Library/Frameworks/ApplicationServices.framework/Versions/A/Frameworks/LangAnalysis.framework/Versions/A/LangAnalysis
0x000000000b332000 	/System/Library/Frameworks/ApplicationServices.framework/Versions/A/Frameworks/PrintCore.framework/Versions/A/PrintCore
0x000000000b332000 	/System/Library/Frameworks/ApplicationServices.framework/Versions/A/Frameworks/QD.framework/Versions/A/QD
0x000000000b332000 	/System/Library/Frameworks/ApplicationServices.framework/Versions/A/Frameworks/SpeechSynthesis.framework/Versions/A/SpeechSynthesis
0x000000000b332000 	/System/Library/Frameworks/Metal.framework/Versions/A/Metal
0x000000000b332000 	/System/Library/Frameworks/Accelerate.framework/Versions/A/Frameworks/vImage.framework/Versions/A/vImage
0x000000000b332000 	/System/Library/Frameworks/Accelerate.framework/Versions/A/Frameworks/vecLib.framework/Versions/A/vecLib
0x000000000b332000 	/System/Library/Frameworks/Accelerate.framework/Versions/A/Frameworks/vecLib.framework/Versions/A/libvDSP.dylib
0x000000000b332000 	/System/Library/Frameworks/Accelerate.framework/Versions/A/Frameworks/vecLib.framework/Versions/A/libvMisc.dylib
0x000000000b332000 	/System/Library/Frameworks/Accelerate.framework/Versions/A/Frameworks/vecLib.framework/Versions/A/libLAPACK.dylib
0x000000000b332000 	/System/Library/Frameworks/Accelerate.framework/Versions/A/Frameworks/vecLib.framework/Versions/A/libBLAS.dylib
0x000000000b332000 	/System/Library/Frameworks/Accelerate.framework/Versions/A/Frameworks/vecLib.framework/Versions/A/libLinearAlgebra.dylib
0x000000000b332000 	/System/Library/Frameworks/Accelerate.framework/Versions/A/Frameworks/vecLib.framework/Versions/A/libSparseBLAS.dylib
0x000000000b332000 	/System/Library/PrivateFrameworks/GPUCompiler.framework/libmetal_timestamp.dylib
0x000000000b332000 	/System/Library/Frameworks/OpenGL.framework/Versions/A/Libraries/libCoreFSCache.dylib
0x000000000b332000 	/System/Library/PrivateFrameworks/IOAccelerator.framework/Versions/A/IOAccelerator
0x000000000b332000 	/System/Library/Frameworks/ApplicationServices.framework/Versions/A/Frameworks/ATS.framework/Versions/A/Resources/libFontParser.dylib
0x000000000b332000 	/System/Library/Frameworks/ApplicationServices.framework/Versions/A/Frameworks/ATS.framework/Versions/A/Resources/libFontRegistry.dylib
0x000000000b332000 	/System/Library/PrivateFrameworks/AppleVPA.framework/Versions/A/AppleVPA
0x000000000b332000 	/System/Library/PrivateFrameworks/AppleJPEG.framework/Versions/A/AppleJPEG
0x000000000b332000 	/System/Library/Frameworks/ImageIO.framework/Versions/A/Resources/libJPEG.dylib
0x000000000b332000 	/System/Library/Frameworks/ImageIO.framework/Versions/A/Resources/libTIFF.dylib
0x000000000b332000 	/System/Library/Frameworks/ImageIO.framework/Versions/A/Resources/libPng.dylib
0x000000000b332000 	/System/Library/Frameworks/ImageIO.framework/Versions/A/Resources/libGIF.dylib
0x000000000b332000 	/System/Library/Frameworks/ImageIO.framework/Versions/A/Resources/libJP2.dylib
0x000000000b332000 	/System/Library/Frameworks/ImageIO.framework/Versions/A/Resources/libRadiance.dylib
0x000000000b332000 	/System/Library/Frameworks/CoreVideo.framework/Versions/A/CoreVideo
0x000000000b332000 	/System/Library/Frameworks/OpenGL.framework/Versions/A/Libraries/libGLU.dylib
0x000000000b332000 	/System/Library/Frameworks/OpenGL.framework/Versions/A/Libraries/libGFXShared.dylib
0x000000000b332000 	/System/Library/Frameworks/OpenGL.framework/Versions/A/Libraries/libGL.dylib
0x000000000b332000 	/System/Library/Frameworks/OpenGL.framework/Versions/A/Libraries/libGLImage.dylib
0x000000000b332000 	/System/Library/Frameworks/OpenGL.framework/Versions/A/Libraries/libCVMSPluginSupport.dylib
0x000000000b332000 	/System/Library/Frameworks/OpenGL.framework/Versions/A/Libraries/libCoreVMClient.dylib
0x000000000b332000 	/usr/lib/libcups.2.dylib
0x000000000b332000 	/System/Library/Frameworks/Kerberos.framework/Versions/A/Kerberos
0x000000000b332000 	/System/Library/Frameworks/GSS.framework/Versions/A/GSS
0x000000000b332000 	/usr/lib/libresolv.9.dylib
0x000000000b332000 	/usr/lib/libiconv.2.dylib
0x000000000b332000 	/System/Library/PrivateFrameworks/Heimdal.framework/Versions/A/Heimdal
0x000000000b332000 	/usr/lib/libheimdal-asn1.dylib
0x000000000b332000 	/System/Library/Frameworks/OpenDirectory.framework/Versions/A/OpenDirectory
0x000000000b332000 	/System/Library/PrivateFrameworks/CommonAuth.framework/Versions/A/CommonAuth
0x000000000b332000 	/System/Library/Frameworks/OpenDirectory.framework/Versions/A/Frameworks/CFOpenDirectory.framework/Versions/A/CFOpenDirectory
0x000000000b332000 	/System/Library/Frameworks/SecurityFoundation.framework/Versions/A/SecurityFoundation
0x000000000b332000 	/System/Library/PrivateFrameworks/LanguageModeling.framework/Versions/A/LanguageModeling
0x000000000b332000 	/usr/lib/libmarisa.dylib
0x000000000b332000 	/usr/lib/libChineseTokenizer.dylib
0x000000000b332000 	/usr/lib/libcmph.dylib
0x000000000b332000 	/usr/lib/libcompression.dylib
0x000000000b332000 	/System/Library/Frameworks/ServiceManagement.framework/Versions/A/ServiceManagement
0x000000000b332000 	/usr/lib/libxslt.1.dylib
0x000000000b332000 	/System/Library/Frameworks/Carbon.framework/Versions/A/Frameworks/Ink.framework/Versions/A/Ink
0x000000000b332000 	/usr/lib/libFosl_dynamic.dylib
0x000000000b332000 	/System/Library/PrivateFrameworks/FaceCore.framework/Versions/A/FaceCore
0x000000000b332000 	/System/Library/Frameworks/OpenCL.framework/Versions/A/OpenCL
0x000000000b332000 	/System/Library/PrivateFrameworks/CrashReporterSupport.framework/Versions/A/CrashReporterSupport
0x000000000b332000 	/System/Library/PrivateFrameworks/IconServices.framework/Versions/A/IconServices
0x000000000b332000 	/System/Library/PrivateFrameworks/Apple80211.framework/Versions/A/Apple80211
0x000000000b332000 	/System/Library/Frameworks/CoreWLAN.framework/Versions/A/CoreWLAN
0x000000000b332000 	/System/Library/Frameworks/IOBluetooth.framework/Versions/A/IOBluetooth
0x000000000b332000 	/System/Library/PrivateFrameworks/CoreWiFi.framework/Versions/A/CoreWiFi
0x000000000b332000 	/System/Library/Frameworks/CoreBluetooth.framework/Versions/A/CoreBluetooth
0x000000000b332000 	/System/Library/PrivateFrameworks/ChunkingLibrary.framework/Versions/A/ChunkingLibrary
0x000000000b332000 	/System/Library/PrivateFrameworks/DebugSymbols.framework/Versions/A/DebugSymbols
0x000000000b332000 	/System/Library/PrivateFrameworks/CoreSymbolication.framework/Versions/A/CoreSymbolication
0x000000000b332000 	/System/Library/PrivateFrameworks/Symbolication.framework/Versions/A/Symbolication
0x000000000b332000 	/System/Library/PrivateFrameworks/SpeechRecognitionCore.framework/Versions/A/SpeechRecognitionCore
0x0000000107a00000 	/Library/Java/JavaVirtualMachines/jdk1.8.0_65.jdk/Contents/Home/jre/lib/server/libjvm.dylib
0x0000000108989000 	/usr/lib/libstdc++.6.dylib
0x0000000107168000 	/Library/Java/JavaVirtualMachines/jdk1.8.0_65.jdk/Contents/Home/jre/lib/libverify.dylib
0x0000000107176000 	/Library/Java/JavaVirtualMachines/jdk1.8.0_65.jdk/Contents/Home/jre/lib/libjava.dylib
0x00000001071b5000 	/Library/Java/JavaVirtualMachines/jdk1.8.0_65.jdk/Contents/Home/jre/lib/libzip.dylib
0x000000011e37a000 	/System/Library/Frameworks/JavaVM.framework/Frameworks/JavaRuntimeSupport.framework/JavaRuntimeSupport
0x00000001071e7000 	/System/Library/Frameworks/JavaVM.framework/Versions/A/Frameworks/JavaNativeFoundation.framework/Versions/A/JavaNativeFoundation
0x000000011e395000 	/System/Library/Frameworks/JavaVM.framework/Versions/A/JavaVM
0x000000000b332000 	/System/Library/Frameworks/Carbon.framework/Versions/A/Carbon
0x000000011e3a2000 	/System/Library/PrivateFrameworks/JavaLaunching.framework/Versions/A/JavaLaunching
0x000000000b332000 	/System/Library/Frameworks/Carbon.framework/Versions/A/Frameworks/CommonPanels.framework/Versions/A/CommonPanels
0x000000000b332000 	/System/Library/Frameworks/Carbon.framework/Versions/A/Frameworks/Help.framework/Versions/A/Help
0x000000000b332000 	/System/Library/Frameworks/Carbon.framework/Versions/A/Frameworks/ImageCapture.framework/Versions/A/ImageCapture
0x000000000b332000 	/System/Library/Frameworks/Carbon.framework/Versions/A/Frameworks/OpenScripting.framework/Versions/A/OpenScripting
0x000000000b332000 	/System/Library/Frameworks/Carbon.framework/Versions/A/Frameworks/Print.framework/Versions/A/Print
0x000000000b332000 	/System/Library/Frameworks/Carbon.framework/Versions/A/Frameworks/SecurityHI.framework/Versions/A/SecurityHI
0x000000011fcc1000 	/Library/Java/JavaVirtualMachines/jdk1.8.0_65.jdk/Contents/Home/jre/lib/libawt.dylib
0x000000011fd69000 	/Library/Java/JavaVirtualMachines/jdk1.8.0_65.jdk/Contents/Home/jre/lib/./libmlib_image.dylib
0x000000011fe35000 	/Library/Java/JavaVirtualMachines/jdk1.8.0_65.jdk/Contents/Home/jre/lib/libawt_lwawt.dylib
0x000000011feea000 	/Library/Java/JavaVirtualMachines/jdk1.8.0_65.jdk/Contents/Home/jre/lib/./libosxapp.dylib
0x000000000b332000 	/System/Library/Frameworks/ExceptionHandling.framework/Versions/A/ExceptionHandling
0x000000000b332000 	/System/Library/PrivateFrameworks/CoreServicesInternal.framework/Versions/A/CoreServicesInternal
0x000000000b332000 	/System/Library/Frameworks/CoreGraphics.framework/Versions/A/Resources/libRIP.A.dylib
0x0000000120cc6000 	/System/Library/Frameworks/Accelerate.framework/Frameworks/vImage.framework/Versions/A/Libraries/libCGInterfaces.dylib
0x000000000b332000 	/System/Library/Frameworks/CoreGraphics.framework/Versions/A/Resources/libCGXType.A.dylib
0x000000000b332000 	/System/Library/Frameworks/OpenCL.framework/Versions/A/Libraries/libcldcpuengine.dylib
0x000000000b332000 	/System/Library/PrivateFrameworks/DiskImages.framework/Versions/A/DiskImages
0x000000000b332000 	/System/Library/Frameworks/DiscRecording.framework/Versions/A/DiscRecording
0x000000000b332000 	/usr/lib/libcsfde.dylib
0x000000000b332000 	/usr/lib/libcurl.4.dylib
0x000000000b332000 	/System/Library/PrivateFrameworks/MediaKit.framework/Versions/A/MediaKit
0x000000000b332000 	/System/Library/PrivateFrameworks/ProtectedCloudStorage.framework/Versions/A/ProtectedCloudStorage
0x000000000b332000 	/usr/lib/libCoreStorage.dylib
0x000000000b332000 	/System/Library/PrivateFrameworks/EFILogin.framework/Versions/A/EFILogin
0x000000000b332000 	/usr/lib/libutil.dylib
0x000000000b332000 	/System/Library/PrivateFrameworks/FindMyDevice.framework/Versions/A/FindMyDevice
0x000000000b332000 	/System/Library/Frameworks/LDAP.framework/Versions/A/LDAP
0x000000000b332000 	/usr/lib/libsasl2.2.dylib
0x000000000b332000 	/System/Library/PrivateFrameworks/CoreDaemon.framework/Versions/B/CoreDaemon
0x000000000b332000 	/usr/lib/libcrypto.0.9.8.dylib
0x000000000b332000 	/System/Library/PrivateFrameworks/AppleSRP.framework/Versions/A/AppleSRP
0x000000000b332000 	/System/Library/PrivateFrameworks/TrustEvaluationAgent.framework/Versions/A/TrustEvaluationAgent
0x0000000121ac7000 	cl_kernels
0x000000000b332000 	/System/Library/Frameworks/OpenCL.framework/Versions/A/Libraries/ImageFormats/unorm8_bgra.dylib
0x000000000b332000 	/System/Library/Frameworks/OpenCL.framework/Versions/A/Libraries/ImageFormats/unorm8_rgba.dylib
0x000000000b332000 	/System/Library/PrivateFrameworks/FamilyControls.framework/Versions/A/FamilyControls
0x000000000b332000 	/System/Library/PrivateFrameworks/CommerceKit.framework/Versions/A/Frameworks/CommerceCore.framework/Versions/A/CommerceCore
0x000000000b332000 	/System/Library/PrivateFrameworks/SystemAdministration.framework/Versions/A/SystemAdministration
0x000000000b332000 	/System/Library/PrivateFrameworks/AppContainer.framework/Versions/A/AppContainer
0x000000000b332000 	/System/Library/PrivateFrameworks/SecCodeWrapper.framework/Versions/A/SecCodeWrapper
0x000000000b332000 	/System/Library/Frameworks/DirectoryService.framework/Versions/A/DirectoryService
0x000000000b332000 	/System/Library/PrivateFrameworks/LoginUIKit.framework/Versions/A/Frameworks/LoginUICore.framework/Versions/A/LoginUICore
0x000000000b332000 	/usr/lib/libodfde.dylib
0x0000000122bc5000 	/System/Library/Frameworks/OpenGL.framework/Resources/GLEngine.bundle/GLEngine
0x000000000b332000 	/System/Library/Frameworks/OpenGL.framework/Versions/A/Libraries/libGLProgrammability.dylib
0x0000000122dad000 	/System/Library/Extensions/AppleIntelHD5000GraphicsGLDriver.bundle/Contents/MacOS/AppleIntelHD5000GraphicsGLDriver
0x000000000b332000 	/System/Library/PrivateFrameworks/GPUSupport.framework/Versions/A/Libraries/libGPUSupportMercury.dylib
0x00000001234fd000 	/System/Library/Frameworks/OpenGL.framework/Resources//GLRendererFloat.bundle/GLRendererFloat
0x0000000123ded000 	/Library/Java/JavaVirtualMachines/jdk1.8.0_65.jdk/Contents/Home/jre/lib/libfontmanager.dylib
0x000000012533a000 	/Library/Java/JavaVirtualMachines/jdk1.8.0_65.jdk/Contents/Home/jre/lib/libosxui.dylib
0x0000000126065000 	/Library/Java/JavaVirtualMachines/jdk1.8.0_65.jdk/Contents/Home/jre/lib/libnet.dylib
0x000000012607c000 	/Library/Java/JavaVirtualMachines/jdk1.8.0_65.jdk/Contents/Home/jre/lib/libnio.dylib
0x000000000b332000 	/System/Library/Frameworks/ApplicationServices.framework/Versions/A/Frameworks/ATS.framework/Versions/A/Resources/libTrueTypeScaler.dylib
0x00000001771cd000 	/System/Library/Extensions/AppleIntelHD5000GraphicsMTLDriver.bundle/Contents/MacOS/AppleIntelHD5000GraphicsMTLDriver
0x00000001250c1000 	/private/var/folders/94/qhk8wx9560913pcr_k2txvfh0000gn/T/jogamp_0000/file_cache/jln6663401488803348808/jln2335222629507050984/libgluegen-rt.jnilib
0x00000001250c5000 	/private/var/folders/94/qhk8wx9560913pcr_k2txvfh0000gn/T/jogamp_0000/file_cache/jln6663401488803348808/jln2335222629507050984/libnativewindow_awt.jnilib
0x0000000125eb2000 	/Library/Java/JavaVirtualMachines/jdk1.8.0_65.jdk/Contents/Home/jre/lib/libjawt.dylib
0x00000001770a4000 	/private/var/folders/94/qhk8wx9560913pcr_k2txvfh0000gn/T/jogamp_0000/file_cache/jln6663401488803348808/jln2335222629507050984/libnativewindow_macosx.jnilib
0x00000001777f7000 	/private/var/folders/94/qhk8wx9560913pcr_k2txvfh0000gn/T/jogamp_0000/file_cache/jln6663401488803348808/jln2335222629507050984/libjogl_desktop.jnilib
0x00000001770ae000 	/Library/Java/JavaVirtualMachines/jdk1.8.0_65.jdk/Contents/Home/jre/lib/libt2k.dylib

VM Arguments:
jvm_args: -Djava.security.policy=java.policy.applet -Dfile.encoding=UTF-8 
java_command: sun.applet.AppletViewer module4.EarthquakeCityMap1450068149850.html
java_class_path (initial): /Users/karenblakemore/Java/workspace/UCSDUnfoldingMaps/build:/Users/karenblakemore/Java/workspace/UCSDUnfoldingMaps/lib/core.jar:/Users/karenblakemore/Java/workspace/UCSDUnfoldingMaps/lib/gluegen-rt.jar:/Users/karenblakemore/Java/workspace/UCSDUnfoldingMaps/lib/jogl-all.jar:/Users/karenblakemore/Java/workspace/UCSDUnfoldingMaps/lib/log4j-1.2.15.jar:/Users/karenblakemore/Java/workspace/UCSDUnfoldingMaps/lib/sqlite-jdbc-3.7.2.jar:/Users/karenblakemore/Java/workspace/UCSDUnfoldingMaps/lib/json4processing.jar:/Users/karenblakemore/Java/workspace/UCSDUnfoldingMaps/lib/libTUIO.jar:/Users/karenblakemore/Java/workspace/UCSDUnfoldingMaps/lib/unfolding.0.9.7-uscd.jar
Launcher Type: SUN_STANDARD

Environment Variables:
PATH=/usr/bin:/bin:/usr/sbin:/sbin
SHELL=/bin/bash

Signal Handlers:
SIGSEGV: [libjvm.dylib+0x5a6d31], sa_mask[0]=11111111011111110111111111111111, sa_flags=SA_ONSTACK|SA_RESTART|SA_SIGINFO
SIGBUS: [libjvm.dylib+0x5a6d31], sa_mask[0]=11111111011111110111111111111111, sa_flags=SA_RESTART|SA_SIGINFO
SIGFPE: [libjvm.dylib+0x480a40], sa_mask[0]=11111111011111110111111111111111, sa_flags=SA_RESTART|SA_SIGINFO
SIGPIPE: [libjvm.dylib+0x480a40], sa_mask[0]=11111111011111110111111111111111, sa_flags=SA_RESTART|SA_SIGINFO
SIGXFSZ: [libjvm.dylib+0x480a40], sa_mask[0]=11111111011111110111111111111111, sa_flags=SA_RESTART|SA_SIGINFO
SIGILL: [libjvm.dylib+0x480a40], sa_mask[0]=11111111011111110111111111111111, sa_flags=SA_RESTART|SA_SIGINFO
SIGUSR1: SIG_DFL, sa_mask[0]=00000000000000000000000000000000, sa_flags=none
SIGUSR2: [libjvm.dylib+0x48055e], sa_mask[0]=00100000000000000000000000000000, sa_flags=SA_RESTART|SA_SIGINFO
SIGHUP: [libjvm.dylib+0x47eb35], sa_mask[0]=11111111011111110111111111111111, sa_flags=SA_RESTART|SA_SIGINFO
SIGINT: [libjvm.dylib+0x47eb35], sa_mask[0]=11111111011111110111111111111111, sa_flags=SA_RESTART|SA_SIGINFO
SIGTERM: [libjvm.dylib+0x47eb35], sa_mask[0]=11111111011111110111111111111111, sa_flags=SA_RESTART|SA_SIGINFO
SIGQUIT: [libjvm.dylib+0x47eb35], sa_mask[0]=11111111011111110111111111111111, sa_flags=SA_RESTART|SA_SIGINFO


---------------  S Y S T E M  ---------------

OS:Bsduname:Darwin 15.2.0 Darwin Kernel Version 15.2.0: Fri Nov 13 19:56:56 PST 2015; root:xnu-3248.20.55~2/RELEASE_X86_64 x86_64
rlimit: STACK 8192k, CORE 0k, NPROC 709, NOFILE 10240, AS infinity
load average:2.57 2.90 2.48

CPU:total 4 (2 cores per cpu, 2 threads per core) family 6 model 69 stepping 1, cmov, cx8, fxsr, mmx, sse, sse2, sse3, ssse3, sse4.1, sse4.2, popcnt, avx, avx2, aes, clmul, erms, lzcnt, ht, tsc, tscinvbit, bmi1, bmi2

Memory: 4k page, physical 8388608k(689928k free)

/proc/meminfo:


vm_info: Java HotSpot(TM) 64-Bit Server VM (25.65-b01) for bsd-amd64 JRE (1.8.0_65-b17), built on Oct  6 2015 15:36:46 by "java_re" with gcc 4.2.1 (Based on Apple Inc. build 5658) (LLVM build 2336.11.00)

time: Sun Dec 13 21:42:57 2015
elapsed time: 27 seconds (0d 0h 0m 27s)

