#
# A fatal error has been detected by the Java Runtime Environment:
#
#  SIGSEGV (0xb) at pc=0x00007fff9b4bb4e9, pid=2444, tid=2571
#
# JRE version: Java(TM) SE Runtime Environment (8.0_65-b17) (build 1.8.0_65-b17)
# Java VM: Java HotSpot(TM) 64-Bit Server VM (25.65-b01 mixed mode bsd-amd64 compressed oops)
# Problematic frame:
# C  [libobjc.A.dylib+0x14e9]  objc_msgSend+0x29
#
# Failed to write core dump. Core dumps have been disabled. To enable core dumping, try "ulimit -c unlimited" before starting Java again
#
# If you would like to submit a bug report, please visit:
#   http://bugreport.java.com/bugreport/crash.jsp
# The crash happened outside the Java Virtual Machine in native code.
# See problematic frame for where to report the bug.
#

---------------  T H R E A D  ---------------

Current thread (0x00007fa613133000):  JavaThread "AWT-AppKit" daemon [_thread_in_native, id=2571, stack(0x00007fff51771000,0x00007fff51f71000)]

siginfo: si_signo: 11 (SIGSEGV), si_code: 0 (unknown), si_addr: 0x0000000000000000

Registers:
RAX=0x00007fa61593d100, RBX=0x000000017de52450, RCX=0x0000000127e5a9c0, RDX=0x0000000127563620
RSP=0x00007fff51f6c458, RBP=0x00007fff51f6c510, RSI=0x00007fff951c8d0e, RDI=0x00007fa615ab5730
R8 =0x0000000000000000, R9 =0x00000000000008c0, R10=0x0101010151814009, R11=0x00007fa615acb110
R12=0x0000000000000000, R13=0x000000018340b4f0, R14=0x000000017de52440, R15=0x00007fa613133000
RIP=0x00007fff9b4bb4e9, EFLAGS=0x0000000000010206, ERR=0x0000000000000000
  TRAPNO=0x000000000000000d

Top of Stack: (sp=0x00007fff51f6c458)
0x00007fff51f6c458:   000000017de50157 00007fff51f6c4b0
0x00007fff51f6c468:   0000000000000003 00007fff51f6c490
0x00007fff51f6c478:   000000010e9f19a6 000000018340b4f0
0x00007fff51f6c488:   000000018340b4f0 00007fa61593d100
0x00007fff51f6c498:   000000017de526a0 000000017de52710
0x00007fff51f6c4a8:   00007fff7f6fb770 00007fff7b456500
0x00007fff51f6c4b8:   000000017de52450 000000017de52690
0x00007fff51f6c4c8:   00007fa61593d100 00007fa615ab5730
0x00007fff51f6c4d8:   00007fa613ff2ce0 00007fa61593d100
0x00007fff51f6c4e8:   00007fa615ab5730 00007fff51f6c590
0x00007fff51f6c4f8:   00007fa6131331f8 000000018340b4f0
0x00007fff51f6c508:   00007fff51f6c5b8 00007fff51f6c580
0x00007fff51f6c518:   000000010f7d3954 00007fff51f6c580
0x00007fff51f6c528:   000000010f7d36d9 000000010f7df823
0x00007fff51f6c538:   000000010f7d36a2 00007fff51f6c540
0x00007fff51f6c548:   000000018340b4f0 00007fff51f6c5b8
0x00007fff51f6c558:   000000018340e148 0000000000000000
0x00007fff51f6c568:   000000018340b4f0 0000000000000000
0x00007fff51f6c578:   00007fff51f6c5a0 00007fff51f6c600
0x00007fff51f6c588:   000000010f7c5c4d 0000000797c917f8
0x00007fff51f6c598:   000000010f7cd578 00007fa61593d100
0x00007fff51f6c5a8:   000000010f7cedb9 00007fa615ab5730
0x00007fff51f6c5b8:   000000010f7ced82 00007fff51f6c5c0
0x00007fff51f6c5c8:   000000018340b6ba 00007fff51f6c628
0x00007fff51f6c5d8:   000000018340e148 0000000000000000
0x00007fff51f6c5e8:   000000018340b6c8 00007fff51f6c5a0
0x00007fff51f6c5f8:   00007fff51f6c610 00007fff51f6c670
0x00007fff51f6c608:   000000010f7c5c4d 00007fa61593d100
0x00007fff51f6c618:   0000000797b260a0 00007fa615ab5730
0x00007fff51f6c628:   0000000797b260a0 00007fff51f6c630
0x00007fff51f6c638:   000000018600a6b6 00007fff51f6c680
0x00007fff51f6c648:   000000018600a770 0000000000000000 

Instructions: (pc=0x00007fff9b4bb4e9)
0x00007fff9b4bb4c9:   01 2e 75 66 49 bb f8 ff ff ff ff 7f 00 00 4c 23
0x00007fff9b4bb4d9:   1f 49 89 f2 45 23 53 18 49 c1 e2 04 4d 03 53 10
0x00007fff9b4bb4e9:   49 3b 32 75 04 41 ff 62 08 49 83 3a 01 76 0d 49
0x00007fff9b4bb4f9:   83 c2 10 49 3b 32 75 f1 41 ff 62 08 72 40 4d 8b 

Register to memory mapping:

RAX=0x00007fa61593d100 is an unknown value
RBX=0x000000017de52450: Java_jogamp_nativewindow_macosx_OSXUtil_GetScreenRefreshRate0+0x1cf0 in /private/var/folders/94/qhk8wx9560913pcr_k2txvfh0000gn/T/jogamp_0000/file_cache/jln8600337496329261015/jln4992769071304884687/libnativewindow_macosx.jnilib at 0x000000017de4b000
RCX=0x0000000127e5a9c0 is an unknown value
RDX=0x0000000127563620 is an unknown value
RSP=0x00007fff51f6c458 is pointing into the stack for thread: 0x00007fa613133000
RBP=0x00007fff51f6c510 is pointing into the stack for thread: 0x00007fa613133000
RSI=0x00007fff951c8d0e is an unknown value
RDI=0x00007fa615ab5730 is an unknown value
R8 =0x0000000000000000 is an unknown value
R9 =0x00000000000008c0 is an unknown value
R10=0x0101010151814009 is an unknown value
R11=0x00007fa615acb110 is an unknown value
R12=0x0000000000000000 is an unknown value
R13={method} {0x000000018340b4f0} 'UnsetJAWTRootSurfaceLayer0' '(JJ)V' in 'jogamp/nativewindow/jawt/macosx/MacOSXJAWTWindow'
R14=0x000000017de52440: Java_jogamp_nativewindow_macosx_OSXUtil_GetScreenRefreshRate0+0x1ce0 in /private/var/folders/94/qhk8wx9560913pcr_k2txvfh0000gn/T/jogamp_0000/file_cache/jln8600337496329261015/jln4992769071304884687/libnativewindow_macosx.jnilib at 0x000000017de4b000
R15=0x00007fa613133000 is a thread


Stack: [0x00007fff51771000,0x00007fff51f71000],  sp=0x00007fff51f6c458,  free space=8173k
Native frames: (J=compiled Java code, j=interpreted, Vv=VM code, C=native code)
C  [libobjc.A.dylib+0x14e9]  objc_msgSend+0x29
j  jogamp.nativewindow.jawt.macosx.MacOSXJAWTWindow.UnsetJAWTRootSurfaceLayer0(JJ)V+0
j  jogamp.nativewindow.jawt.macosx.MacOSXJAWTWindow.access$200(JJ)V+2
j  jogamp.nativewindow.jawt.macosx.MacOSXJAWTWindow$1.run()V+38
j  com.jogamp.common.util.RunnableTask.run()V+24
v  ~StubRoutines::call_stub
V  [libjvm.dylib+0x2eab02]
V  [libjvm.dylib+0x321bab]
V  [libjvm.dylib+0x31437f]
C  [libnativewindow_macosx.jnilib+0x5326]  Java_jogamp_nativewindow_jawt_macosx_MacOSXJAWTWindow_UnsetJAWTRootSurfaceLayer0+0x2b6
C  [Foundation+0x8dd4b]  __NSThreadPerformPerform+0x117
C  [CoreFoundation+0x7e5c1]  __CFRUNLOOP_IS_CALLING_OUT_TO_A_SOURCE0_PERFORM_FUNCTION__+0x11
C  [CoreFoundation+0x7041c]  __CFRunLoopDoSources0+0x22c
C  [CoreFoundation+0x6f93f]  __CFRunLoopRun+0x39f
C  [CoreFoundation+0x6f338]  CFRunLoopRunSpecific+0x128
C  [HIToolbox+0x30935]  RunCurrentEventLoopInMode+0xeb
C  [HIToolbox+0x30677]  ReceiveNextEventCommon+0xb8
C  [HIToolbox+0x305af]  _BlockUntilNextEventMatchingListInModeWithFilter+0x47
C  [AppKit+0x8a0ee]  _DPSNextEvent+0x42b
C  [AppKit+0x456943]  -[NSApplication _nextEventMatchingEventMask:untilDate:inMode:dequeue:]+0x1c6
C  [libosxapp.dylib+0x23aa]  -[NSApplicationAWT nextEventMatchingMask:untilDate:inMode:dequeue:]+0x7c
C  [AppKit+0x7ffc8]  -[NSApplication run]+0x2aa
C  [libosxapp.dylib+0x214d]  +[NSApplicationAWT runAWTLoopWithApp:]+0x9c
C  [libawt_lwawt.dylib+0x44517]  -[AWTStarter starter:]+0x389
C  [Foundation+0x8dd4b]  __NSThreadPerformPerform+0x117
C  [CoreFoundation+0x7e5c1]  __CFRUNLOOP_IS_CALLING_OUT_TO_A_SOURCE0_PERFORM_FUNCTION__+0x11
C  [CoreFoundation+0x7041c]  __CFRunLoopDoSources0+0x22c
C  [CoreFoundation+0x6f93f]  __CFRunLoopRun+0x39f
C  [CoreFoundation+0x6f338]  CFRunLoopRunSpecific+0x128
C  [java+0x6463]  CreateExecutionEnvironment+0x367
C  [java+0x21ac]  JLI_Launch+0x7a0
C  [java+0x84c0]  main+0x65
C  [java+0x1a04]  start+0x34
C  0x0000000000000007

Java frames: (J=compiled Java code, j=interpreted, Vv=VM code)
j  jogamp.nativewindow.jawt.macosx.MacOSXJAWTWindow.UnsetJAWTRootSurfaceLayer0(JJ)V+0
j  jogamp.nativewindow.jawt.macosx.MacOSXJAWTWindow.access$200(JJ)V+2
j  jogamp.nativewindow.jawt.macosx.MacOSXJAWTWindow$1.run()V+38
j  com.jogamp.common.util.RunnableTask.run()V+24
v  ~StubRoutines::call_stub

---------------  P R O C E S S  ---------------

Java Threads: ( => current thread )
  0x00007fa612037000 JavaThread "Thread-7" [_thread_blocked, id=33803, stack(0x0000700001765000,0x0000700001865000)]
  0x00007fa6125a0800 JavaThread "AWT-EventQueue-1" [_thread_in_native, id=59407, stack(0x0000700001868000,0x0000700001968000)]
  0x00007fa61283c800 JavaThread "DestroyJavaVM" [_thread_blocked, id=5891, stack(0x000070000011a000,0x000070000021a000)]
  0x00007fa6122cb000 JavaThread "AWT-EventQueue-0" [_thread_blocked, id=56839, stack(0x0000700001662000,0x0000700001762000)]
  0x00007fa6131b1800 JavaThread "Java2D Disposer" daemon [_thread_blocked, id=52995, stack(0x00007000013d9000,0x00007000014d9000)]
  0x00007fa6131b3000 JavaThread "Java2D Queue Flusher" daemon [_thread_blocked, id=49927, stack(0x00007000012d6000,0x00007000013d6000)]
  0x00007fa61220d000 JavaThread "AWT-Shutdown" [_thread_blocked, id=29975, stack(0x0000700001150000,0x0000700001250000)]
=>0x00007fa613133000 JavaThread "AWT-AppKit" daemon [_thread_in_native, id=2571, stack(0x00007fff51771000,0x00007fff51f71000)]
  0x00007fa612800000 JavaThread "Service Thread" daemon [_thread_blocked, id=18691, stack(0x0000700000e44000,0x0000700000f44000)]
  0x00007fa61204a800 JavaThread "C1 CompilerThread2" daemon [_thread_blocked, id=18179, stack(0x0000700000d41000,0x0000700000e41000)]
  0x00007fa61204a000 JavaThread "C2 CompilerThread1" daemon [_thread_blocked, id=17667, stack(0x0000700000c3e000,0x0000700000d3e000)]
  0x00007fa61205c800 JavaThread "C2 CompilerThread0" daemon [_thread_blocked, id=17155, stack(0x0000700000b3b000,0x0000700000c3b000)]
  0x00007fa61205b800 JavaThread "Signal Dispatcher" daemon [_thread_blocked, id=12815, stack(0x0000700000a38000,0x0000700000b38000)]
  0x00007fa612033800 JavaThread "Finalizer" daemon [_thread_blocked, id=12291, stack(0x000070000082f000,0x000070000092f000)]
  0x00007fa612033000 JavaThread "Reference Handler" daemon [_thread_blocked, id=11779, stack(0x000070000072c000,0x000070000082c000)]

Other Threads:
  0x00007fa612030000 VMThread [stack: 0x0000700000629000,0x0000700000729000] [id=11267]
  0x00007fa612804800 WatcherThread [stack: 0x0000700000f47000,0x0000700001047000] [id=19203]

VM state:not at safepoint (normal execution)

VM Mutex/Monitor currently owned by a thread: None

Heap:
 PSYoungGen      total 38400K, used 18556K [0x0000000795580000, 0x0000000798000000, 0x00000007c0000000)
  eden space 33280K, 40% used [0x0000000795580000,0x00000007962a6b20,0x0000000797600000)
  from space 5120K, 99% used [0x0000000797b00000,0x0000000797ff87a0,0x0000000798000000)
  to   space 5120K, 0% used [0x0000000797600000,0x0000000797600000,0x0000000797b00000)
 ParOldGen       total 87552K, used 2564K [0x0000000740000000, 0x0000000745580000, 0x0000000795580000)
  object space 87552K, 2% used [0x0000000740000000,0x00000007402813d8,0x0000000745580000)
 Metaspace       used 20050K, capacity 20287K, committed 20608K, reserved 1067008K
  class space    used 2029K, capacity 2110K, committed 2176K, reserved 1048576K

Card table byte_map: [0x000000011eb7e000,0x000000011ef7f000] byte_map_base: 0x000000011b17e000

Marking Bits: (ParMarkBitMap*) 0x000000010f0dee20
 Begin Bits: [0x000000011f22a000, 0x000000012122a000)
 End Bits:   [0x000000012122a000, 0x000000012322a000)

Polling page: 0x000000010dfd4000

CodeCache: size=245760Kb used=5500Kb max_used=5503Kb free=240259Kb
 bounds [0x000000010f7be000, 0x000000010fd2e000, 0x000000011e7be000]
 total_blobs=2340 nmethods=1460 adapters=794
 compilation: enabled

Compilation events (10 events):
Event: 633.819 Thread 0x00007fa61204a800 nmethod 1463 0x000000010fd1a0d0 code [0x000000010fd1a220, 0x000000010fd1a370]
Event: 634.930 Thread 0x00007fa61204a800 1464       3       java.lang.Thread::isInterrupted (6 bytes)
Event: 634.931 Thread 0x00007fa61204a800 nmethod 1464 0x000000010fd1a3d0 code [0x000000010fd1a540, 0x000000010fd1a6c8]
Event: 634.932 Thread 0x00007fa61204a800 1465       3       java.awt.EventQueue::coalesceEvent (86 bytes)
Event: 634.934 Thread 0x00007fa61204a800 nmethod 1465 0x000000010fd1a750 code [0x000000010fd1a940, 0x000000010fd1b658]
Event: 634.934 Thread 0x00007fa61204a800 1466       3       java.awt.Component::isValid (20 bytes)
Event: 634.934 Thread 0x00007fa61204a800 nmethod 1466 0x000000010fd1b850 code [0x000000010fd1b9c0, 0x000000010fd1bbb0]
Event: 634.986 Thread 0x00007fa61204a800 1467   !   3       java.util.zip.Inflater::reset (69 bytes)
Event: 634.986 Thread 0x00007fa61204a800 nmethod 1467 0x000000010fd1bc10 code [0x000000010fd1bda0, 0x000000010fd1c1f8]
Event: 634.987 Thread 0x00007fa61205c800 1468  s!   4       sun.misc.URLClassPath::getLoader (197 bytes)

GC Heap History (4 events):
Event: 1.881 GC heap before
{Heap before GC invocations=1 (full 0):
 PSYoungGen      total 38400K, used 33280K [0x0000000795580000, 0x0000000798000000, 0x00000007c0000000)
  eden space 33280K, 100% used [0x0000000795580000,0x0000000797600000,0x0000000797600000)
  from space 5120K, 0% used [0x0000000797b00000,0x0000000797b00000,0x0000000798000000)
  to   space 5120K, 0% used [0x0000000797600000,0x0000000797600000,0x0000000797b00000)
 ParOldGen       total 87552K, used 0K [0x0000000740000000, 0x0000000745580000, 0x0000000795580000)
  object space 87552K, 0% used [0x0000000740000000,0x0000000740000000,0x0000000745580000)
 Metaspace       used 15798K, capacity 16015K, committed 16384K, reserved 1064960K
  class space    used 1603K, capacity 1692K, committed 1792K, reserved 1048576K
Event: 1.887 GC heap after
Heap after GC invocations=1 (full 0):
 PSYoungGen      total 38400K, used 4872K [0x0000000795580000, 0x0000000798000000, 0x00000007c0000000)
  eden space 33280K, 0% used [0x0000000795580000,0x0000000795580000,0x0000000797600000)
  from space 5120K, 95% used [0x0000000797600000,0x0000000797ac2360,0x0000000797b00000)
  to   space 5120K, 0% used [0x0000000797b00000,0x0000000797b00000,0x0000000798000000)
 ParOldGen       total 87552K, used 8K [0x0000000740000000, 0x0000000745580000, 0x0000000795580000)
  object space 87552K, 0% used [0x0000000740000000,0x0000000740002000,0x0000000745580000)
 Metaspace       used 15798K, capacity 16015K, committed 16384K, reserved 1064960K
  class space    used 1603K, capacity 1692K, committed 1792K, reserved 1048576K
}
Event: 2.861 GC heap before
{Heap before GC invocations=2 (full 0):
 PSYoungGen      total 38400K, used 38152K [0x0000000795580000, 0x0000000798000000, 0x00000007c0000000)
  eden space 33280K, 100% used [0x0000000795580000,0x0000000797600000,0x0000000797600000)
  from space 5120K, 95% used [0x0000000797600000,0x0000000797ac2360,0x0000000797b00000)
  to   space 5120K, 0% used [0x0000000797b00000,0x0000000797b00000,0x0000000798000000)
 ParOldGen       total 87552K, used 8K [0x0000000740000000, 0x0000000745580000, 0x0000000795580000)
  object space 87552K, 0% used [0x0000000740000000,0x0000000740002000,0x0000000745580000)
 Metaspace       used 19228K, capacity 19423K, committed 19712K, reserved 1067008K
  class space    used 1954K, capacity 2014K, committed 2048K, reserved 1048576K
Event: 2.874 GC heap after
Heap after GC invocations=2 (full 0):
 PSYoungGen      total 38400K, used 5089K [0x0000000795580000, 0x0000000798000000, 0x00000007c0000000)
  eden space 33280K, 0% used [0x0000000795580000,0x0000000795580000,0x0000000797600000)
  from space 5120K, 99% used [0x0000000797b00000,0x0000000797ff87a0,0x0000000798000000)
  to   space 5120K, 0% used [0x0000000797600000,0x0000000797600000,0x0000000797b00000)
 ParOldGen       total 87552K, used 2564K [0x0000000740000000, 0x0000000745580000, 0x0000000795580000)
  object space 87552K, 2% used [0x0000000740000000,0x00000007402813d8,0x0000000745580000)
 Metaspace       used 19228K, capacity 19423K, committed 19712K, reserved 1067008K
  class space    used 1954K, capacity 2014K, committed 2048K, reserved 1048576K
}

Deoptimization events (7 events):
Event: 1.361 Thread 0x00007fa61283d800 Uncommon trap: reason=unstable_if action=reinterpret pc=0x000000010f980e00 method=java.lang.String.toLowerCase(Ljava/util/Locale;)Ljava/lang/String; @ 85
Event: 1.604 Thread 0x00007fa6133cd800 Uncommon trap: reason=unstable_if action=reinterpret pc=0x000000010fa4b064 method=java.lang.String.indexOf([CII[CIII)I @ 3
Event: 1.604 Thread 0x00007fa6133cd800 Uncommon trap: reason=unstable_if action=reinterpret pc=0x000000010fa125e4 method=java.lang.String.indexOf([CII[CIII)I @ 3
Event: 1.604 Thread 0x00007fa6133cd800 Uncommon trap: reason=unstable_if action=reinterpret pc=0x000000010f971ed8 method=java.lang.String.indexOf([CII[CIII)I @ 3
Event: 2.391 Thread 0x00007fa6125a0800 Uncommon trap: reason=unstable_if action=reinterpret pc=0x000000010f95f62c method=java.lang.AbstractStringBuilder.append(Ljava/lang/String;)Ljava/lang/AbstractStringBuilder; @ 1
Event: 2.837 Thread 0x00007fa6125a0800 Uncommon trap: reason=unstable_if action=reinterpret pc=0x000000010fb9bfec method=sun.misc.FloatingDecimal.readJavaFormatString(Ljava/lang/String;)Lsun/misc/FloatingDecimal$ASCIIToBinaryConverter; @ 178
Event: 3.421 Thread 0x00007fa611bcb000 Uncommon trap: reason=unstable_if action=reinterpret pc=0x000000010fb86804 method=java.lang.String.regionMatches(ZILjava/lang/String;II)Z @ 123

Internal exceptions (10 events):
Event: 0.292 Thread 0x00007fa611808000 Exception <a 'java/io/FileNotFoundException'> (0x00000007958b4430) thrown at [/Users/java_re/workspace/8-2-build-macosx-x86_64/jdk8u65/4987/hotspot/src/share/vm/prims/jni.cpp, line 709]
Event: 0.293 Thread 0x00007fa611808000 Exception <a 'java/io/FileNotFoundException'> (0x00000007958b4fb8) thrown at [/Users/java_re/workspace/8-2-build-macosx-x86_64/jdk8u65/4987/hotspot/src/share/vm/prims/jni.cpp, line 709]
Event: 0.381 Thread 0x00007fa611808000 Exception <a 'java/io/FileNotFoundException'> (0x00000007959f0de0) thrown at [/Users/java_re/workspace/8-2-build-macosx-x86_64/jdk8u65/4987/hotspot/src/share/vm/prims/jni.cpp, line 709]
Event: 1.624 Thread 0x00007fa6133cd800 Exception <a 'java/lang/UnsatisfiedLinkError': com.jogamp.common.util.JarUtil.fixNativeLibAttribs(Ljava/lang/String;)Z> (0x0000000796b36850) thrown at [/Users/java_re/workspace/8-2-build-macosx-x86_64/jdk8u65/4987/hotspot/src/share/vm/prims/nativeLookup.c
Event: 1.889 Thread 0x00007fa612033800 Exception <a 'java/lang/NullPointerException'> (0x00000007956a4650) thrown at [/Users/java_re/workspace/8-2-build-macosx-x86_64/jdk8u65/4987/hotspot/src/share/vm/interpreter/linkResolver.cpp, line 1178]
Event: 2.391 Thread 0x00007fa6125a0800 Exception <a 'java/io/FileNotFoundException'> (0x0000000795eeb1f8) thrown at [/Users/java_re/workspace/8-2-build-macosx-x86_64/jdk8u65/4987/hotspot/src/share/vm/prims/jni.cpp, line 709]
Event: 2.391 Thread 0x00007fa6125a0800 Exception <a 'java/io/FileNotFoundException'> (0x0000000795ef1588) thrown at [/Users/java_re/workspace/8-2-build-macosx-x86_64/jdk8u65/4987/hotspot/src/share/vm/prims/jni.cpp, line 709]
Event: 2.391 Thread 0x00007fa6125a0800 Implicit null exception at 0x000000010f95f2b5 to 0x000000010f95f619
Event: 3.394 Thread 0x00007fa6125a0800 Exception <a 'javax/media/opengl/GLException'> (0x0000000795f15d30) thrown at [/Users/java_re/workspace/8-2-build-macosx-x86_64/jdk8u65/4987/hotspot/src/share/vm/prims/jvm.cpp, line 1390]
Event: 3.394 Thread 0x00007fa6125a0800 Exception <a 'javax/media/opengl/GLException'> (0x0000000795f15d30) thrown at [/Users/java_re/workspace/8-2-build-macosx-x86_64/jdk8u65/4987/hotspot/src/share/vm/prims/jvm.cpp, line 1390]

Events (10 events):
Event: 634.985 loading class com/jogamp/nativewindow/awt/JAWTWindow$JAWTComponentListener$2
Event: 634.985 loading class com/jogamp/nativewindow/awt/JAWTWindow$JAWTComponentListener$2 done
Event: 634.987 loading class jogamp/nativewindow/jawt/macosx/MacOSXJAWTWindow$1
Event: 634.987 loading class jogamp/nativewindow/jawt/macosx/MacOSXJAWTWindow$1 done
Event: 634.988 loading class java/awt/LightweightDispatcher$2
Event: 634.989 loading class java/awt/LightweightDispatcher$2 done
Event: 634.989 loading class java/awt/event/AWTEventListenerProxy
Event: 634.989 loading class java/awt/event/AWTEventListenerProxy done
Event: 634.989 loading class java/awt/Toolkit$ToolkitEventMulticaster
Event: 634.989 loading class java/awt/Toolkit$ToolkitEventMulticaster done


Dynamic libraries:
0x000000000b332000 	/System/Library/Frameworks/Cocoa.framework/Versions/A/Cocoa
0x000000000b332000 	/System/Library/Frameworks/Security.framework/Versions/A/Security
0x000000000b332000 	/System/Library/Frameworks/ApplicationServices.framework/Versions/A/ApplicationServices
0x000000000b332000 	/usr/lib/libz.1.dylib
0x000000000b332000 	/usr/lib/libSystem.B.dylib
0x000000000b332000 	/usr/lib/libobjc.A.dylib
0x000000000b332000 	/System/Library/Frameworks/CoreFoundation.framework/Versions/A/CoreFoundation
0x000000000b332000 	/System/Library/Frameworks/Foundation.framework/Versions/C/Foundation
0x000000000b332000 	/System/Library/Frameworks/AppKit.framework/Versions/C/AppKit
0x000000000b332000 	/System/Library/Frameworks/CoreData.framework/Versions/A/CoreData
0x000000000b332000 	/System/Library/PrivateFrameworks/RemoteViewServices.framework/Versions/A/RemoteViewServices
0x000000000b332000 	/System/Library/PrivateFrameworks/UIFoundation.framework/Versions/A/UIFoundation
0x000000000b332000 	/usr/lib/libScreenReader.dylib
0x000000000b332000 	/System/Library/Frameworks/Accelerate.framework/Versions/A/Accelerate
0x000000000b332000 	/System/Library/Frameworks/IOSurface.framework/Versions/A/IOSurface
0x000000000b332000 	/System/Library/Frameworks/AudioToolbox.framework/Versions/A/AudioToolbox
0x000000000b332000 	/System/Library/Frameworks/AudioUnit.framework/Versions/A/AudioUnit
0x000000000b332000 	/System/Library/PrivateFrameworks/DataDetectorsCore.framework/Versions/A/DataDetectorsCore
0x000000000b332000 	/System/Library/PrivateFrameworks/DesktopServicesPriv.framework/Versions/A/DesktopServicesPriv
0x000000000b332000 	/System/Library/Frameworks/Carbon.framework/Versions/A/Frameworks/HIToolbox.framework/Versions/A/HIToolbox
0x000000000b332000 	/System/Library/Frameworks/QuartzCore.framework/Versions/A/QuartzCore
0x000000000b332000 	/System/Library/Frameworks/Carbon.framework/Versions/A/Frameworks/SpeechRecognition.framework/Versions/A/SpeechRecognition
0x000000000b332000 	/usr/lib/libauto.dylib
0x000000000b332000 	/usr/lib/libicucore.A.dylib
0x000000000b332000 	/usr/lib/libxml2.2.dylib
0x000000000b332000 	/System/Library/PrivateFrameworks/CoreUI.framework/Versions/A/CoreUI
0x000000000b332000 	/System/Library/Frameworks/CoreAudio.framework/Versions/A/CoreAudio
0x000000000b332000 	/System/Library/Frameworks/DiskArbitration.framework/Versions/A/DiskArbitration
0x000000000b332000 	/usr/lib/liblangid.dylib
0x000000000b332000 	/System/Library/PrivateFrameworks/MultitouchSupport.framework/Versions/A/MultitouchSupport
0x000000000b332000 	/System/Library/Frameworks/IOKit.framework/Versions/A/IOKit
0x000000000b332000 	/usr/lib/libDiagnosticMessagesClient.dylib
0x000000000b332000 	/System/Library/Frameworks/CoreServices.framework/Versions/A/CoreServices
0x000000000b332000 	/System/Library/PrivateFrameworks/PerformanceAnalysis.framework/Versions/A/PerformanceAnalysis
0x000000000b332000 	/System/Library/PrivateFrameworks/GenerationalStorage.framework/Versions/A/GenerationalStorage
0x000000000b332000 	/System/Library/Frameworks/OpenGL.framework/Versions/A/OpenGL
0x000000000b332000 	/System/Library/PrivateFrameworks/Sharing.framework/Versions/A/Sharing
0x000000000b332000 	/System/Library/Frameworks/CoreGraphics.framework/Versions/A/CoreGraphics
0x000000000b332000 	/System/Library/Frameworks/CoreImage.framework/Versions/A/CoreImage
0x000000000b332000 	/System/Library/Frameworks/CoreText.framework/Versions/A/CoreText
0x000000000b332000 	/System/Library/Frameworks/ImageIO.framework/Versions/A/ImageIO
0x000000000b332000 	/System/Library/PrivateFrameworks/Backup.framework/Versions/A/Backup
0x000000000b332000 	/usr/lib/libextension.dylib
0x000000000b332000 	/usr/lib/libarchive.2.dylib
0x000000000b332000 	/System/Library/Frameworks/CFNetwork.framework/Versions/A/CFNetwork
0x000000000b332000 	/System/Library/Frameworks/SystemConfiguration.framework/Versions/A/SystemConfiguration
0x000000000b332000 	/usr/lib/libCRFSuite.dylib
0x000000000b332000 	/usr/lib/libc++.1.dylib
0x000000000b332000 	/usr/lib/libc++abi.dylib
0x000000000b332000 	/usr/lib/system/libcache.dylib
0x000000000b332000 	/usr/lib/system/libcommonCrypto.dylib
0x000000000b332000 	/usr/lib/system/libcompiler_rt.dylib
0x000000000b332000 	/usr/lib/system/libcopyfile.dylib
0x000000000b332000 	/usr/lib/system/libcorecrypto.dylib
0x000000000b332000 	/usr/lib/system/libdispatch.dylib
0x000000000b332000 	/usr/lib/system/libdyld.dylib
0x000000000b332000 	/usr/lib/system/libkeymgr.dylib
0x000000000b332000 	/usr/lib/system/liblaunch.dylib
0x000000000b332000 	/usr/lib/system/libmacho.dylib
0x000000000b332000 	/usr/lib/system/libquarantine.dylib
0x000000000b332000 	/usr/lib/system/libremovefile.dylib
0x000000000b332000 	/usr/lib/system/libsystem_asl.dylib
0x000000000b332000 	/usr/lib/system/libsystem_blocks.dylib
0x000000000b332000 	/usr/lib/system/libsystem_c.dylib
0x000000000b332000 	/usr/lib/system/libsystem_configuration.dylib
0x000000000b332000 	/usr/lib/system/libsystem_coreservices.dylib
0x000000000b332000 	/usr/lib/system/libsystem_coretls.dylib
0x000000000b332000 	/usr/lib/system/libsystem_dnssd.dylib
0x000000000b332000 	/usr/lib/system/libsystem_info.dylib
0x000000000b332000 	/usr/lib/system/libsystem_kernel.dylib
0x000000000b332000 	/usr/lib/system/libsystem_m.dylib
0x000000000b332000 	/usr/lib/system/libsystem_malloc.dylib
0x000000000b332000 	/usr/lib/system/libsystem_network.dylib
0x000000000b332000 	/usr/lib/system/libsystem_networkextension.dylib
0x000000000b332000 	/usr/lib/system/libsystem_notify.dylib
0x000000000b332000 	/usr/lib/system/libsystem_platform.dylib
0x000000000b332000 	/usr/lib/system/libsystem_pthread.dylib
0x000000000b332000 	/usr/lib/system/libsystem_sandbox.dylib
0x000000000b332000 	/usr/lib/system/libsystem_secinit.dylib
0x000000000b332000 	/usr/lib/system/libsystem_trace.dylib
0x000000000b332000 	/usr/lib/system/libunc.dylib
0x000000000b332000 	/usr/lib/system/libunwind.dylib
0x000000000b332000 	/usr/lib/system/libxpc.dylib
0x000000000b332000 	/usr/lib/libenergytrace.dylib
0x000000000b332000 	/usr/lib/libbsm.0.dylib
0x000000000b332000 	/usr/lib/system/libkxld.dylib
0x000000000b332000 	/usr/lib/libxar.1.dylib
0x000000000b332000 	/usr/lib/libsqlite3.dylib
0x000000000b332000 	/usr/lib/libpam.2.dylib
0x000000000b332000 	/usr/lib/libOpenScriptingUtil.dylib
0x000000000b332000 	/usr/lib/libbz2.1.0.dylib
0x000000000b332000 	/usr/lib/liblzma.5.dylib
0x000000000b332000 	/System/Library/Frameworks/CoreServices.framework/Versions/A/Frameworks/FSEvents.framework/Versions/A/FSEvents
0x000000000b332000 	/System/Library/Frameworks/CoreServices.framework/Versions/A/Frameworks/CarbonCore.framework/Versions/A/CarbonCore
0x000000000b332000 	/System/Library/Frameworks/CoreServices.framework/Versions/A/Frameworks/Metadata.framework/Versions/A/Metadata
0x000000000b332000 	/System/Library/Frameworks/CoreServices.framework/Versions/A/Frameworks/OSServices.framework/Versions/A/OSServices
0x000000000b332000 	/System/Library/Frameworks/CoreServices.framework/Versions/A/Frameworks/SearchKit.framework/Versions/A/SearchKit
0x000000000b332000 	/System/Library/Frameworks/CoreServices.framework/Versions/A/Frameworks/AE.framework/Versions/A/AE
0x000000000b332000 	/System/Library/Frameworks/CoreServices.framework/Versions/A/Frameworks/LaunchServices.framework/Versions/A/LaunchServices
0x000000000b332000 	/System/Library/Frameworks/CoreServices.framework/Versions/A/Frameworks/DictionaryServices.framework/Versions/A/DictionaryServices
0x000000000b332000 	/System/Library/Frameworks/CoreServices.framework/Versions/A/Frameworks/SharedFileList.framework/Versions/A/SharedFileList
0x000000000b332000 	/System/Library/Frameworks/NetFS.framework/Versions/A/NetFS
0x000000000b332000 	/System/Library/PrivateFrameworks/NetAuth.framework/Versions/A/NetAuth
0x000000000b332000 	/System/Library/PrivateFrameworks/login.framework/Versions/A/Frameworks/loginsupport.framework/Versions/A/loginsupport
0x000000000b332000 	/System/Library/PrivateFrameworks/TCC.framework/Versions/A/TCC
0x000000000b332000 	/usr/lib/libmecabra.dylib
0x000000000b332000 	/System/Library/Frameworks/ApplicationServices.framework/Versions/A/Frameworks/ATS.framework/Versions/A/ATS
0x000000000b332000 	/System/Library/Frameworks/ApplicationServices.framework/Versions/A/Frameworks/ColorSync.framework/Versions/A/ColorSync
0x000000000b332000 	/System/Library/Frameworks/ApplicationServices.framework/Versions/A/Frameworks/HIServices.framework/Versions/A/HIServices
0x000000000b332000 	/System/Library/Frameworks/ApplicationServices.framework/Versions/A/Frameworks/LangAnalysis.framework/Versions/A/LangAnalysis
0x000000000b332000 	/System/Library/Frameworks/ApplicationServices.framework/Versions/A/Frameworks/PrintCore.framework/Versions/A/PrintCore
0x000000000b332000 	/System/Library/Frameworks/ApplicationServices.framework/Versions/A/Frameworks/QD.framework/Versions/A/QD
0x000000000b332000 	/System/Library/Frameworks/ApplicationServices.framework/Versions/A/Frameworks/SpeechSynthesis.framework/Versions/A/SpeechSynthesis
0x000000000b332000 	/System/Library/Frameworks/Metal.framework/Versions/A/Metal
0x000000000b332000 	/System/Library/Frameworks/Accelerate.framework/Versions/A/Frameworks/vImage.framework/Versions/A/vImage
0x000000000b332000 	/System/Library/Frameworks/Accelerate.framework/Versions/A/Frameworks/vecLib.framework/Versions/A/vecLib
0x000000000b332000 	/System/Library/Frameworks/Accelerate.framework/Versions/A/Frameworks/vecLib.framework/Versions/A/libvDSP.dylib
0x000000000b332000 	/System/Library/Frameworks/Accelerate.framework/Versions/A/Frameworks/vecLib.framework/Versions/A/libvMisc.dylib
0x000000000b332000 	/System/Library/Frameworks/Accelerate.framework/Versions/A/Frameworks/vecLib.framework/Versions/A/libLAPACK.dylib
0x000000000b332000 	/System/Library/Frameworks/Accelerate.framework/Versions/A/Frameworks/vecLib.framework/Versions/A/libBLAS.dylib
0x000000000b332000 	/System/Library/Frameworks/Accelerate.framework/Versions/A/Frameworks/vecLib.framework/Versions/A/libLinearAlgebra.dylib
0x000000000b332000 	/System/Library/Frameworks/Accelerate.framework/Versions/A/Frameworks/vecLib.framework/Versions/A/libSparseBLAS.dylib
0x000000000b332000 	/System/Library/PrivateFrameworks/GPUCompiler.framework/libmetal_timestamp.dylib
0x000000000b332000 	/System/Library/Frameworks/OpenGL.framework/Versions/A/Libraries/libCoreFSCache.dylib
0x000000000b332000 	/System/Library/PrivateFrameworks/IOAccelerator.framework/Versions/A/IOAccelerator
0x000000000b332000 	/System/Library/Frameworks/ApplicationServices.framework/Versions/A/Frameworks/ATS.framework/Versions/A/Resources/libFontParser.dylib
0x000000000b332000 	/System/Library/Frameworks/ApplicationServices.framework/Versions/A/Frameworks/ATS.framework/Versions/A/Resources/libFontRegistry.dylib
0x000000000b332000 	/System/Library/PrivateFrameworks/AppleVPA.framework/Versions/A/AppleVPA
0x000000000b332000 	/System/Library/PrivateFrameworks/AppleJPEG.framework/Versions/A/AppleJPEG
0x000000000b332000 	/System/Library/Frameworks/ImageIO.framework/Versions/A/Resources/libJPEG.dylib
0x000000000b332000 	/System/Library/Frameworks/ImageIO.framework/Versions/A/Resources/libTIFF.dylib
0x000000000b332000 	/System/Library/Frameworks/ImageIO.framework/Versions/A/Resources/libPng.dylib
0x000000000b332000 	/System/Library/Frameworks/ImageIO.framework/Versions/A/Resources/libGIF.dylib
0x000000000b332000 	/System/Library/Frameworks/ImageIO.framework/Versions/A/Resources/libJP2.dylib
0x000000000b332000 	/System/Library/Frameworks/ImageIO.framework/Versions/A/Resources/libRadiance.dylib
0x000000000b332000 	/System/Library/Frameworks/CoreVideo.framework/Versions/A/CoreVideo
0x000000000b332000 	/System/Library/Frameworks/OpenGL.framework/Versions/A/Libraries/libGLU.dylib
0x000000000b332000 	/System/Library/Frameworks/OpenGL.framework/Versions/A/Libraries/libGFXShared.dylib
0x000000000b332000 	/System/Library/Frameworks/OpenGL.framework/Versions/A/Libraries/libGL.dylib
0x000000000b332000 	/System/Library/Frameworks/OpenGL.framework/Versions/A/Libraries/libGLImage.dylib
0x000000000b332000 	/System/Library/Frameworks/OpenGL.framework/Versions/A/Libraries/libCVMSPluginSupport.dylib
0x000000000b332000 	/System/Library/Frameworks/OpenGL.framework/Versions/A/Libraries/libCoreVMClient.dylib
0x000000000b332000 	/usr/lib/libcups.2.dylib
0x000000000b332000 	/System/Library/Frameworks/Kerberos.framework/Versions/A/Kerberos
0x000000000b332000 	/System/Library/Frameworks/GSS.framework/Versions/A/GSS
0x000000000b332000 	/usr/lib/libresolv.9.dylib
0x000000000b332000 	/usr/lib/libiconv.2.dylib
0x000000000b332000 	/System/Library/PrivateFrameworks/Heimdal.framework/Versions/A/Heimdal
0x000000000b332000 	/usr/lib/libheimdal-asn1.dylib
0x000000000b332000 	/System/Library/Frameworks/OpenDirectory.framework/Versions/A/OpenDirectory
0x000000000b332000 	/System/Library/PrivateFrameworks/CommonAuth.framework/Versions/A/CommonAuth
0x000000000b332000 	/System/Library/Frameworks/OpenDirectory.framework/Versions/A/Frameworks/CFOpenDirectory.framework/Versions/A/CFOpenDirectory
0x000000000b332000 	/System/Library/Frameworks/SecurityFoundation.framework/Versions/A/SecurityFoundation
0x000000000b332000 	/System/Library/PrivateFrameworks/LanguageModeling.framework/Versions/A/LanguageModeling
0x000000000b332000 	/usr/lib/libmarisa.dylib
0x000000000b332000 	/usr/lib/libChineseTokenizer.dylib
0x000000000b332000 	/usr/lib/libcmph.dylib
0x000000000b332000 	/usr/lib/libcompression.dylib
0x000000000b332000 	/System/Library/Frameworks/ServiceManagement.framework/Versions/A/ServiceManagement
0x000000000b332000 	/usr/lib/libxslt.1.dylib
0x000000000b332000 	/System/Library/Frameworks/Carbon.framework/Versions/A/Frameworks/Ink.framework/Versions/A/Ink
0x000000000b332000 	/usr/lib/libFosl_dynamic.dylib
0x000000000b332000 	/System/Library/PrivateFrameworks/FaceCore.framework/Versions/A/FaceCore
0x000000000b332000 	/System/Library/Frameworks/OpenCL.framework/Versions/A/OpenCL
0x000000000b332000 	/System/Library/PrivateFrameworks/CrashReporterSupport.framework/Versions/A/CrashReporterSupport
0x000000000b332000 	/System/Library/PrivateFrameworks/IconServices.framework/Versions/A/IconServices
0x000000000b332000 	/System/Library/PrivateFrameworks/Apple80211.framework/Versions/A/Apple80211
0x000000000b332000 	/System/Library/Frameworks/CoreWLAN.framework/Versions/A/CoreWLAN
0x000000000b332000 	/System/Library/Frameworks/IOBluetooth.framework/Versions/A/IOBluetooth
0x000000000b332000 	/System/Library/PrivateFrameworks/CoreWiFi.framework/Versions/A/CoreWiFi
0x000000000b332000 	/System/Library/Frameworks/CoreBluetooth.framework/Versions/A/CoreBluetooth
0x000000000b332000 	/System/Library/PrivateFrameworks/ChunkingLibrary.framework/Versions/A/ChunkingLibrary
0x000000000b332000 	/System/Library/PrivateFrameworks/DebugSymbols.framework/Versions/A/DebugSymbols
0x000000000b332000 	/System/Library/PrivateFrameworks/CoreSymbolication.framework/Versions/A/CoreSymbolication
0x000000000b332000 	/System/Library/PrivateFrameworks/Symbolication.framework/Versions/A/Symbolication
0x000000000b332000 	/System/Library/PrivateFrameworks/SpeechRecognitionCore.framework/Versions/A/SpeechRecognitionCore
0x000000010e800000 	/Library/Java/JavaVirtualMachines/jdk1.8.0_65.jdk/Contents/Home/jre/lib/server/libjvm.dylib
0x000000010df0f000 	/usr/lib/libstdc++.6.dylib
0x000000010dfc6000 	/Library/Java/JavaVirtualMachines/jdk1.8.0_65.jdk/Contents/Home/jre/lib/libverify.dylib
0x000000010f789000 	/Library/Java/JavaVirtualMachines/jdk1.8.0_65.jdk/Contents/Home/jre/lib/libjava.dylib
0x000000010dfde000 	/Library/Java/JavaVirtualMachines/jdk1.8.0_65.jdk/Contents/Home/jre/lib/libzip.dylib
0x0000000125120000 	/System/Library/Frameworks/JavaVM.framework/Frameworks/JavaRuntimeSupport.framework/JavaRuntimeSupport
0x000000010dfe8000 	/System/Library/Frameworks/JavaVM.framework/Versions/A/Frameworks/JavaNativeFoundation.framework/Versions/A/JavaNativeFoundation
0x000000012513b000 	/System/Library/Frameworks/JavaVM.framework/Versions/A/JavaVM
0x000000000b332000 	/System/Library/Frameworks/Carbon.framework/Versions/A/Carbon
0x0000000125148000 	/System/Library/PrivateFrameworks/JavaLaunching.framework/Versions/A/JavaLaunching
0x000000000b332000 	/System/Library/Frameworks/Carbon.framework/Versions/A/Frameworks/CommonPanels.framework/Versions/A/CommonPanels
0x000000000b332000 	/System/Library/Frameworks/Carbon.framework/Versions/A/Frameworks/Help.framework/Versions/A/Help
0x000000000b332000 	/System/Library/Frameworks/Carbon.framework/Versions/A/Frameworks/ImageCapture.framework/Versions/A/ImageCapture
0x000000000b332000 	/System/Library/Frameworks/Carbon.framework/Versions/A/Frameworks/OpenScripting.framework/Versions/A/OpenScripting
0x000000000b332000 	/System/Library/Frameworks/Carbon.framework/Versions/A/Frameworks/Print.framework/Versions/A/Print
0x000000000b332000 	/System/Library/Frameworks/Carbon.framework/Versions/A/Frameworks/SecurityHI.framework/Versions/A/SecurityHI
0x0000000126a69000 	/Library/Java/JavaVirtualMachines/jdk1.8.0_65.jdk/Contents/Home/jre/lib/libawt.dylib
0x0000000126b11000 	/Library/Java/JavaVirtualMachines/jdk1.8.0_65.jdk/Contents/Home/jre/lib/./libmlib_image.dylib
0x0000000126bdd000 	/Library/Java/JavaVirtualMachines/jdk1.8.0_65.jdk/Contents/Home/jre/lib/libawt_lwawt.dylib
0x0000000126c92000 	/Library/Java/JavaVirtualMachines/jdk1.8.0_65.jdk/Contents/Home/jre/lib/./libosxapp.dylib
0x000000000b332000 	/System/Library/Frameworks/ExceptionHandling.framework/Versions/A/ExceptionHandling
0x000000000b332000 	/System/Library/PrivateFrameworks/CoreServicesInternal.framework/Versions/A/CoreServicesInternal
0x000000000b332000 	/System/Library/Frameworks/CoreGraphics.framework/Versions/A/Resources/libRIP.A.dylib
0x000000012735f000 	/System/Library/Frameworks/Accelerate.framework/Frameworks/vImage.framework/Versions/A/Libraries/libCGInterfaces.dylib
0x000000000b332000 	/System/Library/Frameworks/CoreGraphics.framework/Versions/A/Resources/libCGXType.A.dylib
0x000000000b332000 	/System/Library/Frameworks/OpenCL.framework/Versions/A/Libraries/libcldcpuengine.dylib
0x000000000b332000 	/System/Library/PrivateFrameworks/DiskImages.framework/Versions/A/DiskImages
0x000000000b332000 	/System/Library/Frameworks/DiscRecording.framework/Versions/A/DiscRecording
0x000000000b332000 	/usr/lib/libcsfde.dylib
0x000000000b332000 	/usr/lib/libcurl.4.dylib
0x000000000b332000 	/System/Library/PrivateFrameworks/MediaKit.framework/Versions/A/MediaKit
0x000000000b332000 	/System/Library/PrivateFrameworks/ProtectedCloudStorage.framework/Versions/A/ProtectedCloudStorage
0x000000000b332000 	/usr/lib/libCoreStorage.dylib
0x000000000b332000 	/System/Library/PrivateFrameworks/EFILogin.framework/Versions/A/EFILogin
0x000000000b332000 	/usr/lib/libutil.dylib
0x000000000b332000 	/System/Library/PrivateFrameworks/FindMyDevice.framework/Versions/A/FindMyDevice
0x000000000b332000 	/System/Library/Frameworks/LDAP.framework/Versions/A/LDAP
0x000000000b332000 	/usr/lib/libsasl2.2.dylib
0x000000000b332000 	/System/Library/PrivateFrameworks/CoreDaemon.framework/Versions/B/CoreDaemon
0x000000000b332000 	/usr/lib/libcrypto.0.9.8.dylib
0x000000000b332000 	/System/Library/PrivateFrameworks/AppleSRP.framework/Versions/A/AppleSRP
0x000000000b332000 	/System/Library/PrivateFrameworks/TrustEvaluationAgent.framework/Versions/A/TrustEvaluationAgent
0x00000001276ff000 	cl_kernels
0x000000000b332000 	/System/Library/Frameworks/OpenCL.framework/Versions/A/Libraries/ImageFormats/unorm8_bgra.dylib
0x000000000b332000 	/System/Library/Frameworks/OpenCL.framework/Versions/A/Libraries/ImageFormats/unorm8_rgba.dylib
0x000000000b332000 	/System/Library/PrivateFrameworks/FamilyControls.framework/Versions/A/FamilyControls
0x000000000b332000 	/System/Library/PrivateFrameworks/CommerceKit.framework/Versions/A/Frameworks/CommerceCore.framework/Versions/A/CommerceCore
0x000000000b332000 	/System/Library/PrivateFrameworks/SystemAdministration.framework/Versions/A/SystemAdministration
0x000000000b332000 	/System/Library/PrivateFrameworks/AppContainer.framework/Versions/A/AppContainer
0x000000000b332000 	/System/Library/PrivateFrameworks/SecCodeWrapper.framework/Versions/A/SecCodeWrapper
0x000000000b332000 	/System/Library/Frameworks/DirectoryService.framework/Versions/A/DirectoryService
0x000000000b332000 	/System/Library/PrivateFrameworks/LoginUIKit.framework/Versions/A/Frameworks/LoginUICore.framework/Versions/A/LoginUICore
0x000000000b332000 	/usr/lib/libodfde.dylib
0x0000000129967000 	/System/Library/Frameworks/OpenGL.framework/Resources/GLEngine.bundle/GLEngine
0x000000000b332000 	/System/Library/Frameworks/OpenGL.framework/Versions/A/Libraries/libGLProgrammability.dylib
0x0000000129b4f000 	/System/Library/Extensions/AppleIntelHD5000GraphicsGLDriver.bundle/Contents/MacOS/AppleIntelHD5000GraphicsGLDriver
0x000000000b332000 	/System/Library/PrivateFrameworks/GPUSupport.framework/Versions/A/Libraries/libGPUSupportMercury.dylib
0x000000012a29f000 	/System/Library/Frameworks/OpenGL.framework/Resources//GLRendererFloat.bundle/GLRendererFloat
0x000000012ab94000 	/Library/Java/JavaVirtualMachines/jdk1.8.0_65.jdk/Contents/Home/jre/lib/libfontmanager.dylib
0x000000012c0e1000 	/Library/Java/JavaVirtualMachines/jdk1.8.0_65.jdk/Contents/Home/jre/lib/libosxui.dylib
0x000000012ce0c000 	/Library/Java/JavaVirtualMachines/jdk1.8.0_65.jdk/Contents/Home/jre/lib/libnet.dylib
0x000000012ce23000 	/Library/Java/JavaVirtualMachines/jdk1.8.0_65.jdk/Contents/Home/jre/lib/libnio.dylib
0x000000000b332000 	/System/Library/Frameworks/ApplicationServices.framework/Versions/A/Frameworks/ATS.framework/Versions/A/Resources/libTrueTypeScaler.dylib
0x000000017df74000 	/System/Library/Extensions/AppleIntelHD5000GraphicsMTLDriver.bundle/Contents/MacOS/AppleIntelHD5000GraphicsMTLDriver
0x000000012be68000 	/private/var/folders/94/qhk8wx9560913pcr_k2txvfh0000gn/T/jogamp_0000/file_cache/jln8600337496329261015/jln4992769071304884687/libgluegen-rt.jnilib
0x000000012be6c000 	/private/var/folders/94/qhk8wx9560913pcr_k2txvfh0000gn/T/jogamp_0000/file_cache/jln8600337496329261015/jln4992769071304884687/libnativewindow_awt.jnilib
0x000000012cc59000 	/Library/Java/JavaVirtualMachines/jdk1.8.0_65.jdk/Contents/Home/jre/lib/libjawt.dylib
0x000000017de4b000 	/private/var/folders/94/qhk8wx9560913pcr_k2txvfh0000gn/T/jogamp_0000/file_cache/jln8600337496329261015/jln4992769071304884687/libnativewindow_macosx.jnilib
0x000000017e5a6000 	/private/var/folders/94/qhk8wx9560913pcr_k2txvfh0000gn/T/jogamp_0000/file_cache/jln8600337496329261015/jln4992769071304884687/libjogl_desktop.jnilib

VM Arguments:
jvm_args: -Djava.security.policy=java.policy.applet -Dfile.encoding=UTF-8 
java_command: sun.applet.AppletViewer module4.EarthquakeCityMap1450068707359.html
java_class_path (initial): /Users/karenblakemore/Java/workspace/UCSDUnfoldingMaps/build:/Users/karenblakemore/Java/workspace/UCSDUnfoldingMaps/lib/core.jar:/Users/karenblakemore/Java/workspace/UCSDUnfoldingMaps/lib/gluegen-rt.jar:/Users/karenblakemore/Java/workspace/UCSDUnfoldingMaps/lib/jogl-all.jar:/Users/karenblakemore/Java/workspace/UCSDUnfoldingMaps/lib/log4j-1.2.15.jar:/Users/karenblakemore/Java/workspace/UCSDUnfoldingMaps/lib/sqlite-jdbc-3.7.2.jar:/Users/karenblakemore/Java/workspace/UCSDUnfoldingMaps/lib/json4processing.jar:/Users/karenblakemore/Java/workspace/UCSDUnfoldingMaps/lib/libTUIO.jar:/Users/karenblakemore/Java/workspace/UCSDUnfoldingMaps/lib/unfolding.0.9.7-uscd.jar
Launcher Type: SUN_STANDARD

Environment Variables:
PATH=/usr/bin:/bin:/usr/sbin:/sbin
SHELL=/bin/bash

Signal Handlers:
SIGSEGV: [libjvm.dylib+0x5a6d31], sa_mask[0]=11111111011111110111111111111111, sa_flags=SA_ONSTACK|SA_RESTART|SA_SIGINFO
SIGBUS: [libjvm.dylib+0x5a6d31], sa_mask[0]=11111111011111110111111111111111, sa_flags=SA_RESTART|SA_SIGINFO
SIGFPE: [libjvm.dylib+0x480a40], sa_mask[0]=11111111011111110111111111111111, sa_flags=SA_RESTART|SA_SIGINFO
SIGPIPE: [libjvm.dylib+0x480a40], sa_mask[0]=11111111011111110111111111111111, sa_flags=SA_RESTART|SA_SIGINFO
SIGXFSZ: [libjvm.dylib+0x480a40], sa_mask[0]=11111111011111110111111111111111, sa_flags=SA_RESTART|SA_SIGINFO
SIGILL: [libjvm.dylib+0x480a40], sa_mask[0]=11111111011111110111111111111111, sa_flags=SA_RESTART|SA_SIGINFO
SIGUSR1: SIG_DFL, sa_mask[0]=00000000000000000000000000000000, sa_flags=none
SIGUSR2: [libjvm.dylib+0x48055e], sa_mask[0]=00100000000000000000000000000000, sa_flags=SA_RESTART|SA_SIGINFO
SIGHUP: [libjvm.dylib+0x47eb35], sa_mask[0]=11111111011111110111111111111111, sa_flags=SA_RESTART|SA_SIGINFO
SIGINT: [libjvm.dylib+0x47eb35], sa_mask[0]=11111111011111110111111111111111, sa_flags=SA_RESTART|SA_SIGINFO
SIGTERM: [libjvm.dylib+0x47eb35], sa_mask[0]=11111111011111110111111111111111, sa_flags=SA_RESTART|SA_SIGINFO
SIGQUIT: [libjvm.dylib+0x47eb35], sa_mask[0]=11111111011111110111111111111111, sa_flags=SA_RESTART|SA_SIGINFO


---------------  S Y S T E M  ---------------

OS:Bsduname:Darwin 15.2.0 Darwin Kernel Version 15.2.0: Fri Nov 13 19:56:56 PST 2015; root:xnu-3248.20.55~2/RELEASE_X86_64 x86_64
rlimit: STACK 8192k, CORE 0k, NPROC 709, NOFILE 10240, AS infinity
load average:3.47 2.65 2.36

CPU:total 4 (2 cores per cpu, 2 threads per core) family 6 model 69 stepping 1, cmov, cx8, fxsr, mmx, sse, sse2, sse3, ssse3, sse4.1, sse4.2, popcnt, avx, avx2, aes, clmul, erms, lzcnt, ht, tsc, tscinvbit, bmi1, bmi2

Memory: 4k page, physical 8388608k(340284k free)

/proc/meminfo:


vm_info: Java HotSpot(TM) 64-Bit Server VM (25.65-b01) for bsd-amd64 JRE (1.8.0_65-b17), built on Oct  6 2015 15:36:46 by "java_re" with gcc 4.2.1 (Based on Apple Inc. build 5658) (LLVM build 2336.11.00)

time: Sun Dec 13 22:02:22 2015
elapsed time: 635 seconds (0d 0h 10m 35s)

